#
# There is insufficient memory for the Java Runtime Environment to continue.
# Native memory allocation (malloc) failed to allocate 17100112 bytes. Error detail: Chunk::new
# Possible reasons:
#   The system is out of physical RAM or swap space
#   This process is running with CompressedOops enabled, and the Java Heap may be blocking the growth of the native heap
# Possible solutions:
#   Reduce memory load on the system
#   Increase physical memory or swap space
#   Check if swap backing store is full
#   Decrease Java heap size (-Xmx/-Xms)
#   Decrease number of Java threads
#   Decrease Java thread stack sizes (-Xss)
#   Set larger code cache with -XX:ReservedCodeCacheSize=
#   JVM is running with Unscaled Compressed Oops mode in which the Java heap is
#     placed in the first 4GB address space. The Java Heap base address is the
#     maximum limit for the native heap growth. Please use -XX:HeapBaseMinAddress
#     to set the Java Heap base and to place the Java Heap above 4GB virtual address.
# This output file may be truncated or incomplete.
#
#  Out of Memory Error (arena.cpp:162), pid=17520, tid=1588
#
# JRE version: OpenJDK Runtime Environment Zulu24.30+11-CA (24.0.1+9) (build 24.0.1+9)
# Java VM: OpenJDK 64-Bit Server VM Zulu24.30+11-CA (24.0.1+9, mixed mode, sharing, tiered, compressed oops, compressed class ptrs, g1 gc, windows-amd64)
# No core dump will be written. Minidumps are not enabled by default on client versions of Windows
#

---------------  S U M M A R Y ------------

Command Line: -Dclassworlds.conf=C:\Program Files\Apache NetBeans\java\maven\bin\m2.conf -Dmaven.home=C:\Program Files\Apache NetBeans\java\maven -Dlibrary.jansi.path=C:\Program Files\Apache NetBeans\java\maven\lib\jansi-native -Dmaven.multiModuleProjectDirectory=C:\Users\agent\Documents\NetBeansProjects\uberHaiti_Ouest org.codehaus.plexus.classworlds.launcher.Launcher -Dmaven.ext.class.path=C:\Program Files\Apache NetBeans\java\maven-nblib\netbeans-eventspy.jar --no-transfer-progress clean install

Host: Intel(R) Core(TM) i3-8130U CPU @ 2.20GHz, 4 cores, 3G,  Windows 10 , 64 bit Build 19041 (10.0.19041.5915)
Time: Fri Apr 24 00:31:58 2026 Eastern Daylight Time elapsed time: 13.499726 seconds (0d 0h 0m 13s)

---------------  T H R E A D  ---------------

Current thread (0x00000117411459c0):  JavaThread "C2 CompilerThread0" daemon [_thread_in_native, id=1588, stack(0x0000000524500000,0x0000000524600000) (1024K)]


Current CompileTask:
C2:13499 8024       4       org.codehaus.plexus.classworlds.realm.ClassRealm::loadClass (7 bytes)

Stack: [0x0000000524500000,0x0000000524600000]
Native frames: (J=compiled Java code, j=interpreted, Vv=VM code, C=native code)
V  [jvm.dll+0x7410c9]  (no source info available)
V  [jvm.dll+0x97def3]  (no source info available)
V  [jvm.dll+0x98021d]  (no source info available)
V  [jvm.dll+0x980893]  (no source info available)
V  [jvm.dll+0x2b5b16]  (no source info available)
V  [jvm.dll+0xd019f]  (no source info available)
V  [jvm.dll+0xd03ff]  (no source info available)
V  [jvm.dll+0x15b8bf]  (no source info available)
V  [jvm.dll+0x74698f]  (no source info available)
V  [jvm.dll+0x27a528]  (no source info available)
V  [jvm.dll+0x279641]  (no source info available)
V  [jvm.dll+0x1f313a]  (no source info available)
V  [jvm.dll+0x288e35]  (no source info available)
V  [jvm.dll+0x2870ca]  (no source info available)
V  [jvm.dll+0x43df56]  (no source info available)
V  [jvm.dll+0x920928]  (no source info available)
V  [jvm.dll+0x73f855]  (no source info available)
C  [ucrtbase.dll+0x21bb2]  (no source info available)
C  [KERNEL32.DLL+0x17374]  (no source info available)
C  [ntdll.dll+0x4cc91]  (no source info available)

Lock stack of current Java thread (top to bottom):


---------------  P R O C E S S  ---------------

Threads class SMR info:
_java_thread_list=0x0000011746c5d380, length=17, elements={
0x0000011752e9ce90, 0x000001174112efd0, 0x0000011741130220, 0x0000011741132500,
0x0000011741135140, 0x0000011741138170, 0x0000011741144b60, 0x00000117411459c0,
0x0000011741148550, 0x00000117411cebc0, 0x00000117411dcf30, 0x0000011747914670,
0x0000011747c34ec0, 0x0000011746e6b530, 0x0000011741381de0, 0x00000117414e7db0,
0x00000117415689e0
}

Java Threads: ( => current thread )
  0x0000011752e9ce90 JavaThread "main"                              [_thread_in_native, id=18100, stack(0x0000000523700000,0x0000000523800000) (1024K)]
  0x000001174112efd0 JavaThread "Reference Handler"          daemon [_thread_blocked, id=13240, stack(0x0000000523f00000,0x0000000524000000) (1024K)]
  0x0000011741130220 JavaThread "Finalizer"                  daemon [_thread_blocked, id=17228, stack(0x0000000524000000,0x0000000524100000) (1024K)]
  0x0000011741132500 JavaThread "Signal Dispatcher"          daemon [_thread_blocked, id=13676, stack(0x0000000524100000,0x0000000524200000) (1024K)]
  0x0000011741135140 JavaThread "Attach Listener"            daemon [_thread_blocked, id=17516, stack(0x0000000524200000,0x0000000524300000) (1024K)]
  0x0000011741138170 JavaThread "Service Thread"             daemon [_thread_blocked, id=17196, stack(0x0000000524300000,0x0000000524400000) (1024K)]
  0x0000011741144b60 JavaThread "Monitor Deflation Thread"   daemon [_thread_blocked, id=272, stack(0x0000000524400000,0x0000000524500000) (1024K)]
=>0x00000117411459c0 JavaThread "C2 CompilerThread0"         daemon [_thread_in_native, id=1588, stack(0x0000000524500000,0x0000000524600000) (1024K)]
  0x0000011741148550 JavaThread "C1 CompilerThread0"         daemon [_thread_blocked, id=8440, stack(0x0000000524600000,0x0000000524700000) (1024K)]
  0x00000117411cebc0 JavaThread "Notification Thread"        daemon [_thread_blocked, id=18020, stack(0x0000000524700000,0x0000000524800000) (1024K)]
  0x00000117411dcf30 JavaThread "Common-Cleaner"             daemon [_thread_blocked, id=18076, stack(0x0000000524800000,0x0000000524900000) (1024K)]
  0x0000011747914670 JavaThread "timeout-check-timer"        daemon [_thread_blocked, id=17844, stack(0x0000000524c00000,0x0000000524d00000) (1024K)]
  0x0000011747c34ec0 JavaThread "ping-timer-10s"             daemon [_thread_blocked, id=17524, stack(0x0000000524d00000,0x0000000524e00000) (1024K)]
  0x0000011746e6b530 JavaThread "ThreadedStreamConsumer"     daemon [_thread_blocked, id=15864, stack(0x0000000524e00000,0x0000000524f00000) (1024K)]
  0x0000011741381de0 JavaThread "fork-1-err-thread"          daemon [_thread_in_native, id=15388, stack(0x0000000524f00000,0x0000000525000000) (1024K)]
  0x00000117414e7db0 JavaThread "commands-fork-1"            daemon [_thread_blocked, id=17932, stack(0x0000000525000000,0x0000000525100000) (1024K)]
  0x00000117415689e0 JavaThread "fork-1-event-thread"        daemon [_thread_in_native, id=17740, stack(0x0000000525100000,0x0000000525200000) (1024K)]
Total: 17

Other Threads:
  0x00000117550ee1e0 VMThread "VM Thread"                           [id=13040, stack(0x0000000523e00000,0x0000000523f00000) (1024K)]
  0x000001174111bb50 WatcherThread "VM Periodic Task Thread"        [id=17972, stack(0x0000000523d00000,0x0000000523e00000) (1024K)]
  0x000001175507f010 WorkerThread "GC Thread#0"                     [id=15836, stack(0x0000000523800000,0x0000000523900000) (1024K)]
  0x00000117550ede30 WorkerThread "GC Thread#1"                     [id=8116, stack(0x0000000524900000,0x0000000524a00000) (1024K)]
  0x00000117550ee590 WorkerThread "GC Thread#2"                     [id=18408, stack(0x0000000524a00000,0x0000000524b00000) (1024K)]
  0x00000117550ef0a0 WorkerThread "GC Thread#3"                     [id=16180, stack(0x0000000524b00000,0x0000000524c00000) (1024K)]
  0x000001175508b350 ConcurrentGCThread "G1 Main Marker"            [id=17192, stack(0x0000000523900000,0x0000000523a00000) (1024K)]
  0x000001175508c780 WorkerThread "G1 Conc#0"                       [id=16360, stack(0x0000000523a00000,0x0000000523b00000) (1024K)]
  0x00000117550e77b0 ConcurrentGCThread "G1 Refine#0"               [id=17372, stack(0x0000000523b00000,0x0000000523c00000) (1024K)]
  0x00000117550e8330 ConcurrentGCThread "G1 Service"                [id=6196, stack(0x0000000523c00000,0x0000000523d00000) (1024K)]
Total: 10

Threads with active compile tasks:
C2 CompilerThread0  13742 8024       4       org.codehaus.plexus.classworlds.realm.ClassRealm::loadClass (7 bytes)
Total: 1

VM state: not at safepoint (normal execution)

VM Mutex/Monitor currently owned by a thread: None

Heap address: 0x00000000c1600000, size: 1002 MB, Compressed Oops mode: 32-bit

CDS archive(s) mapped at: [0x0000011700000000-0x0000011700d40000-0x0000011700d40000), size 13893632, SharedBaseAddress: 0x0000011700000000, ArchiveRelocationMode: 1.
Compressed class space mapped at: 0x0000011701000000-0x0000011741000000, reserved size: 1073741824
UseCompressedClassPointers 1, UseCompactObjectHeaders 0
Narrow klass pointer bits 32, Max shift 3
Narrow klass base: 0x0000011700000000, Narrow klass shift: 0
Encoding Range: [0x0000011700000000 - 0x0000011800000000), (4294967296 bytes)
Klass Range:    [0x0000011700000000 - 0x0000011741000000), (1090519040 bytes)
Klass ID Range:  [8 - 1090519033) (1090519025)

GC Precious Log:
 CardTable entry size: 512
 Card Set container configuration: InlinePtr #cards 5 size 8 Array Of Cards #cards 10 size 36 Howl #buckets 4 coarsen threshold 1843 Howl Bitmap #cards 512 size 80 coarsen threshold 460 Card regions per heap region 1 cards per card region 2048
 CPUs: 4 total, 4 available
 Memory: 4007M
 Large Page Support: Disabled
 NUMA Support: Disabled
 Compressed Oops: Enabled (32-bit)
 Heap Region Size: 1M
 Heap Min Capacity: 8M
 Heap Initial Capacity: 64M
 Heap Max Capacity: 1002M
 Pre-touch: Disabled
 Parallel Workers: 4
 Concurrent Workers: 1
 Concurrent Refinement Workers: 4
 Periodic GC: Disabled

Heap:
 garbage-first heap   total reserved 1026048K, committed 120832K, used 71168K [0x00000000c1600000, 0x0000000100000000)
  region size 1024K, 15 young (15360K), 3 survivors (3072K)
 Metaspace       used 32330K, committed 32832K, reserved 1114112K
  class space    used 3164K, committed 3392K, reserved 1048576K

Heap Regions: E=young(eden), S=young(survivor), O=old, HS=humongous(starts), HC=humongous(continues), CS=collection set, F=free, TAMS=top-at-mark-start, PB=parsable bottom
|   0|0x00000000c1600000, 0x00000000c1700000, 0x00000000c1700000|100%| O|  |TAMS 0x00000000c1600000| PB 0x00000000c1600000| Untracked |  0
|   1|0x00000000c1700000, 0x00000000c1800000, 0x00000000c1800000|100%| O|  |TAMS 0x00000000c1700000| PB 0x00000000c1700000| Untracked |  0
|   2|0x00000000c1800000, 0x00000000c1900000, 0x00000000c1900000|100%| O|  |TAMS 0x00000000c1800000| PB 0x00000000c1800000| Untracked |  0
|   3|0x00000000c1900000, 0x00000000c1a00000, 0x00000000c1a00000|100%| O|  |TAMS 0x00000000c1900000| PB 0x00000000c1900000| Untracked |  0
|   4|0x00000000c1a00000, 0x00000000c1b00000, 0x00000000c1b00000|100%| O|  |TAMS 0x00000000c1a00000| PB 0x00000000c1a00000| Untracked |  0
|   5|0x00000000c1b00000, 0x00000000c1c00000, 0x00000000c1c00000|100%| O|  |TAMS 0x00000000c1b00000| PB 0x00000000c1b00000| Untracked |  0
|   6|0x00000000c1c00000, 0x00000000c1d00000, 0x00000000c1d00000|100%| O|  |TAMS 0x00000000c1c00000| PB 0x00000000c1c00000| Untracked |  0
|   7|0x00000000c1d00000, 0x00000000c1e00000, 0x00000000c1e00000|100%| O|  |TAMS 0x00000000c1d00000| PB 0x00000000c1d00000| Untracked |  0
|   8|0x00000000c1e00000, 0x00000000c1f00000, 0x00000000c1f00000|100%|HS|  |TAMS 0x00000000c1e00000| PB 0x00000000c1e00000| Complete |  0
|   9|0x00000000c1f00000, 0x00000000c2000000, 0x00000000c2000000|100%| O|  |TAMS 0x00000000c1f00000| PB 0x00000000c1f00000| Untracked |  0
|  10|0x00000000c2000000, 0x00000000c2100000, 0x00000000c2100000|100%| O|  |TAMS 0x00000000c2000000| PB 0x00000000c2000000| Untracked |  0
|  11|0x00000000c2100000, 0x00000000c2200000, 0x00000000c2200000|100%| O|  |TAMS 0x00000000c2100000| PB 0x00000000c2100000| Untracked |  0
|  12|0x00000000c2200000, 0x00000000c2300000, 0x00000000c2300000|100%| O|  |TAMS 0x00000000c2200000| PB 0x00000000c2200000| Untracked |  0
|  13|0x00000000c2300000, 0x00000000c2400000, 0x00000000c2400000|100%| O|Cm|TAMS 0x00000000c2300000| PB 0x00000000c2300000| Complete |  0
|  14|0x00000000c2400000, 0x00000000c2500000, 0x00000000c2500000|100%| O|Cm|TAMS 0x00000000c2400000| PB 0x00000000c2400000| Complete |  0
|  15|0x00000000c2500000, 0x00000000c2500000, 0x00000000c2600000|  0%| F|  |TAMS 0x00000000c2500000| PB 0x00000000c2500000| Untracked |  0
|  16|0x00000000c2600000, 0x00000000c2700000, 0x00000000c2700000|100%|HS|  |TAMS 0x00000000c2600000| PB 0x00000000c2600000| Complete |  0
|  17|0x00000000c2700000, 0x00000000c2800000, 0x00000000c2800000|100%|HC|  |TAMS 0x00000000c2700000| PB 0x00000000c2700000| Complete |  0
|  18|0x00000000c2800000, 0x00000000c2900000, 0x00000000c2900000|100%| O|  |TAMS 0x00000000c2800000| PB 0x00000000c2800000| Untracked |  0
|  19|0x00000000c2900000, 0x00000000c2a00000, 0x00000000c2a00000|100%| O|  |TAMS 0x00000000c2900000| PB 0x00000000c2900000| Untracked |  0
|  20|0x00000000c2a00000, 0x00000000c2b00000, 0x00000000c2b00000|100%|HS|  |TAMS 0x00000000c2a00000| PB 0x00000000c2a00000| Complete |  0
|  21|0x00000000c2b00000, 0x00000000c2c00000, 0x00000000c2c00000|100%| O|  |TAMS 0x00000000c2b00000| PB 0x00000000c2b00000| Untracked |  0
|  22|0x00000000c2c00000, 0x00000000c2d00000, 0x00000000c2d00000|100%| O|  |TAMS 0x00000000c2c00000| PB 0x00000000c2c00000| Untracked |  0
|  23|0x00000000c2d00000, 0x00000000c2e00000, 0x00000000c2e00000|100%| O|  |TAMS 0x00000000c2d00000| PB 0x00000000c2d00000| Untracked |  0
|  24|0x00000000c2e00000, 0x00000000c2f00000, 0x00000000c2f00000|100%| O|  |TAMS 0x00000000c2e00000| PB 0x00000000c2e00000| Untracked |  0
|  25|0x00000000c2f00000, 0x00000000c3000000, 0x00000000c3000000|100%| O|Cm|TAMS 0x00000000c2f00000| PB 0x00000000c2f00000| Complete |  0
|  26|0x00000000c3000000, 0x00000000c3100000, 0x00000000c3100000|100%| O|  |TAMS 0x00000000c3000000| PB 0x00000000c3000000| Untracked |  0
|  27|0x00000000c3100000, 0x00000000c3200000, 0x00000000c3200000|100%| O|Cm|TAMS 0x00000000c3100000| PB 0x00000000c3100000| Complete |  0
|  28|0x00000000c3200000, 0x00000000c3300000, 0x00000000c3300000|100%| O|  |TAMS 0x00000000c3200000| PB 0x00000000c3200000| Untracked |  0
|  29|0x00000000c3300000, 0x00000000c3380000, 0x00000000c3400000| 50%| O|  |TAMS 0x00000000c3300000| PB 0x00000000c3300000| Untracked |  0
|  30|0x00000000c3400000, 0x00000000c3500000, 0x00000000c3500000|100%| O|Cm|TAMS 0x00000000c3400000| PB 0x00000000c3400000| Complete |  0
|  31|0x00000000c3500000, 0x00000000c3600000, 0x00000000c3600000|100%| O|Cm|TAMS 0x00000000c3500000| PB 0x00000000c3500000| Complete |  0
|  32|0x00000000c3600000, 0x00000000c3700000, 0x00000000c3700000|100%| O|Cm|TAMS 0x00000000c3600000| PB 0x00000000c3600000| Complete |  0
|  33|0x00000000c3700000, 0x00000000c3800000, 0x00000000c3800000|100%| O|Cm|TAMS 0x00000000c3700000| PB 0x00000000c3700000| Complete |  0
|  34|0x00000000c3800000, 0x00000000c3900000, 0x00000000c3900000|100%|HS|  |TAMS 0x00000000c3800000| PB 0x00000000c3800000| Complete |  0
|  35|0x00000000c3900000, 0x00000000c3a00000, 0x00000000c3a00000|100%|HC|  |TAMS 0x00000000c3900000| PB 0x00000000c3900000| Complete |  0
|  36|0x00000000c3a00000, 0x00000000c3b00000, 0x00000000c3b00000|100%| O|Cm|TAMS 0x00000000c3a00000| PB 0x00000000c3a00000| Complete |  0
|  37|0x00000000c3b00000, 0x00000000c3c00000, 0x00000000c3c00000|100%| O|  |TAMS 0x00000000c3b00000| PB 0x00000000c3b00000| Untracked |  0
|  38|0x00000000c3c00000, 0x00000000c3d00000, 0x00000000c3d00000|100%| O|  |TAMS 0x00000000c3c00000| PB 0x00000000c3c00000| Untracked |  0
|  39|0x00000000c3d00000, 0x00000000c3e00000, 0x00000000c3e00000|100%| O|  |TAMS 0x00000000c3d00000| PB 0x00000000c3d00000| Untracked |  0
|  40|0x00000000c3e00000, 0x00000000c3f00000, 0x00000000c3f00000|100%| O|Cm|TAMS 0x00000000c3e00000| PB 0x00000000c3e00000| Complete |  0
|  41|0x00000000c3f00000, 0x00000000c4000000, 0x00000000c4000000|100%| O|Cm|TAMS 0x00000000c3f00000| PB 0x00000000c3f00000| Complete |  0
|  42|0x00000000c4000000, 0x00000000c4100000, 0x00000000c4100000|100%| O|Cm|TAMS 0x00000000c4000000| PB 0x00000000c4000000| Complete |  0
|  43|0x00000000c4100000, 0x00000000c4100000, 0x00000000c4200000|  0%| F|  |TAMS 0x00000000c4100000| PB 0x00000000c4100000| Untracked |  0
|  44|0x00000000c4200000, 0x00000000c4300000, 0x00000000c4300000|100%|HS|  |TAMS 0x00000000c4200000| PB 0x00000000c4200000| Complete |  0
|  45|0x00000000c4300000, 0x00000000c4400000, 0x00000000c4400000|100%| O|Cm|TAMS 0x00000000c4300000| PB 0x00000000c4300000| Complete |  0
|  46|0x00000000c4400000, 0x00000000c4500000, 0x00000000c4500000|100%| O|Cm|TAMS 0x00000000c4400000| PB 0x00000000c4400000| Complete |  0
|  47|0x00000000c4500000, 0x00000000c4600000, 0x00000000c4600000|100%| O|Cm|TAMS 0x00000000c4500000| PB 0x00000000c4500000| Complete |  0
|  48|0x00000000c4600000, 0x00000000c4600000, 0x00000000c4700000|  0%| F|  |TAMS 0x00000000c4600000| PB 0x00000000c4600000| Untracked |  0
|  49|0x00000000c4700000, 0x00000000c4700000, 0x00000000c4800000|  0%| F|  |TAMS 0x00000000c4700000| PB 0x00000000c4700000| Untracked |  0
|  50|0x00000000c4800000, 0x00000000c4800000, 0x00000000c4900000|  0%| F|  |TAMS 0x00000000c4800000| PB 0x00000000c4800000| Untracked |  0
|  51|0x00000000c4900000, 0x00000000c4900000, 0x00000000c4a00000|  0%| F|  |TAMS 0x00000000c4900000| PB 0x00000000c4900000| Untracked |  0
|  52|0x00000000c4a00000, 0x00000000c4b00000, 0x00000000c4b00000|100%| O|  |TAMS 0x00000000c4a00000| PB 0x00000000c4a00000| Untracked |  0
|  53|0x00000000c4b00000, 0x00000000c4b00000, 0x00000000c4c00000|  0%| F|  |TAMS 0x00000000c4b00000| PB 0x00000000c4b00000| Untracked |  0
|  54|0x00000000c4c00000, 0x00000000c4c00000, 0x00000000c4d00000|  0%| F|  |TAMS 0x00000000c4c00000| PB 0x00000000c4c00000| Untracked |  0
|  55|0x00000000c4d00000, 0x00000000c4e00000, 0x00000000c4e00000|100%| O|Cm|TAMS 0x00000000c4d00000| PB 0x00000000c4d00000| Complete |  0
|  56|0x00000000c4e00000, 0x00000000c4f00000, 0x00000000c4f00000|100%| O|  |TAMS 0x00000000c4e00000| PB 0x00000000c4e00000| Untracked |  0
|  57|0x00000000c4f00000, 0x00000000c4f00000, 0x00000000c5000000|  0%| F|  |TAMS 0x00000000c4f00000| PB 0x00000000c4f00000| Untracked |  0
|  58|0x00000000c5000000, 0x00000000c5000000, 0x00000000c5100000|  0%| F|  |TAMS 0x00000000c5000000| PB 0x00000000c5000000| Untracked |  0
|  59|0x00000000c5100000, 0x00000000c5100000, 0x00000000c5200000|  0%| F|  |TAMS 0x00000000c5100000| PB 0x00000000c5100000| Untracked |  0
|  60|0x00000000c5200000, 0x00000000c5200000, 0x00000000c5300000|  0%| F|  |TAMS 0x00000000c5200000| PB 0x00000000c5200000| Untracked |  0
|  61|0x00000000c5300000, 0x00000000c5300000, 0x00000000c5400000|  0%| F|  |TAMS 0x00000000c5300000| PB 0x00000000c5300000| Untracked |  0
|  62|0x00000000c5400000, 0x00000000c5400000, 0x00000000c5500000|  0%| F|  |TAMS 0x00000000c5400000| PB 0x00000000c5400000| Untracked |  0
|  63|0x00000000c5500000, 0x00000000c5500000, 0x00000000c5600000|  0%| F|  |TAMS 0x00000000c5500000| PB 0x00000000c5500000| Untracked |  0
|  64|0x00000000c5600000, 0x00000000c5600000, 0x00000000c5700000|  0%| F|  |TAMS 0x00000000c5600000| PB 0x00000000c5600000| Untracked |  0
|  65|0x00000000c5700000, 0x00000000c5700000, 0x00000000c5800000|  0%| F|  |TAMS 0x00000000c5700000| PB 0x00000000c5700000| Untracked |  0
|  66|0x00000000c5800000, 0x00000000c5800000, 0x00000000c5900000|  0%| F|  |TAMS 0x00000000c5800000| PB 0x00000000c5800000| Untracked |  0
|  67|0x00000000c5900000, 0x00000000c5900000, 0x00000000c5a00000|  0%| F|  |TAMS 0x00000000c5900000| PB 0x00000000c5900000| Untracked |  0
|  68|0x00000000c5a00000, 0x00000000c5a00000, 0x00000000c5b00000|  0%| F|  |TAMS 0x00000000c5a00000| PB 0x00000000c5a00000| Untracked |  0
|  69|0x00000000c5b00000, 0x00000000c5b00000, 0x00000000c5c00000|  0%| F|  |TAMS 0x00000000c5b00000| PB 0x00000000c5b00000| Untracked |  0
|  70|0x00000000c5c00000, 0x00000000c5c00000, 0x00000000c5d00000|  0%| F|  |TAMS 0x00000000c5c00000| PB 0x00000000c5c00000| Untracked |  0
|  71|0x00000000c5d00000, 0x00000000c5d00000, 0x00000000c5e00000|  0%| F|  |TAMS 0x00000000c5d00000| PB 0x00000000c5d00000| Untracked |  0
|  72|0x00000000c5e00000, 0x00000000c5e00000, 0x00000000c5f00000|  0%| F|  |TAMS 0x00000000c5e00000| PB 0x00000000c5e00000| Untracked |  0
|  73|0x00000000c5f00000, 0x00000000c6000000, 0x00000000c6000000|100%| S|CS|TAMS 0x00000000c5f00000| PB 0x00000000c5f00000| Complete |  0
|  74|0x00000000c6000000, 0x00000000c6100000, 0x00000000c6100000|100%| S|CS|TAMS 0x00000000c6000000| PB 0x00000000c6000000| Complete |  0
|  75|0x00000000c6100000, 0x00000000c6200000, 0x00000000c6200000|100%| S|CS|TAMS 0x00000000c6100000| PB 0x00000000c6100000| Complete |  0
|  76|0x00000000c6200000, 0x00000000c6200000, 0x00000000c6300000|  0%| F|  |TAMS 0x00000000c6200000| PB 0x00000000c6200000| Untracked |  0
|  77|0x00000000c6300000, 0x00000000c6300000, 0x00000000c6400000|  0%| F|  |TAMS 0x00000000c6300000| PB 0x00000000c6300000| Untracked |  0
|  78|0x00000000c6400000, 0x00000000c6400000, 0x00000000c6500000|  0%| F|  |TAMS 0x00000000c6400000| PB 0x00000000c6400000| Untracked |  0
|  79|0x00000000c6500000, 0x00000000c6500000, 0x00000000c6600000|  0%| F|  |TAMS 0x00000000c6500000| PB 0x00000000c6500000| Untracked |  0
|  80|0x00000000c6600000, 0x00000000c6600000, 0x00000000c6700000|  0%| F|  |TAMS 0x00000000c6600000| PB 0x00000000c6600000| Untracked |  0
|  81|0x00000000c6700000, 0x00000000c6700000, 0x00000000c6800000|  0%| F|  |TAMS 0x00000000c6700000| PB 0x00000000c6700000| Untracked |  0
|  82|0x00000000c6800000, 0x00000000c6800000, 0x00000000c6900000|  0%| F|  |TAMS 0x00000000c6800000| PB 0x00000000c6800000| Untracked |  0
|  83|0x00000000c6900000, 0x00000000c6900000, 0x00000000c6a00000|  0%| F|  |TAMS 0x00000000c6900000| PB 0x00000000c6900000| Untracked |  0
|  84|0x00000000c6a00000, 0x00000000c6a00000, 0x00000000c6b00000|  0%| F|  |TAMS 0x00000000c6a00000| PB 0x00000000c6a00000| Untracked |  0
|  85|0x00000000c6b00000, 0x00000000c6b00000, 0x00000000c6c00000|  0%| F|  |TAMS 0x00000000c6b00000| PB 0x00000000c6b00000| Untracked |  0
|  86|0x00000000c6c00000, 0x00000000c6c00000, 0x00000000c6d00000|  0%| F|  |TAMS 0x00000000c6c00000| PB 0x00000000c6c00000| Untracked |  0
|  87|0x00000000c6d00000, 0x00000000c6d00000, 0x00000000c6e00000|  0%| F|  |TAMS 0x00000000c6d00000| PB 0x00000000c6d00000| Untracked |  0
|  88|0x00000000c6e00000, 0x00000000c6e00000, 0x00000000c6f00000|  0%| F|  |TAMS 0x00000000c6e00000| PB 0x00000000c6e00000| Untracked |  0
|  89|0x00000000c6f00000, 0x00000000c6f00000, 0x00000000c7000000|  0%| F|  |TAMS 0x00000000c6f00000| PB 0x00000000c6f00000| Untracked |  0
|  90|0x00000000c7000000, 0x00000000c7000000, 0x00000000c7100000|  0%| F|  |TAMS 0x00000000c7000000| PB 0x00000000c7000000| Untracked |  0
|  91|0x00000000c7100000, 0x00000000c7100000, 0x00000000c7200000|  0%| F|  |TAMS 0x00000000c7100000| PB 0x00000000c7100000| Untracked |  0
|  92|0x00000000c7200000, 0x00000000c7200000, 0x00000000c7300000|  0%| F|  |TAMS 0x00000000c7200000| PB 0x00000000c7200000| Untracked |  0
|  93|0x00000000c7300000, 0x00000000c7300000, 0x00000000c7400000|  0%| F|  |TAMS 0x00000000c7300000| PB 0x00000000c7300000| Untracked |  0
|  94|0x00000000c7400000, 0x00000000c7400000, 0x00000000c7500000|  0%| F|  |TAMS 0x00000000c7400000| PB 0x00000000c7400000| Untracked |  0
|  95|0x00000000c7500000, 0x00000000c7500000, 0x00000000c7600000|  0%| F|  |TAMS 0x00000000c7500000| PB 0x00000000c7500000| Untracked |  0
|  96|0x00000000c7600000, 0x00000000c7600000, 0x00000000c7700000|  0%| F|  |TAMS 0x00000000c7600000| PB 0x00000000c7600000| Untracked |  0
|  97|0x00000000c7700000, 0x00000000c7700000, 0x00000000c7800000|  0%| F|  |TAMS 0x00000000c7700000| PB 0x00000000c7700000| Untracked |  0
|  98|0x00000000c7800000, 0x00000000c7800000, 0x00000000c7900000|  0%| F|  |TAMS 0x00000000c7800000| PB 0x00000000c7800000| Untracked |  0
|  99|0x00000000c7900000, 0x00000000c79b8578, 0x00000000c7a00000| 72%| E|  |TAMS 0x00000000c7900000| PB 0x00000000c7900000| Complete |  0
| 100|0x00000000c7a00000, 0x00000000c7b00000, 0x00000000c7b00000|100%| E|CS|TAMS 0x00000000c7a00000| PB 0x00000000c7a00000| Complete |  0
| 101|0x00000000c7b00000, 0x00000000c7c00000, 0x00000000c7c00000|100%| E|CS|TAMS 0x00000000c7b00000| PB 0x00000000c7b00000| Complete |  0
| 102|0x00000000c7c00000, 0x00000000c7d00000, 0x00000000c7d00000|100%| E|CS|TAMS 0x00000000c7c00000| PB 0x00000000c7c00000| Complete |  0
| 103|0x00000000c7d00000, 0x00000000c7e00000, 0x00000000c7e00000|100%| E|CS|TAMS 0x00000000c7d00000| PB 0x00000000c7d00000| Complete |  0
| 104|0x00000000c7e00000, 0x00000000c7f00000, 0x00000000c7f00000|100%| E|CS|TAMS 0x00000000c7e00000| PB 0x00000000c7e00000| Complete |  0
| 105|0x00000000c7f00000, 0x00000000c8000000, 0x00000000c8000000|100%| E|CS|TAMS 0x00000000c7f00000| PB 0x00000000c7f00000| Complete |  0
| 106|0x00000000c8000000, 0x00000000c8100000, 0x00000000c8100000|100%| E|CS|TAMS 0x00000000c8000000| PB 0x00000000c8000000| Complete |  0
| 107|0x00000000c8100000, 0x00000000c8200000, 0x00000000c8200000|100%| E|CS|TAMS 0x00000000c8100000| PB 0x00000000c8100000| Complete |  0
| 992|0x00000000ff600000, 0x00000000ff700000, 0x00000000ff700000|100%| O|Cm|TAMS 0x00000000ff600000| PB 0x00000000ff600000| Complete |  0
| 993|0x00000000ff700000, 0x00000000ff800000, 0x00000000ff800000|100%| O|  |TAMS 0x00000000ff700000| PB 0x00000000ff700000| Untracked |  0
| 994|0x00000000ff800000, 0x00000000ff900000, 0x00000000ff900000|100%| O|Cm|TAMS 0x00000000ff800000| PB 0x00000000ff800000| Complete |  0
| 995|0x00000000ff900000, 0x00000000ffa00000, 0x00000000ffa00000|100%| O|Cm|TAMS 0x00000000ff900000| PB 0x00000000ff900000| Complete |  0
| 996|0x00000000ffa00000, 0x00000000ffb00000, 0x00000000ffb00000|100%| O|Cm|TAMS 0x00000000ffa00000| PB 0x00000000ffa00000| Complete |  0
| 997|0x00000000ffb00000, 0x00000000ffc00000, 0x00000000ffc00000|100%| E|CS|TAMS 0x00000000ffb00000| PB 0x00000000ffb00000| Complete |  0
| 998|0x00000000ffc00000, 0x00000000ffd00000, 0x00000000ffd00000|100%| O|Cm|TAMS 0x00000000ffc00000| PB 0x00000000ffc00000| Complete |  0
| 999|0x00000000ffd00000, 0x00000000ffe00000, 0x00000000ffe00000|100%| E|CS|TAMS 0x00000000ffd00000| PB 0x00000000ffd00000| Complete |  0
|1000|0x00000000ffe00000, 0x00000000fff00000, 0x00000000fff00000|100%| O|  |TAMS 0x00000000ffe00000| PB 0x00000000ffe00000| Untracked |  0
|1001|0x00000000fff00000, 0x0000000100000000, 0x0000000100000000|100%| E|CS|TAMS 0x00000000fff00000| PB 0x00000000fff00000| Complete |  0

Card table byte_map: [0x000001176cd50000,0x000001176cf50000] _byte_map_base: 0x000001176c745000

Marking Bits: (CMBitMap*) 0x0000011755080b30
 Bits: [0x000001176cf50000, 0x000001176def8000)

Polling page: 0x0000011752e60000

Metaspace:

Usage:
  Non-class:     28.48 MB used.
      Class:      3.09 MB used.
       Both:     31.57 MB used.

Virtual space:
  Non-class space:       64.00 MB reserved,      28.75 MB ( 45%) committed,  1 nodes.
      Class space:        1.00 GB reserved,       3.31 MB ( <1%) committed,  1 nodes.
             Both:        1.06 GB reserved,      32.06 MB (  3%) committed. 

Chunk freelists:
   Non-Class:  2.36 MB
       Class:  12.55 MB
        Both:  14.91 MB

MaxMetaspaceSize: unlimited
CompressedClassSpaceSize: 1.00 GB
Initial GC threshold: 21.00 MB
Current GC threshold: 50.94 MB
CDS: on
 - commit_granule_bytes: 65536.
 - commit_granule_words: 8192.
 - virtual_space_node_default_size: 8388608.
 - enlarge_chunks_in_place: 1.
UseCompressedClassPointers 1, UseCompactObjectHeaders 0
Narrow klass pointer bits 32, Max shift 3
Narrow klass base: 0x0000011700000000, Narrow klass shift: 0
Encoding Range: [0x0000011700000000 - 0x0000011800000000), (4294967296 bytes)
Klass Range:    [0x0000011700000000 - 0x0000011741000000), (1090519040 bytes)
Klass ID Range:  [8 - 1090519033) (1090519025)


Internal statistics:

num_allocs_failed_limit: 9.
num_arena_births: 376.
num_arena_deaths: 0.
num_vsnodes_births: 2.
num_vsnodes_deaths: 0.
num_space_committed: 513.
num_space_uncommitted: 0.
num_chunks_returned_to_freelist: 9.
num_chunks_taken_from_freelist: 1539.
num_chunk_merges: 9.
num_chunk_splits: 1065.
num_chunks_enlarged: 827.
num_inconsistent_stats: 0.

CodeHeap 'non-profiled nmethods': size=120064Kb used=2605Kb max_used=2673Kb free=117458Kb
 bounds [0x0000011765610000, 0x00000117658c0000, 0x000001176cb50000]
CodeHeap 'profiled nmethods': size=120000Kb used=11462Kb max_used=12815Kb free=108538Kb
 bounds [0x000001175db50000, 0x000001175e7e0000, 0x0000011765080000]
CodeHeap 'non-nmethods': size=5696Kb used=1433Kb max_used=1463Kb free=4263Kb
 bounds [0x0000011765080000, 0x00000117652f0000, 0x0000011765610000]
CodeCache: size=245760Kb, used=15500Kb, max_used=16951Kb, free=230259Kb
 total_blobs=7500, nmethods=6901, adapters=503, full_count=0
Compilation: enabled, stopped_count=0, restarted_count=0

Compilation events (20 events):
Event: 13.104 Thread 0x0000011741148550 8111   !   2       java.util.zip.Deflater::setInput (56 bytes)
Event: 13.105 Thread 0x0000011741148550 nmethod 8111 0x000001175e016908 code [0x000001175e016a40, 0x000001175e016dd0]
Event: 13.110 Thread 0x0000011741148550 8113       2       java.net.URLClassLoader::definePackage (274 bytes)
Event: 13.112 Thread 0x0000011741148550 nmethod 8113 0x000001175e464e88 code [0x000001175e4651e0, 0x000001175e4662f0]
Event: 13.127 Thread 0x0000011741148550 8114       2       java.util.Arrays::binarySearch (9 bytes)
Event: 13.127 Thread 0x0000011741148550 nmethod 8114 0x000001175e63f708 code [0x000001175e63f820, 0x000001175e63f930]
Event: 13.130 Thread 0x0000011741148550 8116       2       java.util.Collections$UnmodifiableMap$UnmodifiableEntrySet$UnmodifiableEntry::getKey (10 bytes)
Event: 13.130 Thread 0x0000011741148550 nmethod 8116 0x000001175e64a208 code [0x000001175e64a320, 0x000001175e64a448]
Event: 13.130 Thread 0x0000011741148550 8118       2       java.util.Collections$UnmodifiableMap$UnmodifiableEntrySet$1::next (5 bytes)
Event: 13.131 Thread 0x0000011741148550 nmethod 8118 0x000001175e0b9688 code [0x000001175e0b97c0, 0x000001175e0b9b20]
Event: 13.131 Thread 0x0000011741148550 8117       2       java.util.Collections$UnmodifiableMap$UnmodifiableEntrySet$UnmodifiableEntry::<init> (16 bytes)
Event: 13.131 Thread 0x0000011741148550 nmethod 8117 0x000001175e5c3d88 code [0x000001175e5c3ec0, 0x000001175e5c4130]
Event: 13.131 Thread 0x0000011741148550 8119       2       java.util.Collections$UnmodifiableMap$UnmodifiableEntrySet$1::next (20 bytes)
Event: 13.131 Thread 0x0000011741148550 nmethod 8119 0x000001175e4b7888 code [0x000001175e4b79c0, 0x000001175e4b7d20]
Event: 13.135 Thread 0x0000011741148550 8120       2       java.lang.ProcessEnvironment$NameComparator::compare (90 bytes)
Event: 13.136 Thread 0x0000011741148550 nmethod 8120 0x000001175e5a1d88 code [0x000001175e5a1f00, 0x000001175e5a2438]
Event: 13.136 Thread 0x0000011741148550 8121       2       java.lang.ProcessEnvironment$CheckedEntry::getKey (5 bytes)
Event: 13.136 Thread 0x0000011741148550 nmethod 8121 0x000001175e64bc88 code [0x000001175e64bda0, 0x000001175e64bf08]
Event: 13.136 Thread 0x0000011741148550 8122       2       java.lang.ProcessEnvironment$CheckedEntry::getKey (13 bytes)
Event: 13.136 Thread 0x0000011741148550 nmethod 8122 0x000001175e64d408 code [0x000001175e64d520, 0x000001175e64d688]

GC Heap History (20 events):
Event: 4.580 GC heap before
{Heap before GC invocations=4 (full 0):
 garbage-first heap   total reserved 1026048K, committed 67584K, used 46226K [0x00000000c1600000, 0x0000000100000000)
  region size 1024K, 36 young (36864K), 5 survivors (5120K)
 Metaspace       used 16192K, committed 16448K, reserved 1114112K
  class space    used 1555K, committed 1664K, reserved 1048576K
}
Event: 4.589 GC heap after
{Heap after GC invocations=5 (full 0):
 garbage-first heap   total reserved 1026048K, committed 67584K, used 16059K [0x00000000c1600000, 0x0000000100000000)
  region size 1024K, 2 young (2048K), 2 survivors (2048K)
 Metaspace       used 16192K, committed 16448K, reserved 1114112K
  class space    used 1555K, committed 1664K, reserved 1048576K
}
Event: 5.583 GC heap before
{Heap before GC invocations=5 (full 0):
 garbage-first heap   total reserved 1026048K, committed 67584K, used 49851K [0x00000000c1600000, 0x0000000100000000)
  region size 1024K, 35 young (35840K), 2 survivors (2048K)
 Metaspace       used 17780K, committed 18048K, reserved 1114112K
  class space    used 1702K, committed 1792K, reserved 1048576K
}
Event: 5.589 GC heap after
{Heap after GC invocations=6 (full 0):
 garbage-first heap   total reserved 1026048K, committed 81920K, used 17484K [0x00000000c1600000, 0x0000000100000000)
  region size 1024K, 4 young (4096K), 4 survivors (4096K)
 Metaspace       used 17780K, committed 18048K, reserved 1114112K
  class space    used 1702K, committed 1792K, reserved 1048576K
}
Event: 6.326 GC heap before
{Heap before GC invocations=6 (full 0):
 garbage-first heap   total reserved 1026048K, committed 81920K, used 50252K [0x00000000c1600000, 0x0000000100000000)
  region size 1024K, 33 young (33792K), 4 survivors (4096K)
 Metaspace       used 21202K, committed 21504K, reserved 1114112K
  class space    used 2046K, committed 2176K, reserved 1048576K
}
Event: 6.343 GC heap after
{Heap after GC invocations=7 (full 0):
 garbage-first heap   total reserved 1026048K, committed 81920K, used 26308K [0x00000000c1600000, 0x0000000100000000)
  region size 1024K, 6 young (6144K), 6 survivors (6144K)
 Metaspace       used 21202K, committed 21504K, reserved 1114112K
  class space    used 2046K, committed 2176K, reserved 1048576K
}
Event: 7.632 GC heap before
{Heap before GC invocations=8 (full 0):
 garbage-first heap   total reserved 1026048K, committed 81920K, used 64196K [0x00000000c1600000, 0x0000000100000000)
  region size 1024K, 42 young (43008K), 6 survivors (6144K)
 Metaspace       used 26140K, committed 26496K, reserved 1114112K
  class space    used 2534K, committed 2688K, reserved 1048576K
}
Event: 7.660 GC heap after
{Heap after GC invocations=9 (full 0):
 garbage-first heap   total reserved 1026048K, committed 84992K, used 41072K [0x00000000c1600000, 0x0000000100000000)
  region size 1024K, 6 young (6144K), 6 survivors (6144K)
 Metaspace       used 26140K, committed 26496K, reserved 1114112K
  class space    used 2534K, committed 2688K, reserved 1048576K
}
Event: 8.484 GC heap before
{Heap before GC invocations=9 (full 0):
 garbage-first heap   total reserved 1026048K, committed 84992K, used 67696K [0x00000000c1600000, 0x0000000100000000)
  region size 1024K, 32 young (32768K), 6 survivors (6144K)
 Metaspace       used 27725K, committed 28096K, reserved 1114112K
  class space    used 2728K, committed 2880K, reserved 1048576K
}
Event: 8.503 GC heap after
{Heap after GC invocations=10 (full 0):
 garbage-first heap   total reserved 1026048K, committed 84992K, used 45568K [0x00000000c1600000, 0x0000000100000000)
  region size 1024K, 4 young (4096K), 4 survivors (4096K)
 Metaspace       used 27725K, committed 28096K, reserved 1114112K
  class space    used 2728K, committed 2880K, reserved 1048576K
}
Event: 9.492 GC heap before
{Heap before GC invocations=10 (full 0):
 garbage-first heap   total reserved 1026048K, committed 84992K, used 67072K [0x00000000c1600000, 0x0000000100000000)
  region size 1024K, 26 young (26624K), 4 survivors (4096K)
 Metaspace       used 29070K, committed 29504K, reserved 1114112K
  class space    used 2886K, committed 3072K, reserved 1048576K
}
Event: 9.505 GC heap after
{Heap after GC invocations=11 (full 0):
 garbage-first heap   total reserved 1026048K, committed 84992K, used 46463K [0x00000000c1600000, 0x0000000100000000)
  region size 1024K, 2 young (2048K), 2 survivors (2048K)
 Metaspace       used 29070K, committed 29504K, reserved 1114112K
  class space    used 2886K, committed 3072K, reserved 1048576K
}
Event: 10.032 GC heap before
{Heap before GC invocations=12 (full 0):
 garbage-first heap   total reserved 1026048K, committed 84992K, used 77183K [0x00000000c1600000, 0x0000000100000000)
  region size 1024K, 27 young (27648K), 2 survivors (2048K)
 Metaspace       used 29134K, committed 29568K, reserved 1114112K
  class space    used 2886K, committed 3072K, reserved 1048576K
}
Event: 10.059 GC heap after
{Heap after GC invocations=13 (full 0):
 garbage-first heap   total reserved 1026048K, committed 90112K, used 60416K [0x00000000c1600000, 0x0000000100000000)
  region size 1024K, 4 young (4096K), 4 survivors (4096K)
 Metaspace       used 29134K, committed 29568K, reserved 1114112K
  class space    used 2886K, committed 3072K, reserved 1048576K
}
Event: 10.285 GC heap before
{Heap before GC invocations=13 (full 0):
 garbage-first heap   total reserved 1026048K, committed 90112K, used 74752K [0x00000000c1600000, 0x0000000100000000)
  region size 1024K, 19 young (19456K), 4 survivors (4096K)
 Metaspace       used 29138K, committed 29568K, reserved 1114112K
  class space    used 2886K, committed 3072K, reserved 1048576K
}
Event: 10.297 GC heap after
{Heap after GC invocations=14 (full 0):
 garbage-first heap   total reserved 1026048K, committed 90112K, used 56832K [0x00000000c1600000, 0x0000000100000000)
  region size 1024K, 3 young (3072K), 3 survivors (3072K)
 Metaspace       used 29138K, committed 29568K, reserved 1114112K
  class space    used 2886K, committed 3072K, reserved 1048576K
}
Event: 10.640 GC heap before
{Heap before GC invocations=14 (full 0):
 garbage-first heap   total reserved 1026048K, committed 90112K, used 74240K [0x00000000c1600000, 0x0000000100000000)
  region size 1024K, 20 young (20480K), 3 survivors (3072K)
 Metaspace       used 29153K, committed 29568K, reserved 1114112K
  class space    used 2886K, committed 3072K, reserved 1048576K
}
Event: 10.657 GC heap after
{Heap after GC invocations=15 (full 0):
 garbage-first heap   total reserved 1026048K, committed 120832K, used 61440K [0x00000000c1600000, 0x0000000100000000)
  region size 1024K, 3 young (3072K), 3 survivors (3072K)
 Metaspace       used 29153K, committed 29568K, reserved 1114112K
  class space    used 2886K, committed 3072K, reserved 1048576K
}
Event: 12.656 GC heap before
{Heap before GC invocations=15 (full 0):
 garbage-first heap   total reserved 1026048K, committed 120832K, used 97280K [0x00000000c1600000, 0x0000000100000000)
  region size 1024K, 38 young (38912K), 3 survivors (3072K)
 Metaspace       used 30799K, committed 31296K, reserved 1114112K
  class space    used 2997K, committed 3200K, reserved 1048576K
}
Event: 12.668 GC heap after
{Heap after GC invocations=16 (full 0):
 garbage-first heap   total reserved 1026048K, committed 120832K, used 61952K [0x00000000c1600000, 0x0000000100000000)
  region size 1024K, 3 young (3072K), 3 survivors (3072K)
 Metaspace       used 30799K, committed 31296K, reserved 1114112K
  class space    used 2997K, committed 3200K, reserved 1048576K
}

Dll operation events (8 events):
Event: 0.011 Loaded shared library C:\Program Files\Apache NetBeans\jdk\bin\java.dll
Event: 0.048 Loaded shared library C:\Program Files\Apache NetBeans\jdk\bin\jsvml.dll
Event: 0.057 Loaded shared library C:\Program Files\Apache NetBeans\jdk\bin\net.dll
Event: 0.060 Loaded shared library C:\Program Files\Apache NetBeans\jdk\bin\nio.dll
Event: 0.065 Loaded shared library C:\Program Files\Apache NetBeans\jdk\bin\zip.dll
Event: 0.247 Loaded shared library C:\Program Files\Apache NetBeans\jdk\bin\jimage.dll
Event: 0.251 Loaded shared library C:\Program Files\Apache NetBeans\java\maven\lib\jansi-native\Windows\x86_64\jansi.dll
Event: 0.269 Loaded shared library C:\Program Files\Apache NetBeans\jdk\bin\verify.dll

Deoptimization events (20 events):
Event: 13.213 Thread 0x0000011741381de0 Uncommon trap: trap_request=0xffffffc6 fr.pc=0x0000011765813fa8 relative=0x0000000000000268
Event: 13.213 Thread 0x0000011741381de0 Uncommon trap: reason=bimorphic_or_optimized_type_check action=maybe_recompile pc=0x0000011765813fa8 method=java.util.regex.Matcher.getTextLength()I @ 4 c2
Event: 13.213 Thread 0x0000011741381de0 DEOPT PACKING pc=0x0000011765813fa8 sp=0x0000000524fff670
Event: 13.213 Thread 0x0000011741381de0 DEOPT UNPACKING pc=0x0000011765195d02 sp=0x0000000524fff598 mode 2
Event: 13.213 Thread 0x0000011741381de0 Uncommon trap: trap_request=0xffffff4d fr.pc=0x00000117656fa330 relative=0x0000000000000270
Event: 13.213 Thread 0x0000011741381de0 Uncommon trap: reason=unstable_if action=reinterpret pc=0x00000117656fa330 method=java.lang.AbstractStringBuilder.inflateIfNeededFor(Ljava/lang/String;)V @ 14 c2
Event: 13.213 Thread 0x0000011741381de0 DEOPT PACKING pc=0x00000117656fa330 sp=0x0000000524fff5d0
Event: 13.213 Thread 0x0000011741381de0 DEOPT UNPACKING pc=0x0000011765195d02 sp=0x0000000524fff460 mode 2
Event: 13.213 Thread 0x0000011741381de0 Uncommon trap: trap_request=0xffffff4d fr.pc=0x00000117657977b8 relative=0x0000000000000258
Event: 13.213 Thread 0x0000011741381de0 Uncommon trap: reason=unstable_if action=reinterpret pc=0x00000117657977b8 method=java.lang.String.getBytes([BIB)V @ 5 c2
Event: 13.213 Thread 0x0000011741381de0 DEOPT PACKING pc=0x00000117657977b8 sp=0x0000000524fff580
Event: 13.213 Thread 0x0000011741381de0 DEOPT UNPACKING pc=0x0000011765195d02 sp=0x0000000524fff458 mode 2
Event: 13.213 Thread 0x0000011741381de0 Uncommon trap: trap_request=0xffffff4d fr.pc=0x0000011765763058 relative=0x00000000000000b8
Event: 13.213 Thread 0x0000011741381de0 Uncommon trap: reason=unstable_if action=reinterpret pc=0x0000011765763058 method=java.lang.String.codePointAt(I)I @ 4 c2
Event: 13.213 Thread 0x0000011741381de0 DEOPT PACKING pc=0x0000011765763058 sp=0x0000000524fff550
Event: 13.213 Thread 0x0000011741381de0 DEOPT UNPACKING pc=0x0000011765195d02 sp=0x0000000524fff4d8 mode 2
Event: 13.213 Thread 0x0000011741381de0 Uncommon trap: trap_request=0xffffffc6 fr.pc=0x0000011765813fa8 relative=0x0000000000000268
Event: 13.213 Thread 0x0000011741381de0 Uncommon trap: reason=bimorphic_or_optimized_type_check action=maybe_recompile pc=0x0000011765813fa8 method=java.util.regex.Matcher.getTextLength()I @ 4 c2
Event: 13.213 Thread 0x0000011741381de0 DEOPT PACKING pc=0x0000011765813fa8 sp=0x0000000524fff640
Event: 13.213 Thread 0x0000011741381de0 DEOPT UNPACKING pc=0x0000011765195d02 sp=0x0000000524fff570 mode 2

Classes loaded (20 events):
Event: 13.155 Loading class jdk/internal/logger/LoggerFinderLoader
Event: 13.155 Loading class jdk/internal/logger/LoggerFinderLoader done
Event: 13.156 Loading class jdk/internal/logger/LoggerFinderLoader$TemporaryLoggerFinder
Event: 13.156 Loading class jdk/internal/logger/LoggerFinderLoader$TemporaryLoggerFinder done
Event: 13.156 Loading class sun/util/logging/internal/LoggingProviderImpl$JULWrapper
Event: 13.156 Loading class sun/util/logging/PlatformLogger$ConfigurableBridge$LoggerConfiguration
Event: 13.156 Loading class sun/util/logging/PlatformLogger$ConfigurableBridge$LoggerConfiguration done
Event: 13.156 Loading class sun/util/logging/internal/LoggingProviderImpl$JULWrapper done
Event: 13.157 Loading class java/lang/System$Logger$Level
Event: 13.157 Loading class java/lang/System$Logger$Level done
Event: 13.157 Loading class java/nio/channels/ClosedChannelException
Event: 13.158 Loading class java/nio/channels/ClosedChannelException done
Event: 13.160 Loading class java/nio/channels/NonReadableChannelException
Event: 13.160 Loading class java/nio/channels/NonReadableChannelException done
Event: 13.160 Loading class java/nio/channels/NonWritableChannelException
Event: 13.160 Loading class java/nio/channels/NonWritableChannelException done
Event: 13.194 Loading class java/util/Scanner
Event: 13.210 Loading class java/util/Scanner done
Event: 13.212 Loading class java/util/Scanner$PatternLRUCache
Event: 13.213 Loading class java/util/Scanner$PatternLRUCache done

Classes unloaded (0 events):
No events

Classes redefined (0 events):
No events

Internal exceptions (20 events):
Event: 10.848 Thread 0x0000011752e9ce90 Exception <a 'sun/nio/fs/WindowsException'{0x00000000c7d5ddd0}> (0x00000000c7d5ddd0) 
thrown [s\src\hotspot\share\prims\jni.cpp, line 518]
Event: 10.849 Thread 0x0000011752e9ce90 Exception <a 'sun/nio/fs/WindowsException'{0x00000000c7d81a10}> (0x00000000c7d81a10) 
thrown [s\src\hotspot\share\prims\jni.cpp, line 518]
Event: 10.849 Thread 0x0000011752e9ce90 Exception <a 'sun/nio/fs/WindowsException'{0x00000000c7d824a8}> (0x00000000c7d824a8) 
thrown [s\src\hotspot\share\prims\jni.cpp, line 518]
Event: 10.850 Thread 0x0000011752e9ce90 Exception <a 'sun/nio/fs/WindowsException'{0x00000000c7d871c8}> (0x00000000c7d871c8) 
thrown [s\src\hotspot\share\prims\jni.cpp, line 518]
Event: 10.850 Thread 0x0000011752e9ce90 Exception <a 'sun/nio/fs/WindowsException'{0x00000000c7d87bc8}> (0x00000000c7d87bc8) 
thrown [s\src\hotspot\share\prims\jni.cpp, line 518]
Event: 10.850 Thread 0x0000011752e9ce90 Exception <a 'sun/nio/fs/WindowsException'{0x00000000c7d976b0}> (0x00000000c7d976b0) 
thrown [s\src\hotspot\share\prims\jni.cpp, line 518]
Event: 10.851 Thread 0x0000011752e9ce90 Exception <a 'sun/nio/fs/WindowsException'{0x00000000c7dc3c30}> (0x00000000c7dc3c30) 
thrown [s\src\hotspot\share\prims\jni.cpp, line 518]
Event: 10.851 Thread 0x0000011752e9ce90 Exception <a 'sun/nio/fs/WindowsException'{0x00000000c7dc46f0}> (0x00000000c7dc46f0) 
thrown [s\src\hotspot\share\prims\jni.cpp, line 518]
Event: 10.864 Thread 0x0000011752e9ce90 Exception <a 'sun/nio/fs/WindowsException'{0x00000000c7cc0198}> (0x00000000c7cc0198) 
thrown [s\src\hotspot\share\prims\jni.cpp, line 518]
Event: 10.864 Thread 0x0000011752e9ce90 Exception <a 'sun/nio/fs/WindowsException'{0x00000000c7cc08f8}> (0x00000000c7cc08f8) 
thrown [s\src\hotspot\share\prims\jni.cpp, line 518]
Event: 10.865 Thread 0x0000011752e9ce90 Exception <a 'sun/nio/fs/WindowsException'{0x00000000c7cc0ec8}> (0x00000000c7cc0ec8) 
thrown [s\src\hotspot\share\prims\jni.cpp, line 518]
Event: 10.865 Thread 0x0000011752e9ce90 Exception <a 'sun/nio/fs/WindowsException'{0x00000000c7cc1600}> (0x00000000c7cc1600) 
thrown [s\src\hotspot\share\prims\jni.cpp, line 518]
Event: 10.865 Thread 0x0000011752e9ce90 Exception <a 'sun/nio/fs/WindowsException'{0x00000000c7cc1d20}> (0x00000000c7cc1d20) 
thrown [s\src\hotspot\share\prims\jni.cpp, line 518]
Event: 12.343 Thread 0x00000117413e6680 Exception <a 'java/lang/NoSuchMethodError'{0x00000000c6776e78}: 'java.lang.Object java.lang.invoke.DirectMethodHandle$Holder.invokeStatic(java.lang.Object, long, java.lang.Object)'> (0x00000000c6776e78) 
thrown [s\src\hotspot\share\interpreter\linkResolver.cpp, line 805]
Event: 12.344 Thread 0x00000117413e6680 Exception <a 'java/lang/NoSuchMethodError'{0x00000000c677ecd0}: 'java.lang.Object java.lang.invoke.DirectMethodHandle$Holder.invokeStaticInit(java.lang.Object, long, java.lang.Object)'> (0x00000000c677ecd0) 
thrown [s\src\hotspot\share\interpreter\linkResolver.cpp, line 805]
Event: 12.345 Thread 0x00000117413e6680 Exception <a 'java/lang/NoSuchMethodError'{0x00000000c678dea0}: 'java.lang.Object java.lang.invoke.DirectMethodHandle$Holder.newInvokeSpecial(java.lang.Object, long)'> (0x00000000c678dea0) 
thrown [s\src\hotspot\share\interpreter\linkResolver.cpp, line 805]
Event: 12.376 Thread 0x00000117413e6680 Exception <a 'java/lang/NoSuchMethodError'{0x00000000c6797218}: 'long java.lang.invoke.DirectMethodHandle$Holder.invokeInterface(java.lang.Object, java.lang.Object)'> (0x00000000c6797218) 
thrown [s\src\hotspot\share\interpreter\linkResolver.cpp, line 805]
Event: 12.377 Thread 0x00000117413e6680 Exception <a 'java/lang/NoSuchMethodError'{0x00000000c679f1e0}: 'long java.lang.invoke.DelegatingMethodHandle$Holder.reinvoke_L(java.lang.Object, java.lang.Object)'> (0x00000000c679f1e0) 
thrown [s\src\hotspot\share\interpreter\linkResolver.cpp, line 805]
Event: 12.504 Thread 0x0000011752e9ce90 Exception <a 'java/lang/NoSuchMethodError'{0x00000000c6485260}: 'java.lang.Object java.lang.invoke.DirectMethodHandle$Holder.invokeStaticInit(java.lang.Object, java.lang.Object, int, int, int, int)'> (0x00000000c6485260) 
thrown [s\src\hotspot\share\interpreter\linkResolver.cpp, line 805]
Event: 13.149 Thread 0x0000011752e9ce90 Exception <a 'java/lang/NoSuchMethodError'{0x00000000c7ce6fe0}: 'void java.lang.invoke.DirectMethodHandle$Holder.invokeStatic(java.lang.Object, long)'> (0x00000000c7ce6fe0) 
thrown [s\src\hotspot\share\interpreter\linkResolver.cpp, line 805]

VM Operations (20 events):
Event: 12.140 Executing VM operation: HandshakeAllThreads (Deoptimize)
Event: 12.140 Executing VM operation: HandshakeAllThreads (Deoptimize) done
Event: 12.143 Executing VM operation: HandshakeAllThreads (Deoptimize)
Event: 12.143 Executing VM operation: HandshakeAllThreads (Deoptimize) done
Event: 12.478 Executing VM operation: HandshakeAllThreads (Deoptimize)
Event: 12.479 Executing VM operation: HandshakeAllThreads (Deoptimize) done
Event: 12.656 Executing VM operation: G1CollectForAllocation (G1 Evacuation Pause)
Event: 12.668 Executing VM operation: G1CollectForAllocation (G1 Evacuation Pause) done
Event: 12.732 Executing VM operation: G1PauseRemark
Event: 12.741 Executing VM operation: G1PauseRemark done
Event: 12.766 Executing VM operation: G1PauseCleanup
Event: 12.766 Executing VM operation: G1PauseCleanup done
Event: 12.932 Executing VM operation: HandshakeAllThreads (Deoptimize)
Event: 12.932 Executing VM operation: HandshakeAllThreads (Deoptimize) done
Event: 12.941 Executing VM operation: HandshakeAllThreads (Deoptimize)
Event: 12.941 Executing VM operation: HandshakeAllThreads (Deoptimize) done
Event: 12.972 Executing VM operation: HandshakeAllThreads (Deoptimize)
Event: 12.972 Executing VM operation: HandshakeAllThreads (Deoptimize) done
Event: 12.973 Executing VM operation: HandshakeAllThreads (Deoptimize)
Event: 12.973 Executing VM operation: HandshakeAllThreads (Deoptimize) done

Memory protections (0 events):
No events

Nmethod flushes (20 events):
Event: 12.741 Thread 0x00000117550ee1e0 flushing  nmethod 0x000001175e687b08
Event: 12.741 Thread 0x00000117550ee1e0 flushing  nmethod 0x000001175e69a688
Event: 12.741 Thread 0x00000117550ee1e0 flushing  nmethod 0x000001175e6a6588
Event: 12.741 Thread 0x00000117550ee1e0 flushing  nmethod 0x000001175e6b3a88
Event: 12.741 Thread 0x00000117550ee1e0 flushing  nmethod 0x000001175e6b4188
Event: 12.741 Thread 0x00000117550ee1e0 flushing  nmethod 0x000001175e6b6988
Event: 12.741 Thread 0x00000117550ee1e0 flushing  nmethod 0x000001175e6b8088
Event: 12.741 Thread 0x00000117550ee1e0 flushing  nmethod 0x000001175e6c3088
Event: 12.741 Thread 0x00000117550ee1e0 flushing  nmethod 0x000001175e6c7c88
Event: 12.741 Thread 0x00000117550ee1e0 flushing  nmethod 0x000001175e6e8408
Event: 12.741 Thread 0x00000117550ee1e0 flushing  nmethod 0x000001175e6ec008
Event: 12.741 Thread 0x00000117550ee1e0 flushing  nmethod 0x000001175e728988
Event: 12.741 Thread 0x00000117550ee1e0 flushing  nmethod 0x000001175e729008
Event: 12.741 Thread 0x00000117550ee1e0 flushing  nmethod 0x000001175e729388
Event: 12.741 Thread 0x00000117550ee1e0 flushing  nmethod 0x000001175e72b488
Event: 12.741 Thread 0x00000117550ee1e0 flushing  nmethod 0x000001175e72bf08
Event: 12.741 Thread 0x00000117550ee1e0 flushing  nmethod 0x000001175e72c208
Event: 12.741 Thread 0x00000117550ee1e0 flushing  nmethod 0x000001175e72c608
Event: 12.741 Thread 0x00000117550ee1e0 flushing  nmethod 0x000001175e72d308
Event: 12.741 Thread 0x00000117550ee1e0 flushing  nmethod 0x000001175e72ea08

Events (20 events):
Event: 0.044 Thread 0x0000011752e9ce90 Thread added: 0x000001174112efd0
Event: 0.044 Thread 0x0000011752e9ce90 Thread added: 0x0000011741130220
Event: 0.044 Thread 0x0000011752e9ce90 Thread added: 0x0000011741132500
Event: 0.044 Thread 0x0000011752e9ce90 Thread added: 0x0000011741135140
Event: 0.045 Thread 0x0000011752e9ce90 Thread added: 0x0000011741138170
Event: 0.045 Thread 0x0000011752e9ce90 Thread added: 0x0000011741144b60
Event: 0.045 Thread 0x0000011752e9ce90 Thread added: 0x00000117411459c0
Event: 0.045 Thread 0x0000011752e9ce90 Thread added: 0x0000011741148550
Event: 0.051 Thread 0x0000011752e9ce90 Thread added: 0x00000117411cebc0
Event: 0.054 Thread 0x0000011752e9ce90 Thread added: 0x00000117411dcf30
Event: 0.245 Thread 0x0000011752e9ce90 Thread added: 0x000001174157c570
Event: 0.747 Thread 0x000001174157c570 Thread exited: 0x000001174157c570
Event: 12.147 Thread 0x0000011752e9ce90 Thread added: 0x00000117413e6680
Event: 12.379 Thread 0x00000117413e6680 Thread exited: 0x00000117413e6680
Event: 12.833 Thread 0x0000011752e9ce90 Thread added: 0x0000011747914670
Event: 12.839 Thread 0x0000011752e9ce90 Thread added: 0x0000011747c34ec0
Event: 13.125 Thread 0x0000011752e9ce90 Thread added: 0x0000011746e6b530
Event: 13.183 Thread 0x0000011752e9ce90 Thread added: 0x0000011741381de0
Event: 13.183 Thread 0x0000011752e9ce90 Thread added: 0x00000117414e7db0
Event: 13.192 Thread 0x0000011752e9ce90 Thread added: 0x00000117415689e0


Dynamic libraries:
0x00007ff77fcf0000 - 0x00007ff77fcfe000 	C:\Program Files\Apache NetBeans\jdk\bin\java.exe
0x00007ffc0b730000 - 0x00007ffc0b928000 	C:\WINDOWS\SYSTEM32\ntdll.dll
0x00007ffc03900000 - 0x00007ffc03920000 	C:\Program Files\Avast Software\Avast\aswhook.dll
0x00007ffc0ade0000 - 0x00007ffc0aea2000 	C:\WINDOWS\System32\KERNEL32.DLL
0x00007ffc093d0000 - 0x00007ffc096c6000 	C:\WINDOWS\System32\KERNELBASE.dll
0x00007ffc09110000 - 0x00007ffc09210000 	C:\WINDOWS\System32\ucrtbase.dll
0x00007ffbcd3f0000 - 0x00007ffbcd406000 	C:\Program Files\Apache NetBeans\jdk\bin\jli.dll
0x00007ffbcd3c0000 - 0x00007ffbcd3de000 	C:\Program Files\Apache NetBeans\jdk\bin\VCRUNTIME140.dll
0x00007ffc09b50000 - 0x00007ffc09cf1000 	C:\WINDOWS\System32\USER32.dll
0x00007ffc073e0000 - 0x00007ffc0767b000 	C:\WINDOWS\WinSxS\amd64_microsoft.windows.common-controls_6595b64144ccf1df_6.0.19041.6456_none_60b8a6cb71f64256\COMCTL32.dll
0x00007ffc09210000 - 0x00007ffc09232000 	C:\WINDOWS\System32\win32u.dll
0x00007ffc0ad40000 - 0x00007ffc0adde000 	C:\WINDOWS\System32\msvcrt.dll
0x00007ffc0ad10000 - 0x00007ffc0ad3b000 	C:\WINDOWS\System32\GDI32.dll
0x00007ffc08dc0000 - 0x00007ffc08ed9000 	C:\WINDOWS\System32\gdi32full.dll
0x00007ffc08fc0000 - 0x00007ffc0905d000 	C:\WINDOWS\System32\msvcp_win.dll
0x00007ffc0a8e0000 - 0x00007ffc0a90f000 	C:\WINDOWS\System32\IMM32.DLL
0x00007ffbf69c0000 - 0x00007ffbf69cc000 	C:\Program Files\Apache NetBeans\jdk\bin\vcruntime140_1.dll
0x00007ffb96e70000 - 0x00007ffb96efd000 	C:\Program Files\Apache NetBeans\jdk\bin\msvcp140.dll
0x00007ffb9e940000 - 0x00007ffb9f7bc000 	C:\Program Files\Apache NetBeans\jdk\bin\server\jvm.dll
0x00007ffc0b010000 - 0x00007ffc0b0c1000 	C:\WINDOWS\System32\ADVAPI32.dll
0x00007ffc09ab0000 - 0x00007ffc09b4f000 	C:\WINDOWS\System32\sechost.dll
0x00007ffc0ab10000 - 0x00007ffc0ac30000 	C:\WINDOWS\System32\RPCRT4.dll
0x00007ffc093a0000 - 0x00007ffc093c7000 	C:\WINDOWS\System32\bcrypt.dll
0x00007ffc0a910000 - 0x00007ffc0a97b000 	C:\WINDOWS\System32\WS2_32.dll
0x00007ffc08c20000 - 0x00007ffc08c6b000 	C:\WINDOWS\SYSTEM32\POWRPROF.dll
0x00007ffc026c0000 - 0x00007ffc026ca000 	C:\WINDOWS\SYSTEM32\VERSION.dll
0x00007ffbeda10000 - 0x00007ffbeda37000 	C:\WINDOWS\SYSTEM32\WINMM.dll
0x00007ffc08c00000 - 0x00007ffc08c12000 	C:\WINDOWS\SYSTEM32\UMPDC.dll
0x00007ffc06620000 - 0x00007ffc06632000 	C:\WINDOWS\SYSTEM32\kernel.appcore.dll
0x00007ffbd9b90000 - 0x00007ffbd9b9a000 	C:\Program Files\Apache NetBeans\jdk\bin\jimage.dll
0x00007ffc08710000 - 0x00007ffc08911000 	C:\WINDOWS\SYSTEM32\DBGHELP.DLL
0x00007ffc078e0000 - 0x00007ffc07914000 	C:\WINDOWS\SYSTEM32\dbgcore.DLL
0x00007ffc08f30000 - 0x00007ffc08fb2000 	C:\WINDOWS\System32\bcryptPrimitives.dll
0x00007ffba96f0000 - 0x00007ffba970e000 	C:\Program Files\Apache NetBeans\jdk\bin\java.dll
0x00007ffc09fc0000 - 0x00007ffc0a0eb000 	C:\WINDOWS\System32\ole32.dll
0x00007ffc09750000 - 0x00007ffc09aa4000 	C:\WINDOWS\System32\combase.dll
0x00007ffc0a0f0000 - 0x00007ffc0a860000 	C:\WINDOWS\System32\SHELL32.dll
0x00007ffc06790000 - 0x00007ffc06f35000 	C:\WINDOWS\SYSTEM32\windows.storage.dll
0x00007ffc083b0000 - 0x00007ffc083db000 	C:\WINDOWS\SYSTEM32\Wldp.dll
0x00007ffc0ac40000 - 0x00007ffc0ad0d000 	C:\WINDOWS\System32\OLEAUT32.dll
0x00007ffc0af60000 - 0x00007ffc0b00d000 	C:\WINDOWS\System32\SHCORE.dll
0x00007ffc0aab0000 - 0x00007ffc0ab0b000 	C:\WINDOWS\System32\shlwapi.dll
0x00007ffc08cf0000 - 0x00007ffc08d14000 	C:\WINDOWS\SYSTEM32\profapi.dll
0x00007ffba9460000 - 0x00007ffba9537000 	C:\Program Files\Apache NetBeans\jdk\bin\jsvml.dll
0x00007ffbd8820000 - 0x00007ffbd8830000 	C:\Program Files\Apache NetBeans\jdk\bin\net.dll
0x00007ffc08130000 - 0x00007ffc0819a000 	C:\WINDOWS\system32\mswsock.dll
0x00007ffbcd1f0000 - 0x00007ffbcd206000 	C:\Program Files\Apache NetBeans\jdk\bin\nio.dll
0x00007ffbcd210000 - 0x00007ffbcd227000 	C:\Program Files\Apache NetBeans\jdk\bin\zip.dll
0x00007ffbe0ab0000 - 0x00007ffbe0ad4000 	C:\Program Files\Apache NetBeans\java\maven\lib\jansi-native\Windows\x86_64\jansi.dll
0x00007ffbd7d30000 - 0x00007ffbd7d40000 	C:\Program Files\Apache NetBeans\jdk\bin\verify.dll
0x00007ffc08a10000 - 0x00007ffc08a43000 	C:\WINDOWS\SYSTEM32\ntmarta.dll
0x00007ffc08a50000 - 0x00007ffc08a68000 	C:\WINDOWS\SYSTEM32\CRYPTSP.dll
0x00007ffc07a10000 - 0x00007ffc07a48000 	C:\WINDOWS\system32\rsaenh.dll
0x00007ffc08cb0000 - 0x00007ffc08cde000 	C:\WINDOWS\SYSTEM32\USERENV.dll
0x00007ffc08320000 - 0x00007ffc0832c000 	C:\WINDOWS\SYSTEM32\CRYPTBASE.dll
0x00007ffc07e10000 - 0x00007ffc07e4b000 	C:\WINDOWS\SYSTEM32\IPHLPAPI.DLL
0x00007ffc0aaa0000 - 0x00007ffc0aaa8000 	C:\WINDOWS\System32\NSI.dll

JVMTI agents: none

dbghelp: loaded successfully - version: 4.0.5 - missing functions: none
symbol engine: initialized successfully - sym options: 0x614 - pdb path: .;C:\Program Files\Apache NetBeans\jdk\bin;C:\WINDOWS\SYSTEM32;C:\Program Files\Avast Software\Avast;C:\WINDOWS\WinSxS\amd64_microsoft.windows.common-controls_6595b64144ccf1df_6.0.19041.6456_none_60b8a6cb71f64256;C:\Program Files\Apache NetBeans\jdk\bin\server;C:\Program Files\Apache NetBeans\java\maven\lib\jansi-native\Windows\x86_64

VM Arguments:
jvm_args: -Dclassworlds.conf=C:\Program Files\Apache NetBeans\java\maven\bin\m2.conf -Dmaven.home=C:\Program Files\Apache NetBeans\java\maven -Dlibrary.jansi.path=C:\Program Files\Apache NetBeans\java\maven\lib\jansi-native -Dmaven.multiModuleProjectDirectory=C:\Users\agent\Documents\NetBeansProjects\uberHaiti_Ouest 
java_command: org.codehaus.plexus.classworlds.launcher.Launcher -Dmaven.ext.class.path=C:\Program Files\Apache NetBeans\java\maven-nblib\netbeans-eventspy.jar --no-transfer-progress clean install
java_class_path (initial): C:\Program Files\Apache NetBeans\java\maven\boot\plexus-classworlds-2.8.0.jar
Launcher Type: SUN_STANDARD

[Global flags]
     intx CICompilerCount                          = 3                                         {product} {ergonomic}
     uint ConcGCThreads                            = 1                                         {product} {ergonomic}
     uint G1ConcRefinementThreads                  = 4                                         {product} {ergonomic}
   size_t G1HeapRegionSize                         = 1048576                                   {product} {ergonomic}
   size_t InitialHeapSize                          = 67108864                                  {product} {ergonomic}
   size_t MarkStackSize                            = 4194304                                   {product} {ergonomic}
   size_t MarkStackSizeMax                         = 536870912                                 {product} {ergonomic}
   size_t MaxHeapSize                              = 1050673152                                {product} {ergonomic}
   size_t MaxNewSize                               = 630194176                                 {product} {ergonomic}
   size_t MinHeapDeltaBytes                        = 1048576                                   {product} {ergonomic}
   size_t MinHeapSize                              = 8388608                                   {product} {ergonomic}
    uintx NonNMethodCodeHeapSize                   = 5832704                                {pd product} {ergonomic}
    uintx NonProfiledCodeHeapSize                  = 122945536                              {pd product} {ergonomic}
    uintx ProfiledCodeHeapSize                     = 122880000                              {pd product} {ergonomic}
    uintx ReservedCodeCacheSize                    = 251658240                              {pd product} {ergonomic}
     bool SegmentedCodeCache                       = true                                      {product} {ergonomic}
   size_t SoftMaxHeapSize                          = 1050673152                             {manageable} {ergonomic}
     bool UseCompressedOops                        = true                           {product lp64_product} {ergonomic}
     bool UseG1GC                                  = true                                      {product} {ergonomic}
     bool UseLargePagesIndividualAllocation        = false                                  {pd product} {ergonomic}

Logging:
Log output configuration:
 #0: stdout all=warning uptime,level,tags foldmultilines=false
 #1: stderr all=off uptime,level,tags foldmultilines=false

Environment Variables:
JAVA_HOME=C:\Program Files\Apache NetBeans\jdk
PATH=C:\oracle\product\10.2.0\db_1\bin;C:\Program Files\Common Files\Oracle\Java\javapath;C:\Program Files (x86)\Common Files\Oracle\Java\javapath;C:\WINDOWS\system32;C:\WINDOWS;C:\WINDOWS\System32\Wbem;C:\WINDOWS\System32\WindowsPowerShell\v1.0\;C:\WINDOWS\System32\OpenSSH\;C:\Program Files (x86)\Intel\Intel(R) Management Engine Components\DAL;C:\Program Files\Intel\Intel(R) Management Engine Components\DAL;C:\Program Files (x86)\Intel\Intel(R) Management Engine Components\IPT;C:\Program Files\Intel\Intel(R) Management Engine Components\IPT;C:\Users\agent\AppData\Local\Microsoft\WindowsApps;
USERNAME=agent
OS=Windows_NT
PROCESSOR_IDENTIFIER=Intel64 Family 6 Model 142 Stepping 10, GenuineIntel
TMP=C:\Users\agent\AppData\Local\Temp
TEMP=C:\Users\agent\AppData\Local\Temp




Periodic native trim disabled

---------------  S Y S T E M  ---------------

OS:
 Windows 10 , 64 bit Build 19041 (10.0.19041.5915)
OS uptime: 0 days 9:00 hours

CPU: total 4 (initial active 4) (2 cores per cpu, 2 threads per core) family 6 model 142 stepping 10 microcode 0xe0, cx8, cmov, fxsr, ht, mmx, 3dnowpref, sse, sse2, sse3, ssse3, sse4.1, sse4.2, popcnt, lzcnt, tsc, tscinvbit, avx, avx2, aes, erms, clmul, bmi1, bmi2, adx, fma, vzeroupper, clflush, clflushopt, rdtscp, f16c
Processor Information for the first 4 processors :
  Max Mhz: 2201, Current Mhz: 2201, Mhz Limit: 2201

Memory: 4k page, system-wide physical 4007M (135M free)
TotalPageFile size 16295M (AvailPageFile size 6M)
current process WorkingSet (physical memory assigned to process): 230M, peak: 233M
current process commit charge ("private bytes"): 287M, peak: 303M

vm_info: OpenJDK 64-Bit Server VM (24.0.1+9) for windows-amd64 JRE (24.0.1+9) (Zulu24.30+11-CA), built on 2025-03-21T13:52:34Z with MS VC++ 17.1 (VS2022)

END.
