#
# There is insufficient memory for the Java Runtime Environment to continue.
# Native memory allocation (malloc) failed to allocate 1345056 bytes. Error detail: Chunk::new
# Possible reasons:
#   The system is out of physical RAM or swap space
#   This process is running with CompressedOops enabled, and the Java Heap may be blocking the growth of the native heap
# Possible solutions:
#   Reduce memory load on the system
#   Increase physical memory or swap space
#   Check if swap backing store is full
#   Decrease Java heap size (-Xmx/-Xms)
#   Decrease number of Java threads
#   Decrease Java thread stack sizes (-Xss)
#   Set larger code cache with -XX:ReservedCodeCacheSize=
#   JVM is running with Unscaled Compressed Oops mode in which the Java heap is
#     placed in the first 4GB address space. The Java Heap base address is the
#     maximum limit for the native heap growth. Please use -XX:HeapBaseMinAddress
#     to set the Java Heap base and to place the Java Heap above 4GB virtual address.
# This output file may be truncated or incomplete.
#
#  Out of Memory Error (arena.cpp:162), pid=15328, tid=17460
#
# JRE version: OpenJDK Runtime Environment Zulu24.30+11-CA (24.0.1+9) (build 24.0.1+9)
# Java VM: OpenJDK 64-Bit Server VM Zulu24.30+11-CA (24.0.1+9, mixed mode, sharing, tiered, compressed oops, compressed class ptrs, g1 gc, windows-amd64)
# No core dump will be written. Minidumps are not enabled by default on client versions of Windows
#

---------------  S U M M A R Y ------------

Command Line: -Dclassworlds.conf=C:\Program Files\Apache NetBeans\java\maven\bin\m2.conf -Dmaven.home=C:\Program Files\Apache NetBeans\java\maven -Dlibrary.jansi.path=C:\Program Files\Apache NetBeans\java\maven\lib\jansi-native -Dmaven.multiModuleProjectDirectory=C:\Users\agent\Documents\NetBeansProjects\uberHaiti_Ouest org.codehaus.plexus.classworlds.launcher.Launcher -Dmaven.ext.class.path=C:\Program Files\Apache NetBeans\java\maven-nblib\netbeans-eventspy.jar --no-transfer-progress install

Host: Intel(R) Core(TM) i3-8130U CPU @ 2.20GHz, 4 cores, 3G,  Windows 10 , 64 bit Build 19041 (10.0.19041.5915)
Time: Fri Apr 24 00:38:54 2026 Eastern Daylight Time elapsed time: 25.652517 seconds (0d 0h 0m 25s)

---------------  T H R E A D  ---------------

Current thread (0x0000013ee8b91510):  JavaThread "C2 CompilerThread0" daemon [_thread_in_native, id=17460, stack(0x0000002457700000,0x0000002457800000) (1024K)]


Current CompileTask:
C2:25652 5550       4       java.lang.invoke.MethodType::methodType (69 bytes)

Stack: [0x0000002457700000,0x0000002457800000]
Native frames: (J=compiled Java code, j=interpreted, Vv=VM code, C=native code)
V  [jvm.dll+0x7410c9]  (no source info available)
V  [jvm.dll+0x97def3]  (no source info available)
V  [jvm.dll+0x98021d]  (no source info available)
V  [jvm.dll+0x980893]  (no source info available)
V  [jvm.dll+0x2b5b16]  (no source info available)
V  [jvm.dll+0xd019f]  (no source info available)
V  [jvm.dll+0xd03ff]  (no source info available)
V  [jvm.dll+0x32c8b1]  (no source info available)
V  [jvm.dll+0x659c44]  (no source info available)
V  [jvm.dll+0x282e64]  (no source info available)
V  [jvm.dll+0x283243]  (no source info available)
V  [jvm.dll+0x27bb0b]  (no source info available)
V  [jvm.dll+0x279542]  (no source info available)
V  [jvm.dll+0x1f313a]  (no source info available)
V  [jvm.dll+0x288e35]  (no source info available)
V  [jvm.dll+0x2870ca]  (no source info available)
V  [jvm.dll+0x43df56]  (no source info available)
V  [jvm.dll+0x920928]  (no source info available)
V  [jvm.dll+0x73f855]  (no source info available)
C  [ucrtbase.dll+0x21bb2]  (no source info available)
C  [KERNEL32.DLL+0x17374]  (no source info available)
C  [ntdll.dll+0x4cc91]  (no source info available)

Lock stack of current Java thread (top to bottom):


---------------  P R O C E S S  ---------------

Threads class SMR info:
_java_thread_list=0x0000013ec5779f30, length=17, elements={
0x0000013ecd81cac0, 0x0000013ee8b73960, 0x0000013ee8b74b60, 0x0000013ee8b77350,
0x0000013ee8b77e80, 0x0000013ee8b7a9c0, 0x0000013ee8b886a0, 0x0000013ee8b91510,
0x0000013ee8b92090, 0x0000013ec5018070, 0x0000013ec50217b0, 0x0000013ec5b622c0,
0x0000013ec51c97c0, 0x0000013ec636b950, 0x0000013ec559db30, 0x0000013ec559e270,
0x0000013ec559e9b0
}

Java Threads: ( => current thread )
  0x0000013ecd81cac0 JavaThread "main"                              [_thread_in_native, id=18168, stack(0x0000002456900000,0x0000002456a00000) (1024K)]
  0x0000013ee8b73960 JavaThread "Reference Handler"          daemon [_thread_blocked, id=18392, stack(0x0000002457100000,0x0000002457200000) (1024K)]
  0x0000013ee8b74b60 JavaThread "Finalizer"                  daemon [_thread_blocked, id=18184, stack(0x0000002457200000,0x0000002457300000) (1024K)]
  0x0000013ee8b77350 JavaThread "Signal Dispatcher"          daemon [_thread_blocked, id=7576, stack(0x0000002457300000,0x0000002457400000) (1024K)]
  0x0000013ee8b77e80 JavaThread "Attach Listener"            daemon [_thread_blocked, id=17328, stack(0x0000002457400000,0x0000002457500000) (1024K)]
  0x0000013ee8b7a9c0 JavaThread "Service Thread"             daemon [_thread_blocked, id=17780, stack(0x0000002457500000,0x0000002457600000) (1024K)]
  0x0000013ee8b886a0 JavaThread "Monitor Deflation Thread"   daemon [_thread_blocked, id=18180, stack(0x0000002457600000,0x0000002457700000) (1024K)]
=>0x0000013ee8b91510 JavaThread "C2 CompilerThread0"         daemon [_thread_in_native, id=17460, stack(0x0000002457700000,0x0000002457800000) (1024K)]
  0x0000013ee8b92090 JavaThread "C1 CompilerThread0"         daemon [_thread_blocked, id=17256, stack(0x0000002457800000,0x0000002457900000) (1024K)]
  0x0000013ec5018070 JavaThread "Notification Thread"        daemon [_thread_blocked, id=13536, stack(0x0000002457900000,0x0000002457a00000) (1024K)]
  0x0000013ec50217b0 JavaThread "Common-Cleaner"             daemon [_thread_blocked, id=6536, stack(0x0000002457a00000,0x0000002457b00000) (1024K)]
  0x0000013ec5b622c0 JavaThread "timeout-check-timer"        daemon [_thread_blocked, id=16016, stack(0x0000002457e00000,0x0000002457f00000) (1024K)]
  0x0000013ec51c97c0 JavaThread "ping-timer-10s"             daemon [_thread_blocked, id=16040, stack(0x0000002457f00000,0x0000002458000000) (1024K)]
  0x0000013ec636b950 JavaThread "ThreadedStreamConsumer"     daemon [_thread_blocked, id=9196, stack(0x0000002458000000,0x0000002458100000) (1024K)]
  0x0000013ec559db30 JavaThread "fork-1-err-thread"          daemon [_thread_in_native, id=9400, stack(0x0000002458100000,0x0000002458200000) (1024K)]
  0x0000013ec559e270 JavaThread "commands-fork-1"            daemon [_thread_blocked, id=18172, stack(0x0000002458200000,0x0000002458300000) (1024K)]
  0x0000013ec559e9b0 JavaThread "fork-1-event-thread"        daemon [_thread_in_native, id=14328, stack(0x0000002458300000,0x0000002458400000) (1024K)]
Total: 17

Other Threads:
  0x0000013ee8b663f0 VMThread "VM Thread"                           [id=13240, stack(0x0000002457000000,0x0000002457100000) (1024K)]
  0x0000013ee8b55020 WatcherThread "VM Periodic Task Thread"        [id=17372, stack(0x0000002456f00000,0x0000002457000000) (1024K)]
  0x0000013ecd85b580 WorkerThread "GC Thread#0"                     [id=17960, stack(0x0000002456a00000,0x0000002456b00000) (1024K)]
  0x0000013ec5e7ec50 WorkerThread "GC Thread#1"                     [id=16500, stack(0x0000002457b00000,0x0000002457c00000) (1024K)]
  0x0000013ec5cff430 WorkerThread "GC Thread#2"                     [id=17964, stack(0x0000002457c00000,0x0000002457d00000) (1024K)]
  0x0000013ec5cff7e0 WorkerThread "GC Thread#3"                     [id=14772, stack(0x0000002457d00000,0x0000002457e00000) (1024K)]
  0x0000013ecd866bc0 ConcurrentGCThread "G1 Main Marker"            [id=17896, stack(0x0000002456b00000,0x0000002456c00000) (1024K)]
  0x0000013ecd868d80 WorkerThread "G1 Conc#0"                       [id=16448, stack(0x0000002456c00000,0x0000002456d00000) (1024K)]
  0x0000013ee8a220c0 ConcurrentGCThread "G1 Refine#0"               [id=18188, stack(0x0000002456d00000,0x0000002456e00000) (1024K)]
  0x0000013ee8a22b40 ConcurrentGCThread "G1 Service"                [id=18348, stack(0x0000002456e00000,0x0000002456f00000) (1024K)]
Total: 10

Threads with active compile tasks:
C2 CompilerThread0  25835 5550       4       java.lang.invoke.MethodType::methodType (69 bytes)
Total: 1

VM state: not at safepoint (normal execution)

VM Mutex/Monitor currently owned by a thread: None

Heap address: 0x00000000c1600000, size: 1002 MB, Compressed Oops mode: 32-bit

CDS archive(s) mapped at: [0x0000013e80000000-0x0000013e80d40000-0x0000013e80d40000), size 13893632, SharedBaseAddress: 0x0000013e80000000, ArchiveRelocationMode: 1.
Compressed class space mapped at: 0x0000013e81000000-0x0000013ec1000000, reserved size: 1073741824
UseCompressedClassPointers 1, UseCompactObjectHeaders 0
Narrow klass pointer bits 32, Max shift 3
Narrow klass base: 0x0000013e80000000, Narrow klass shift: 0
Encoding Range: [0x0000013e80000000 - 0x0000013f80000000), (4294967296 bytes)
Klass Range:    [0x0000013e80000000 - 0x0000013ec1000000), (1090519040 bytes)
Klass ID Range:  [8 - 1090519033) (1090519025)

GC Precious Log:
 CardTable entry size: 512
 Card Set container configuration: InlinePtr #cards 5 size 8 Array Of Cards #cards 10 size 36 Howl #buckets 4 coarsen threshold 1843 Howl Bitmap #cards 512 size 80 coarsen threshold 460 Card regions per heap region 1 cards per card region 2048
 CPUs: 4 total, 4 available
 Memory: 4007M
 Large Page Support: Disabled
 NUMA Support: Disabled
 Compressed Oops: Enabled (32-bit)
 Heap Region Size: 1M
 Heap Min Capacity: 8M
 Heap Initial Capacity: 64M
 Heap Max Capacity: 1002M
 Pre-touch: Disabled
 Parallel Workers: 4
 Concurrent Workers: 1
 Concurrent Refinement Workers: 4
 Periodic GC: Disabled

Heap:
 garbage-first heap   total reserved 1026048K, committed 68608K, used 22281K [0x00000000c1600000, 0x0000000100000000)
  region size 1024K, 8 young (8192K), 4 survivors (4096K)
 Metaspace       used 21794K, committed 22208K, reserved 1114112K
  class space    used 2044K, committed 2240K, reserved 1048576K

Heap Regions: E=young(eden), S=young(survivor), O=old, HS=humongous(starts), HC=humongous(continues), CS=collection set, F=free, TAMS=top-at-mark-start, PB=parsable bottom
|   0|0x00000000c1600000, 0x00000000c1700000, 0x00000000c1700000|100%| O|  |TAMS 0x00000000c1600000| PB 0x00000000c1600000| Untracked |  0
|   1|0x00000000c1700000, 0x00000000c1800000, 0x00000000c1800000|100%| O|  |TAMS 0x00000000c1700000| PB 0x00000000c1700000| Untracked |  0
|   2|0x00000000c1800000, 0x00000000c1900000, 0x00000000c1900000|100%| O|  |TAMS 0x00000000c1800000| PB 0x00000000c1800000| Untracked |  0
|   3|0x00000000c1900000, 0x00000000c1a00000, 0x00000000c1a00000|100%| O|  |TAMS 0x00000000c1900000| PB 0x00000000c1900000| Untracked |  0
|   4|0x00000000c1a00000, 0x00000000c1b00000, 0x00000000c1b00000|100%| O|  |TAMS 0x00000000c1a00000| PB 0x00000000c1a00000| Untracked |  0
|   5|0x00000000c1b00000, 0x00000000c1c00000, 0x00000000c1c00000|100%| O|  |TAMS 0x00000000c1b00000| PB 0x00000000c1b00000| Untracked |  0
|   6|0x00000000c1c00000, 0x00000000c1d00000, 0x00000000c1d00000|100%| O|  |TAMS 0x00000000c1c00000| PB 0x00000000c1c00000| Untracked |  0
|   7|0x00000000c1d00000, 0x00000000c1e00000, 0x00000000c1e00000|100%| O|  |TAMS 0x00000000c1d00000| PB 0x00000000c1d00000| Untracked |  0
|   8|0x00000000c1e00000, 0x00000000c1f00000, 0x00000000c1f00000|100%| O|  |TAMS 0x00000000c1e00000| PB 0x00000000c1e00000| Untracked |  0
|   9|0x00000000c1f00000, 0x00000000c2000000, 0x00000000c2000000|100%| O|  |TAMS 0x00000000c1f00000| PB 0x00000000c1f00000| Untracked |  0
|  10|0x00000000c2000000, 0x00000000c2100000, 0x00000000c2100000|100%| O|  |TAMS 0x00000000c2000000| PB 0x00000000c2000000| Untracked |  0
|  11|0x00000000c2100000, 0x00000000c2200000, 0x00000000c2200000|100%| O|  |TAMS 0x00000000c2100000| PB 0x00000000c2100000| Untracked |  0
|  12|0x00000000c2200000, 0x00000000c2300000, 0x00000000c2300000|100%| O|  |TAMS 0x00000000c2200000| PB 0x00000000c2200000| Untracked |  0
|  13|0x00000000c2300000, 0x00000000c2300000, 0x00000000c2400000|  0%| F|  |TAMS 0x00000000c2300000| PB 0x00000000c2300000| Untracked |  0
|  14|0x00000000c2400000, 0x00000000c2400000, 0x00000000c2500000|  0%| F|  |TAMS 0x00000000c2400000| PB 0x00000000c2400000| Untracked |  0
|  15|0x00000000c2500000, 0x00000000c2500000, 0x00000000c2600000|  0%| F|  |TAMS 0x00000000c2500000| PB 0x00000000c2500000| Untracked |  0
|  16|0x00000000c2600000, 0x00000000c2600000, 0x00000000c2700000|  0%| F|  |TAMS 0x00000000c2600000| PB 0x00000000c2600000| Untracked |  0
|  17|0x00000000c2700000, 0x00000000c2700000, 0x00000000c2800000|  0%| F|  |TAMS 0x00000000c2700000| PB 0x00000000c2700000| Untracked |  0
|  18|0x00000000c2800000, 0x00000000c2800000, 0x00000000c2900000|  0%| F|  |TAMS 0x00000000c2800000| PB 0x00000000c2800000| Untracked |  0
|  19|0x00000000c2900000, 0x00000000c2900000, 0x00000000c2a00000|  0%| F|  |TAMS 0x00000000c2900000| PB 0x00000000c2900000| Untracked |  0
|  20|0x00000000c2a00000, 0x00000000c2a00000, 0x00000000c2b00000|  0%| F|  |TAMS 0x00000000c2a00000| PB 0x00000000c2a00000| Untracked |  0
|  21|0x00000000c2b00000, 0x00000000c2b00000, 0x00000000c2c00000|  0%| F|  |TAMS 0x00000000c2b00000| PB 0x00000000c2b00000| Untracked |  0
|  22|0x00000000c2c00000, 0x00000000c2c00000, 0x00000000c2d00000|  0%| F|  |TAMS 0x00000000c2c00000| PB 0x00000000c2c00000| Untracked |  0
|  23|0x00000000c2d00000, 0x00000000c2d00000, 0x00000000c2e00000|  0%| F|  |TAMS 0x00000000c2d00000| PB 0x00000000c2d00000| Untracked |  0
|  24|0x00000000c2e00000, 0x00000000c2e00000, 0x00000000c2f00000|  0%| F|  |TAMS 0x00000000c2e00000| PB 0x00000000c2e00000| Untracked |  0
|  25|0x00000000c2f00000, 0x00000000c2f00000, 0x00000000c3000000|  0%| F|  |TAMS 0x00000000c2f00000| PB 0x00000000c2f00000| Untracked |  0
|  26|0x00000000c3000000, 0x00000000c3000000, 0x00000000c3100000|  0%| F|  |TAMS 0x00000000c3000000| PB 0x00000000c3000000| Untracked |  0
|  27|0x00000000c3100000, 0x00000000c3100000, 0x00000000c3200000|  0%| F|  |TAMS 0x00000000c3100000| PB 0x00000000c3100000| Untracked |  0
|  28|0x00000000c3200000, 0x00000000c3200000, 0x00000000c3300000|  0%| F|  |TAMS 0x00000000c3200000| PB 0x00000000c3200000| Untracked |  0
|  29|0x00000000c3300000, 0x00000000c3300000, 0x00000000c3400000|  0%| F|  |TAMS 0x00000000c3300000| PB 0x00000000c3300000| Untracked |  0
|  30|0x00000000c3400000, 0x00000000c3400000, 0x00000000c3500000|  0%| F|  |TAMS 0x00000000c3400000| PB 0x00000000c3400000| Untracked |  0
|  31|0x00000000c3500000, 0x00000000c3500000, 0x00000000c3600000|  0%| F|  |TAMS 0x00000000c3500000| PB 0x00000000c3500000| Untracked |  0
|  32|0x00000000c3600000, 0x00000000c3600000, 0x00000000c3700000|  0%| F|  |TAMS 0x00000000c3600000| PB 0x00000000c3600000| Untracked |  0
|  33|0x00000000c3700000, 0x00000000c37d8048, 0x00000000c3800000| 84%| O|  |TAMS 0x00000000c3700000| PB 0x00000000c3700000| Untracked |  0
|  34|0x00000000c3800000, 0x00000000c3800000, 0x00000000c3900000|  0%| F|  |TAMS 0x00000000c3800000| PB 0x00000000c3800000| Untracked |  0
|  35|0x00000000c3900000, 0x00000000c3900000, 0x00000000c3a00000|  0%| F|  |TAMS 0x00000000c3900000| PB 0x00000000c3900000| Untracked |  0
|  36|0x00000000c3a00000, 0x00000000c3a00000, 0x00000000c3b00000|  0%| F|  |TAMS 0x00000000c3a00000| PB 0x00000000c3a00000| Untracked |  0
|  37|0x00000000c3b00000, 0x00000000c3b00000, 0x00000000c3c00000|  0%| F|  |TAMS 0x00000000c3b00000| PB 0x00000000c3b00000| Untracked |  0
|  38|0x00000000c3c00000, 0x00000000c3c00000, 0x00000000c3d00000|  0%| F|  |TAMS 0x00000000c3c00000| PB 0x00000000c3c00000| Untracked |  0
|  39|0x00000000c3d00000, 0x00000000c3d00000, 0x00000000c3e00000|  0%| F|  |TAMS 0x00000000c3d00000| PB 0x00000000c3d00000| Untracked |  0
|  40|0x00000000c3e00000, 0x00000000c3e00000, 0x00000000c3f00000|  0%| F|  |TAMS 0x00000000c3e00000| PB 0x00000000c3e00000| Untracked |  0
|  41|0x00000000c3f00000, 0x00000000c3f00000, 0x00000000c4000000|  0%| F|  |TAMS 0x00000000c3f00000| PB 0x00000000c3f00000| Untracked |  0
|  42|0x00000000c4000000, 0x00000000c4000000, 0x00000000c4100000|  0%| F|  |TAMS 0x00000000c4000000| PB 0x00000000c4000000| Untracked |  0
|  43|0x00000000c4100000, 0x00000000c4100000, 0x00000000c4200000|  0%| F|  |TAMS 0x00000000c4100000| PB 0x00000000c4100000| Untracked |  0
|  44|0x00000000c4200000, 0x00000000c4200000, 0x00000000c4300000|  0%| F|  |TAMS 0x00000000c4200000| PB 0x00000000c4200000| Untracked |  0
|  45|0x00000000c4300000, 0x00000000c4300000, 0x00000000c4400000|  0%| F|  |TAMS 0x00000000c4300000| PB 0x00000000c4300000| Untracked |  0
|  46|0x00000000c4400000, 0x00000000c4400000, 0x00000000c4500000|  0%| F|  |TAMS 0x00000000c4400000| PB 0x00000000c4400000| Untracked |  0
|  47|0x00000000c4500000, 0x00000000c4500000, 0x00000000c4600000|  0%| F|  |TAMS 0x00000000c4500000| PB 0x00000000c4500000| Untracked |  0
|  48|0x00000000c4600000, 0x00000000c4600000, 0x00000000c4700000|  0%| F|  |TAMS 0x00000000c4600000| PB 0x00000000c4600000| Untracked |  0
|  49|0x00000000c4700000, 0x00000000c4700000, 0x00000000c4800000|  0%| F|  |TAMS 0x00000000c4700000| PB 0x00000000c4700000| Untracked |  0
|  50|0x00000000c4800000, 0x00000000c4800000, 0x00000000c4900000|  0%| F|  |TAMS 0x00000000c4800000| PB 0x00000000c4800000| Untracked |  0
|  51|0x00000000c4900000, 0x00000000c4900000, 0x00000000c4a00000|  0%| F|  |TAMS 0x00000000c4900000| PB 0x00000000c4900000| Untracked |  0
|  52|0x00000000c4a00000, 0x00000000c4a00000, 0x00000000c4b00000|  0%| F|  |TAMS 0x00000000c4a00000| PB 0x00000000c4a00000| Untracked |  0
|  53|0x00000000c4b00000, 0x00000000c4b00000, 0x00000000c4c00000|  0%| F|  |TAMS 0x00000000c4b00000| PB 0x00000000c4b00000| Untracked |  0
|  54|0x00000000c4c00000, 0x00000000c4c00000, 0x00000000c4d00000|  0%| F|  |TAMS 0x00000000c4c00000| PB 0x00000000c4c00000| Untracked |  0
|  55|0x00000000c4d00000, 0x00000000c4dce430, 0x00000000c4e00000| 80%| S|CS|TAMS 0x00000000c4d00000| PB 0x00000000c4d00000| Complete |  0
|  56|0x00000000c4e00000, 0x00000000c4f00000, 0x00000000c4f00000|100%| S|CS|TAMS 0x00000000c4e00000| PB 0x00000000c4e00000| Complete |  0
|  57|0x00000000c4f00000, 0x00000000c5000000, 0x00000000c5000000|100%| S|CS|TAMS 0x00000000c4f00000| PB 0x00000000c4f00000| Complete |  0
|  58|0x00000000c5000000, 0x00000000c5100000, 0x00000000c5100000|100%| S|CS|TAMS 0x00000000c5000000| PB 0x00000000c5000000| Complete |  0
|  59|0x00000000c5100000, 0x00000000c5100000, 0x00000000c5200000|  0%| F|  |TAMS 0x00000000c5100000| PB 0x00000000c5100000| Untracked |  0
|  60|0x00000000c5200000, 0x00000000c5200000, 0x00000000c5300000|  0%| F|  |TAMS 0x00000000c5200000| PB 0x00000000c5200000| Untracked |  0
|  61|0x00000000c5300000, 0x00000000c53456a8, 0x00000000c5400000| 27%| E|  |TAMS 0x00000000c5300000| PB 0x00000000c5300000| Complete |  0
|  62|0x00000000c5400000, 0x00000000c5500000, 0x00000000c5500000|100%| E|CS|TAMS 0x00000000c5400000| PB 0x00000000c5400000| Complete |  0
|  63|0x00000000c5500000, 0x00000000c5600000, 0x00000000c5600000|100%| E|CS|TAMS 0x00000000c5500000| PB 0x00000000c5500000| Complete |  0
|  81|0x00000000c6700000, 0x00000000c6800000, 0x00000000c6800000|100%| E|CS|TAMS 0x00000000c6700000| PB 0x00000000c6700000| Complete |  0
|1000|0x00000000ffe00000, 0x00000000fff00000, 0x00000000fff00000|100%| O|  |TAMS 0x00000000ffe00000| PB 0x00000000ffe00000| Untracked |  0
|1001|0x00000000fff00000, 0x00000000fff1c2f8, 0x0000000100000000| 11%| O|Cm|TAMS 0x00000000fff00000| PB 0x00000000fff00000| Complete |  0

Card table byte_map: [0x0000013ee5520000,0x0000013ee5720000] _byte_map_base: 0x0000013ee4f15000

Marking Bits: (CMBitMap*) 0x0000013ecd85bb90
 Bits: [0x0000013ee5720000, 0x0000013ee66c8000)

Polling page: 0x0000013eccff0000

Metaspace:

Usage:
  Non-class:     19.29 MB used.
      Class:      2.00 MB used.
       Both:     21.28 MB used.

Virtual space:
  Non-class space:       64.00 MB reserved,      19.50 MB ( 30%) committed,  1 nodes.
      Class space:        1.00 GB reserved,       2.19 MB ( <1%) committed,  1 nodes.
             Both:        1.06 GB reserved,      21.69 MB (  2%) committed. 

Chunk freelists:
   Non-Class:  11.86 MB
       Class:  13.66 MB
        Both:  25.52 MB

MaxMetaspaceSize: unlimited
CompressedClassSpaceSize: 1.00 GB
Initial GC threshold: 21.00 MB
Current GC threshold: 35.44 MB
CDS: on
 - commit_granule_bytes: 65536.
 - commit_granule_words: 8192.
 - virtual_space_node_default_size: 8388608.
 - enlarge_chunks_in_place: 1.
UseCompressedClassPointers 1, UseCompactObjectHeaders 0
Narrow klass pointer bits 32, Max shift 3
Narrow klass base: 0x0000013e80000000, Narrow klass shift: 0
Encoding Range: [0x0000013e80000000 - 0x0000013f80000000), (4294967296 bytes)
Klass Range:    [0x0000013e80000000 - 0x0000013ec1000000), (1090519040 bytes)
Klass ID Range:  [8 - 1090519033) (1090519025)


Internal statistics:

num_allocs_failed_limit: 3.
num_arena_births: 236.
num_arena_deaths: 0.
num_vsnodes_births: 2.
num_vsnodes_deaths: 0.
num_space_committed: 347.
num_space_uncommitted: 0.
num_chunks_returned_to_freelist: 3.
num_chunks_taken_from_freelist: 991.
num_chunk_merges: 0.
num_chunk_splits: 676.
num_chunks_enlarged: 533.
num_inconsistent_stats: 0.

CodeHeap 'non-profiled nmethods': size=120064Kb used=2147Kb max_used=2147Kb free=117916Kb
 bounds [0x0000013eddde0000, 0x0000013ede050000, 0x0000013ee5320000]
CodeHeap 'profiled nmethods': size=120000Kb used=10088Kb max_used=10088Kb free=109911Kb
 bounds [0x0000013ed6320000, 0x0000013ed6d00000, 0x0000013edd850000]
CodeHeap 'non-nmethods': size=5696Kb used=1403Kb max_used=1483Kb free=4292Kb
 bounds [0x0000013edd850000, 0x0000013eddac0000, 0x0000013eddde0000]
CodeCache: size=245760Kb, used=13638Kb, max_used=13718Kb, free=232119Kb
 total_blobs=6134, nmethods=5562, adapters=476, full_count=0
Compilation: enabled, stopped_count=0, restarted_count=0

Compilation events (20 events):
Event: 25.387 Thread 0x0000013ee8b92090 5555       1       org.apache.maven.surefire.api.stream.AbstractStreamDecoder$BufferedStream::getPositionByteBuffer (5 bytes)
Event: 25.387 Thread 0x0000013ee8b92090 nmethod 5555 0x0000013eddff8488 code [0x0000013eddff8580, 0x0000013eddff8648]
Event: 25.387 Thread 0x0000013ee8b92090 5556       1       org.apache.maven.surefire.api.stream.AbstractStreamDecoder$MalformedFrameException::readTo (5 bytes)
Event: 25.387 Thread 0x0000013ee8b92090 nmethod 5556 0x0000013eddff8788 code [0x0000013eddff8880, 0x0000013eddff8948]
Event: 25.387 Thread 0x0000013ee8b92090 5557       3       java.lang.Throwable::<init> (43 bytes)
Event: 25.388 Thread 0x0000013ee8b92090 nmethod 5557 0x0000013ed6cf3608 code [0x0000013ed6cf3760, 0x0000013ed6cf3be0]
Event: 25.389 Thread 0x0000013ee8b92090 5559       3       org.apache.maven.surefire.api.stream.AbstractStreamDecoder::checkDelimiter (38 bytes)
Event: 25.389 Thread 0x0000013ee8b92090 nmethod 5559 0x0000013ed6cf3c08 code [0x0000013ed6cf3d40, 0x0000013ed6cf41e8]
Event: 25.389 Thread 0x0000013ee8b92090 5560       3       org.apache.maven.surefire.stream.EventDecoder::getEncodedMagicNumber (4 bytes)
Event: 25.389 Thread 0x0000013ee8b92090 nmethod 5560 0x0000013ed6cf4288 code [0x0000013ed6cf43a0, 0x0000013ed6cf44b0]
Event: 25.389 Thread 0x0000013ee8b92090 5561       3       java.lang.Exception::<init> (5 bytes)
Event: 25.389 Thread 0x0000013ee8b92090 nmethod 5561 0x0000013ed6cf4588 code [0x0000013ed6cf46a0, 0x0000013ed6cf47d0]
Event: 25.389 Thread 0x0000013ee8b92090 5562       3       java.util.Calendar::internalGet (7 bytes)
Event: 25.389 Thread 0x0000013ee8b92090 nmethod 5562 0x0000013ed6cf4888 code [0x0000013ed6cf49a0, 0x0000013ed6cf4ad8]
Event: 25.390 Thread 0x0000013ee8b92090 5563   !   3       org.apache.maven.surefire.stream.EventDecoder::decode (399 bytes)
Event: 25.394 Thread 0x0000013ee8b92090 nmethod 5563 0x0000013ed6cf4b88 code [0x0000013ed6cf50e0, 0x0000013ed6cf9790]
Event: 25.394 Thread 0x0000013ee8b92090 5564       3       org.apache.maven.surefire.api.stream.AbstractStreamDecoder::readMessageType (46 bytes)
Event: 25.395 Thread 0x0000013ee8b92090 nmethod 5564 0x0000013ed6cf9908 code [0x0000013ed6cf9a60, 0x0000013ed6cf9fd0]
Event: 25.395 Thread 0x0000013ee8b92090 5565       3       org.apache.maven.surefire.api.stream.AbstractStreamDecoder$MalformedFrameException::hasValidPositions (34 bytes)
Event: 25.395 Thread 0x0000013ee8b92090 nmethod 5565 0x0000013ed6cfa088 code [0x0000013ed6cfa1a0, 0x0000013ed6cfa358]

GC Heap History (18 events):
Event: 1.714 GC heap before
{Heap before GC invocations=0 (full 0):
 garbage-first heap   total reserved 1026048K, committed 67584K, used 29808K [0x00000000c1600000, 0x0000000100000000)
  region size 1024K, 28 young (28672K), 0 survivors (0K)
 Metaspace       used 6435K, committed 6656K, reserved 1114112K
  class space    used 570K, committed 704K, reserved 1048576K
}
Event: 1.722 GC heap after
{Heap after GC invocations=1 (full 0):
 garbage-first heap   total reserved 1026048K, committed 67584K, used 4336K [0x00000000c1600000, 0x0000000100000000)
  region size 1024K, 4 young (4096K), 4 survivors (4096K)
 Metaspace       used 6435K, committed 6656K, reserved 1114112K
  class space    used 570K, committed 704K, reserved 1048576K
}
Event: 2.816 GC heap before
{Heap before GC invocations=1 (full 0):
 garbage-first heap   total reserved 1026048K, committed 67584K, used 31984K [0x00000000c1600000, 0x0000000100000000)
  region size 1024K, 31 young (31744K), 4 survivors (4096K)
 Metaspace       used 11393K, committed 11648K, reserved 1114112K
  class space    used 1061K, committed 1152K, reserved 1048576K
}
Event: 2.827 GC heap after
{Heap after GC invocations=2 (full 0):
 garbage-first heap   total reserved 1026048K, committed 67584K, used 6468K [0x00000000c1600000, 0x0000000100000000)
  region size 1024K, 3 young (3072K), 3 survivors (3072K)
 Metaspace       used 11393K, committed 11648K, reserved 1114112K
  class space    used 1061K, committed 1152K, reserved 1048576K
}
Event: 8.292 GC heap before
{Heap before GC invocations=2 (full 0):
 garbage-first heap   total reserved 1026048K, committed 67584K, used 39236K [0x00000000c1600000, 0x0000000100000000)
  region size 1024K, 35 young (35840K), 3 survivors (3072K)
 Metaspace       used 15244K, committed 15552K, reserved 1114112K
  class space    used 1486K, committed 1600K, reserved 1048576K
}
Event: 8.309 GC heap after
{Heap after GC invocations=3 (full 0):
 garbage-first heap   total reserved 1026048K, committed 67584K, used 9823K [0x00000000c1600000, 0x0000000100000000)
  region size 1024K, 5 young (5120K), 5 survivors (5120K)
 Metaspace       used 15244K, committed 15552K, reserved 1114112K
  class space    used 1486K, committed 1600K, reserved 1048576K
}
Event: 8.887 GC heap before
{Heap before GC invocations=3 (full 0):
 garbage-first heap   total reserved 1026048K, committed 67584K, used 42591K [0x00000000c1600000, 0x0000000100000000)
  region size 1024K, 37 young (37888K), 5 survivors (5120K)
 Metaspace       used 15965K, committed 16256K, reserved 1114112K
  class space    used 1554K, committed 1664K, reserved 1048576K
}
Event: 8.908 GC heap after
{Heap after GC invocations=4 (full 0):
 garbage-first heap   total reserved 1026048K, committed 67584K, used 14332K [0x00000000c1600000, 0x0000000100000000)
  region size 1024K, 5 young (5120K), 5 survivors (5120K)
 Metaspace       used 15965K, committed 16256K, reserved 1114112K
  class space    used 1554K, committed 1664K, reserved 1048576K
}
Event: 9.385 GC heap before
{Heap before GC invocations=4 (full 0):
 garbage-first heap   total reserved 1026048K, committed 67584K, used 46076K [0x00000000c1600000, 0x0000000100000000)
  region size 1024K, 36 young (36864K), 5 survivors (5120K)
 Metaspace       used 16263K, committed 16512K, reserved 1114112K
  class space    used 1555K, committed 1664K, reserved 1048576K
}
Event: 9.396 GC heap after
{Heap after GC invocations=5 (full 0):
 garbage-first heap   total reserved 1026048K, committed 67584K, used 15632K [0x00000000c1600000, 0x0000000100000000)
  region size 1024K, 2 young (2048K), 2 survivors (2048K)
 Metaspace       used 16263K, committed 16512K, reserved 1114112K
  class space    used 1555K, committed 1664K, reserved 1048576K
}
Event: 10.048 GC heap before
{Heap before GC invocations=5 (full 0):
 garbage-first heap   total reserved 1026048K, committed 67584K, used 50448K [0x00000000c1600000, 0x0000000100000000)
  region size 1024K, 29 young (29696K), 2 survivors (2048K)
 Metaspace       used 17499K, committed 17792K, reserved 1114112K
  class space    used 1679K, committed 1792K, reserved 1048576K
}
Event: 10.055 GC heap after
{Heap after GC invocations=6 (full 0):
 garbage-first heap   total reserved 1026048K, committed 67584K, used 25074K [0x00000000c1600000, 0x0000000100000000)
  region size 1024K, 3 young (3072K), 3 survivors (3072K)
 Metaspace       used 17499K, committed 17792K, reserved 1114112K
  class space    used 1679K, committed 1792K, reserved 1048576K
}
Event: 10.058 GC heap before
{Heap before GC invocations=6 (full 0):
 garbage-first heap   total reserved 1026048K, committed 67584K, used 37362K [0x00000000c1600000, 0x0000000100000000)
  region size 1024K, 4 young (4096K), 3 survivors (3072K)
 Metaspace       used 17499K, committed 17792K, reserved 1114112K
  class space    used 1679K, committed 1792K, reserved 1048576K
}
Event: 10.065 GC heap after
{Heap after GC invocations=7 (full 0):
 garbage-first heap   total reserved 1026048K, committed 81920K, used 37617K [0x00000000c1600000, 0x0000000100000000)
  region size 1024K, 2 young (2048K), 2 survivors (2048K)
 Metaspace       used 17499K, committed 17792K, reserved 1114112K
  class space    used 1679K, committed 1792K, reserved 1048576K
}
Event: 11.438 GC heap before
{Heap before GC invocations=7 (full 0):
 garbage-first heap   total reserved 1026048K, committed 81920K, used 80625K [0x00000000c1600000, 0x0000000100000000)
  region size 1024K, 32 young (32768K), 2 survivors (2048K)
 Metaspace       used 19204K, committed 19584K, reserved 1114112K
  class space    used 1790K, committed 1984K, reserved 1048576K
}
Event: 11.445 GC heap after
{Heap after GC invocations=8 (full 0):
 garbage-first heap   total reserved 1026048K, committed 86016K, used 18753K [0x00000000c1600000, 0x0000000100000000)
  region size 1024K, 4 young (4096K), 4 survivors (4096K)
 Metaspace       used 19204K, committed 19584K, reserved 1114112K
  class space    used 1790K, committed 1984K, reserved 1048576K
}
Event: 11.841 GC heap before
{Heap before GC invocations=8 (full 0):
 garbage-first heap   total reserved 1026048K, committed 86016K, used 36161K [0x00000000c1600000, 0x0000000100000000)
  region size 1024K, 23 young (23552K), 4 survivors (4096K)
 Metaspace       used 21189K, committed 21504K, reserved 1114112K
  class space    used 1977K, committed 2112K, reserved 1048576K
}
Event: 11.848 GC heap after
{Heap after GC invocations=9 (full 0):
 garbage-first heap   total reserved 1026048K, committed 86016K, used 19209K [0x00000000c1600000, 0x0000000100000000)
  region size 1024K, 4 young (4096K), 4 survivors (4096K)
 Metaspace       used 21189K, committed 21504K, reserved 1114112K
  class space    used 1977K, committed 2112K, reserved 1048576K
}

Dll operation events (8 events):
Event: 0.011 Loaded shared library C:\Program Files\Apache NetBeans\jdk\bin\java.dll
Event: 0.043 Loaded shared library C:\Program Files\Apache NetBeans\jdk\bin\jsvml.dll
Event: 0.051 Loaded shared library C:\Program Files\Apache NetBeans\jdk\bin\net.dll
Event: 0.053 Loaded shared library C:\Program Files\Apache NetBeans\jdk\bin\nio.dll
Event: 0.058 Loaded shared library C:\Program Files\Apache NetBeans\jdk\bin\zip.dll
Event: 0.339 Loaded shared library C:\Program Files\Apache NetBeans\jdk\bin\jimage.dll
Event: 0.342 Loaded shared library C:\Program Files\Apache NetBeans\java\maven\lib\jansi-native\Windows\x86_64\jansi.dll
Event: 0.359 Loaded shared library C:\Program Files\Apache NetBeans\jdk\bin\verify.dll

Deoptimization events (20 events):
Event: 11.937 Thread 0x0000013ec559db30 Uncommon trap: trap_request=0xffffffc6 fr.pc=0x0000013eddf8d0a8 relative=0x0000000000000268
Event: 11.937 Thread 0x0000013ec559db30 Uncommon trap: reason=bimorphic_or_optimized_type_check action=maybe_recompile pc=0x0000013eddf8d0a8 method=java.util.regex.Matcher.getTextLength()I @ 4 c2
Event: 11.937 Thread 0x0000013ec559db30 DEOPT PACKING pc=0x0000013eddf8d0a8 sp=0x00000024581fefe0
Event: 11.937 Thread 0x0000013ec559db30 DEOPT UNPACKING pc=0x0000013edd966482 sp=0x00000024581fef08 mode 2
Event: 11.937 Thread 0x0000013ec559db30 Uncommon trap: trap_request=0xffffff4d fr.pc=0x0000013eddede6b0 relative=0x0000000000000270
Event: 11.937 Thread 0x0000013ec559db30 Uncommon trap: reason=unstable_if action=reinterpret pc=0x0000013eddede6b0 method=java.lang.AbstractStringBuilder.inflateIfNeededFor(Ljava/lang/String;)V @ 14 c2
Event: 11.938 Thread 0x0000013ec559db30 DEOPT PACKING pc=0x0000013eddede6b0 sp=0x00000024581fef40
Event: 11.938 Thread 0x0000013ec559db30 DEOPT UNPACKING pc=0x0000013edd966482 sp=0x00000024581fedd0 mode 2
Event: 11.938 Thread 0x0000013ec559db30 Uncommon trap: trap_request=0xffffff4d fr.pc=0x0000013eddf4f9b8 relative=0x0000000000000258
Event: 11.938 Thread 0x0000013ec559db30 Uncommon trap: reason=unstable_if action=reinterpret pc=0x0000013eddf4f9b8 method=java.lang.String.getBytes([BIB)V @ 5 c2
Event: 11.938 Thread 0x0000013ec559db30 DEOPT PACKING pc=0x0000013eddf4f9b8 sp=0x00000024581feef0
Event: 11.938 Thread 0x0000013ec559db30 DEOPT UNPACKING pc=0x0000013edd966482 sp=0x00000024581fedc8 mode 2
Event: 11.939 Thread 0x0000013ec559db30 Uncommon trap: trap_request=0xffffff4d fr.pc=0x0000013eddf4ced8 relative=0x00000000000000b8
Event: 11.939 Thread 0x0000013ec559db30 Uncommon trap: reason=unstable_if action=reinterpret pc=0x0000013eddf4ced8 method=java.lang.String.codePointAt(I)I @ 4 c2
Event: 11.939 Thread 0x0000013ec559db30 DEOPT PACKING pc=0x0000013eddf4ced8 sp=0x00000024581feec0
Event: 11.939 Thread 0x0000013ec559db30 DEOPT UNPACKING pc=0x0000013edd966482 sp=0x00000024581fee48 mode 2
Event: 11.939 Thread 0x0000013ec559db30 Uncommon trap: trap_request=0xffffffc6 fr.pc=0x0000013eddf8d0a8 relative=0x0000000000000268
Event: 11.939 Thread 0x0000013ec559db30 Uncommon trap: reason=bimorphic_or_optimized_type_check action=maybe_recompile pc=0x0000013eddf8d0a8 method=java.util.regex.Matcher.getTextLength()I @ 4 c2
Event: 11.939 Thread 0x0000013ec559db30 DEOPT PACKING pc=0x0000013eddf8d0a8 sp=0x00000024581fefb0
Event: 11.939 Thread 0x0000013ec559db30 DEOPT UNPACKING pc=0x0000013edd966482 sp=0x00000024581feee0 mode 2

Classes loaded (20 events):
Event: 11.881 Loading class jdk/internal/logger/LoggerFinderLoader
Event: 11.882 Loading class jdk/internal/logger/LoggerFinderLoader done
Event: 11.883 Loading class jdk/internal/logger/LoggerFinderLoader$TemporaryLoggerFinder
Event: 11.883 Loading class jdk/internal/logger/LoggerFinderLoader$TemporaryLoggerFinder done
Event: 11.883 Loading class sun/util/logging/internal/LoggingProviderImpl$JULWrapper
Event: 11.884 Loading class sun/util/logging/PlatformLogger$ConfigurableBridge$LoggerConfiguration
Event: 11.884 Loading class sun/util/logging/PlatformLogger$ConfigurableBridge$LoggerConfiguration done
Event: 11.884 Loading class sun/util/logging/internal/LoggingProviderImpl$JULWrapper done
Event: 11.884 Loading class java/lang/System$Logger$Level
Event: 11.885 Loading class java/lang/System$Logger$Level done
Event: 11.886 Loading class java/nio/channels/ClosedChannelException
Event: 11.886 Loading class java/nio/channels/ClosedChannelException done
Event: 11.891 Loading class java/nio/channels/NonReadableChannelException
Event: 11.891 Loading class java/nio/channels/NonReadableChannelException done
Event: 11.892 Loading class java/nio/channels/NonWritableChannelException
Event: 11.892 Loading class java/nio/channels/NonWritableChannelException done
Event: 11.927 Loading class java/util/Scanner
Event: 11.931 Loading class java/util/Scanner done
Event: 11.933 Loading class java/util/Scanner$PatternLRUCache
Event: 11.936 Loading class java/util/Scanner$PatternLRUCache done

Classes unloaded (0 events):
No events

Classes redefined (0 events):
No events

Internal exceptions (20 events):
Event: 7.849 Thread 0x0000013ecd81cac0 Exception <a 'java/lang/NoSuchMethodError'{0x00000000c4558de0}: 'void java.lang.invoke.DirectMethodHandle$Holder.invokeSpecial(java.lang.Object, java.lang.Object, java.lang.Object, java.lang.Object, java.lang.Object, java.lang.Object)'> (0x00000000c4558de0) 
thrown [s\src\hotspot\share\interpreter\linkResolver.cpp, line 805]
Event: 7.869 Thread 0x0000013ecd81cac0 Exception <a 'java/lang/NoSuchMethodError'{0x00000000c44a2088}: 'java.lang.Object java.lang.invoke.DirectMethodHandle$Holder.invokeVirtual(java.lang.Object, java.lang.Object, java.lang.Object)'> (0x00000000c44a2088) 
thrown [s\src\hotspot\share\interpreter\linkResolver.cpp, line 805]
Event: 7.922 Thread 0x0000013ecd81cac0 Exception <a 'java/lang/NoSuchMethodError'{0x00000000c42228b8}: 'void java.lang.invoke.DirectMethodHandle$Holder.invokeVirtual(java.lang.Object, java.lang.Object, int)'> (0x00000000c42228b8) 
thrown [s\src\hotspot\share\interpreter\linkResolver.cpp, line 805]
Event: 7.923 Thread 0x0000013ecd81cac0 Exception <a 'java/lang/NoSuchMethodError'{0x00000000c422b070}: 'void java.lang.invoke.DirectMethodHandle$Holder.invokeSpecial(java.lang.Object, java.lang.Object, java.lang.Object, int)'> (0x00000000c422b070) 
thrown [s\src\hotspot\share\interpreter\linkResolver.cpp, line 805]
Event: 7.924 Thread 0x0000013ecd81cac0 Exception <a 'java/lang/NoSuchMethodError'{0x00000000c42333d0}: 'void java.lang.invoke.DelegatingMethodHandle$Holder.reinvoke_L(java.lang.Object, java.lang.Object, int)'> (0x00000000c42333d0) 
thrown [s\src\hotspot\share\interpreter\linkResolver.cpp, line 805]
Event: 8.636 Thread 0x0000013ecd81cac0 Exception <a 'java/lang/NoSuchMethodError'{0x00000000c44f7df0}: 'int java.lang.invoke.DirectMethodHandle$Holder.invokeSpecialIFC(java.lang.Object, java.lang.Object, java.lang.Object, java.lang.Object)'> (0x00000000c44f7df0) 
thrown [s\src\hotspot\share\interpreter\linkResolver.cpp, line 805]
Event: 9.556 Thread 0x0000013ecd81cac0 Implicit null exception at 0x0000013edde902ef to 0x0000013edde904d8
Event: 9.774 Thread 0x0000013ecd81cac0 Exception <a 'java/lang/NoSuchMethodError'{0x00000000c48bacf0}: 'java.lang.Object java.lang.invoke.DirectMethodHandle$Holder.newInvokeSpecial(java.lang.Object, java.lang.Object, java.lang.Object, java.lang.Object, java.lang.Object, java.lang.Object, java.lang.Object)'> (0x00000000c48bacf0) 
thrown [s\src\hotspot\share\interpreter\linkResolver.cpp, line 805]
Event: 9.947 Thread 0x0000013ecd81cac0 Exception <a 'java/lang/NoSuchMethodError'{0x00000000c3e6c7b8}: 'int java.lang.invoke.DirectMethodHandle$Holder.invokeVirtual(java.lang.Object, java.lang.Object)'> (0x00000000c3e6c7b8) 
thrown [s\src\hotspot\share\interpreter\linkResolver.cpp, line 805]
Event: 9.966 Thread 0x0000013ecd81cac0 Implicit null exception at 0x0000013eddf52eb9 to 0x0000013eddf53478
Event: 9.966 Thread 0x0000013ecd81cac0 Implicit null exception at 0x0000013edded2320 to 0x0000013edded239d
Event: 11.491 Thread 0x0000013ec51c7350 Exception <a 'java/lang/NoSuchMethodError'{0x00000000c5fcb9a0}: 'java.lang.Object java.lang.invoke.DirectMethodHandle$Holder.invokeStatic(java.lang.Object, long, java.lang.Object)'> (0x00000000c5fcb9a0) 
thrown [s\src\hotspot\share\interpreter\linkResolver.cpp, line 805]
Event: 11.492 Thread 0x0000013ec51c7350 Exception <a 'java/lang/NoSuchMethodError'{0x00000000c5fd3808}: 'java.lang.Object java.lang.invoke.DirectMethodHandle$Holder.invokeStaticInit(java.lang.Object, long, java.lang.Object)'> (0x00000000c5fd3808) 
thrown [s\src\hotspot\share\interpreter\linkResolver.cpp, line 805]
Event: 11.493 Thread 0x0000013ec51c7350 Exception <a 'java/lang/NoSuchMethodError'{0x00000000c5fe2a78}: 'java.lang.Object java.lang.invoke.DirectMethodHandle$Holder.newInvokeSpecial(java.lang.Object, long)'> (0x00000000c5fe2a78) 
thrown [s\src\hotspot\share\interpreter\linkResolver.cpp, line 805]
Event: 11.495 Thread 0x0000013ec51c7350 Exception <a 'java/lang/NoSuchMethodError'{0x00000000c5fec090}: 'long java.lang.invoke.DirectMethodHandle$Holder.invokeInterface(java.lang.Object, java.lang.Object)'> (0x00000000c5fec090) 
thrown [s\src\hotspot\share\interpreter\linkResolver.cpp, line 805]
Event: 11.495 Thread 0x0000013ec51c7350 Exception <a 'java/lang/NoSuchMethodError'{0x00000000c5ff4068}: 'long java.lang.invoke.DelegatingMethodHandle$Holder.reinvoke_L(java.lang.Object, java.lang.Object)'> (0x00000000c5ff4068) 
thrown [s\src\hotspot\share\interpreter\linkResolver.cpp, line 805]
Event: 11.515 Thread 0x0000013ecd81cac0 Exception <a 'java/lang/NoSuchMethodError'{0x00000000c5eb9ca0}: 'int java.lang.invoke.DirectMethodHandle$Holder.invokeInterface(java.lang.Object, java.lang.Object)'> (0x00000000c5eb9ca0) 
thrown [s\src\hotspot\share\interpreter\linkResolver.cpp, line 805]
Event: 11.562 Thread 0x0000013ecd81cac0 Exception <a 'java/lang/NoSuchMethodError'{0x00000000c5dd0380}: 'java.lang.Object java.lang.invoke.DirectMethodHandle$Holder.invokeStaticInit(java.lang.Object, java.lang.Object, int, int, int, int)'> (0x00000000c5dd0380) 
thrown [s\src\hotspot\share\interpreter\linkResolver.cpp, line 805]
Event: 11.708 Thread 0x0000013ecd81cac0 Exception <a 'java/lang/NoSuchMethodError'{0x00000000c55680b0}: 'java.lang.Object java.lang.invoke.DirectMethodHandle$Holder.invokeStatic(java.lang.Object, int, java.lang.Object)'> (0x00000000c55680b0) 
thrown [s\src\hotspot\share\interpreter\linkResolver.cpp, line 805]
Event: 11.876 Thread 0x0000013ecd81cac0 Exception <a 'java/lang/NoSuchMethodError'{0x00000000c67a23d0}: 'void java.lang.invoke.DirectMethodHandle$Holder.invokeStatic(java.lang.Object, long)'> (0x00000000c67a23d0) 
thrown [s\src\hotspot\share\interpreter\linkResolver.cpp, line 805]

VM Operations (20 events):
Event: 11.428 Executing VM operation: HandshakeAllThreads (Deoptimize)
Event: 11.429 Executing VM operation: HandshakeAllThreads (Deoptimize) done
Event: 11.438 Executing VM operation: G1CollectForAllocation (G1 Evacuation Pause)
Event: 11.445 Executing VM operation: G1CollectForAllocation (G1 Evacuation Pause) done
Event: 11.539 Executing VM operation: HandshakeAllThreads (Deoptimize)
Event: 11.539 Executing VM operation: HandshakeAllThreads (Deoptimize) done
Event: 11.748 Executing VM operation: HandshakeAllThreads (Deoptimize)
Event: 11.748 Executing VM operation: HandshakeAllThreads (Deoptimize) done
Event: 11.769 Executing VM operation: HandshakeAllThreads (Deoptimize)
Event: 11.770 Executing VM operation: HandshakeAllThreads (Deoptimize) done
Event: 11.771 Executing VM operation: HandshakeAllThreads (Deoptimize)
Event: 11.771 Executing VM operation: HandshakeAllThreads (Deoptimize) done
Event: 11.841 Executing VM operation: CollectForMetadataAllocation (Metadata GC Threshold)
Event: 11.848 Executing VM operation: CollectForMetadataAllocation (Metadata GC Threshold) done
Event: 11.891 Executing VM operation: HandshakeAllThreads (Deoptimize)
Event: 11.891 Executing VM operation: HandshakeAllThreads (Deoptimize) done
Event: 11.896 Executing VM operation: G1PauseRemark
Event: 11.903 Executing VM operation: G1PauseRemark done
Event: 11.919 Executing VM operation: G1PauseCleanup
Event: 11.919 Executing VM operation: G1PauseCleanup done

Memory protections (0 events):
No events

Nmethod flushes (0 events):
No events

Events (20 events):
Event: 0.039 Thread 0x0000013ecd81cac0 Thread added: 0x0000013ee8b73960
Event: 0.040 Thread 0x0000013ecd81cac0 Thread added: 0x0000013ee8b74b60
Event: 0.040 Thread 0x0000013ecd81cac0 Thread added: 0x0000013ee8b77350
Event: 0.040 Thread 0x0000013ecd81cac0 Thread added: 0x0000013ee8b77e80
Event: 0.040 Thread 0x0000013ecd81cac0 Thread added: 0x0000013ee8b7a9c0
Event: 0.040 Thread 0x0000013ecd81cac0 Thread added: 0x0000013ee8b886a0
Event: 0.040 Thread 0x0000013ecd81cac0 Thread added: 0x0000013ee8b91510
Event: 0.041 Thread 0x0000013ecd81cac0 Thread added: 0x0000013ee8b92090
Event: 0.045 Thread 0x0000013ecd81cac0 Thread added: 0x0000013ec5018070
Event: 0.048 Thread 0x0000013ecd81cac0 Thread added: 0x0000013ec50217b0
Event: 0.335 Thread 0x0000013ecd81cac0 Thread added: 0x0000013ec5356cc0
Event: 0.454 Thread 0x0000013ec5356cc0 Thread exited: 0x0000013ec5356cc0
Event: 11.431 Thread 0x0000013ecd81cac0 Thread added: 0x0000013ec51c7350
Event: 11.497 Thread 0x0000013ec51c7350 Thread exited: 0x0000013ec51c7350
Event: 11.676 Thread 0x0000013ecd81cac0 Thread added: 0x0000013ec5b622c0
Event: 11.681 Thread 0x0000013ecd81cac0 Thread added: 0x0000013ec51c97c0
Event: 11.840 Thread 0x0000013ecd81cac0 Thread added: 0x0000013ec636b950
Event: 11.926 Thread 0x0000013ecd81cac0 Thread added: 0x0000013ec559db30
Event: 11.926 Thread 0x0000013ecd81cac0 Thread added: 0x0000013ec559e270
Event: 11.939 Thread 0x0000013ecd81cac0 Thread added: 0x0000013ec559e9b0


Dynamic libraries:
0x00007ff77fcf0000 - 0x00007ff77fcfe000 	C:\Program Files\Apache NetBeans\jdk\bin\java.exe
0x00007ffc0b730000 - 0x00007ffc0b928000 	C:\WINDOWS\SYSTEM32\ntdll.dll
0x00007ffc03900000 - 0x00007ffc03920000 	C:\Program Files\Avast Software\Avast\aswhook.dll
0x00007ffc0ade0000 - 0x00007ffc0aea2000 	C:\WINDOWS\System32\KERNEL32.DLL
0x00007ffc093d0000 - 0x00007ffc096c6000 	C:\WINDOWS\System32\KERNELBASE.dll
0x00007ffc09110000 - 0x00007ffc09210000 	C:\WINDOWS\System32\ucrtbase.dll
0x00007ffbcd3f0000 - 0x00007ffbcd406000 	C:\Program Files\Apache NetBeans\jdk\bin\jli.dll
0x00007ffbcd3c0000 - 0x00007ffbcd3de000 	C:\Program Files\Apache NetBeans\jdk\bin\VCRUNTIME140.dll
0x00007ffc09b50000 - 0x00007ffc09cf1000 	C:\WINDOWS\System32\USER32.dll
0x00007ffc09210000 - 0x00007ffc09232000 	C:\WINDOWS\System32\win32u.dll
0x00007ffc073e0000 - 0x00007ffc0767b000 	C:\WINDOWS\WinSxS\amd64_microsoft.windows.common-controls_6595b64144ccf1df_6.0.19041.6456_none_60b8a6cb71f64256\COMCTL32.dll
0x00007ffc0ad10000 - 0x00007ffc0ad3b000 	C:\WINDOWS\System32\GDI32.dll
0x00007ffc0ad40000 - 0x00007ffc0adde000 	C:\WINDOWS\System32\msvcrt.dll
0x00007ffc08dc0000 - 0x00007ffc08ed9000 	C:\WINDOWS\System32\gdi32full.dll
0x00007ffc08fc0000 - 0x00007ffc0905d000 	C:\WINDOWS\System32\msvcp_win.dll
0x00007ffc0a8e0000 - 0x00007ffc0a90f000 	C:\WINDOWS\System32\IMM32.DLL
0x00007ffbf69c0000 - 0x00007ffbf69cc000 	C:\Program Files\Apache NetBeans\jdk\bin\vcruntime140_1.dll
0x00007ffb96e70000 - 0x00007ffb96efd000 	C:\Program Files\Apache NetBeans\jdk\bin\msvcp140.dll
0x00007ffb9e940000 - 0x00007ffb9f7bc000 	C:\Program Files\Apache NetBeans\jdk\bin\server\jvm.dll
0x00007ffc0b010000 - 0x00007ffc0b0c1000 	C:\WINDOWS\System32\ADVAPI32.dll
0x00007ffc09ab0000 - 0x00007ffc09b4f000 	C:\WINDOWS\System32\sechost.dll
0x00007ffc0ab10000 - 0x00007ffc0ac30000 	C:\WINDOWS\System32\RPCRT4.dll
0x00007ffc093a0000 - 0x00007ffc093c7000 	C:\WINDOWS\System32\bcrypt.dll
0x00007ffc0a910000 - 0x00007ffc0a97b000 	C:\WINDOWS\System32\WS2_32.dll
0x00007ffc08c20000 - 0x00007ffc08c6b000 	C:\WINDOWS\SYSTEM32\POWRPROF.dll
0x00007ffbeda10000 - 0x00007ffbeda37000 	C:\WINDOWS\SYSTEM32\WINMM.dll
0x00007ffc026c0000 - 0x00007ffc026ca000 	C:\WINDOWS\SYSTEM32\VERSION.dll
0x00007ffc08c00000 - 0x00007ffc08c12000 	C:\WINDOWS\SYSTEM32\UMPDC.dll
0x00007ffc06620000 - 0x00007ffc06632000 	C:\WINDOWS\SYSTEM32\kernel.appcore.dll
0x00007ffbd9b90000 - 0x00007ffbd9b9a000 	C:\Program Files\Apache NetBeans\jdk\bin\jimage.dll
0x00007ffc08710000 - 0x00007ffc08911000 	C:\WINDOWS\SYSTEM32\DBGHELP.DLL
0x00007ffc078e0000 - 0x00007ffc07914000 	C:\WINDOWS\SYSTEM32\dbgcore.DLL
0x00007ffc08f30000 - 0x00007ffc08fb2000 	C:\WINDOWS\System32\bcryptPrimitives.dll
0x00007ffba96f0000 - 0x00007ffba970e000 	C:\Program Files\Apache NetBeans\jdk\bin\java.dll
0x00007ffc09fc0000 - 0x00007ffc0a0eb000 	C:\WINDOWS\System32\ole32.dll
0x00007ffc09750000 - 0x00007ffc09aa4000 	C:\WINDOWS\System32\combase.dll
0x00007ffc0a0f0000 - 0x00007ffc0a860000 	C:\WINDOWS\System32\SHELL32.dll
0x00007ffc06790000 - 0x00007ffc06f35000 	C:\WINDOWS\SYSTEM32\windows.storage.dll
0x00007ffc083b0000 - 0x00007ffc083db000 	C:\WINDOWS\SYSTEM32\Wldp.dll
0x00007ffc0ac40000 - 0x00007ffc0ad0d000 	C:\WINDOWS\System32\OLEAUT32.dll
0x00007ffc0af60000 - 0x00007ffc0b00d000 	C:\WINDOWS\System32\SHCORE.dll
0x00007ffc0aab0000 - 0x00007ffc0ab0b000 	C:\WINDOWS\System32\shlwapi.dll
0x00007ffc08cf0000 - 0x00007ffc08d14000 	C:\WINDOWS\SYSTEM32\profapi.dll
0x00007ffba9460000 - 0x00007ffba9537000 	C:\Program Files\Apache NetBeans\jdk\bin\jsvml.dll
0x00007ffbd8820000 - 0x00007ffbd8830000 	C:\Program Files\Apache NetBeans\jdk\bin\net.dll
0x00007ffc08130000 - 0x00007ffc0819a000 	C:\WINDOWS\system32\mswsock.dll
0x00007ffbcd1f0000 - 0x00007ffbcd206000 	C:\Program Files\Apache NetBeans\jdk\bin\nio.dll
0x00007ffbcd210000 - 0x00007ffbcd227000 	C:\Program Files\Apache NetBeans\jdk\bin\zip.dll
0x00007ffbe0ab0000 - 0x00007ffbe0ad4000 	C:\Program Files\Apache NetBeans\java\maven\lib\jansi-native\Windows\x86_64\jansi.dll
0x00007ffbd7d30000 - 0x00007ffbd7d40000 	C:\Program Files\Apache NetBeans\jdk\bin\verify.dll
0x00007ffc08a50000 - 0x00007ffc08a68000 	C:\WINDOWS\SYSTEM32\CRYPTSP.dll
0x00007ffc07a10000 - 0x00007ffc07a48000 	C:\WINDOWS\system32\rsaenh.dll
0x00007ffc08cb0000 - 0x00007ffc08cde000 	C:\WINDOWS\SYSTEM32\USERENV.dll
0x00007ffc08320000 - 0x00007ffc0832c000 	C:\WINDOWS\SYSTEM32\CRYPTBASE.dll
0x00007ffc07e10000 - 0x00007ffc07e4b000 	C:\WINDOWS\SYSTEM32\IPHLPAPI.DLL
0x00007ffc0aaa0000 - 0x00007ffc0aaa8000 	C:\WINDOWS\System32\NSI.dll

JVMTI agents: none

dbghelp: loaded successfully - version: 4.0.5 - missing functions: none
symbol engine: initialized successfully - sym options: 0x614 - pdb path: .;C:\Program Files\Apache NetBeans\jdk\bin;C:\WINDOWS\SYSTEM32;C:\Program Files\Avast Software\Avast;C:\WINDOWS\WinSxS\amd64_microsoft.windows.common-controls_6595b64144ccf1df_6.0.19041.6456_none_60b8a6cb71f64256;C:\Program Files\Apache NetBeans\jdk\bin\server;C:\Program Files\Apache NetBeans\java\maven\lib\jansi-native\Windows\x86_64

VM Arguments:
jvm_args: -Dclassworlds.conf=C:\Program Files\Apache NetBeans\java\maven\bin\m2.conf -Dmaven.home=C:\Program Files\Apache NetBeans\java\maven -Dlibrary.jansi.path=C:\Program Files\Apache NetBeans\java\maven\lib\jansi-native -Dmaven.multiModuleProjectDirectory=C:\Users\agent\Documents\NetBeansProjects\uberHaiti_Ouest 
java_command: org.codehaus.plexus.classworlds.launcher.Launcher -Dmaven.ext.class.path=C:\Program Files\Apache NetBeans\java\maven-nblib\netbeans-eventspy.jar --no-transfer-progress install
java_class_path (initial): C:\Program Files\Apache NetBeans\java\maven\boot\plexus-classworlds-2.8.0.jar
Launcher Type: SUN_STANDARD

[Global flags]
     intx CICompilerCount                          = 3                                         {product} {ergonomic}
     uint ConcGCThreads                            = 1                                         {product} {ergonomic}
     uint G1ConcRefinementThreads                  = 4                                         {product} {ergonomic}
   size_t G1HeapRegionSize                         = 1048576                                   {product} {ergonomic}
   size_t InitialHeapSize                          = 67108864                                  {product} {ergonomic}
   size_t MarkStackSize                            = 4194304                                   {product} {ergonomic}
   size_t MarkStackSizeMax                         = 536870912                                 {product} {ergonomic}
   size_t MaxHeapSize                              = 1050673152                                {product} {ergonomic}
   size_t MaxNewSize                               = 630194176                                 {product} {ergonomic}
   size_t MinHeapDeltaBytes                        = 1048576                                   {product} {ergonomic}
   size_t MinHeapSize                              = 8388608                                   {product} {ergonomic}
    uintx NonNMethodCodeHeapSize                   = 5832704                                {pd product} {ergonomic}
    uintx NonProfiledCodeHeapSize                  = 122945536                              {pd product} {ergonomic}
    uintx ProfiledCodeHeapSize                     = 122880000                              {pd product} {ergonomic}
    uintx ReservedCodeCacheSize                    = 251658240                              {pd product} {ergonomic}
     bool SegmentedCodeCache                       = true                                      {product} {ergonomic}
   size_t SoftMaxHeapSize                          = 1050673152                             {manageable} {ergonomic}
     bool UseCompressedOops                        = true                           {product lp64_product} {ergonomic}
     bool UseG1GC                                  = true                                      {product} {ergonomic}
     bool UseLargePagesIndividualAllocation        = false                                  {pd product} {ergonomic}

Logging:
Log output configuration:
 #0: stdout all=warning uptime,level,tags foldmultilines=false
 #1: stderr all=off uptime,level,tags foldmultilines=false

Environment Variables:
JAVA_HOME=C:\Program Files\Apache NetBeans\jdk
PATH=C:\oracle\product\10.2.0\db_1\bin;C:\Program Files\Common Files\Oracle\Java\javapath;C:\Program Files (x86)\Common Files\Oracle\Java\javapath;C:\WINDOWS\system32;C:\WINDOWS;C:\WINDOWS\System32\Wbem;C:\WINDOWS\System32\WindowsPowerShell\v1.0\;C:\WINDOWS\System32\OpenSSH\;C:\Program Files (x86)\Intel\Intel(R) Management Engine Components\DAL;C:\Program Files\Intel\Intel(R) Management Engine Components\DAL;C:\Program Files (x86)\Intel\Intel(R) Management Engine Components\IPT;C:\Program Files\Intel\Intel(R) Management Engine Components\IPT;C:\Users\agent\AppData\Local\Microsoft\WindowsApps;
USERNAME=agent
OS=Windows_NT
PROCESSOR_IDENTIFIER=Intel64 Family 6 Model 142 Stepping 10, GenuineIntel
TMP=C:\Users\agent\AppData\Local\Temp
TEMP=C:\Users\agent\AppData\Local\Temp




Periodic native trim disabled

---------------  S Y S T E M  ---------------

OS:
 Windows 10 , 64 bit Build 19041 (10.0.19041.5915)
OS uptime: 0 days 9:07 hours

CPU: total 4 (initial active 4) (2 cores per cpu, 2 threads per core) family 6 model 142 stepping 10 microcode 0xe0, cx8, cmov, fxsr, ht, mmx, 3dnowpref, sse, sse2, sse3, ssse3, sse4.1, sse4.2, popcnt, lzcnt, tsc, tscinvbit, avx, avx2, aes, erms, clmul, bmi1, bmi2, adx, fma, vzeroupper, clflush, clflushopt, rdtscp, f16c
Processor Information for the first 4 processors :
  Max Mhz: 2201, Current Mhz: 2201, Mhz Limit: 2201

Memory: 4k page, system-wide physical 4007M (289M free)
TotalPageFile size 16295M (AvailPageFile size 6M)
current process WorkingSet (physical memory assigned to process): 156M, peak: 186M
current process commit charge ("private bytes"): 198M, peak: 230M

vm_info: OpenJDK 64-Bit Server VM (24.0.1+9) for windows-amd64 JRE (24.0.1+9) (Zulu24.30+11-CA), built on 2025-03-21T13:52:34Z with MS VC++ 17.1 (VS2022)

END.
