#
# There is insufficient memory for the Java Runtime Environment to continue.
# Native memory allocation (malloc) failed to allocate 1622416 bytes. Error detail: Chunk::new
# Possible reasons:
#   The system is out of physical RAM or swap space
#   This process is running with CompressedOops enabled, and the Java Heap may be blocking the growth of the native heap
# Possible solutions:
#   Reduce memory load on the system
#   Increase physical memory or swap space
#   Check if swap backing store is full
#   Decrease Java heap size (-Xmx/-Xms)
#   Decrease number of Java threads
#   Decrease Java thread stack sizes (-Xss)
#   Set larger code cache with -XX:ReservedCodeCacheSize=
#   JVM is running with Unscaled Compressed Oops mode in which the Java heap is
#     placed in the first 4GB address space. The Java Heap base address is the
#     maximum limit for the native heap growth. Please use -XX:HeapBaseMinAddress
#     to set the Java Heap base and to place the Java Heap above 4GB virtual address.
# This output file may be truncated or incomplete.
#
#  Out of Memory Error (arena.cpp:162), pid=16488, tid=18004
#
# JRE version: OpenJDK Runtime Environment Zulu24.30+11-CA (24.0.1+9) (build 24.0.1+9)
# Java VM: OpenJDK 64-Bit Server VM Zulu24.30+11-CA (24.0.1+9, mixed mode, sharing, tiered, compressed oops, compressed class ptrs, g1 gc, windows-amd64)
# No core dump will be written. Minidumps are not enabled by default on client versions of Windows
#

---------------  S U M M A R Y ------------

Command Line: C:\Users\agent\AppData\Local\Temp\surefire13801801978252597094\surefirebooter-20260424003157664_3.jar C:\Users\agent\AppData\Local\Temp\surefire13801801978252597094 2026-04-24T00-31-56_969-jvmRun1 surefire-20260424003157664_1tmp surefire_0-20260424003157664_2tmp

Host: Intel(R) Core(TM) i3-8130U CPU @ 2.20GHz, 4 cores, 3G,  Windows 10 , 64 bit Build 19041 (10.0.19041.5915)
Time: Fri Apr 24 00:31:58 2026 Eastern Daylight Time elapsed time: 0.259629 seconds (0d 0h 0m 0s)

---------------  T H R E A D  ---------------

Current thread (0x0000022fd5f7a9e0):  JavaThread "C2 CompilerThread0" daemon [_thread_in_native, id=18004, stack(0x000000a31fd00000,0x000000a31fe00000) (1024K)]


Current CompileTask:
C2:259  319 %     4       java.util.jar.Manifest$FastInputStream::readLine @ 86 (296 bytes)

Stack: [0x000000a31fd00000,0x000000a31fe00000]
Native frames: (J=compiled Java code, j=interpreted, Vv=VM code, C=native code)
V  [jvm.dll+0x7410c9]  (no source info available)
V  [jvm.dll+0x97def3]  (no source info available)
V  [jvm.dll+0x98021d]  (no source info available)
V  [jvm.dll+0x980893]  (no source info available)
V  [jvm.dll+0x2b5b16]  (no source info available)
V  [jvm.dll+0xd019f]  (no source info available)
V  [jvm.dll+0xd03ff]  (no source info available)
V  [jvm.dll+0x15b8bf]  (no source info available)
V  [jvm.dll+0x74698f]  (no source info available)
V  [jvm.dll+0x27a528]  (no source info available)
V  [jvm.dll+0x279641]  (no source info available)
V  [jvm.dll+0x1f313a]  (no source info available)
V  [jvm.dll+0x288e35]  (no source info available)
V  [jvm.dll+0x2870ca]  (no source info available)
V  [jvm.dll+0x43df56]  (no source info available)
V  [jvm.dll+0x920928]  (no source info available)
V  [jvm.dll+0x73f855]  (no source info available)
C  [ucrtbase.dll+0x21bb2]  (no source info available)
C  [KERNEL32.DLL+0x17374]  (no source info available)
C  [ntdll.dll+0x4cc91]  (no source info available)

Lock stack of current Java thread (top to bottom):


---------------  P R O C E S S  ---------------

Threads class SMR info:
_java_thread_list=0x0000022fd5f870e0, length=11, elements={
0x0000022fb8a1c6a0, 0x0000022fd5f618f0, 0x0000022fd5f62620, 0x0000022fd5f655e0,
0x0000022fd5f6ae40, 0x0000022fd5f73980, 0x0000022fd5f79240, 0x0000022fd5f7a9e0,
0x0000022fd5f7d990, 0x000002301b014400, 0x000002301b012e10
}

Java Threads: ( => current thread )
  0x0000022fb8a1c6a0 JavaThread "main"                              [_thread_in_native, id=15900, stack(0x000000a31ef00000,0x000000a31f000000) (1024K)]
  0x0000022fd5f618f0 JavaThread "Reference Handler"          daemon [_thread_blocked, id=11008, stack(0x000000a31f700000,0x000000a31f800000) (1024K)]
  0x0000022fd5f62620 JavaThread "Finalizer"                  daemon [_thread_blocked, id=4556, stack(0x000000a31f800000,0x000000a31f900000) (1024K)]
  0x0000022fd5f655e0 JavaThread "Signal Dispatcher"          daemon [_thread_blocked, id=3336, stack(0x000000a31f900000,0x000000a31fa00000) (1024K)]
  0x0000022fd5f6ae40 JavaThread "Attach Listener"            daemon [_thread_blocked, id=5620, stack(0x000000a31fa00000,0x000000a31fb00000) (1024K)]
  0x0000022fd5f73980 JavaThread "Service Thread"             daemon [_thread_blocked, id=7576, stack(0x000000a31fb00000,0x000000a31fc00000) (1024K)]
  0x0000022fd5f79240 JavaThread "Monitor Deflation Thread"   daemon [_thread_blocked, id=9196, stack(0x000000a31fc00000,0x000000a31fd00000) (1024K)]
=>0x0000022fd5f7a9e0 JavaThread "C2 CompilerThread0"         daemon [_thread_in_native, id=18004, stack(0x000000a31fd00000,0x000000a31fe00000) (1024K)]
  0x0000022fd5f7d990 JavaThread "C1 CompilerThread0"         daemon [_thread_blocked, id=17444, stack(0x000000a31fe00000,0x000000a31ff00000) (1024K)]
  0x000002301b014400 JavaThread "Notification Thread"        daemon [_thread_blocked, id=16736, stack(0x000000a31ff00000,0x000000a320000000) (1024K)]
  0x000002301b012e10 JavaThread "Common-Cleaner"             daemon [_thread_blocked, id=1372, stack(0x000000a320000000,0x000000a320100000) (1024K)]
Total: 11

Other Threads:
  0x0000022fd5f516d0 VMThread "VM Thread"                           [id=15268, stack(0x000000a31f600000,0x000000a31f700000) (1024K)]
  0x0000022fd5f47700 WatcherThread "VM Periodic Task Thread"        [id=17804, stack(0x000000a31f500000,0x000000a31f600000) (1024K)]
  0x0000022fbac51da0 WorkerThread "GC Thread#0"                     [id=18420, stack(0x000000a31f000000,0x000000a31f100000) (1024K)]
  0x0000022fbac5cb50 ConcurrentGCThread "G1 Main Marker"            [id=17412, stack(0x000000a31f100000,0x000000a31f200000) (1024K)]
  0x0000022fbac5ee10 WorkerThread "G1 Conc#0"                       [id=9736, stack(0x000000a31f200000,0x000000a31f300000) (1024K)]
  0x0000022fd5e140b0 ConcurrentGCThread "G1 Refine#0"               [id=4140, stack(0x000000a31f300000,0x000000a31f400000) (1024K)]
  0x0000022fd5e14ad0 ConcurrentGCThread "G1 Service"                [id=17508, stack(0x000000a31f400000,0x000000a31f500000) (1024K)]
Total: 7

Threads with active compile tasks:
C2 CompilerThread0  406  319 %     4       java.util.jar.Manifest$FastInputStream::readLine @ 86 (296 bytes)
Total: 1

VM state: not at safepoint (normal execution)

VM Mutex/Monitor currently owned by a thread: None

Heap address: 0x00000000c1600000, size: 1002 MB, Compressed Oops mode: 32-bit

CDS archive(s) mapped at: [0x0000022fd6000000-0x0000022fd6d40000-0x0000022fd6d40000), size 13893632, SharedBaseAddress: 0x0000022fd6000000, ArchiveRelocationMode: 1.
Compressed class space mapped at: 0x0000022fd7000000-0x0000023017000000, reserved size: 1073741824
UseCompressedClassPointers 1, UseCompactObjectHeaders 0
Narrow klass pointer bits 32, Max shift 3
Narrow klass base: 0x0000022fd6000000, Narrow klass shift: 0
Encoding Range: [0x0000022fd6000000 - 0x00000230d6000000), (4294967296 bytes)
Klass Range:    [0x0000022fd6000000 - 0x0000023017000000), (1090519040 bytes)
Klass ID Range:  [8 - 1090519033) (1090519025)

GC Precious Log:
 CardTable entry size: 512
 Card Set container configuration: InlinePtr #cards 5 size 8 Array Of Cards #cards 10 size 36 Howl #buckets 4 coarsen threshold 1843 Howl Bitmap #cards 512 size 80 coarsen threshold 460 Card regions per heap region 1 cards per card region 2048
 CPUs: 4 total, 4 available
 Memory: 4007M
 Large Page Support: Disabled
 NUMA Support: Disabled
 Compressed Oops: Enabled (32-bit)
 Heap Region Size: 1M
 Heap Min Capacity: 8M
 Heap Initial Capacity: 64M
 Heap Max Capacity: 1002M
 Pre-touch: Disabled
 Parallel Workers: 4
 Concurrent Workers: 1
 Concurrent Refinement Workers: 4
 Periodic GC: Disabled

Heap:
 garbage-first heap   total reserved 1026048K, committed 67584K, used 12400K [0x00000000c1600000, 0x0000000100000000)
  region size 1024K, 10 young (10240K), 0 survivors (0K)
 Metaspace       used 894K, committed 1024K, reserved 1114112K
  class space    used 59K, committed 128K, reserved 1048576K

Heap Regions: E=young(eden), S=young(survivor), O=old, HS=humongous(starts), HC=humongous(continues), CS=collection set, F=free, TAMS=top-at-mark-start, PB=parsable bottom
|   0|0x00000000c1600000, 0x00000000c1700000, 0x00000000c1700000|100%|HS|  |TAMS 0x00000000c1600000| PB 0x00000000c1600000| Complete |  0
|   1|0x00000000c1700000, 0x00000000c1800000, 0x00000000c1800000|100%|HS|  |TAMS 0x00000000c1700000| PB 0x00000000c1700000| Complete |  0
|   2|0x00000000c1800000, 0x00000000c1800000, 0x00000000c1900000|  0%| F|  |TAMS 0x00000000c1800000| PB 0x00000000c1800000| Untracked |  0
|   3|0x00000000c1900000, 0x00000000c1900000, 0x00000000c1a00000|  0%| F|  |TAMS 0x00000000c1900000| PB 0x00000000c1900000| Untracked |  0
|   4|0x00000000c1a00000, 0x00000000c1a00000, 0x00000000c1b00000|  0%| F|  |TAMS 0x00000000c1a00000| PB 0x00000000c1a00000| Untracked |  0
|   5|0x00000000c1b00000, 0x00000000c1b00000, 0x00000000c1c00000|  0%| F|  |TAMS 0x00000000c1b00000| PB 0x00000000c1b00000| Untracked |  0
|   6|0x00000000c1c00000, 0x00000000c1c00000, 0x00000000c1d00000|  0%| F|  |TAMS 0x00000000c1c00000| PB 0x00000000c1c00000| Untracked |  0
|   7|0x00000000c1d00000, 0x00000000c1d00000, 0x00000000c1e00000|  0%| F|  |TAMS 0x00000000c1d00000| PB 0x00000000c1d00000| Untracked |  0
|   8|0x00000000c1e00000, 0x00000000c1e00000, 0x00000000c1f00000|  0%| F|  |TAMS 0x00000000c1e00000| PB 0x00000000c1e00000| Untracked |  0
|   9|0x00000000c1f00000, 0x00000000c1f00000, 0x00000000c2000000|  0%| F|  |TAMS 0x00000000c1f00000| PB 0x00000000c1f00000| Untracked |  0
|  10|0x00000000c2000000, 0x00000000c2000000, 0x00000000c2100000|  0%| F|  |TAMS 0x00000000c2000000| PB 0x00000000c2000000| Untracked |  0
|  11|0x00000000c2100000, 0x00000000c2100000, 0x00000000c2200000|  0%| F|  |TAMS 0x00000000c2100000| PB 0x00000000c2100000| Untracked |  0
|  12|0x00000000c2200000, 0x00000000c2200000, 0x00000000c2300000|  0%| F|  |TAMS 0x00000000c2200000| PB 0x00000000c2200000| Untracked |  0
|  13|0x00000000c2300000, 0x00000000c2300000, 0x00000000c2400000|  0%| F|  |TAMS 0x00000000c2300000| PB 0x00000000c2300000| Untracked |  0
|  14|0x00000000c2400000, 0x00000000c2400000, 0x00000000c2500000|  0%| F|  |TAMS 0x00000000c2400000| PB 0x00000000c2400000| Untracked |  0
|  15|0x00000000c2500000, 0x00000000c2500000, 0x00000000c2600000|  0%| F|  |TAMS 0x00000000c2500000| PB 0x00000000c2500000| Untracked |  0
|  16|0x00000000c2600000, 0x00000000c2600000, 0x00000000c2700000|  0%| F|  |TAMS 0x00000000c2600000| PB 0x00000000c2600000| Untracked |  0
|  17|0x00000000c2700000, 0x00000000c2700000, 0x00000000c2800000|  0%| F|  |TAMS 0x00000000c2700000| PB 0x00000000c2700000| Untracked |  0
|  18|0x00000000c2800000, 0x00000000c2800000, 0x00000000c2900000|  0%| F|  |TAMS 0x00000000c2800000| PB 0x00000000c2800000| Untracked |  0
|  19|0x00000000c2900000, 0x00000000c2900000, 0x00000000c2a00000|  0%| F|  |TAMS 0x00000000c2900000| PB 0x00000000c2900000| Untracked |  0
|  20|0x00000000c2a00000, 0x00000000c2a00000, 0x00000000c2b00000|  0%| F|  |TAMS 0x00000000c2a00000| PB 0x00000000c2a00000| Untracked |  0
|  21|0x00000000c2b00000, 0x00000000c2b00000, 0x00000000c2c00000|  0%| F|  |TAMS 0x00000000c2b00000| PB 0x00000000c2b00000| Untracked |  0
|  22|0x00000000c2c00000, 0x00000000c2c00000, 0x00000000c2d00000|  0%| F|  |TAMS 0x00000000c2c00000| PB 0x00000000c2c00000| Untracked |  0
|  23|0x00000000c2d00000, 0x00000000c2d00000, 0x00000000c2e00000|  0%| F|  |TAMS 0x00000000c2d00000| PB 0x00000000c2d00000| Untracked |  0
|  24|0x00000000c2e00000, 0x00000000c2e00000, 0x00000000c2f00000|  0%| F|  |TAMS 0x00000000c2e00000| PB 0x00000000c2e00000| Untracked |  0
|  25|0x00000000c2f00000, 0x00000000c2f00000, 0x00000000c3000000|  0%| F|  |TAMS 0x00000000c2f00000| PB 0x00000000c2f00000| Untracked |  0
|  26|0x00000000c3000000, 0x00000000c3000000, 0x00000000c3100000|  0%| F|  |TAMS 0x00000000c3000000| PB 0x00000000c3000000| Untracked |  0
|  27|0x00000000c3100000, 0x00000000c3100000, 0x00000000c3200000|  0%| F|  |TAMS 0x00000000c3100000| PB 0x00000000c3100000| Untracked |  0
|  28|0x00000000c3200000, 0x00000000c3200000, 0x00000000c3300000|  0%| F|  |TAMS 0x00000000c3200000| PB 0x00000000c3200000| Untracked |  0
|  29|0x00000000c3300000, 0x00000000c3300000, 0x00000000c3400000|  0%| F|  |TAMS 0x00000000c3300000| PB 0x00000000c3300000| Untracked |  0
|  30|0x00000000c3400000, 0x00000000c3400000, 0x00000000c3500000|  0%| F|  |TAMS 0x00000000c3400000| PB 0x00000000c3400000| Untracked |  0
|  31|0x00000000c3500000, 0x00000000c3500000, 0x00000000c3600000|  0%| F|  |TAMS 0x00000000c3500000| PB 0x00000000c3500000| Untracked |  0
|  32|0x00000000c3600000, 0x00000000c3600000, 0x00000000c3700000|  0%| F|  |TAMS 0x00000000c3600000| PB 0x00000000c3600000| Untracked |  0
|  33|0x00000000c3700000, 0x00000000c3700000, 0x00000000c3800000|  0%| F|  |TAMS 0x00000000c3700000| PB 0x00000000c3700000| Untracked |  0
|  34|0x00000000c3800000, 0x00000000c3800000, 0x00000000c3900000|  0%| F|  |TAMS 0x00000000c3800000| PB 0x00000000c3800000| Untracked |  0
|  35|0x00000000c3900000, 0x00000000c3900000, 0x00000000c3a00000|  0%| F|  |TAMS 0x00000000c3900000| PB 0x00000000c3900000| Untracked |  0
|  36|0x00000000c3a00000, 0x00000000c3a00000, 0x00000000c3b00000|  0%| F|  |TAMS 0x00000000c3a00000| PB 0x00000000c3a00000| Untracked |  0
|  37|0x00000000c3b00000, 0x00000000c3b00000, 0x00000000c3c00000|  0%| F|  |TAMS 0x00000000c3b00000| PB 0x00000000c3b00000| Untracked |  0
|  38|0x00000000c3c00000, 0x00000000c3c00000, 0x00000000c3d00000|  0%| F|  |TAMS 0x00000000c3c00000| PB 0x00000000c3c00000| Untracked |  0
|  39|0x00000000c3d00000, 0x00000000c3d00000, 0x00000000c3e00000|  0%| F|  |TAMS 0x00000000c3d00000| PB 0x00000000c3d00000| Untracked |  0
|  40|0x00000000c3e00000, 0x00000000c3e00000, 0x00000000c3f00000|  0%| F|  |TAMS 0x00000000c3e00000| PB 0x00000000c3e00000| Untracked |  0
|  41|0x00000000c3f00000, 0x00000000c3f00000, 0x00000000c4000000|  0%| F|  |TAMS 0x00000000c3f00000| PB 0x00000000c3f00000| Untracked |  0
|  42|0x00000000c4000000, 0x00000000c4000000, 0x00000000c4100000|  0%| F|  |TAMS 0x00000000c4000000| PB 0x00000000c4000000| Untracked |  0
|  43|0x00000000c4100000, 0x00000000c4100000, 0x00000000c4200000|  0%| F|  |TAMS 0x00000000c4100000| PB 0x00000000c4100000| Untracked |  0
|  44|0x00000000c4200000, 0x00000000c4200000, 0x00000000c4300000|  0%| F|  |TAMS 0x00000000c4200000| PB 0x00000000c4200000| Untracked |  0
|  45|0x00000000c4300000, 0x00000000c4300000, 0x00000000c4400000|  0%| F|  |TAMS 0x00000000c4300000| PB 0x00000000c4300000| Untracked |  0
|  46|0x00000000c4400000, 0x00000000c4400000, 0x00000000c4500000|  0%| F|  |TAMS 0x00000000c4400000| PB 0x00000000c4400000| Untracked |  0
|  47|0x00000000c4500000, 0x00000000c4500000, 0x00000000c4600000|  0%| F|  |TAMS 0x00000000c4500000| PB 0x00000000c4500000| Untracked |  0
|  48|0x00000000c4600000, 0x00000000c4600000, 0x00000000c4700000|  0%| F|  |TAMS 0x00000000c4600000| PB 0x00000000c4600000| Untracked |  0
|  49|0x00000000c4700000, 0x00000000c4700000, 0x00000000c4800000|  0%| F|  |TAMS 0x00000000c4700000| PB 0x00000000c4700000| Untracked |  0
|  50|0x00000000c4800000, 0x00000000c4800000, 0x00000000c4900000|  0%| F|  |TAMS 0x00000000c4800000| PB 0x00000000c4800000| Untracked |  0
|  51|0x00000000c4900000, 0x00000000c4900000, 0x00000000c4a00000|  0%| F|  |TAMS 0x00000000c4900000| PB 0x00000000c4900000| Untracked |  0
|  52|0x00000000c4a00000, 0x00000000c4a00000, 0x00000000c4b00000|  0%| F|  |TAMS 0x00000000c4a00000| PB 0x00000000c4a00000| Untracked |  0
|  53|0x00000000c4b00000, 0x00000000c4b00000, 0x00000000c4c00000|  0%| F|  |TAMS 0x00000000c4b00000| PB 0x00000000c4b00000| Untracked |  0
|  54|0x00000000c4c00000, 0x00000000c4d00000, 0x00000000c4d00000|100%| E|  |TAMS 0x00000000c4c00000| PB 0x00000000c4c00000| Complete |  0
|  55|0x00000000c4d00000, 0x00000000c4e00000, 0x00000000c4e00000|100%| E|CS|TAMS 0x00000000c4d00000| PB 0x00000000c4d00000| Complete |  0
|  56|0x00000000c4e00000, 0x00000000c4f00000, 0x00000000c4f00000|100%| E|CS|TAMS 0x00000000c4e00000| PB 0x00000000c4e00000| Complete |  0
|  57|0x00000000c4f00000, 0x00000000c5000000, 0x00000000c5000000|100%| E|CS|TAMS 0x00000000c4f00000| PB 0x00000000c4f00000| Complete |  0
|  58|0x00000000c5000000, 0x00000000c5100000, 0x00000000c5100000|100%| E|CS|TAMS 0x00000000c5000000| PB 0x00000000c5000000| Complete |  0
|  59|0x00000000c5100000, 0x00000000c5200000, 0x00000000c5200000|100%| E|CS|TAMS 0x00000000c5100000| PB 0x00000000c5100000| Complete |  0
|  60|0x00000000c5200000, 0x00000000c5300000, 0x00000000c5300000|100%| E|CS|TAMS 0x00000000c5200000| PB 0x00000000c5200000| Complete |  0
|  61|0x00000000c5300000, 0x00000000c5400000, 0x00000000c5400000|100%| E|CS|TAMS 0x00000000c5300000| PB 0x00000000c5300000| Complete |  0
|  62|0x00000000c5400000, 0x00000000c5500000, 0x00000000c5500000|100%| E|CS|TAMS 0x00000000c5400000| PB 0x00000000c5400000| Complete |  0
|  63|0x00000000c5500000, 0x00000000c5600000, 0x00000000c5600000|100%| E|CS|TAMS 0x00000000c5500000| PB 0x00000000c5500000| Complete |  0
|1000|0x00000000ffe00000, 0x00000000fff00000, 0x00000000fff00000|100%| O|  |TAMS 0x00000000ffe00000| PB 0x00000000ffe00000| Untracked |  0
|1001|0x00000000fff00000, 0x00000000fff1c2f8, 0x0000000100000000| 11%| O|  |TAMS 0x00000000fff00000| PB 0x00000000fff00000| Untracked |  0

Card table byte_map: [0x0000022fd2920000,0x0000022fd2b20000] _byte_map_base: 0x0000022fd2315000

Marking Bits: (CMBitMap*) 0x0000022fbac524b0
 Bits: [0x0000022fd2b20000, 0x0000022fd3ac8000)

Polling page: 0x0000022fba3f0000

Metaspace:

Usage:
  Non-class:    835.80 KB used.
      Class:     59.02 KB used.
       Both:    894.83 KB used.

Virtual space:
  Non-class space:       64.00 MB reserved,     896.00 KB (  1%) committed,  1 nodes.
      Class space:        1.00 GB reserved,     128.00 KB ( <1%) committed,  1 nodes.
             Both:        1.06 GB reserved,       1.00 MB ( <1%) committed. 

Chunk freelists:
   Non-Class:  11.80 MB
       Class:  15.72 MB
        Both:  27.52 MB

MaxMetaspaceSize: unlimited
CompressedClassSpaceSize: 1.00 GB
Initial GC threshold: 21.00 MB
Current GC threshold: 21.00 MB
CDS: on
 - commit_granule_bytes: 65536.
 - commit_granule_words: 8192.
 - virtual_space_node_default_size: 8388608.
 - enlarge_chunks_in_place: 1.
UseCompressedClassPointers 1, UseCompactObjectHeaders 0
Narrow klass pointer bits 32, Max shift 3
Narrow klass base: 0x0000022fd6000000, Narrow klass shift: 0
Encoding Range: [0x0000022fd6000000 - 0x00000230d6000000), (4294967296 bytes)
Klass Range:    [0x0000022fd6000000 - 0x0000023017000000), (1090519040 bytes)
Klass ID Range:  [8 - 1090519033) (1090519025)


Internal statistics:

num_allocs_failed_limit: 0.
num_arena_births: 10.
num_arena_deaths: 0.
num_vsnodes_births: 2.
num_vsnodes_deaths: 0.
num_space_committed: 16.
num_space_uncommitted: 0.
num_chunks_returned_to_freelist: 0.
num_chunks_taken_from_freelist: 26.
num_chunk_merges: 0.
num_chunk_splits: 14.
num_chunks_enlarged: 8.
num_inconsistent_stats: 0.

CodeHeap 'non-profiled nmethods': size=120064Kb used=110Kb max_used=110Kb free=119953Kb
 bounds [0x0000022fcb1e0000, 0x0000022fcb450000, 0x0000022fd2720000]
CodeHeap 'profiled nmethods': size=120000Kb used=518Kb max_used=518Kb free=119481Kb
 bounds [0x0000022fc3720000, 0x0000022fc3990000, 0x0000022fcac50000]
CodeHeap 'non-nmethods': size=5696Kb used=1225Kb max_used=1236Kb free=4470Kb
 bounds [0x0000022fcac50000, 0x0000022fcaec0000, 0x0000022fcb1e0000]
CodeCache: size=245760Kb, used=1853Kb, max_used=1864Kb, free=243904Kb
 total_blobs=804, nmethods=419, adapters=290, full_count=0
Compilation: enabled, stopped_count=0, restarted_count=0

Compilation events (20 events):
Event: 0.249 Thread 0x0000022fd5f7d990 nmethod 333 0x0000022fc3777788 code [0x0000022fc37779a0, 0x0000022fc3778bc8]
Event: 0.250 Thread 0x0000022fd5f7d990  334       3       java.io.RandomAccessFile::read (8 bytes)
Event: 0.250 Thread 0x0000022fd5f7d990 nmethod 334 0x0000022fc3778c88 code [0x0000022fc3778de0, 0x0000022fc37790a0]
Event: 0.250 Thread 0x0000022fd5f7d990  335       3       java.lang.ref.Cleaner::register (25 bytes)
Event: 0.251 Thread 0x0000022fd5f7d990 nmethod 335 0x0000022fc3779108 code [0x0000022fc3779280, 0x0000022fc37797b8]
Event: 0.251 Thread 0x0000022fd5f7d990  336       3       jdk.internal.ref.CleanerImpl$PhantomCleanableRef::<init> (12 bytes)
Event: 0.251 Thread 0x0000022fd5f7d990 nmethod 336 0x0000022fc3779808 code [0x0000022fc3779920, 0x0000022fc3779ac0]
Event: 0.252 Thread 0x0000022fd5f7d990  337       3       java.util.zip.ZipFile$Source::getEntryPos (191 bytes)
Event: 0.253 Thread 0x0000022fd5f7d990 nmethod 337 0x0000022fc3779b08 code [0x0000022fc3779d80, 0x0000022fc377af78]
Event: 0.253 Thread 0x0000022fd5f7d990  338   !   3       java.util.zip.ZipFile::getEntry (65 bytes)
Event: 0.253 Thread 0x0000022fd5f7d990 nmethod 338 0x0000022fc377b008 code [0x0000022fc377b180, 0x0000022fc377b690]
Event: 0.254 Thread 0x0000022fd5f7d990  339       3       java.lang.StringLatin1::inflate (34 bytes)
Event: 0.254 Thread 0x0000022fd5f7d990 nmethod 339 0x0000022fc377b708 code [0x0000022fc377b820, 0x0000022fc377ba18]
Event: 0.254 Thread 0x0000022fd5f7d990  341       3       java.util.zip.ZipFile$Source::getMetaVersion (221 bytes)
Event: 0.255 Thread 0x0000022fd5f7d990 nmethod 341 0x0000022fc377ba88 code [0x0000022fc377bc00, 0x0000022fc377c2a0]
Event: 0.255 Thread 0x0000022fd5f7d990  340       3       java.util.zip.ZipFile$Source::isSignatureRelated (227 bytes)
Event: 0.256 Thread 0x0000022fd5f7d990 nmethod 340 0x0000022fc377c308 code [0x0000022fc377c460, 0x0000022fc377ca30]
Event: 0.256 Thread 0x0000022fd5f7d990  342       3       java.lang.String::<init> (22 bytes)
Event: 0.256 Thread 0x0000022fd5f7d990 nmethod 342 0x0000022fc377ca88 code [0x0000022fc377cc00, 0x0000022fc377d048]
Event: 0.256 Thread 0x0000022fd5f7d990  343       3       java.io.WinNTFileSystem::prefixLength (114 bytes)

GC Heap History (0 events):
No events

Dll operation events (8 events):
Event: 0.012 Loaded shared library C:\Program Files\Apache NetBeans\jdk\bin\java.dll
Event: 0.047 Loaded shared library C:\Program Files\Apache NetBeans\jdk\bin\jsvml.dll
Event: 0.053 Loaded shared library C:\Program Files\Apache NetBeans\jdk\bin\net.dll
Event: 0.056 Loaded shared library C:\Program Files\Apache NetBeans\jdk\bin\nio.dll
Event: 0.059 Loaded shared library C:\Program Files\Apache NetBeans\jdk\bin\zip.dll
Event: 0.140 Loaded shared library C:\Program Files\Apache NetBeans\jdk\bin\management.dll
Event: 0.144 Loaded shared library C:\Program Files\Apache NetBeans\jdk\bin\management_ext.dll
Event: 0.170 Loaded shared library C:\Program Files\Apache NetBeans\jdk\bin\jimage.dll

Deoptimization events (2 events):
Event: 0.112 Thread 0x0000022fb8a1c6a0 DEOPT PACKING pc=0x0000022fc37356c0 sp=0x000000a31effef30
Event: 0.112 Thread 0x0000022fb8a1c6a0 DEOPT UNPACKING pc=0x0000022fcaca5722 sp=0x000000a31effe3b8 mode 0

Classes loaded (20 events):
Event: 0.152 Loading class java/lang/management/DefaultPlatformMBeanProvider$11
Event: 0.152 Loading class java/lang/management/DefaultPlatformMBeanProvider$11 done
Event: 0.152 Loading class jdk/management/jfr/FlightRecorderMXBean
Event: 0.152 Loading class jdk/management/jfr/FlightRecorderMXBean done
Event: 0.152 Loading class jdk/management/jfr/internal/FlightRecorderMXBeanProvider$SingleMBeanComponent
Event: 0.152 Loading class jdk/management/jfr/internal/FlightRecorderMXBeanProvider$SingleMBeanComponent done
Event: 0.152 Loading class java/util/Collections$SingletonList
Event: 0.152 Loading class java/util/Collections$SingletonList done
Event: 0.154 Loading class java/util/stream/ReduceOps$2
Event: 0.154 Loading class java/util/stream/ReduceOps$2 done
Event: 0.154 Loading class java/util/stream/ReduceOps$2ReducingSink
Event: 0.154 Loading class java/util/stream/ReduceOps$2ReducingSink done
Event: 0.154 Loading class sun/management/RuntimeImpl
Event: 0.154 Loading class sun/management/RuntimeImpl done
Event: 0.155 Loading class java/util/Collections$2
Event: 0.155 Loading class java/util/Collections$2 done
Event: 0.165 Loading class java/net/MalformedURLException
Event: 0.165 Loading class java/net/MalformedURLException done
Event: 0.174 Loading class jdk/internal/loader/URLClassPath$FileLoader
Event: 0.174 Loading class jdk/internal/loader/URLClassPath$FileLoader done

Classes unloaded (0 events):
No events

Classes redefined (0 events):
No events

Internal exceptions (1 events):
Event: 0.155 Thread 0x0000022fb8a1c6a0 Exception <a 'java/lang/NoSuchMethodError'{0x00000000c5240e00}: 'int java.lang.invoke.DirectMethodHandle$Holder.invokeSpecial(java.lang.Object, java.lang.Object, java.lang.Object)'> (0x00000000c5240e00) 
thrown [s\src\hotspot\share\interpreter\linkResolver.cpp, line 805]

VM Operations (0 events):
No events

Memory protections (0 events):
No events

Nmethod flushes (0 events):
No events

Events (11 events):
Event: 0.030 Thread 0x0000022fb8a1c6a0 Thread added: 0x0000022fb8a1c6a0
Event: 0.044 Thread 0x0000022fb8a1c6a0 Thread added: 0x0000022fd5f618f0
Event: 0.044 Thread 0x0000022fb8a1c6a0 Thread added: 0x0000022fd5f62620
Event: 0.044 Thread 0x0000022fb8a1c6a0 Thread added: 0x0000022fd5f655e0
Event: 0.044 Thread 0x0000022fb8a1c6a0 Thread added: 0x0000022fd5f6ae40
Event: 0.045 Thread 0x0000022fb8a1c6a0 Thread added: 0x0000022fd5f73980
Event: 0.045 Thread 0x0000022fb8a1c6a0 Thread added: 0x0000022fd5f79240
Event: 0.045 Thread 0x0000022fb8a1c6a0 Thread added: 0x0000022fd5f7a9e0
Event: 0.045 Thread 0x0000022fb8a1c6a0 Thread added: 0x0000022fd5f7d990
Event: 0.050 Thread 0x0000022fb8a1c6a0 Thread added: 0x000002301b014400
Event: 0.051 Thread 0x0000022fb8a1c6a0 Thread added: 0x000002301b012e10


Dynamic libraries:
0x00007ff77fcf0000 - 0x00007ff77fcfe000 	C:\Program Files\Apache NetBeans\jdk\bin\java.exe
0x00007ffc0b730000 - 0x00007ffc0b928000 	C:\WINDOWS\SYSTEM32\ntdll.dll
0x00007ffc03900000 - 0x00007ffc03920000 	C:\Program Files\Avast Software\Avast\aswhook.dll
0x00007ffc0ade0000 - 0x00007ffc0aea2000 	C:\WINDOWS\System32\KERNEL32.DLL
0x00007ffc093d0000 - 0x00007ffc096c6000 	C:\WINDOWS\System32\KERNELBASE.dll
0x00007ffc09110000 - 0x00007ffc09210000 	C:\WINDOWS\System32\ucrtbase.dll
0x00007ffbcd3f0000 - 0x00007ffbcd406000 	C:\Program Files\Apache NetBeans\jdk\bin\jli.dll
0x00007ffbcd3c0000 - 0x00007ffbcd3de000 	C:\Program Files\Apache NetBeans\jdk\bin\VCRUNTIME140.dll
0x00007ffc09b50000 - 0x00007ffc09cf1000 	C:\WINDOWS\System32\USER32.dll
0x00007ffc09210000 - 0x00007ffc09232000 	C:\WINDOWS\System32\win32u.dll
0x00007ffc073e0000 - 0x00007ffc0767b000 	C:\WINDOWS\WinSxS\amd64_microsoft.windows.common-controls_6595b64144ccf1df_6.0.19041.6456_none_60b8a6cb71f64256\COMCTL32.dll
0x00007ffc0ad10000 - 0x00007ffc0ad3b000 	C:\WINDOWS\System32\GDI32.dll
0x00007ffc0ad40000 - 0x00007ffc0adde000 	C:\WINDOWS\System32\msvcrt.dll
0x00007ffc08dc0000 - 0x00007ffc08ed9000 	C:\WINDOWS\System32\gdi32full.dll
0x00007ffc08fc0000 - 0x00007ffc0905d000 	C:\WINDOWS\System32\msvcp_win.dll
0x00007ffc0a8e0000 - 0x00007ffc0a90f000 	C:\WINDOWS\System32\IMM32.DLL
0x00007ffbf69c0000 - 0x00007ffbf69cc000 	C:\Program Files\Apache NetBeans\jdk\bin\vcruntime140_1.dll
0x00007ffb96e70000 - 0x00007ffb96efd000 	C:\Program Files\Apache NetBeans\jdk\bin\msvcp140.dll
0x00007ffb9e940000 - 0x00007ffb9f7bc000 	C:\Program Files\Apache NetBeans\jdk\bin\server\jvm.dll
0x00007ffc0b010000 - 0x00007ffc0b0c1000 	C:\WINDOWS\System32\ADVAPI32.dll
0x00007ffc09ab0000 - 0x00007ffc09b4f000 	C:\WINDOWS\System32\sechost.dll
0x00007ffc0ab10000 - 0x00007ffc0ac30000 	C:\WINDOWS\System32\RPCRT4.dll
0x00007ffc093a0000 - 0x00007ffc093c7000 	C:\WINDOWS\System32\bcrypt.dll
0x00007ffc0a910000 - 0x00007ffc0a97b000 	C:\WINDOWS\System32\WS2_32.dll
0x00007ffc08c20000 - 0x00007ffc08c6b000 	C:\WINDOWS\SYSTEM32\POWRPROF.dll
0x00007ffbeda10000 - 0x00007ffbeda37000 	C:\WINDOWS\SYSTEM32\WINMM.dll
0x00007ffc026c0000 - 0x00007ffc026ca000 	C:\WINDOWS\SYSTEM32\VERSION.dll
0x00007ffc08c00000 - 0x00007ffc08c12000 	C:\WINDOWS\SYSTEM32\UMPDC.dll
0x00007ffc06620000 - 0x00007ffc06632000 	C:\WINDOWS\SYSTEM32\kernel.appcore.dll
0x00007ffbd9b90000 - 0x00007ffbd9b9a000 	C:\Program Files\Apache NetBeans\jdk\bin\jimage.dll
0x00007ffc08710000 - 0x00007ffc08911000 	C:\WINDOWS\SYSTEM32\DBGHELP.DLL
0x00007ffc078e0000 - 0x00007ffc07914000 	C:\WINDOWS\SYSTEM32\dbgcore.DLL
0x00007ffc08f30000 - 0x00007ffc08fb2000 	C:\WINDOWS\System32\bcryptPrimitives.dll
0x00007ffba96f0000 - 0x00007ffba970e000 	C:\Program Files\Apache NetBeans\jdk\bin\java.dll
0x00007ffc09fc0000 - 0x00007ffc0a0eb000 	C:\WINDOWS\System32\ole32.dll
0x00007ffc09750000 - 0x00007ffc09aa4000 	C:\WINDOWS\System32\combase.dll
0x00007ffc0a0f0000 - 0x00007ffc0a860000 	C:\WINDOWS\System32\SHELL32.dll
0x00007ffc06790000 - 0x00007ffc06f35000 	C:\WINDOWS\SYSTEM32\windows.storage.dll
0x00007ffc083b0000 - 0x00007ffc083db000 	C:\WINDOWS\SYSTEM32\Wldp.dll
0x00007ffc0ac40000 - 0x00007ffc0ad0d000 	C:\WINDOWS\System32\OLEAUT32.dll
0x00007ffc0af60000 - 0x00007ffc0b00d000 	C:\WINDOWS\System32\SHCORE.dll
0x00007ffc0aab0000 - 0x00007ffc0ab0b000 	C:\WINDOWS\System32\shlwapi.dll
0x00007ffc08cf0000 - 0x00007ffc08d14000 	C:\WINDOWS\SYSTEM32\profapi.dll
0x00007ffba9460000 - 0x00007ffba9537000 	C:\Program Files\Apache NetBeans\jdk\bin\jsvml.dll
0x00007ffbd8820000 - 0x00007ffbd8830000 	C:\Program Files\Apache NetBeans\jdk\bin\net.dll
0x00007ffc08130000 - 0x00007ffc0819a000 	C:\WINDOWS\system32\mswsock.dll
0x00007ffbcd1f0000 - 0x00007ffbcd206000 	C:\Program Files\Apache NetBeans\jdk\bin\nio.dll
0x00007ffbcd210000 - 0x00007ffbcd227000 	C:\Program Files\Apache NetBeans\jdk\bin\zip.dll
0x00007ffbe6aa0000 - 0x00007ffbe6aaa000 	C:\Program Files\Apache NetBeans\jdk\bin\management.dll
0x00007ffbdf390000 - 0x00007ffbdf39b000 	C:\Program Files\Apache NetBeans\jdk\bin\management_ext.dll
0x00007ffc0ac30000 - 0x00007ffc0ac38000 	C:\WINDOWS\System32\PSAPI.DLL

JVMTI agents: none

dbghelp: loaded successfully - version: 4.0.5 - missing functions: none
symbol engine: initialized successfully - sym options: 0x614 - pdb path: .;C:\Program Files\Apache NetBeans\jdk\bin;C:\WINDOWS\SYSTEM32;C:\Program Files\Avast Software\Avast;C:\WINDOWS\WinSxS\amd64_microsoft.windows.common-controls_6595b64144ccf1df_6.0.19041.6456_none_60b8a6cb71f64256;C:\Program Files\Apache NetBeans\jdk\bin\server

VM Arguments:
java_command: C:\Users\agent\AppData\Local\Temp\surefire13801801978252597094\surefirebooter-20260424003157664_3.jar C:\Users\agent\AppData\Local\Temp\surefire13801801978252597094 2026-04-24T00-31-56_969-jvmRun1 surefire-20260424003157664_1tmp surefire_0-20260424003157664_2tmp
java_class_path (initial): C:\Users\agent\AppData\Local\Temp\surefire13801801978252597094\surefirebooter-20260424003157664_3.jar
Launcher Type: SUN_STANDARD

[Global flags]
     intx CICompilerCount                          = 3                                         {product} {ergonomic}
     uint ConcGCThreads                            = 1                                         {product} {ergonomic}
     uint G1ConcRefinementThreads                  = 4                                         {product} {ergonomic}
   size_t G1HeapRegionSize                         = 1048576                                   {product} {ergonomic}
   size_t InitialHeapSize                          = 67108864                                  {product} {ergonomic}
   size_t MarkStackSize                            = 4194304                                   {product} {ergonomic}
   size_t MarkStackSizeMax                         = 536870912                                 {product} {ergonomic}
   size_t MaxHeapSize                              = 1050673152                                {product} {ergonomic}
   size_t MaxNewSize                               = 630194176                                 {product} {ergonomic}
   size_t MinHeapDeltaBytes                        = 1048576                                   {product} {ergonomic}
   size_t MinHeapSize                              = 8388608                                   {product} {ergonomic}
    uintx NonNMethodCodeHeapSize                   = 5832704                                {pd product} {ergonomic}
    uintx NonProfiledCodeHeapSize                  = 122945536                              {pd product} {ergonomic}
    uintx ProfiledCodeHeapSize                     = 122880000                              {pd product} {ergonomic}
    uintx ReservedCodeCacheSize                    = 251658240                              {pd product} {ergonomic}
     bool SegmentedCodeCache                       = true                                      {product} {ergonomic}
   size_t SoftMaxHeapSize                          = 1050673152                             {manageable} {ergonomic}
     bool UseCompressedOops                        = true                           {product lp64_product} {ergonomic}
     bool UseG1GC                                  = true                                      {product} {ergonomic}
     bool UseLargePagesIndividualAllocation        = false                                  {pd product} {ergonomic}

Logging:
Log output configuration:
 #0: stdout all=warning uptime,level,tags foldmultilines=false
 #1: stderr all=off uptime,level,tags foldmultilines=false

Environment Variables:
JAVA_HOME=C:\Program Files\Apache NetBeans\jdk
PATH=C:\oracle\product\10.2.0\db_1\bin;C:\Program Files\Common Files\Oracle\Java\javapath;C:\Program Files (x86)\Common Files\Oracle\Java\javapath;C:\WINDOWS\system32;C:\WINDOWS;C:\WINDOWS\System32\Wbem;C:\WINDOWS\System32\WindowsPowerShell\v1.0\;C:\WINDOWS\System32\OpenSSH\;C:\Program Files (x86)\Intel\Intel(R) Management Engine Components\DAL;C:\Program Files\Intel\Intel(R) Management Engine Components\DAL;C:\Program Files (x86)\Intel\Intel(R) Management Engine Components\IPT;C:\Program Files\Intel\Intel(R) Management Engine Components\IPT;C:\Users\agent\AppData\Local\Microsoft\WindowsApps;
USERNAME=agent
OS=Windows_NT
PROCESSOR_IDENTIFIER=Intel64 Family 6 Model 142 Stepping 10, GenuineIntel
TMP=C:\Users\agent\AppData\Local\Temp
TEMP=C:\Users\agent\AppData\Local\Temp




Periodic native trim disabled

---------------  S Y S T E M  ---------------

OS:
 Windows 10 , 64 bit Build 19041 (10.0.19041.5915)
OS uptime: 0 days 9:00 hours

CPU: total 4 (initial active 4) (2 cores per cpu, 2 threads per core) family 6 model 142 stepping 10 microcode 0xe0, cx8, cmov, fxsr, ht, mmx, 3dnowpref, sse, sse2, sse3, ssse3, sse4.1, sse4.2, popcnt, lzcnt, tsc, tscinvbit, avx, avx2, aes, erms, clmul, bmi1, bmi2, adx, fma, vzeroupper, clflush, clflushopt, rdtscp, f16c
Processor Information for the first 4 processors :
  Max Mhz: 2201, Current Mhz: 2201, Mhz Limit: 2201

Memory: 4k page, system-wide physical 4007M (132M free)
TotalPageFile size 16295M (AvailPageFile size 5M)
current process WorkingSet (physical memory assigned to process): 52M, peak: 52M
current process commit charge ("private bytes"): 146M, peak: 146M

vm_info: OpenJDK 64-Bit Server VM (24.0.1+9) for windows-amd64 JRE (24.0.1+9) (Zulu24.30+11-CA), built on 2025-03-21T13:52:34Z with MS VC++ 17.1 (VS2022)

END.
