#
# There is insufficient memory for the Java Runtime Environment to continue.
# Native memory allocation (mmap) failed to map 65536 bytes. Error detail: Failed to commit metaspace.
# Possible reasons:
#   The system is out of physical RAM or swap space
#   This process is running with CompressedOops enabled, and the Java Heap may be blocking the growth of the native heap
# Possible solutions:
#   Reduce memory load on the system
#   Increase physical memory or swap space
#   Check if swap backing store is full
#   Decrease Java heap size (-Xmx/-Xms)
#   Decrease number of Java threads
#   Decrease Java thread stack sizes (-Xss)
#   Set larger code cache with -XX:ReservedCodeCacheSize=
#   JVM is running with Unscaled Compressed Oops mode in which the Java heap is
#     placed in the first 4GB address space. The Java Heap base address is the
#     maximum limit for the native heap growth. Please use -XX:HeapBaseMinAddress
#     to set the Java Heap base and to place the Java Heap above 4GB virtual address.
# This output file may be truncated or incomplete.
#
#  Out of Memory Error (virtualSpaceNode.cpp:113), pid=16924, tid=18188
#
# JRE version: OpenJDK Runtime Environment Zulu24.30+11-CA (24.0.1+9) (build 24.0.1+9)
# Java VM: OpenJDK 64-Bit Server VM Zulu24.30+11-CA (24.0.1+9, mixed mode, emulated-client, sharing, tiered, compressed oops, compressed class ptrs, g1 gc, windows-amd64)
# No core dump will be written. Minidumps are not enabled by default on client versions of Windows
#

---------------  S U M M A R Y ------------

Command Line: -XX:TieredStopAtLevel=1 ht.uber.ouest.UberHaitiOuestApplication

Host: Intel(R) Core(TM) i3-8130U CPU @ 2.20GHz, 4 cores, 3G,  Windows 10 , 64 bit Build 19041 (10.0.19041.5915)
Time: Fri Apr 24 01:02:34 2026 Eastern Daylight Time elapsed time: 1.990704 seconds (0d 0h 0m 1s)

---------------  T H R E A D  ---------------

Current thread (0x0000015dc1233bb0):  JavaThread "background-preinit"        [_thread_in_vm, id=18188, stack(0x0000000fb0e00000,0x0000000fb0f00000) (1024K)]

Stack: [0x0000000fb0e00000,0x0000000fb0f00000]
Native frames: (J=compiled Java code, j=interpreted, Vv=VM code, C=native code)
V  [jvm.dll+0x7410c9]  (no source info available)
V  [jvm.dll+0x97def3]  (no source info available)
V  [jvm.dll+0x98021d]  (no source info available)
V  [jvm.dll+0x980893]  (no source info available)
V  [jvm.dll+0x2b5b16]  (no source info available)
V  [jvm.dll+0x979b6e]  (no source info available)
V  [jvm.dll+0x6db675]  (no source info available)
V  [jvm.dll+0x213f7c]  (no source info available)
V  [jvm.dll+0x213d4e]  (no source info available)
V  [jvm.dll+0x6de27a]  (no source info available)
V  [jvm.dll+0x6dde37]  (no source info available)
V  [jvm.dll+0x25686c]  (no source info available)
V  [jvm.dll+0x6dc098]  (no source info available)
V  [jvm.dll+0x29a4ff]  (no source info available)
V  [jvm.dll+0x6e7234]  (no source info available)
V  [jvm.dll+0x244cae]  (no source info available)
V  [jvm.dll+0x245175]  (no source info available)
V  [jvm.dll+0x245b54]  (no source info available)
V  [jvm.dll+0x23b5a4]  (no source info available)
V  [jvm.dll+0x60e0f3]  (no source info available)
V  [jvm.dll+0x8ee326]  (no source info available)
V  [jvm.dll+0x4c2e9b]  (no source info available)
V  [jvm.dll+0x4c8b25]  (no source info available)
C  [java.dll+0x17ba]  (no source info available)
C  0x0000015de641407a  (no source info available)

The last pc belongs to native nmethod (printed below).
Java frames: (J=compiled Java code, j=interpreted, Vv=VM code)
J 587  java.lang.ClassLoader.defineClass1(Ljava/lang/ClassLoader;Ljava/lang/String;[BIILjava/security/ProtectionDomain;Ljava/lang/String;)Ljava/lang/Class; java.base@24.0.1 (0 bytes) @ 0x0000015de6414041 [0x0000015de6413f80+0x00000000000000c1]
J 966 c1 java.lang.ClassLoader.defineClass(Ljava/lang/String;[BIILjava/security/ProtectionDomain;)Ljava/lang/Class; java.base@24.0.1 (43 bytes) @ 0x0000015de65187fc [0x0000015de65186e0+0x000000000000011c]
J 802 c1 jdk.internal.loader.BuiltinClassLoader.defineClass(Ljava/lang/String;Ljdk/internal/loader/Resource;)Ljava/lang/Class; java.base@24.0.1 (121 bytes) @ 0x0000015de64ec85c [0x0000015de64ec2c0+0x000000000000059c]
J 801 c1 jdk.internal.loader.BuiltinClassLoader.findClassOnClassPathOrNull(Ljava/lang/String;)Ljava/lang/Class; java.base@24.0.1 (38 bytes) @ 0x0000015de64eb384 [0x0000015de64eb120+0x0000000000000264]
J 452 c1 jdk.internal.loader.BuiltinClassLoader.loadClassOrNull(Ljava/lang/String;Z)Ljava/lang/Class; java.base@24.0.1 (143 bytes) @ 0x0000015de63e8404 [0x0000015de63e7fe0+0x0000000000000424]
J 617 c1 jdk.internal.loader.BuiltinClassLoader.loadClass(Ljava/lang/String;Z)Ljava/lang/Class; java.base@24.0.1 (22 bytes) @ 0x0000015de641ca1c [0x0000015de641c9c0+0x000000000000005c]
J 616 c1 java.lang.ClassLoader.loadClass(Ljava/lang/String;)Ljava/lang/Class; java.base@24.0.1 (7 bytes) @ 0x0000015de641c6f4 [0x0000015de641c6a0+0x0000000000000054]
v  ~StubRoutines::call_stub 0x0000015de61d0fcd
j  tools.jackson.databind.cfg.MapperBuilder._defaultSerializerFactory()Ltools/jackson/databind/ser/SerializerFactory;+0
j  tools.jackson.databind.cfg.MapperBuilder.serializerFactory()Ltools/jackson/databind/ser/SerializerFactory;+9
j  tools.jackson.databind.cfg.ModuleContextBase._serializerFactory()Ltools/jackson/databind/ser/SerializerFactory;+4
j  tools.jackson.databind.cfg.ModuleContextBase.addSerializers(Ltools/jackson/databind/ser/Serializers;)Ltools/jackson/databind/JacksonModule$SetupContext;+2
j  tools.jackson.databind.ext.javatime.JavaTimeInitializer.setupModule(Ltools/jackson/databind/JacksonModule$SetupContext;)V+278
j  tools.jackson.databind.cfg.MapperBuilder.saveStateApplyModules()Ltools/jackson/databind/cfg/MapperBuilderState;+24
j  tools.jackson.databind.ObjectMapper.<init>(Ltools/jackson/databind/cfg/MapperBuilder;)V+22
j  tools.jackson.databind.json.JsonMapper.<init>(Ltools/jackson/databind/json/JsonMapper$Builder;)V+2
j  tools.jackson.databind.json.JsonMapper$Builder.build()Ltools/jackson/databind/json/JsonMapper;+5
j  org.springframework.boot.jackson.autoconfigure.JacksonBackgroundPreinitializer.preinitialize()V+3
j  org.springframework.boot.autoconfigure.preinitialize.BackgroundPreinitializingApplicationListener$Runner.run()V+30
j  java.lang.Thread.runWith(Ljava/lang/Object;Ljava/lang/Runnable;)V+5 java.base@24.0.1
j  java.lang.Thread.run()V+19 java.base@24.0.1
v  ~StubRoutines::call_stub 0x0000015de61d0fcd
Lock stack of current Java thread (top to bottom):
LockStack[1]: java.lang.Object 
{0x00000000c3800048} - klass: 'java/lang/Object' - flags: 

 - ---- fields (total size 2 words):
LockStack[0]: [I 
{0x00000000c4de2840} - klass: {type array int} - flags: is_cloneable_fast 

 - length: 0


Compiled method (n/a) 2106  587     n 0       java.lang.ClassLoader::defineClass1 (native)
 total in heap  [0x0000015de6413e88,0x0000015de6414290] = 1032
 relocation     [0x0000015de6413f60,0x0000015de6413f78] = 24
 main code      [0x0000015de6413f80,0x0000015de641428b] = 779
 stub code      [0x0000015de641428b,0x0000015de6414290] = 5

[Constant Pool (empty)]

[MachCode]
[Entry Point]
  # {method} {0x0000015d80473068} 'defineClass1' '(Ljava/lang/ClassLoader;Ljava/lang/String;[BIILjava/security/ProtectionDomain;Ljava/lang/String;)Ljava/lang/Class;' in 'java/lang/ClassLoader'
  # parm0:    rdx:rdx   = 'java/lang/ClassLoader'
  # parm1:    r8:r8     = 'java/lang/String'
  # parm2:    r9:r9     = '[B'
  # parm3:    rdi       = int
  # parm4:    rsi       = int
  # parm5:    rcx:rcx   = 'java/security/ProtectionDomain'
  # parm6:    [sp+0xa0]   = 'java/lang/String'  (sp of caller)
  0x0000015de6413f80: 6690 448b | 5208 443b 

  0x0000015de6413f88: ;   {runtime_call Shared Runtime ic_miss_blob}
  0x0000015de6413f88: 5008 0f85 | d0a7 e0ff 
[Verified Entry Point]
  0x0000015de6413f90: 8984 2400 | 80ff ff55 | 488b ec48 | 81ec 9000 | 0000 6690 | 4181 7f20 | 0100 0000 

  0x0000015de6413fac: ;   {runtime_call StubRoutines (final stubs)}
  0x0000015de6413fac: 7405 e80d | 19df ff48 | 837d 1000 | 488d 4510 | 480f 4445 | 1048 8944 | 2440 4889 | 4c24 7048 
  0x0000015de6413fcc: 83f9 0048 | 8d44 2470 | 480f 4444 | 2470 4889 | 4424 3848 | 8974 2430 | 4889 7c24 | 284c 894c 
  0x0000015de6413fec: 2458 4983 | f900 488d | 4424 5848 | 0f44 4424 | 5848 8944 | 2420 4c89 | 4424 5049 | 83f8 004c 
  0x0000015de641400c: 8d4c 2450 | 4c0f 444c | 2450 4889 | 5424 4848 | 83fa 004c | 8d44 2448 | 4c0f 4444 

  0x0000015de6414028: ;   {oop(a 'java/lang/Class'{0x00000000ffe7c790} = 'java/lang/ClassLoader')}
  0x0000015de6414028: 2448 49be | 90c7 e7ff | 0000 0000 | 4c89 7424 | 784c 8d74 | 2478 498b | d6c5 f877 

  0x0000015de6414044: ;   {internal_word}
  0x0000015de6414044: 49ba 4140 | 41e6 5d01 | 0000 4d89 | 97b0 0300 | 0049 89a7 | a803 0000 | 498d 8fc8 | 0300 0041 
  0x0000015de6414064: c787 5404 | 0000 0400 

  0x0000015de641406c: ;   {runtime_call}
  0x0000015de641406c: 0000 48b8 | 7816 6fa9 | fb7f 0000 | ffd0 c5f8 | 7741 c787 | 5404 0000 | 0500 0000 | f083 4424 
  0x0000015de641408c: c000 493b | 6f28 0f87 | 0e00 0000 | 4183 bf50 | 0400 0000 | 0f84 2b00 | 0000 c5f8 | 7748 8945 
  0x0000015de64140ac: f849 8bcf | 4c8b e448 | 83ec 2048 

  0x0000015de64140b8: ;   {runtime_call}
  0x0000015de64140b8: 83e4 f048 | b830 a5d7 | 9efb 7f00 | 00ff d049 | 8be4 4d33 | e448 8b45 | f841 c787 | 5404 0000 
  0x0000015de64140d8: 0800 0000 | 4183 bfd0 | 0400 0002 | 0f84 7401 | 0000 49c7 | 87a8 0300 | 0000 0000 | 0049 c787 
  0x0000015de64140f8: b003 0000 | 0000 0000 | c5f8 7748 | 85c0 0f84 | 2f01 0000 | a803 0f85 | 0800 0000 | 488b 00e9 
  0x0000015de6414118: 1f01 0000 | a801 0f85 | 0900 0000 | 488b 40fe | e90e 0100 | 0048 8b40 | ff41 807f | 4800 0f84 
  0x0000015de6414138: ff00 0000 | 4883 f800 | 0f84 f500 | 0000 498b | 4f38 4885 | c90f 8414 | 0000 0048 | 83e9 0849 
  0x0000015de6414158: 894f 3849 | 034f 4048 | 8901 e9d4 | 0000 0048 | 83ec 7048 | 8904 2448 | 894c 2408 | 4889 5424 
  0x0000015de6414178: 104c 8944 | 2418 4c89 | 4c24 204c | 8954 2428 | 4c89 5c24 | 30c5 fb11 | 4424 40c5 | fb11 4c24 
  0x0000015de6414198: 48c5 fb11 | 5424 50c5 | fb11 5c24 | 58c5 fb11 | 6424 60c5 | fb11 6c24 | 6849 8bd7 | 488b c848 
  0x0000015de64141b8: ;   {no_reloc}
  0x0000015de64141b8: 83ec 2040 | f6c4 0f0f | 8419 0000 | 0048 83ec 

  0x0000015de64141c8: ;   {runtime_call}
  0x0000015de64141c8: 0848 b890 | 18ca 9efb | 7f00 00ff | d048 83c4 | 08e9 0c00 

  0x0000015de64141dc: ;   {runtime_call}
  0x0000015de64141dc: 0000 48b8 | 9018 ca9e | fb7f 0000 | ffd0 4883 | c420 c5fb | 106c 2468 | c5fb 1064 | 2460 c5fb 
  0x0000015de64141fc: 105c 2458 | c5fb 1054 | 2450 c5fb | 104c 2448 | c5fb 1044 | 2440 4c8b | 5c24 304c | 8b54 2428 
  0x0000015de641421c: 4c8b 4c24 | 204c 8b44 | 2418 488b | 5424 1048 | 8b4c 2408 | 488b 0424 | 4883 c470 | c5f8 7749 
  0x0000015de641423c: 8b8f 3804 | 0000 c781 | 0001 0000 | 0000 0000 | c949 837f | 0800 0f85 | 0100 0000 

  0x0000015de6414258: ;   {runtime_call StubRoutines (initial stubs)}
  0x0000015de6414258: c3e9 62cc | dbff c5f8 | 7748 8945 | f84c 8be4 | 4883 ec20 | 4883 e4f0 

  0x0000015de6414270: ;   {runtime_call}
  0x0000015de6414270: 48b8 5070 | 0f9f fb7f | 0000 ffd0 | 498b e44d | 33e4 488b | 45f8 e95f | feff fff4 | f4f4 f4f4 
[/MachCode]


Compiled method (c1) 2117  966       1       java.lang.ClassLoader::defineClass (43 bytes)
 total in heap  [0x0000015de6518588,0x0000015de6518958] = 976
 relocation     [0x0000015de6518660,0x0000015de65186c8] = 104
 main code      [0x0000015de65186e0,0x0000015de65188a0] = 448
 stub code      [0x0000015de65188a0,0x0000015de6518918] = 120
 metadata       [0x0000015de6518918,0x0000015de6518958] = 64
 immutable data [0x0000015dc1eff360,0x0000015dc1eff4f8] = 408
 dependencies   [0x0000015dc1eff360,0x0000015dc1eff378] = 24
 nul chk table  [0x0000015dc1eff378,0x0000015dc1eff3a0] = 40
 scopes pcs     [0x0000015dc1eff3a0,0x0000015dc1eff440] = 160
 scopes data    [0x0000015dc1eff440,0x0000015dc1eff4f8] = 184

[Constant Pool (empty)]

[MachCode]
[Instructions begin]
  0x0000015de65186e0: 6666 660f | 1f84 0000 | 0000 0066 | 6666 9066 | 6690 448b | 5208 443b 

  0x0000015de65186f8: ;   {runtime_call Shared Runtime ic_miss_blob}
  0x0000015de65186f8: 5008 0f85 | 6060 d0ff 
[Verified Entry Point]
  0x0000015de6518700: 8984 2400 | 80ff ff55 | 4881 ecb0 | 0000 0090 | 4181 7f20 | 0100 0000 

  0x0000015de6518718: ;   {runtime_call StubRoutines (final stubs)}
  0x0000015de6518718: 7405 e8a1 | d1ce ff48 | 8954 2478 | 89b4 2494 | 0000 0089 | bc24 9000 | 0000 4c89 | 8c24 8800 
  0x0000015de6518738: 0000 498b | d84c 8bc3 | 4c8b c948 | 8bca 488b | d148 899c | 2480 0000 | 0066 0f1f 

  0x0000015de6518754: ;   {optimized virtual_call}
  0x0000015de6518754: 4400 00e8 

  0x0000015de6518758: ; ImmutableOopMap {[120]=Oop [128]=Oop [136]=Oop }
                      ;*invokevirtual preDefineClass {reexecute=0 rethrow=0 return_oop=0}
                      ; - java.lang.ClassLoader::defineClass@4 (line 960)
  0x0000015de6518758: 640f 0000 

  0x0000015de651875c: ;   {post_call_nop}
  0x0000015de651875c: 0f1f 8400 | d401 0000 | 4889 8424 | 9800 0000 

  0x0000015de651876c: ; implicit exception: dispatches to 0x0000015de6518847
  0x0000015de651876c: 448b 4010 | 4d85 c00f | 850f 0000 

  0x0000015de6518778: ;   {oop(nullptr)}
  0x0000015de6518778: 0048 bb00 | 0000 0000 | 0000 00e9 | 3f00 0000 

  0x0000015de6518788: ; implicit exception: dispatches to 0x0000015de651884c
  0x0000015de6518788: 458b 400c | 4d85 c00f | 850f 0000 

  0x0000015de6518794: ;   {oop(nullptr)}
  0x0000015de6518794: 0048 bb00 | 0000 0000 | 0000 00e9 | 2300 0000 

  0x0000015de65187a4: ; implicit exception: dispatches to 0x0000015de6518851
  0x0000015de65187a4: 418b 5038 

  0x0000015de65187a8: ; implicit exception: dispatches to 0x0000015de6518856
  0x0000015de65187a8: 483b 020f 

  0x0000015de65187ac: ;   {optimized virtual_call}
  0x0000015de65187ac: 1f40 00e8 

  0x0000015de65187b0: ; ImmutableOopMap {[120]=Oop [128]=Oop [136]=Oop [152]=Oop }
                      ;*invokevirtual toExternalForm {reexecute=0 rethrow=0 return_oop=0}
                      ; - java.net.URL::toExternalForm@5 (line 1151)
                      ; - java.net.URL::toString@1 (line 1137)
                      ; - java.lang.ClassLoader::defineClassSourceLocation@22 (line 864)
                      ; - java.lang.ClassLoader::defineClass@12 (line 961)
  0x0000015de65187b0: 2cdd f0ff 

  0x0000015de65187b4: ;   {post_call_nop}
  0x0000015de65187b4: 0f1f 8400 | 2c02 0001 | 488b d848 | 8b84 2498 | 0000 008b | b424 9400 | 0000 8bbc | 2490 0000 
  0x0000015de65187d4: 004c 8b8c | 2488 0000 | 004c 8b84 | 2480 0000 | 0048 8b54 | 2478 4c8b | da49 8bd3 | 488b c848 
  0x0000015de65187f4: ;   {static_call}
  0x0000015de65187f4: 891c 24e8 

  0x0000015de65187f8: ; ImmutableOopMap {[120]=Oop [152]=Oop }
                      ;*invokestatic defineClass1 {reexecute=0 rethrow=0 return_oop=0}
                      ; - java.lang.ClassLoader::defineClass@27 (line 962)
  0x0000015de65187f8: 94b7 efff 

  0x0000015de65187fc: ;   {post_call_nop}
  0x0000015de65187fc: 0f1f 8400 | 7402 0002 | 4c8b c04c | 8b8c 2498 | 0000 0048 | 8b54 2478 | 4889 8424 | a000 0000 
  0x0000015de651881c: ;   {optimized virtual_call}
  0x0000015de651881c: 6666 90e8 

  0x0000015de6518820: ; ImmutableOopMap {[160]=Oop }
                      ;*invokevirtual postDefineClass {reexecute=0 rethrow=0 return_oop=0}
                      ; - java.lang.ClassLoader::defineClass@37 (line 963)
  0x0000015de6518820: dc21 0000 

  0x0000015de6518824: ;   {post_call_nop}
  0x0000015de6518824: 0f1f 8400 | 9c02 0003 | 488b 8424 | a000 0000 | 4881 c4b0 | 0000 005d 

  0x0000015de651883c: ;   {poll_return}
  0x0000015de651883c: 493b 6728 | 0f87 1500 

  0x0000015de6518844: ;   {runtime_call C1 Runtime throw_null_pointer_exception_blob}
  0x0000015de6518844: 0000 c3e8 

  0x0000015de6518848: ; ImmutableOopMap {rax=Oop [120]=Oop [128]=Oop [136]=Oop [152]=Oop }
                      ;*invokevirtual getCodeSource {reexecute=0 rethrow=0 return_oop=0}
                      ; - java.lang.ClassLoader::defineClassSourceLocation@1 (line 861)
                      ; - java.lang.ClassLoader::defineClass@12 (line 961)
  0x0000015de6518848: 9414 dbff 

  0x0000015de651884c: ;   {runtime_call C1 Runtime throw_null_pointer_exception_blob}
  0x0000015de651884c: e88f 14db 

  0x0000015de6518850: ; ImmutableOopMap {rax=Oop [120]=Oop [128]=Oop [136]=Oop [152]=Oop }
                      ;*invokevirtual getLocation {reexecute=0 rethrow=0 return_oop=0}
                      ; - java.lang.ClassLoader::defineClassSourceLocation@12 (line 863)
                      ; - java.lang.ClassLoader::defineClass@12 (line 961)
                      ;   {runtime_call C1 Runtime throw_null_pointer_exception_blob}
  0x0000015de6518850: ffe8 8a14 

  0x0000015de6518854: ; ImmutableOopMap {r8=Oop [120]=Oop [128]=Oop [136]=Oop [152]=Oop }
                      ;*invokevirtual toString {reexecute=0 rethrow=0 return_oop=0}
                      ; - java.lang.ClassLoader::defineClassSourceLocation@22 (line 864)
                      ; - java.lang.ClassLoader::defineClass@12 (line 961)
                      ;   {runtime_call C1 Runtime throw_null_pointer_exception_blob}
  0x0000015de6518854: dbff e885 

  0x0000015de6518858: ; ImmutableOopMap {r8=Oop rdx=Oop [120]=Oop [128]=Oop [136]=Oop [152]=Oop }
                      ;*invokevirtual toExternalForm {reexecute=0 rethrow=0 return_oop=0}
                      ; - java.net.URL::toExternalForm@5 (line 1151)
                      ; - java.net.URL::toString@1 (line 1137)
                      ; - java.lang.ClassLoader::defineClassSourceLocation@22 (line 864)
                      ; - java.lang.ClassLoader::defineClass@12 (line 961)
                      ;   {internal_word}
  0x0000015de6518858: 14db ff49 | ba3c 8851 | e65d 0100 | 004d 8997 | 6004 0000 

  0x0000015de651886c: ;   {runtime_call SafepointBlob}
  0x0000015de651886c: e96f d4d0 | ff49 8b87 | 0805 0000 | 49c7 8708 | 0500 0000 | 0000 0049 | c787 1005 | 0000 0000 
  0x0000015de651888c: 0000 4881 | c4b0 0000 

  0x0000015de6518894: ;   {runtime_call C1 Runtime unwind_exception_blob}
  0x0000015de6518894: 005d e9c5 | 01db fff4 | f4f4 f4f4 
[Stub Code]
  0x0000015de65188a0: ;   {no_reloc}
  0x0000015de65188a0: 0f1f 4400 

  0x0000015de65188a4: ;   {static_stub}
  0x0000015de65188a4: 0048 bb00 | 0000 0000 

  0x0000015de65188ac: ;   {runtime_call nmethod}
  0x0000015de65188ac: 0000 00e9 | fbff ffff 

  0x0000015de65188b4: ;   {static_stub}
  0x0000015de65188b4: 48bb 0000 | 0000 0000 

  0x0000015de65188bc: ;   {runtime_call nmethod}
  0x0000015de65188bc: 0000 e9fb 

  0x0000015de65188c0: ;   {static_stub}
  0x0000015de65188c0: ffff ff48 | bb00 0000 | 0000 0000 

  0x0000015de65188cc: ;   {runtime_call nmethod}
  0x0000015de65188cc: 00e9 fbff 

  0x0000015de65188d0: ;   {static_stub}
  0x0000015de65188d0: ffff 48bb | 0000 0000 | 0000 0000 

  0x0000015de65188dc: ;   {runtime_call nmethod}
  0x0000015de65188dc: e9fb ffff 

  0x0000015de65188e0: ;   {runtime_call C1 Runtime handle_exception_from_callee_blob}
  0x0000015de65188e0: ffe8 fa31 

  0x0000015de65188e4: ;   {external_word}
  0x0000015de65188e4: dbff 48b9 | e034 3f9f | fb7f 0000 | 4883 e4f0 

  0x0000015de65188f4: ;   {runtime_call}
  0x0000015de65188f4: 48b8 d08d | fc9e fb7f | 0000 ffd0 

  0x0000015de6518900: ;   {section_word}
  0x0000015de6518900: f449 ba01 | 8951 e65d | 0100 0041 

  0x0000015de651890c: ;   {runtime_call DeoptimizationBlob}
  0x0000015de651890c: 52e9 6ec9 | d0ff f4f4 | f4f4 f4f4 
[/MachCode]


Compiled method (c1) 2129  802       1       jdk.internal.loader.BuiltinClassLoader::defineClass (121 bytes)
 total in heap  [0x0000015de64ec088,0x0000015de64ecb70] = 2792
 relocation     [0x0000015de64ec160,0x0000015de64ec2a8] = 328
 main code      [0x0000015de64ec2c0,0x0000015de64ec9f8] = 1848
 stub code      [0x0000015de64ec9f8,0x0000015de64ecb18] = 288
 metadata       [0x0000015de64ecb18,0x0000015de64ecb70] = 88
 immutable data [0x0000015dc1e57a00,0x0000015dc1e57e50] = 1104
 dependencies   [0x0000015dc1e57a00,0x0000015dc1e57a20] = 32
 nul chk table  [0x0000015dc1e57a20,0x0000015dc1e57a40] = 32
 handler table  [0x0000015dc1e57a40,0x0000015dc1e57a58] = 24
 scopes pcs     [0x0000015dc1e57a58,0x0000015dc1e57bf8] = 416
 scopes data    [0x0000015dc1e57bf8,0x0000015dc1e57e50] = 600

[Constant Pool (empty)]

[MachCode]
[Instructions begin]
  0x0000015de64ec2c0: 6666 660f | 1f84 0000 | 0000 0066 | 6666 9066 | 6690 448b | 5208 443b 

  0x0000015de64ec2d8: ;   {runtime_call Shared Runtime ic_miss_blob}
  0x0000015de64ec2d8: 5008 0f85 | 8024 d3ff 
[Verified Entry Point]
  0x0000015de64ec2e0: 8984 2400 | 80ff ff55 | 4881 ec00 | 0100 0090 | 4181 7f20 | 0100 0000 

  0x0000015de64ec2f8: ;   {runtime_call StubRoutines (final stubs)}
  0x0000015de64ec2f8: 7405 e8c1 | 95d1 ff48 | 8994 24a0 | 0000 004c | 8984 2490 | 0000 004c | 898c 2498 | 0000 0049 
  0x0000015de64ec318: 8bd1 6666 | 9048 b860 | b0af c15d 

  0x0000015de64ec324: ;   {virtual_call}
  0x0000015de64ec324: 0100 00e8 

  0x0000015de64ec328: ; ImmutableOopMap {[144]=Oop [152]=Oop [160]=Oop }
                      ;*invokevirtual getCodeSourceURL {reexecute=0 rethrow=0 return_oop=0}
                      ; - jdk.internal.loader.BuiltinClassLoader::defineClass@1 (line 756)
  0x0000015de64ec328: 0630 0000 

  0x0000015de64ec32c: ;   {post_call_nop}
  0x0000015de64ec32c: 0f1f 8400 | a402 0000 | 4889 8424 | a800 0000 | 4c8b 8424 | 9000 0000 

  0x0000015de64ec344: ; implicit exception: dispatches to 0x0000015de64ec8f8
  0x0000015de64ec344: 418b 7014 

  0x0000015de64ec348: ; implicit exception: dispatches to 0x0000015de64ec8fd
  0x0000015de64ec348: 8b56 0c45 | 0fbe 4810 | 498b c9c1 | e118 c1f9 | 18d3 fa48 | 8bfa ffcf | 4585 c9ba | 0000 0000 
  0x0000015de64ec368: 7505 ba01 | 0000 0083 | e201 85d2 | 488b d641 | b82e 0000 | 004c 8bcf | 0f84 1300 

  0x0000015de64ec384: ;   {static_call}
  0x0000015de64ec384: 0000 90e8 

  0x0000015de64ec388: ; ImmutableOopMap {[144]=Oop [152]=Oop [160]=Oop [168]=Oop }
                      ;*invokestatic lastIndexOf {reexecute=0 rethrow=0 return_oop=0}
                      ; - java.lang.String::lastIndexOf@13 (line 2651)
                      ; - java.lang.String::lastIndexOf@8 (line 2613)
                      ; - jdk.internal.loader.BuiltinClassLoader::defineClass@8 (line 759)
  0x0000015de64ec388: 94d4 e9ff 

  0x0000015de64ec38c: ;   {post_call_nop}
  0x0000015de64ec38c: 0f1f 8400 | 0403 0001 | e913 0000 | 0066 0f1f 

  0x0000015de64ec39c: ;   {static_call}
  0x0000015de64ec39c: 4400 00e8 

  0x0000015de64ec3a0: ; ImmutableOopMap {[144]=Oop [152]=Oop [160]=Oop [168]=Oop }
                      ;*invokestatic lastIndexOf {reexecute=0 rethrow=0 return_oop=0}
                      ; - java.lang.String::lastIndexOf@25 (line 2652)
                      ; - java.lang.String::lastIndexOf@8 (line 2613)
                      ; - jdk.internal.loader.BuiltinClassLoader::defineClass@8 (line 759)
  0x0000015de64ec3a0: bc2c d3ff 

  0x0000015de64ec3a4: ;   {post_call_nop}
  0x0000015de64ec3a4: 0f1f 8400 | 1c03 0002 | 83f8 ff0f | 847f 0000 | 0041 b800 | 0000 004c | 8bc8 488b | 9424 9000 
  0x0000015de64ec3c4: ;   {optimized virtual_call}
  0x0000015de64ec3c4: 0000 90e8 

  0x0000015de64ec3c8: ; ImmutableOopMap {[144]=Oop [152]=Oop [160]=Oop [168]=Oop }
                      ;*invokevirtual substring {reexecute=0 rethrow=0 return_oop=0}
                      ; - jdk.internal.loader.BuiltinClassLoader::defineClass@23 (line 761)
  0x0000015de64ec3c8: b49e eaff 

  0x0000015de64ec3cc: ;   {post_call_nop}
  0x0000015de64ec3cc: 0f1f 8400 | 4403 0003 | 488b 9424 | 9800 0000 | 4889 8424 | b000 0000 | 9048 b888 | b0af c15d 
  0x0000015de64ec3ec: ;   {virtual_call}
  0x0000015de64ec3ec: 0100 00e8 

  0x0000015de64ec3f0: ; ImmutableOopMap {[144]=Oop [152]=Oop [160]=Oop [168]=Oop [176]=Oop }
                      ;*invokevirtual getManifest {reexecute=0 rethrow=0 return_oop=0}
                      ; - jdk.internal.loader.BuiltinClassLoader::defineClass@29 (line 762)
  0x0000015de64ec3f0: 1eea 0200 

  0x0000015de64ec3f4: ;   {post_call_nop}
  0x0000015de64ec3f4: 0f1f 8400 | 6c03 0004 | 4c8b 8424 | b000 0000 | 4c8b c848 | 8bbc 24a8 | 0000 0048 | 8b94 24a0 
  0x0000015de64ec414: 0000 0066 | 0f1f 4400 | 0048 b8b0 | b0af c15d 

  0x0000015de64ec424: ;   {virtual_call}
  0x0000015de64ec424: 0100 00e8 

  0x0000015de64ec428: ; ImmutableOopMap {[144]=Oop [152]=Oop [160]=Oop [168]=Oop }
                      ;*invokevirtual defineOrCheckPackage {reexecute=0 rethrow=0 return_oop=0}
                      ; - jdk.internal.loader.BuiltinClassLoader::defineClass@40 (line 763)
  0x0000015de64ec428: 86f3 ffff 

  0x0000015de64ec42c: ;   {post_call_nop}
  0x0000015de64ec42c: 0f1f 8400 | a403 0005 | 4c8b 8c24 | 9800 0000 | 488d 9424 | e000 0000 | 4c89 4a08 | 498b 0141 
  0x0000015de64ec44c: 8bb7 5806 | 0000 81fe | a806 0000 | 0f8d a404 | 0000 4d3b | 4c37 f80f | 8425 0000 | 00a8 020f 
  0x0000015de64ec46c: 8591 0400 | 0048 8bf0 | 4883 e6fe | 4883 c801 | f049 0fb1 | 310f 857b | 0400 0041 | 8bb7 5806 
  0x0000015de64ec48c: 0000 4d89 | 0c37 83c6 | 0841 89b7 | 5806 0000 | 418b 510c | 4885 d20f | 854b 0000 | 0049 8bd1 
  0x0000015de64ec4ac: 9048 b8d8 | b0af c15d 

  0x0000015de64ec4b4: ;   {virtual_call}
  0x0000015de64ec4b4: 0100 00e8 

  0x0000015de64ec4b8: ; ImmutableOopMap {[144]=Oop [152]=Oop [160]=Oop [168]=Oop [232]=Oop }
                      ;*invokevirtual getInputStream {reexecute=0 rethrow=0 return_oop=0}
                      ; - jdk.internal.loader.Resource::cachedInputStream@9 (line 76)
                      ; - jdk.internal.loader.Resource::getByteBuffer@1 (line 133)
                      ; - jdk.internal.loader.BuiltinClassLoader::defineClass@45 (line 767)
  0x0000015de64ec4b8: 76fc 0200 

  0x0000015de64ec4bc: ;   {post_call_nop}
  0x0000015de64ec4bc: 0f1f 8400 | 3404 0006 | 410f be57 | 4885 d24c | 8b8c 2498 | 0000 000f | 853c 0400 | 004c 8bd0 
  0x0000015de64ec4dc: 4589 510c | 498b d148 | 33d0 48c1 | ea14 4883 | fa00 0f85 | 3d04 0000 | 418b 510c | 488d 8424 
  0x0000015de64ec4fc: e000 0000 | 488b 7808 | 418b b758 | 0600 0049 | 3b7c 37f8 | 0f85 3304 | 0000 4183 | af58 0600 
  0x0000015de64ec51c: 0008 493b | 7c37 f00f | 842a 0000 | 0048 8b07 | a802 0f85 | 1200 0000 | 488b f048 | 83ce 01f0 
  0x0000015de64ec53c: 480f b137 | 0f84 0d00 | 0000 4183 | 8758 0600 | 0008 e9f6 | 0300 0048 | 85d2 0f84 | 4300 0000 
  0x0000015de64ec55c: ;   {metadata('sun/nio/ByteBuffered')}
  0x0000015de64ec55c: 48b8 a0e0 | 3f80 5d01 | 0000 8b5a | 0849 ba00 | 0000 805d | 0100 0049 | 03da 483b | 4320 0f84 
  0x0000015de64ec57c: 2400 0000 | 483b d80f | 841b 0000 

  0x0000015de64ec588: ;   {runtime_call C1 Runtime slow_subtype_check_blob}
  0x0000015de64ec588: 0053 50e8 | b004 deff | 5b5b 85db | 0f84 0500 | 0000 e905 | 0000 0048 | 33f6 eb05 | be01 0000 
  0x0000015de64ec5a8: 0085 f60f | 8468 0000 | 0048 85d2 | 0f84 4300 

  0x0000015de64ec5b8: ;   {metadata('sun/nio/ByteBuffered')}
  0x0000015de64ec5b8: 0000 48bb | a0e0 3f80 | 5d01 0000 | 8b7a 0849 | ba00 0000 | 805d 0100 | 0049 03fa | 483b 5f20 
  0x0000015de64ec5d8: 0f84 1f00 | 0000 483b | fb0f 8416 | 0000 0057 

  0x0000015de64ec5e8: ;   {runtime_call C1 Runtime slow_subtype_check_blob}
  0x0000015de64ec5e8: 53e8 5204 | deff 5f5f | 85ff 0f84 | 6703 0000 | e900 0000 | 0048 b800 | b1af c15d 

  0x0000015de64ec604: ;   {virtual_call}
  0x0000015de64ec604: 0100 00e8 

  0x0000015de64ec608: ; ImmutableOopMap {[144]=Oop [152]=Oop [160]=Oop [168]=Oop }
                      ;*invokeinterface getByteBuffer {reexecute=0 rethrow=0 return_oop=0}
                      ; - jdk.internal.loader.Resource::getByteBuffer@16 (line 135)
                      ; - jdk.internal.loader.BuiltinClassLoader::defineClass@45 (line 767)
  0x0000015de64ec608: 5427 d3ff 

  0x0000015de64ec60c: ;   {post_call_nop}
  0x0000015de64ec60c: 0f1f 8400 | 8405 0007 | e90a 0000 

  0x0000015de64ec618: ;   {oop(nullptr)}
  0x0000015de64ec618: 0048 b800 | 0000 0000 | 0000 0048 | 85c0 0f84 | 0301 0000 | 4889 8424 | b800 0000 | 488b 9424 
  0x0000015de64ec638: 9800 0000 | 9048 b828 | b1af c15d 

  0x0000015de64ec644: ;   {virtual_call}
  0x0000015de64ec644: 0100 00e8 

  0x0000015de64ec648: ; ImmutableOopMap {[144]=Oop [160]=Oop [168]=Oop [184]=Oop }
                      ;*invokevirtual getCodeSigners {reexecute=0 rethrow=0 return_oop=0}
                      ; - jdk.internal.loader.BuiltinClassLoader::defineClass@56 (line 769)
  0x0000015de64ec648: 1427 d3ff 

  0x0000015de64ec64c: ;   {post_call_nop}
  0x0000015de64ec64c: 0f1f 8400 | c405 0008 

  0x0000015de64ec654: ;   {metadata('java/security/CodeSource')}
  0x0000015de64ec654: 4c8b c848 | ba90 c91a | 805d 0100 | 0049 8b87 | c801 0000 | 488d 7828 | 493b bfd8 | 0100 000f 
  0x0000015de64ec674: 87ef 0200 | 0049 89bf | c801 0000 | 48c7 0001 | 0000 0048 | 8bca 49ba | 0000 0080 | 5d01 0000 
  0x0000015de64ec694: 492b ca89 | 4808 4833 | c989 480c | 4833 c948 | 8948 1048 | 8948 1848 | 8948 204c | 8b84 24a8 
  0x0000015de64ec6b4: 0000 0048 | 8bd0 4889 | 8424 c000 | 0000 0f1f 

  0x0000015de64ec6c4: ;   {optimized virtual_call}
  0x0000015de64ec6c4: 4400 00e8 

  0x0000015de64ec6c8: ; ImmutableOopMap {[144]=Oop [160]=Oop [184]=Oop [192]=Oop }
                      ;*invokespecial <init> {reexecute=0 rethrow=0 return_oop=0}
                      ; - jdk.internal.loader.BuiltinClassLoader::defineClass@68 (line 770)
  0x0000015de64ec6c8: 9423 d3ff 

  0x0000015de64ec6cc: ;   {post_call_nop}
  0x0000015de64ec6cc: 0f1f 8400 | 4406 0009 | 4c8b 8424 | c000 0000 | 488b 9424 | a000 0000 

  0x0000015de64ec6e4: ;   {optimized virtual_call}
  0x0000015de64ec6e4: 6666 90e8 

  0x0000015de64ec6e8: ; ImmutableOopMap {[144]=Oop [160]=Oop [184]=Oop }
                      ;*invokevirtual getProtectionDomain {reexecute=0 rethrow=0 return_oop=0}
                      ; - java.security.SecureClassLoader::defineClass@5 (line 164)
                      ; - jdk.internal.loader.BuiltinClassLoader::defineClass@79 (line 771)
  0x0000015de64ec6e8: 7423 d3ff 

  0x0000015de64ec6ec: ;   {post_call_nop}
  0x0000015de64ec6ec: 0f1f 8400 | 6406 000a | 4c8b 8424 | 9000 0000 | 4c8b 8c24 | b800 0000 | 488b f848 | 8b94 24a0 
  0x0000015de64ec70c: ;   {optimized virtual_call}
  0x0000015de64ec70c: 0000 00e8 

  0x0000015de64ec710: ; ImmutableOopMap {}
                      ;*invokevirtual defineClass {reexecute=0 rethrow=0 return_oop=0}
                      ; - java.security.SecureClassLoader::defineClass@8 (line 164)
                      ; - jdk.internal.loader.BuiltinClassLoader::defineClass@79 (line 771)
  0x0000015de64ec710: 4c23 d3ff 

  0x0000015de64ec714: ;   {post_call_nop}
  0x0000015de64ec714: 0f1f 8400 | 8c06 000b | 4881 c400 | 0100 005d 

  0x0000015de64ec724: ;   {poll_return}
  0x0000015de64ec724: 493b 6728 | 0f87 4702 | 0000 c34c | 8b8c 2498 | 0000 0049 | 8bd1 6666 | 9048 b850 | b1af c15d 
  0x0000015de64ec744: ;   {virtual_call}
  0x0000015de64ec744: 0100 00e8 

  0x0000015de64ec748: ; ImmutableOopMap {[144]=Oop [152]=Oop [160]=Oop [168]=Oop }
                      ;*invokevirtual getBytes {reexecute=0 rethrow=0 return_oop=0}
                      ; - jdk.internal.loader.BuiltinClassLoader::defineClass@84 (line 773)
  0x0000015de64ec748: 0606 0300 

  0x0000015de64ec74c: ;   {post_call_nop}
  0x0000015de64ec74c: 0f1f 8400 | c406 000c | 4889 8424 | c800 0000 | 488b 9424 | 9800 0000 | 9048 b878 | b1af c15d 
  0x0000015de64ec76c: ;   {virtual_call}
  0x0000015de64ec76c: 0100 00e8 

  0x0000015de64ec770: ; ImmutableOopMap {[144]=Oop [160]=Oop [168]=Oop [200]=Oop }
                      ;*invokevirtual getCodeSigners {reexecute=0 rethrow=0 return_oop=0}
                      ; - jdk.internal.loader.BuiltinClassLoader::defineClass@90 (line 774)
  0x0000015de64ec770: be2e 0000 

  0x0000015de64ec774: ;   {post_call_nop}
  0x0000015de64ec774: 0f1f 8400 | ec06 000d 

  0x0000015de64ec77c: ;   {metadata('java/security/CodeSource')}
  0x0000015de64ec77c: 4c8b c848 | ba90 c91a | 805d 0100 | 0049 8b87 | c801 0000 | 488d 7828 | 493b bfd8 | 0100 000f 
  0x0000015de64ec79c: 87ea 0100 | 0049 89bf | c801 0000 | 48c7 0001 | 0000 0048 | 8bca 49ba | 0000 0080 | 5d01 0000 
  0x0000015de64ec7bc: 492b ca89 | 4808 4833 | c989 480c | 4833 c948 | 8948 1048 | 8948 1848 | 8948 204c | 8b84 24a8 
  0x0000015de64ec7dc: 0000 0048 | 8bd0 4889 | 8424 d000 | 0000 0f1f 

  0x0000015de64ec7ec: ;   {optimized virtual_call}
  0x0000015de64ec7ec: 4400 00e8 

  0x0000015de64ec7f0: ; ImmutableOopMap {[144]=Oop [160]=Oop [200]=Oop [208]=Oop }
                      ;*invokespecial <init> {reexecute=0 rethrow=0 return_oop=0}
                      ; - jdk.internal.loader.BuiltinClassLoader::defineClass@102 (line 775)
  0x0000015de64ec7f0: 6caf 0200 

  0x0000015de64ec7f4: ;   {post_call_nop}
  0x0000015de64ec7f4: 0f1f 8400 | 6c07 000e | 488b 8424 | c800 0000 

  0x0000015de64ec804: ; implicit exception: dispatches to 0x0000015de64ec998
  0x0000015de64ec804: 8b70 0c4c | 8b84 24d0 | 0000 0048 | 8b94 24a0 | 0000 0089 | b424 d800 

  0x0000015de64ec81c: ;   {optimized virtual_call}
  0x0000015de64ec81c: 0000 90e8 

  0x0000015de64ec820: ; ImmutableOopMap {[144]=Oop [160]=Oop [200]=Oop }
                      ;*invokevirtual getProtectionDomain {reexecute=0 rethrow=0 return_oop=0}
                      ; - java.security.SecureClassLoader::defineClass@9 (line 132)
                      ; - jdk.internal.loader.BuiltinClassLoader::defineClass@117 (line 776)
  0x0000015de64ec820: 3cb7 0200 

  0x0000015de64ec824: ;   {post_call_nop}
  0x0000015de64ec824: 0f1f 8400 | 9c07 000f | 4c8b 8424 | 9000 0000 | 4c8b 8c24 | c800 0000 | bf00 0000 | 008b b424 
  0x0000015de64ec844: d800 0000 | 488b c848 | 8b94 24a0 | 0000 000f 

  0x0000015de64ec854: ;   {optimized virtual_call}
  0x0000015de64ec854: 1f40 00e8 

  0x0000015de64ec858: ; ImmutableOopMap {}
                      ;*invokevirtual defineClass {reexecute=0 rethrow=0 return_oop=0}
                      ; - java.security.SecureClassLoader::defineClass@12 (line 132)
                      ; - jdk.internal.loader.BuiltinClassLoader::defineClass@117 (line 776)
  0x0000015de64ec858: a4be 0200 

  0x0000015de64ec85c: ;   {post_call_nop}
  0x0000015de64ec85c: 0f1f 8400 | d407 0010 | 4881 c400 | 0100 005d 

  0x0000015de64ec86c: ;   {poll_return}
  0x0000015de64ec86c: 493b 6728 | 0f87 2701 | 0000 c349 | 8b87 0805 | 0000 4d33 | d24d 8997 | 0805 0000 | 4d33 d24d 
  0x0000015de64ec88c: 8997 1005 | 0000 488b | f048 8d84 | 24e0 0000 | 0048 8b58 | 0841 8bbf | 5806 0000 | 493b 5c3f 
  0x0000015de64ec8ac: f80f 8500 | 0100 0041 | 83af 5806 | 0000 0849 | 3b5c 3ff0 | 0f84 2a00 | 0000 488b | 03a8 020f 
  0x0000015de64ec8cc: 8512 0000 | 0048 8bf8 | 4883 cf01 | f048 0fb1 | 3b0f 840d | 0000 0041 | 8387 5806 | 0000 08e9 
  0x0000015de64ec8ec: c300 0000 | 488b c6e9 | ee00 0000 

  0x0000015de64ec8f8: ;   {runtime_call C1 Runtime throw_null_pointer_exception_blob}
  0x0000015de64ec8f8: e8e3 d3dd 

  0x0000015de64ec8fc: ; ImmutableOopMap {rax=Oop r8=Oop [144]=Oop [152]=Oop [160]=Oop [168]=Oop }
                      ;*invokevirtual lastIndexOf {reexecute=0 rethrow=0 return_oop=0}
                      ; - jdk.internal.loader.BuiltinClassLoader::defineClass@8 (line 759)
                      ;   {runtime_call C1 Runtime throw_null_pointer_exception_blob}
  0x0000015de64ec8fc: ffe8 ded3 

  0x0000015de64ec900: ; ImmutableOopMap {rax=Oop r8=Oop rsi=Oop [144]=Oop [152]=Oop [160]=Oop [168]=Oop }
                      ;*arraylength {reexecute=0 rethrow=0 return_oop=0}
                      ; - java.lang.String::length@4 (line 1580)
                      ; - java.lang.String::lastIndexOf@3 (line 2613)
                      ; - jdk.internal.loader.BuiltinClassLoader::defineClass@8 (line 759)
  0x0000015de64ec900: ddff 4c89 | 4c24 0848 

  0x0000015de64ec908: ;   {runtime_call C1 Runtime monitorenter_nofpu_blob}
  0x0000015de64ec908: 8914 24e8 

  0x0000015de64ec90c: ; ImmutableOopMap {r9=Oop [144]=Oop [152]=Oop [160]=Oop [168]=Oop [232]=Oop }
                      ;*synchronization entry
                      ; - jdk.internal.loader.Resource::cachedInputStream@-1 (line 75)
                      ; - jdk.internal.loader.Resource::getByteBuffer@1 (line 133)
                      ; - jdk.internal.loader.BuiltinClassLoader::defineClass@45 (line 767)
  0x0000015de64ec90c: 5007 deff | e987 fbff | ff41 8b51 | 0c48 83fa | 000f 84b6 | fbff ff48 

  0x0000015de64ec924: ;   {runtime_call g1_pre_barrier_slow}
  0x0000015de64ec924: 8914 24e8 | b436 deff | e9a8 fbff | ff48 83f8 | 000f 84b9 | fbff ff4c 

  0x0000015de64ec93c: ;   {runtime_call g1_post_barrier_slow}
  0x0000015de64ec93c: 890c 24e8 | 9c39 deff | e9ab fbff | ff48 8d84 | 24e0 0000 | 0048 8904 

  0x0000015de64ec954: ;   {runtime_call C1 Runtime monitorexit_nofpu_blob}
  0x0000015de64ec954: 24e8 060d | deff e9f4 | fbff ff48 

  0x0000015de64ec960: ;   {runtime_call C1 Runtime throw_class_cast_exception_blob}
  0x0000015de64ec960: 8914 24e8 

  0x0000015de64ec964: ; ImmutableOopMap {[144]=Oop [152]=Oop [160]=Oop [168]=Oop }
                      ;*checkcast {reexecute=0 rethrow=0 return_oop=0}
                      ; - jdk.internal.loader.Resource::getByteBuffer@13 (line 135)
                      ; - jdk.internal.loader.BuiltinClassLoader::defineClass@45 (line 767)
  0x0000015de64ec964: f8fa ddff 

  0x0000015de64ec968: ;   {runtime_call C1 Runtime fast_new_instance_blob}
  0x0000015de64ec968: 488b d2e8 

  0x0000015de64ec96c: ; ImmutableOopMap {r9=Oop [144]=Oop [160]=Oop [168]=Oop [184]=Oop }
                      ;*new {reexecute=0 rethrow=0 return_oop=0}
                      ; - jdk.internal.loader.BuiltinClassLoader::defineClass@61 (line 770)
  0x0000015de64ec96c: 70dc ddff | e93a fdff 

  0x0000015de64ec974: ;   {internal_word}
  0x0000015de64ec974: ff49 ba24 | c74e e65d | 0100 004d | 8997 6004 

  0x0000015de64ec984: ;   {runtime_call SafepointBlob}
  0x0000015de64ec984: 0000 e955 | 93d3 ff48 

  0x0000015de64ec98c: ;   {runtime_call C1 Runtime fast_new_instance_blob}
  0x0000015de64ec98c: 8bd2 e84d 

  0x0000015de64ec990: ; ImmutableOopMap {r9=Oop [144]=Oop [160]=Oop [168]=Oop [200]=Oop }
                      ;*new {reexecute=0 rethrow=0 return_oop=0}
                      ; - jdk.internal.loader.BuiltinClassLoader::defineClass@95 (line 775)
  0x0000015de64ec990: dcdd ffe9 | 3ffe ffff 

  0x0000015de64ec998: ;   {runtime_call C1 Runtime throw_null_pointer_exception_blob}
  0x0000015de64ec998: e843 d3dd 

  0x0000015de64ec99c: ; ImmutableOopMap {rax=Oop [144]=Oop [160]=Oop [200]=Oop [208]=Oop }
                      ;*arraylength {reexecute=0 rethrow=0 return_oop=0}
                      ; - jdk.internal.loader.BuiltinClassLoader::defineClass@114 (line 776)
                      ;   {internal_word}
  0x0000015de64ec99c: ff49 ba6c | c84e e65d | 0100 004d | 8997 6004 

  0x0000015de64ec9ac: ;   {runtime_call SafepointBlob}
  0x0000015de64ec9ac: 0000 e92d | 93d3 ff48 | 8d84 24e0 | 0000 0048 

  0x0000015de64ec9bc: ;   {runtime_call C1 Runtime monitorexit_nofpu_blob}
  0x0000015de64ec9bc: 8904 24e8 | 9c0c deff | e927 ffff | ff49 8b87 | 0805 0000 | 49c7 8708 | 0500 0000 | 0000 0049 
  0x0000015de64ec9dc: c787 1005 | 0000 0000 | 0000 4881 | c400 0100 

  0x0000015de64ec9ec: ;   {runtime_call C1 Runtime unwind_exception_blob}
  0x0000015de64ec9ec: 005d e96d | c0dd fff4 | f4f4 f4f4 
[Stub Code]
  0x0000015de64ec9f8: ;   {no_reloc}
  0x0000015de64ec9f8: 0f1f 4400 

  0x0000015de64ec9fc: ;   {static_stub}
  0x0000015de64ec9fc: 0048 bb00 | 0000 0000 

  0x0000015de64eca04: ;   {runtime_call nmethod}
  0x0000015de64eca04: 0000 00e9 | fbff ffff 

  0x0000015de64eca0c: ;   {static_stub}
  0x0000015de64eca0c: 9048 bb00 | 0000 0000 

  0x0000015de64eca14: ;   {runtime_call nmethod}
  0x0000015de64eca14: 0000 00e9 | fbff ffff 

  0x0000015de64eca1c: ;   {static_stub}
  0x0000015de64eca1c: 9048 bb00 | 0000 0000 

  0x0000015de64eca24: ;   {runtime_call nmethod}
  0x0000015de64eca24: 0000 00e9 | fbff ffff 

  0x0000015de64eca2c: ;   {static_stub}
  0x0000015de64eca2c: 9048 bb00 | 0000 0000 

  0x0000015de64eca34: ;   {runtime_call nmethod}
  0x0000015de64eca34: 0000 00e9 | fbff ffff 

  0x0000015de64eca3c: ;   {static_stub}
  0x0000015de64eca3c: 9048 bb00 | 0000 0000 

  0x0000015de64eca44: ;   {runtime_call nmethod}
  0x0000015de64eca44: 0000 00e9 | fbff ffff 

  0x0000015de64eca4c: ;   {static_stub}
  0x0000015de64eca4c: 9048 bb00 | 0000 0000 

  0x0000015de64eca54: ;   {runtime_call nmethod}
  0x0000015de64eca54: 0000 00e9 | fbff ffff 

  0x0000015de64eca5c: ;   {static_stub}
  0x0000015de64eca5c: 9048 bb00 | 0000 0000 

  0x0000015de64eca64: ;   {runtime_call nmethod}
  0x0000015de64eca64: 0000 00e9 | fbff ffff 

  0x0000015de64eca6c: ;   {static_stub}
  0x0000015de64eca6c: 9048 bb00 | 0000 0000 

  0x0000015de64eca74: ;   {runtime_call nmethod}
  0x0000015de64eca74: 0000 00e9 | fbff ffff 

  0x0000015de64eca7c: ;   {static_stub}
  0x0000015de64eca7c: 48bb 0000 | 0000 0000 

  0x0000015de64eca84: ;   {runtime_call nmethod}
  0x0000015de64eca84: 0000 e9fb 

  0x0000015de64eca88: ;   {static_stub}
  0x0000015de64eca88: ffff ff48 | bb00 0000 | 0000 0000 

  0x0000015de64eca94: ;   {runtime_call nmethod}
  0x0000015de64eca94: 00e9 fbff 

  0x0000015de64eca98: ;   {static_stub}
  0x0000015de64eca98: ffff 48bb | 0000 0000 | 0000 0000 

  0x0000015de64ecaa4: ;   {runtime_call nmethod}
  0x0000015de64ecaa4: e9fb ffff 

  0x0000015de64ecaa8: ;   {static_stub}
  0x0000015de64ecaa8: ff48 bb60 | cf1a 805d 

  0x0000015de64ecab0: ;   {runtime_call I2C/C2I adapters}
  0x0000015de64ecab0: 0100 00e9 | 8295 d3ff 

  0x0000015de64ecab8: ;   {static_stub}
  0x0000015de64ecab8: 48bb 68dd | 1a80 5d01 

  0x0000015de64ecac0: ;   {runtime_call I2C/C2I adapters}
  0x0000015de64ecac0: 0000 e96f 

  0x0000015de64ecac4: ;   {static_stub}
  0x0000015de64ecac4: 80d3 ff48 | bb00 0000 | 0000 0000 

  0x0000015de64ecad0: ;   {runtime_call nmethod}
  0x0000015de64ecad0: 00e9 fbff 

  0x0000015de64ecad4: ;   {static_stub}
  0x0000015de64ecad4: ffff 48bb | 8833 4780 | 5d01 0000 

  0x0000015de64ecae0: ;   {runtime_call I2C/C2I adapters}
  0x0000015de64ecae0: e9df 98d2 

  0x0000015de64ecae4: ;   {runtime_call C1 Runtime handle_exception_from_callee_blob}
  0x0000015de64ecae4: ffe8 f6ef 

  0x0000015de64ecae8: ;   {external_word}
  0x0000015de64ecae8: ddff 48b9 | e034 3f9f | fb7f 0000 | 4883 e4f0 

  0x0000015de64ecaf8: ;   {runtime_call}
  0x0000015de64ecaf8: 48b8 d08d | fc9e fb7f | 0000 ffd0 

  0x0000015de64ecb04: ;   {section_word}
  0x0000015de64ecb04: f449 ba05 | cb4e e65d | 0100 0041 

  0x0000015de64ecb10: ;   {runtime_call DeoptimizationBlob}
  0x0000015de64ecb10: 52e9 6a87 | d3ff f4f4 
[/MachCode]


---------------  P R O C E S S  ---------------

Threads class SMR info:
_java_thread_list=0x0000015dc640c7f0, length=14, elements={
0x0000015ddb459f70, 0x0000015dc118e710, 0x0000015dc118f700, 0x0000015dc1194600,
0x0000015dc1198150, 0x0000015dc1199c40, 0x0000015dc11a6ee0, 0x0000015dc11ca1d0,
0x0000015dc1234a50, 0x0000015dc1236040, 0x0000015dc123d710, 0x0000015dc187a810,
0x0000015dc1233bb0, 0x0000015dc12351a0
}

Java Threads: ( => current thread )
  0x0000015ddb459f70 JavaThread "main"                              [_thread_in_vm, id=14968, stack(0x0000000faf800000,0x0000000faf900000) (1024K)]
  0x0000015dc118e710 JavaThread "Reference Handler"          daemon [_thread_blocked, id=15772, stack(0x0000000fb0000000,0x0000000fb0100000) (1024K)]
  0x0000015dc118f700 JavaThread "Finalizer"                  daemon [_thread_blocked, id=17184, stack(0x0000000fb0100000,0x0000000fb0200000) (1024K)]
  0x0000015dc1194600 JavaThread "Signal Dispatcher"          daemon [_thread_blocked, id=15980, stack(0x0000000fb0200000,0x0000000fb0300000) (1024K)]
  0x0000015dc1198150 JavaThread "Attach Listener"            daemon [_thread_blocked, id=15924, stack(0x0000000fb0300000,0x0000000fb0400000) (1024K)]
  0x0000015dc1199c40 JavaThread "Service Thread"             daemon [_thread_blocked, id=7992, stack(0x0000000fb0400000,0x0000000fb0500000) (1024K)]
  0x0000015dc11a6ee0 JavaThread "Monitor Deflation Thread"   daemon [_thread_blocked, id=9264, stack(0x0000000fb0500000,0x0000000fb0600000) (1024K)]
  0x0000015dc11ca1d0 JavaThread "C1 CompilerThread0"         daemon [_thread_blocked, id=12604, stack(0x0000000fb0600000,0x0000000fb0700000) (1024K)]
  0x0000015dc1234a50 JavaThread "Notification Thread"        daemon [_thread_blocked, id=9152, stack(0x0000000fb0700000,0x0000000fb0800000) (1024K)]
  0x0000015dc1236040 JavaThread "Common-Cleaner"             daemon [_thread_blocked, id=4680, stack(0x0000000fb0800000,0x0000000fb0900000) (1024K)]
  0x0000015dc123d710 JavaThread "C1 CompilerThread1"         daemon [_thread_blocked, id=17648, stack(0x0000000fb0900000,0x0000000fb0a00000) (1024K)]
  0x0000015dc187a810 JavaThread "C1 CompilerThread2"         daemon [_thread_blocked, id=17556, stack(0x0000000fb0a00000,0x0000000fb0b00000) (1024K)]
=>0x0000015dc1233bb0 JavaThread "background-preinit"                [_thread_in_vm, id=18188, stack(0x0000000fb0e00000,0x0000000fb0f00000) (1024K)]
  0x0000015dc12351a0 JavaThread "Thread-0"                          [_thread_in_vm, id=16708, stack(0x0000000fb0f00000,0x0000000fb1000000) (1024K)]
Total: 14

Other Threads:
  0x0000015dc117d700 VMThread "VM Thread"                           [id=12420, stack(0x0000000faff00000,0x0000000fb0000000) (1024K)]
  0x0000015dc1040f60 WatcherThread "VM Periodic Task Thread"        [id=15960, stack(0x0000000fafe00000,0x0000000faff00000) (1024K)]
  0x0000015ddd71c500 WorkerThread "GC Thread#0"                     [id=10960, stack(0x0000000faf900000,0x0000000fafa00000) (1024K)]
  0x0000015dc609c1f0 WorkerThread "GC Thread#1"                     [id=9196, stack(0x0000000fb0b00000,0x0000000fb0c00000) (1024K)]
  0x0000015dc60a6110 WorkerThread "GC Thread#2"                     [id=17428, stack(0x0000000fb0c00000,0x0000000fb0d00000) (1024K)]
  0x0000015dc60b9730 WorkerThread "GC Thread#3"                     [id=6412, stack(0x0000000fb0d00000,0x0000000fb0e00000) (1024K)]
  0x0000015ddd7272b0 ConcurrentGCThread "G1 Main Marker"            [id=272, stack(0x0000000fafa00000,0x0000000fafb00000) (1024K)]
  0x0000015ddd728d70 WorkerThread "G1 Conc#0"                       [id=1704, stack(0x0000000fafb00000,0x0000000fafc00000) (1024K)]
  0x0000015ddd7858b0 ConcurrentGCThread "G1 Refine#0"               [id=9600, stack(0x0000000fafc00000,0x0000000fafd00000) (1024K)]
  0x0000015ddd786340 ConcurrentGCThread "G1 Service"                [id=17716, stack(0x0000000fafd00000,0x0000000fafe00000) (1024K)]
Total: 10

Threads with active compile tasks:
Total: 0

VM state: not at safepoint (normal execution)

VM Mutex/Monitor currently owned by a thread:  ([mutex/lock_event])
[0x00007ffb9f6d2fc8] Metaspace_lock - owner thread: 0x0000015dc1233bb0

OutOfMemory and StackOverflow Exception counts:
OutOfMemoryError java_heap_errors=1
LinkageErrors=62

Heap address: 0x00000000c1600000, size: 1002 MB, Compressed Oops mode: 32-bit

CDS archive(s) mapped at: [0x0000015d80000000-0x0000015d80d40000-0x0000015d80d40000), size 13893632, SharedBaseAddress: 0x0000015d80000000, ArchiveRelocationMode: 1.
Compressed class space mapped at: 0x0000015d81000000-0x0000015dc1000000, reserved size: 1073741824
UseCompressedClassPointers 1, UseCompactObjectHeaders 0
Narrow klass pointer bits 32, Max shift 3
Narrow klass base: 0x0000015d80000000, Narrow klass shift: 0
Encoding Range: [0x0000015d80000000 - 0x0000015e80000000), (4294967296 bytes)
Klass Range:    [0x0000015d80000000 - 0x0000015dc1000000), (1090519040 bytes)
Klass ID Range:  [8 - 1090519033) (1090519025)

GC Precious Log:
 CardTable entry size: 512
 Card Set container configuration: InlinePtr #cards 5 size 8 Array Of Cards #cards 10 size 36 Howl #buckets 4 coarsen threshold 1843 Howl Bitmap #cards 512 size 80 coarsen threshold 460 Card regions per heap region 1 cards per card region 2048
 CPUs: 4 total, 4 available
 Memory: 4007M
 Large Page Support: Disabled
 NUMA Support: Disabled
 Compressed Oops: Enabled (32-bit)
 Heap Region Size: 1M
 Heap Min Capacity: 8M
 Heap Initial Capacity: 64M
 Heap Max Capacity: 1002M
 Pre-touch: Disabled
 Parallel Workers: 4
 Concurrent Workers: 1
 Concurrent Refinement Workers: 4
 Periodic GC: Disabled

Heap:
 garbage-first heap   total reserved 1026048K, committed 67584K, used 38476K [0x00000000c1600000, 0x0000000100000000)
  region size 1024K, 30 young (30720K), 2 survivors (2048K)
 Metaspace       used 17741K, committed 17984K, reserved 1114112K
  class space    used 2032K, committed 2176K, reserved 1048576K

Heap Regions: E=young(eden), S=young(survivor), O=old, HS=humongous(starts), HC=humongous(continues), CS=collection set, F=free, TAMS=top-at-mark-start, PB=parsable bottom
|   0|0x00000000c1600000, 0x00000000c1700000, 0x00000000c1700000|100%|HS|  |TAMS 0x00000000c1600000| PB 0x00000000c1600000| Complete |  0
|   1|0x00000000c1700000, 0x00000000c1800000, 0x00000000c1800000|100%|HS|  |TAMS 0x00000000c1700000| PB 0x00000000c1700000| Complete |  0
|   2|0x00000000c1800000, 0x00000000c1900000, 0x00000000c1900000|100%| O|  |TAMS 0x00000000c1800000| PB 0x00000000c1800000| Untracked |  0
|   3|0x00000000c1900000, 0x00000000c1a00000, 0x00000000c1a00000|100%| O|  |TAMS 0x00000000c1900000| PB 0x00000000c1900000| Untracked |  0
|   4|0x00000000c1a00000, 0x00000000c1b00000, 0x00000000c1b00000|100%| O|  |TAMS 0x00000000c1a00000| PB 0x00000000c1a00000| Untracked |  0
|   5|0x00000000c1b00000, 0x00000000c1c00000, 0x00000000c1c00000|100%| O|  |TAMS 0x00000000c1b00000| PB 0x00000000c1b00000| Untracked |  0
|   6|0x00000000c1c00000, 0x00000000c1d00000, 0x00000000c1d00000|100%| O|  |TAMS 0x00000000c1c00000| PB 0x00000000c1c00000| Untracked |  0
|   7|0x00000000c1d00000, 0x00000000c1e00000, 0x00000000c1e00000|100%| O|  |TAMS 0x00000000c1d00000| PB 0x00000000c1d00000| Untracked |  0
|   8|0x00000000c1e00000, 0x00000000c1e77098, 0x00000000c1f00000| 46%| O|  |TAMS 0x00000000c1e00000| PB 0x00000000c1e00000| Untracked |  0
|   9|0x00000000c1f00000, 0x00000000c1f00000, 0x00000000c2000000|  0%| F|  |TAMS 0x00000000c1f00000| PB 0x00000000c1f00000| Untracked |  0
|  10|0x00000000c2000000, 0x00000000c2000000, 0x00000000c2100000|  0%| F|  |TAMS 0x00000000c2000000| PB 0x00000000c2000000| Untracked |  0
|  11|0x00000000c2100000, 0x00000000c2100000, 0x00000000c2200000|  0%| F|  |TAMS 0x00000000c2100000| PB 0x00000000c2100000| Untracked |  0
|  12|0x00000000c2200000, 0x00000000c2200000, 0x00000000c2300000|  0%| F|  |TAMS 0x00000000c2200000| PB 0x00000000c2200000| Untracked |  0
|  13|0x00000000c2300000, 0x00000000c2300000, 0x00000000c2400000|  0%| F|  |TAMS 0x00000000c2300000| PB 0x00000000c2300000| Untracked |  0
|  14|0x00000000c2400000, 0x00000000c2400000, 0x00000000c2500000|  0%| F|  |TAMS 0x00000000c2400000| PB 0x00000000c2400000| Untracked |  0
|  15|0x00000000c2500000, 0x00000000c2500000, 0x00000000c2600000|  0%| F|  |TAMS 0x00000000c2500000| PB 0x00000000c2500000| Untracked |  0
|  16|0x00000000c2600000, 0x00000000c2600000, 0x00000000c2700000|  0%| F|  |TAMS 0x00000000c2600000| PB 0x00000000c2600000| Untracked |  0
|  17|0x00000000c2700000, 0x00000000c2700000, 0x00000000c2800000|  0%| F|  |TAMS 0x00000000c2700000| PB 0x00000000c2700000| Untracked |  0
|  18|0x00000000c2800000, 0x00000000c2800000, 0x00000000c2900000|  0%| F|  |TAMS 0x00000000c2800000| PB 0x00000000c2800000| Untracked |  0
|  19|0x00000000c2900000, 0x00000000c2900000, 0x00000000c2a00000|  0%| F|  |TAMS 0x00000000c2900000| PB 0x00000000c2900000| Untracked |  0
|  20|0x00000000c2a00000, 0x00000000c2a00000, 0x00000000c2b00000|  0%| F|  |TAMS 0x00000000c2a00000| PB 0x00000000c2a00000| Untracked |  0
|  21|0x00000000c2b00000, 0x00000000c2b00000, 0x00000000c2c00000|  0%| F|  |TAMS 0x00000000c2b00000| PB 0x00000000c2b00000| Untracked |  0
|  22|0x00000000c2c00000, 0x00000000c2c00000, 0x00000000c2d00000|  0%| F|  |TAMS 0x00000000c2c00000| PB 0x00000000c2c00000| Untracked |  0
|  23|0x00000000c2d00000, 0x00000000c2d00000, 0x00000000c2e00000|  0%| F|  |TAMS 0x00000000c2d00000| PB 0x00000000c2d00000| Untracked |  0
|  24|0x00000000c2e00000, 0x00000000c2e00000, 0x00000000c2f00000|  0%| F|  |TAMS 0x00000000c2e00000| PB 0x00000000c2e00000| Untracked |  0
|  25|0x00000000c2f00000, 0x00000000c2f00000, 0x00000000c3000000|  0%| F|  |TAMS 0x00000000c2f00000| PB 0x00000000c2f00000| Untracked |  0
|  26|0x00000000c3000000, 0x00000000c3000000, 0x00000000c3100000|  0%| F|  |TAMS 0x00000000c3000000| PB 0x00000000c3000000| Untracked |  0
|  27|0x00000000c3100000, 0x00000000c3100000, 0x00000000c3200000|  0%| F|  |TAMS 0x00000000c3100000| PB 0x00000000c3100000| Untracked |  0
|  28|0x00000000c3200000, 0x00000000c3200000, 0x00000000c3300000|  0%| F|  |TAMS 0x00000000c3200000| PB 0x00000000c3200000| Untracked |  0
|  29|0x00000000c3300000, 0x00000000c3300000, 0x00000000c3400000|  0%| F|  |TAMS 0x00000000c3300000| PB 0x00000000c3300000| Untracked |  0
|  30|0x00000000c3400000, 0x00000000c3400000, 0x00000000c3500000|  0%| F|  |TAMS 0x00000000c3400000| PB 0x00000000c3400000| Untracked |  0
|  31|0x00000000c3500000, 0x00000000c3500000, 0x00000000c3600000|  0%| F|  |TAMS 0x00000000c3500000| PB 0x00000000c3500000| Untracked |  0
|  32|0x00000000c3600000, 0x00000000c3600000, 0x00000000c3700000|  0%| F|  |TAMS 0x00000000c3600000| PB 0x00000000c3600000| Untracked |  0
|  33|0x00000000c3700000, 0x00000000c3700000, 0x00000000c3800000|  0%| F|  |TAMS 0x00000000c3700000| PB 0x00000000c3700000| Untracked |  0
|  34|0x00000000c3800000, 0x00000000c3820270, 0x00000000c3900000| 12%| E|  |TAMS 0x00000000c3800000| PB 0x00000000c3800000| Complete |  0
|  35|0x00000000c3900000, 0x00000000c3a00000, 0x00000000c3a00000|100%| E|CS|TAMS 0x00000000c3900000| PB 0x00000000c3900000| Complete |  0
|  36|0x00000000c3a00000, 0x00000000c3b00000, 0x00000000c3b00000|100%| E|CS|TAMS 0x00000000c3a00000| PB 0x00000000c3a00000| Complete |  1
|  37|0x00000000c3b00000, 0x00000000c3c00000, 0x00000000c3c00000|100%| E|CS|TAMS 0x00000000c3b00000| PB 0x00000000c3b00000| Complete |  0
|  38|0x00000000c3c00000, 0x00000000c3d00000, 0x00000000c3d00000|100%| S|CS|TAMS 0x00000000c3c00000| PB 0x00000000c3c00000| Complete |  0
|  39|0x00000000c3d00000, 0x00000000c3e00000, 0x00000000c3e00000|100%| S|CS|TAMS 0x00000000c3d00000| PB 0x00000000c3d00000| Complete |  0
|  40|0x00000000c3e00000, 0x00000000c3f00000, 0x00000000c3f00000|100%| E|CS|TAMS 0x00000000c3e00000| PB 0x00000000c3e00000| Complete |  0
|  41|0x00000000c3f00000, 0x00000000c4000000, 0x00000000c4000000|100%| E|CS|TAMS 0x00000000c3f00000| PB 0x00000000c3f00000| Complete |  0
|  42|0x00000000c4000000, 0x00000000c4100000, 0x00000000c4100000|100%| E|CS|TAMS 0x00000000c4000000| PB 0x00000000c4000000| Complete |  0
|  43|0x00000000c4100000, 0x00000000c4200000, 0x00000000c4200000|100%| E|  |TAMS 0x00000000c4100000| PB 0x00000000c4100000| Complete |  0
|  44|0x00000000c4200000, 0x00000000c4300000, 0x00000000c4300000|100%| E|CS|TAMS 0x00000000c4200000| PB 0x00000000c4200000| Complete |  0
|  45|0x00000000c4300000, 0x00000000c4400000, 0x00000000c4400000|100%| E|CS|TAMS 0x00000000c4300000| PB 0x00000000c4300000| Complete |  0
|  46|0x00000000c4400000, 0x00000000c4500000, 0x00000000c4500000|100%| E|CS|TAMS 0x00000000c4400000| PB 0x00000000c4400000| Complete |  0
|  47|0x00000000c4500000, 0x00000000c4600000, 0x00000000c4600000|100%| E|CS|TAMS 0x00000000c4500000| PB 0x00000000c4500000| Complete |  0
|  48|0x00000000c4600000, 0x00000000c4700000, 0x00000000c4700000|100%| E|CS|TAMS 0x00000000c4600000| PB 0x00000000c4600000| Complete |  0
|  49|0x00000000c4700000, 0x00000000c4800000, 0x00000000c4800000|100%| E|CS|TAMS 0x00000000c4700000| PB 0x00000000c4700000| Complete |  0
|  50|0x00000000c4800000, 0x00000000c4900000, 0x00000000c4900000|100%| E|CS|TAMS 0x00000000c4800000| PB 0x00000000c4800000| Complete |  0
|  51|0x00000000c4900000, 0x00000000c4a00000, 0x00000000c4a00000|100%| E|CS|TAMS 0x00000000c4900000| PB 0x00000000c4900000| Complete |  0
|  52|0x00000000c4a00000, 0x00000000c4b00000, 0x00000000c4b00000|100%| E|CS|TAMS 0x00000000c4a00000| PB 0x00000000c4a00000| Complete |  0
|  53|0x00000000c4b00000, 0x00000000c4c00000, 0x00000000c4c00000|100%| E|CS|TAMS 0x00000000c4b00000| PB 0x00000000c4b00000| Complete |  0
|  54|0x00000000c4c00000, 0x00000000c4d00000, 0x00000000c4d00000|100%| E|CS|TAMS 0x00000000c4c00000| PB 0x00000000c4c00000| Complete |  0
|  55|0x00000000c4d00000, 0x00000000c4e00000, 0x00000000c4e00000|100%| E|CS|TAMS 0x00000000c4d00000| PB 0x00000000c4d00000| Complete |  0
|  56|0x00000000c4e00000, 0x00000000c4f00000, 0x00000000c4f00000|100%| E|CS|TAMS 0x00000000c4e00000| PB 0x00000000c4e00000| Complete |  0
|  57|0x00000000c4f00000, 0x00000000c5000000, 0x00000000c5000000|100%| E|CS|TAMS 0x00000000c4f00000| PB 0x00000000c4f00000| Complete |  0
|  58|0x00000000c5000000, 0x00000000c5100000, 0x00000000c5100000|100%| E|CS|TAMS 0x00000000c5000000| PB 0x00000000c5000000| Complete |  0
|  59|0x00000000c5100000, 0x00000000c5200000, 0x00000000c5200000|100%| E|CS|TAMS 0x00000000c5100000| PB 0x00000000c5100000| Complete |  0
|  60|0x00000000c5200000, 0x00000000c5300000, 0x00000000c5300000|100%| E|CS|TAMS 0x00000000c5200000| PB 0x00000000c5200000| Complete |  0
|  61|0x00000000c5300000, 0x00000000c5400000, 0x00000000c5400000|100%| E|CS|TAMS 0x00000000c5300000| PB 0x00000000c5300000| Complete |  0
|  62|0x00000000c5400000, 0x00000000c5500000, 0x00000000c5500000|100%| E|CS|TAMS 0x00000000c5400000| PB 0x00000000c5400000| Complete |  0
|  63|0x00000000c5500000, 0x00000000c5600000, 0x00000000c5600000|100%| E|CS|TAMS 0x00000000c5500000| PB 0x00000000c5500000| Complete |  0
|1000|0x00000000ffe00000, 0x00000000fff00000, 0x00000000fff00000|100%| O|  |TAMS 0x00000000ffe00000| PB 0x00000000ffe00000| Untracked |  0
|1001|0x00000000fff00000, 0x00000000fff1c2f8, 0x0000000100000000| 11%| O|  |TAMS 0x00000000fff00000| PB 0x00000000fff00000| Untracked |  0

Card table byte_map: [0x0000015de91d0000,0x0000015de93d0000] _byte_map_base: 0x0000015de8bc5000

Marking Bits: (CMBitMap*) 0x0000015ddd71cc10
 Bits: [0x0000015de93d0000, 0x0000015dea378000)

Polling page: 0x0000015ddb3f0000

Metaspace:

Usage:
  Non-class:     15.34 MB used.
      Class:      1.99 MB used.
       Both:     17.33 MB used.

Virtual space:
  Non-class space:       64.00 MB reserved,      15.44 MB ( 24%) committed,  1 nodes.
      Class space:        1.00 GB reserved,       2.12 MB ( <1%) committed,  1 nodes.
             Both:        1.06 GB reserved,      17.56 MB (  2%) committed. 

Chunk freelists:
   Non-Class:  15.61 MB
       Class:  13.83 MB
        Both:  29.44 MB

MaxMetaspaceSize: unlimited
CompressedClassSpaceSize: 1.00 GB
Initial GC threshold: 21.00 MB
Current GC threshold: 21.00 MB
CDS: on
 - commit_granule_bytes: 65536.
 - commit_granule_words: 8192.
 - virtual_space_node_default_size: 8388608.
 - enlarge_chunks_in_place: 1.
UseCompressedClassPointers 1, UseCompactObjectHeaders 0
Narrow klass pointer bits 32, Max shift 3
Narrow klass base: 0x0000015d80000000, Narrow klass shift: 0
Encoding Range: [0x0000015d80000000 - 0x0000015e80000000), (4294967296 bytes)
Klass Range:    [0x0000015d80000000 - 0x0000015dc1000000), (1090519040 bytes)
Klass ID Range:  [8 - 1090519033) (1090519025)


Internal statistics:

num_allocs_failed_limit: 0.
num_arena_births: 238.
num_arena_deaths: 0.
num_vsnodes_births: 2.
num_vsnodes_deaths: 0.
num_space_committed: 281.
num_space_uncommitted: 0.
num_chunks_returned_to_freelist: 0.
num_chunks_taken_from_freelist: 858.
num_chunk_merges: 0.
num_chunk_splits: 603.
num_chunks_enlarged: 482.
num_inconsistent_stats: 0.

CodeCache: size=49152Kb used=5448Kb max_used=5448Kb free=43703Kb
 bounds [0x0000015de61d0000, 0x0000015de6730000, 0x0000015de91d0000]
 total_blobs=3165, nmethods=2672, adapters=417, full_count=0
Compilation: enabled, stopped_count=0, restarted_count=0

Compilation events (20 events):
Event: 1.967 Thread 0x0000015dc187a810 nmethod 2661 0x0000015de671ee08 code [0x0000015de671ef20, 0x0000015de671f038]
Event: 1.968 Thread 0x0000015dc123d710 nmethod 2659 0x0000015de671f408 code [0x0000015de671f580, 0x0000015de671fa60]
Event: 1.968 Thread 0x0000015dc187a810 2663  s    1       java.util.Properties::put (10 bytes)
Event: 1.968 Thread 0x0000015dc187a810 nmethod 2663 0x0000015de671fb08 code [0x0000015de671fc20, 0x0000015de671fe58]
Event: 1.968 Thread 0x0000015dc187a810 2664       1       java.lang.AbstractStringBuilder::append (55 bytes)
Event: 1.968 Thread 0x0000015dc187a810 nmethod 2664 0x0000015de671fe88 code [0x0000015de671ffc0, 0x0000015de6720180]
Event: 1.969 Thread 0x0000015dc123d710 2665       1       jdk.internal.classfile.impl.StackMapGenerator::of (80 bytes)
Event: 1.969 Thread 0x0000015dc11ca1d0 2666       1       java.io.FilterInputStream::read (11 bytes)
Event: 1.969 Thread 0x0000015dc11ca1d0 nmethod 2666 0x0000015de6720208 code [0x0000015de6720320, 0x0000015de6720418]
Event: 1.969 Thread 0x0000015dc123d710 nmethod 2665 0x0000015de6720508 code [0x0000015de6720680, 0x0000015de6720a80]
Event: 1.970 Thread 0x0000015dc123d710 2668       1       jdk.internal.classfile.impl.StackMapGenerator$Frame::setLocal (76 bytes)
Event: 1.970 Thread 0x0000015dc11ca1d0 2669       1       java.util.concurrent.ConcurrentHashMap$EntryIterator::next (5 bytes)
Event: 1.970 Thread 0x0000015dc187a810 2670       1       java.util.concurrent.ConcurrentHashMap$EntryIterator::next (51 bytes)
Event: 1.970 Thread 0x0000015dc11ca1d0 nmethod 2669 0x0000015de6720e08 code [0x0000015de6720f20, 0x0000015de6721000]
Event: 1.970 Thread 0x0000015dc11ca1d0 2671       1       java.util.concurrent.ConcurrentHashMap$MapEntry::<init> (20 bytes)
Event: 1.970 Thread 0x0000015dc123d710 nmethod 2668 0x0000015de6721108 code [0x0000015de6721260, 0x0000015de6721480]
Event: 1.970 Thread 0x0000015dc11ca1d0 nmethod 2671 0x0000015de6721508 code [0x0000015de6721620, 0x0000015de67217f8]
Event: 1.970 Thread 0x0000015dc187a810 nmethod 2670 0x0000015de6721888 code [0x0000015de67219c0, 0x0000015de6721d58]
Event: 1.988 Thread 0x0000015dc187a810 2672       1       java.util.HashMap::calculateHashMapCapacity (11 bytes)
Event: 1.989 Thread 0x0000015dc187a810 nmethod 2672 0x0000015de6721d88 code [0x0000015de6721ee0, 0x0000015de6721fe8]

GC Heap History (4 events):
Event: 1.161 GC heap before
{Heap before GC invocations=0 (full 0):
 garbage-first heap   total reserved 1026048K, committed 67584K, used 31856K [0x00000000c1600000, 0x0000000100000000)
  region size 1024K, 28 young (28672K), 0 survivors (0K)
 Metaspace       used 6388K, committed 6592K, reserved 1114112K
  class space    used 703K, committed 832K, reserved 1048576K
}
Event: 1.174 GC heap after
{Heap after GC invocations=1 (full 0):
 garbage-first heap   total reserved 1026048K, committed 67584K, used 9456K [0x00000000c1600000, 0x0000000100000000)
  region size 1024K, 4 young (4096K), 4 survivors (4096K)
 Metaspace       used 6388K, committed 6592K, reserved 1114112K
  class space    used 703K, committed 832K, reserved 1048576K
}
Event: 1.607 GC heap before
{Heap before GC invocations=1 (full 0):
 garbage-first heap   total reserved 1026048K, committed 67584K, used 33008K [0x00000000c1600000, 0x0000000100000000)
  region size 1024K, 28 young (28672K), 4 survivors (4096K)
 Metaspace       used 11351K, committed 11648K, reserved 1114112K
  class space    used 1415K, committed 1536K, reserved 1048576K
}
Event: 1.612 GC heap after
{Heap after GC invocations=2 (full 0):
 garbage-first heap   total reserved 1026048K, committed 67584K, used 11852K [0x00000000c1600000, 0x0000000100000000)
  region size 1024K, 2 young (2048K), 2 survivors (2048K)
 Metaspace       used 11351K, committed 11648K, reserved 1114112K
  class space    used 1415K, committed 1536K, reserved 1048576K
}

Dll operation events (5 events):
Event: 0.013 Loaded shared library C:\Program Files\Apache NetBeans\jdk\bin\java.dll
Event: 0.124 Loaded shared library C:\Program Files\Apache NetBeans\jdk\bin\net.dll
Event: 0.126 Loaded shared library C:\Program Files\Apache NetBeans\jdk\bin\nio.dll
Event: 0.132 Loaded shared library C:\Program Files\Apache NetBeans\jdk\bin\zip.dll
Event: 0.230 Loaded shared library C:\Program Files\Apache NetBeans\jdk\bin\jimage.dll

Deoptimization events (2 events):
Event: 1.746 Thread 0x0000015ddb459f70 DEOPT PACKING pc=0x0000015de657662c sp=0x0000000faf8fcce0
Event: 1.746 Thread 0x0000015ddb459f70 DEOPT UNPACKING pc=0x0000015de6225722 sp=0x0000000faf8fc1d8 mode 0

Classes loaded (20 events):
Event: 1.864 Loading class jdk/internal/classfile/impl/BoundAttribute$BoundNestMembersAttribute
Event: 1.864 Loading class java/lang/classfile/attribute/NestMembersAttribute
Event: 1.864 Loading class java/lang/classfile/attribute/NestMembersAttribute done
Event: 1.864 Loading class jdk/internal/classfile/impl/BoundAttribute$BoundNestMembersAttribute done
Event: 1.865 Loading class jdk/internal/classfile/impl/AnnotationImpl$OfBooleanImpl
Event: 1.865 Loading class java/lang/classfile/AnnotationValue$OfBoolean
Event: 1.865 Loading class java/lang/classfile/AnnotationValue$OfBoolean done
Event: 1.865 Loading class jdk/internal/classfile/impl/AnnotationImpl$OfBooleanImpl done
Event: 1.876 Loading class jdk/internal/classfile/impl/AbstractAttributeMapper$NestHostMapper
Event: 1.876 Loading class jdk/internal/classfile/impl/AbstractAttributeMapper$NestHostMapper done
Event: 1.876 Loading class jdk/internal/classfile/impl/BoundAttribute$BoundNestHostAttribute
Event: 1.876 Loading class jdk/internal/classfile/impl/BoundAttribute$BoundNestHostAttribute done
Event: 1.877 Loading class java/lang/reflect/AccessFlag$LocationToFlags
Event: 1.877 Loading class java/lang/reflect/AccessFlag$LocationToFlags done
Event: 1.882 Loading class jdk/internal/classfile/impl/AnnotationImpl$OfIntImpl
Event: 1.882 Loading class jdk/internal/classfile/impl/AnnotationImpl$OfIntImpl done
Event: 1.935 Loading class java/util/zip/DataFormatException
Event: 1.935 Loading class java/util/zip/DataFormatException done
Event: 1.975 Loading class java/lang/Thread$ThreadNumbering
Event: 1.975 Loading class java/lang/Thread$ThreadNumbering done

Classes unloaded (0 events):
No events

Classes redefined (0 events):
No events

Internal exceptions (20 events):
Event: 1.211 Thread 0x0000015ddb459f70 Exception <a 'java/lang/NoSuchMethodError'{0x00000000c54edbf0}: 'int java.lang.invoke.Invokers$Holder.linkToTargetMethod(java.lang.Object, java.lang.Object)'> (0x00000000c54edbf0) 
thrown [s\src\hotspot\share\interpreter\linkResolver.cpp, line 805]
Event: 1.228 Thread 0x0000015ddb459f70 Exception <a 'java/lang/NoSuchMethodError'{0x00000000c5390848}: 'java.lang.Object java.lang.invoke.DirectMethodHandle$Holder.newInvokeSpecial(java.lang.Object, java.lang.Object, java.lang.Object, int, java.lang.Object)'> (0x00000000c5390848) 
thrown [s\src\hotspot\share\interpreter\linkResolver.cpp, line 805]
Event: 1.229 Thread 0x0000015ddb459f70 Exception <a 'java/lang/NoSuchMethodError'{0x00000000c53a0f10}: 'java.lang.Object java.lang.invoke.Invokers$Holder.linkToTargetMethod(java.lang.Object, java.lang.Object, int, java.lang.Object, java.lang.Object)'> (0x00000000c53a0f10) 
thrown [s\src\hotspot\share\interpreter\linkResolver.cpp, line 805]
Event: 1.231 Thread 0x0000015ddb459f70 Exception <a 'java/lang/NoSuchMethodError'{0x00000000c53bc7e0}: 'java.lang.Object java.lang.invoke.DirectMethodHandle$Holder.newInvokeSpecial(java.lang.Object, int, java.lang.Object)'> (0x00000000c53bc7e0) 
thrown [s\src\hotspot\share\interpreter\linkResolver.cpp, line 805]
Event: 1.231 Thread 0x0000015ddb459f70 Exception <a 'java/lang/NoSuchMethodError'{0x00000000c53c5eb0}: 'int java.lang.invoke.DirectMethodHandle$Holder.invokeSpecialIFC(java.lang.Object, java.lang.Object, java.lang.Object, java.lang.Object)'> (0x00000000c53c5eb0) 
thrown [s\src\hotspot\share\interpreter\linkResolver.cpp, line 805]
Event: 1.279 Thread 0x0000015ddb459f70 Exception <a 'java/lang/NoSuchMethodError'{0x00000000c51ad5c8}: 'void java.lang.invoke.DirectMethodHandle$Holder.invokeInterface(java.lang.Object, java.lang.Object, java.lang.Object)'> (0x00000000c51ad5c8) 
thrown [s\src\hotspot\share\interpreter\linkResolver.cpp, line 805]
Event: 1.297 Thread 0x0000015ddb459f70 Exception <a 'java/lang/NoSuchMethodError'{0x00000000c502a0e8}: 'java.lang.Object java.lang.invoke.DirectMethodHandle$Holder.invokeVirtual(java.lang.Object, java.lang.Object, java.lang.Object)'> (0x00000000c502a0e8) 
thrown [s\src\hotspot\share\interpreter\linkResolver.cpp, line 805]
Event: 1.302 Thread 0x0000015ddb459f70 Exception <a 'java/lang/NoSuchMethodError'{0x00000000c506d8f0}: 'void java.lang.invoke.DirectMethodHandle$Holder.invokeStatic(java.lang.Object, java.lang.Object, int)'> (0x00000000c506d8f0) 
thrown [s\src\hotspot\share\interpreter\linkResolver.cpp, line 805]
Event: 1.306 Thread 0x0000015ddb459f70 Exception <a 'java/lang/NoSuchMethodError'{0x00000000c508ee28}: 'void java.lang.invoke.DirectMethodHandle$Holder.invokeStaticInit(java.lang.Object, java.lang.Object, java.lang.Object)'> (0x00000000c508ee28) 
thrown [s\src\hotspot\share\interpreter\linkResolver.cpp, line 805]
Event: 1.329 Thread 0x0000015ddb459f70 Exception <a 'java/lang/NoSuchMethodError'{0x00000000c4fa50a8}: 'void java.lang.invoke.DirectMethodHandle$Holder.invokeVirtual(java.lang.Object, java.lang.Object, java.lang.Object, java.lang.Object)'> (0x00000000c4fa50a8) 
thrown [s\src\hotspot\share\interpreter\linkResolver.cpp, line 805]
Event: 1.407 Thread 0x0000015ddb459f70 Exception <a 'java/lang/IncompatibleClassChangeError'{0x00000000c4a5c6c0}: Found class java.lang.Object, but interface was expected> (0x00000000c4a5c6c0) 
thrown [s\src\hotspot\share\interpreter\linkResolver.cpp, line 872]
Event: 1.711 Thread 0x0000015ddb459f70 Exception <a 'java/lang/NoSuchMethodError'{0x00000000c4f59d00}: 'int java.lang.invoke.DirectMethodHandle$Holder.invokeSpecial(java.lang.Object, java.lang.Object, java.lang.Object, java.lang.Object, java.lang.Object)'> (0x00000000c4f59d00) 
thrown [s\src\hotspot\share\interpreter\linkResolver.cpp, line 805]
Event: 1.714 Thread 0x0000015ddb459f70 Exception <a 'java/lang/NoSuchMethodError'{0x00000000c4f6bae0}: 'void java.lang.invoke.DirectMethodHandle$Holder.invokeVirtual(java.lang.Object, java.lang.Object)'> (0x00000000c4f6bae0) 
thrown [s\src\hotspot\share\interpreter\linkResolver.cpp, line 805]
Event: 1.796 Thread 0x0000015ddb459f70 Exception <a 'java/lang/NoSuchMethodError'{0x00000000c4a60f68}: 'java.lang.Object java.lang.invoke.DirectMethodHandle$Holder.invokeStatic(java.lang.Object, java.lang.Object, int)'> (0x00000000c4a60f68) 
thrown [s\src\hotspot\share\interpreter\linkResolver.cpp, line 805]
Event: 1.935 Thread 0x0000015ddb459f70 Exception <a 'java/lang/OutOfMemoryError'{0x00000000c4030c58}> (0x00000000c4030c58) 
thrown [s\src\hotspot\share\prims\jni.cpp, line 536]
Event: 1.966 Thread 0x0000015dc1233bb0 Exception <a 'java/lang/NoSuchMethodError'{0x00000000c3b3f260}: 'long java.lang.invoke.DirectMethodHandle$Holder.invokeSpecial(java.lang.Object, java.lang.Object)'> (0x00000000c3b3f260) 
thrown [s\src\hotspot\share\interpreter\linkResolver.cpp, line 805]
Event: 1.968 Thread 0x0000015dc1233bb0 Exception <a 'java/lang/NoSuchMethodError'{0x00000000c3bd2390}: 'long java.lang.invoke.DirectMethodHandle$Holder.invokeStatic(java.lang.Object, java.lang.Object)'> (0x00000000c3bd2390) 
thrown [s\src\hotspot\share\interpreter\linkResolver.cpp, line 805]
Event: 1.968 Thread 0x0000015dc1233bb0 Exception <a 'java/lang/NoSuchMethodError'{0x00000000c3bda100}: 'long java.lang.invoke.DirectMethodHandle$Holder.invokeStaticInit(java.lang.Object, java.lang.Object)'> (0x00000000c3bda100) 
thrown [s\src\hotspot\share\interpreter\linkResolver.cpp, line 805]
Event: 1.970 Thread 0x0000015dc1233bb0 Exception <a 'java/lang/NoSuchMethodError'{0x00000000c3bffaf0}: 'long java.lang.invoke.DirectMethodHandle$Holder.invokeInterface(java.lang.Object, java.lang.Object)'> (0x00000000c3bffaf0) 
thrown [s\src\hotspot\share\interpreter\linkResolver.cpp, line 805]
Event: 1.970 Thread 0x0000015dc1233bb0 Exception <a 'java/lang/IncompatibleClassChangeError'{0x00000000c3a07938}: Found class java.lang.Object, but interface was expected> (0x00000000c3a07938) 
thrown [s\src\hotspot\share\interpreter\linkResolver.cpp, line 872]

VM Operations (20 events):
Event: 1.161 Executing VM operation: G1CollectForAllocation (G1 Evacuation Pause)
Event: 1.174 Executing VM operation: G1CollectForAllocation (G1 Evacuation Pause) done
Event: 1.383 Executing VM operation: HandshakeAllThreads (Deoptimize)
Event: 1.383 Executing VM operation: HandshakeAllThreads (Deoptimize) done
Event: 1.386 Executing VM operation: HandshakeAllThreads (Deoptimize)
Event: 1.386 Executing VM operation: HandshakeAllThreads (Deoptimize) done
Event: 1.607 Executing VM operation: G1CollectForAllocation (G1 Evacuation Pause)
Event: 1.612 Executing VM operation: G1CollectForAllocation (G1 Evacuation Pause) done
Event: 1.639 Executing VM operation: HandshakeAllThreads (Deoptimize)
Event: 1.639 Executing VM operation: HandshakeAllThreads (Deoptimize) done
Event: 1.691 Executing VM operation: HandshakeAllThreads (Deoptimize)
Event: 1.691 Executing VM operation: HandshakeAllThreads (Deoptimize) done
Event: 1.738 Executing VM operation: HandshakeAllThreads (Deoptimize)
Event: 1.738 Executing VM operation: HandshakeAllThreads (Deoptimize) done
Event: 1.742 Executing VM operation: HandshakeAllThreads (Deoptimize)
Event: 1.742 Executing VM operation: HandshakeAllThreads (Deoptimize) done
Event: 1.746 Executing VM operation: HandshakeAllThreads (Deoptimize)
Event: 1.746 Executing VM operation: HandshakeAllThreads (Deoptimize) done
Event: 1.751 Executing VM operation: HandshakeAllThreads (Deoptimize)
Event: 1.751 Executing VM operation: HandshakeAllThreads (Deoptimize) done

Memory protections (0 events):
No events

Nmethod flushes (0 events):
No events

Events (14 events):
Event: 0.032 Thread 0x0000015ddb459f70 Thread added: 0x0000015ddb459f70
Event: 0.045 Thread 0x0000015ddb459f70 Thread added: 0x0000015dc118e710
Event: 0.046 Thread 0x0000015ddb459f70 Thread added: 0x0000015dc118f700
Event: 0.046 Thread 0x0000015ddb459f70 Thread added: 0x0000015dc1194600
Event: 0.046 Thread 0x0000015ddb459f70 Thread added: 0x0000015dc1198150
Event: 0.046 Thread 0x0000015ddb459f70 Thread added: 0x0000015dc1199c40
Event: 0.046 Thread 0x0000015ddb459f70 Thread added: 0x0000015dc11a6ee0
Event: 0.046 Thread 0x0000015ddb459f70 Thread added: 0x0000015dc11ca1d0
Event: 0.118 Thread 0x0000015ddb459f70 Thread added: 0x0000015dc1234a50
Event: 0.121 Thread 0x0000015ddb459f70 Thread added: 0x0000015dc1236040
Event: 0.129 Thread 0x0000015dc11ca1d0 Thread added: 0x0000015dc123d710
Event: 0.679 Thread 0x0000015dc123d710 Thread added: 0x0000015dc187a810
Event: 1.394 Thread 0x0000015ddb459f70 Thread added: 0x0000015dc1233bb0
Event: 1.975 Thread 0x0000015ddb459f70 Thread added: 0x0000015dc12351a0


Dynamic libraries:
0x00007ff77fcf0000 - 0x00007ff77fcfe000 	C:\Program Files\Apache NetBeans\jdk\bin\java.exe
0x00007ffc0b730000 - 0x00007ffc0b928000 	C:\WINDOWS\SYSTEM32\ntdll.dll
0x00007ffc03900000 - 0x00007ffc03920000 	C:\Program Files\Avast Software\Avast\aswhook.dll
0x00007ffc0ade0000 - 0x00007ffc0aea2000 	C:\WINDOWS\System32\KERNEL32.DLL
0x00007ffc093d0000 - 0x00007ffc096c6000 	C:\WINDOWS\System32\KERNELBASE.dll
0x00007ffc09110000 - 0x00007ffc09210000 	C:\WINDOWS\System32\ucrtbase.dll
0x00007ffbcd3c0000 - 0x00007ffbcd3de000 	C:\Program Files\Apache NetBeans\jdk\bin\VCRUNTIME140.dll
0x00007ffbcd3f0000 - 0x00007ffbcd406000 	C:\Program Files\Apache NetBeans\jdk\bin\jli.dll
0x00007ffc09b50000 - 0x00007ffc09cf1000 	C:\WINDOWS\System32\USER32.dll
0x00007ffc09210000 - 0x00007ffc09232000 	C:\WINDOWS\System32\win32u.dll
0x00007ffc073e0000 - 0x00007ffc0767b000 	C:\WINDOWS\WinSxS\amd64_microsoft.windows.common-controls_6595b64144ccf1df_6.0.19041.6456_none_60b8a6cb71f64256\COMCTL32.dll
0x00007ffc0ad10000 - 0x00007ffc0ad3b000 	C:\WINDOWS\System32\GDI32.dll
0x00007ffc0ad40000 - 0x00007ffc0adde000 	C:\WINDOWS\System32\msvcrt.dll
0x00007ffc08dc0000 - 0x00007ffc08ed9000 	C:\WINDOWS\System32\gdi32full.dll
0x00007ffc08fc0000 - 0x00007ffc0905d000 	C:\WINDOWS\System32\msvcp_win.dll
0x00007ffc0a8e0000 - 0x00007ffc0a90f000 	C:\WINDOWS\System32\IMM32.DLL
0x00007ffbf69c0000 - 0x00007ffbf69cc000 	C:\Program Files\Apache NetBeans\jdk\bin\vcruntime140_1.dll
0x00007ffb96e70000 - 0x00007ffb96efd000 	C:\Program Files\Apache NetBeans\jdk\bin\msvcp140.dll
0x00007ffb9e940000 - 0x00007ffb9f7bc000 	C:\Program Files\Apache NetBeans\jdk\bin\server\jvm.dll
0x00007ffc0b010000 - 0x00007ffc0b0c1000 	C:\WINDOWS\System32\ADVAPI32.dll
0x00007ffc09ab0000 - 0x00007ffc09b4f000 	C:\WINDOWS\System32\sechost.dll
0x00007ffc0ab10000 - 0x00007ffc0ac30000 	C:\WINDOWS\System32\RPCRT4.dll
0x00007ffc093a0000 - 0x00007ffc093c7000 	C:\WINDOWS\System32\bcrypt.dll
0x00007ffc0a910000 - 0x00007ffc0a97b000 	C:\WINDOWS\System32\WS2_32.dll
0x00007ffc08c20000 - 0x00007ffc08c6b000 	C:\WINDOWS\SYSTEM32\POWRPROF.dll
0x00007ffbeda10000 - 0x00007ffbeda37000 	C:\WINDOWS\SYSTEM32\WINMM.dll
0x00007ffc026c0000 - 0x00007ffc026ca000 	C:\WINDOWS\SYSTEM32\VERSION.dll
0x00007ffc08c00000 - 0x00007ffc08c12000 	C:\WINDOWS\SYSTEM32\UMPDC.dll
0x00007ffc06620000 - 0x00007ffc06632000 	C:\WINDOWS\SYSTEM32\kernel.appcore.dll
0x00007ffbd9b90000 - 0x00007ffbd9b9a000 	C:\Program Files\Apache NetBeans\jdk\bin\jimage.dll
0x00007ffc08710000 - 0x00007ffc08911000 	C:\WINDOWS\SYSTEM32\DBGHELP.DLL
0x00007ffc078e0000 - 0x00007ffc07914000 	C:\WINDOWS\SYSTEM32\dbgcore.DLL
0x00007ffc08f30000 - 0x00007ffc08fb2000 	C:\WINDOWS\System32\bcryptPrimitives.dll
0x00007ffba96f0000 - 0x00007ffba970e000 	C:\Program Files\Apache NetBeans\jdk\bin\java.dll
0x00007ffc09fc0000 - 0x00007ffc0a0eb000 	C:\WINDOWS\System32\ole32.dll
0x00007ffc09750000 - 0x00007ffc09aa4000 	C:\WINDOWS\System32\combase.dll
0x00007ffc0a0f0000 - 0x00007ffc0a860000 	C:\WINDOWS\System32\SHELL32.dll
0x00007ffc06790000 - 0x00007ffc06f35000 	C:\WINDOWS\SYSTEM32\windows.storage.dll
0x00007ffc083b0000 - 0x00007ffc083db000 	C:\WINDOWS\SYSTEM32\Wldp.dll
0x00007ffc0ac40000 - 0x00007ffc0ad0d000 	C:\WINDOWS\System32\OLEAUT32.dll
0x00007ffc0af60000 - 0x00007ffc0b00d000 	C:\WINDOWS\System32\SHCORE.dll
0x00007ffc0aab0000 - 0x00007ffc0ab0b000 	C:\WINDOWS\System32\shlwapi.dll
0x00007ffc08cf0000 - 0x00007ffc08d14000 	C:\WINDOWS\SYSTEM32\profapi.dll
0x00007ffbd8820000 - 0x00007ffbd8830000 	C:\Program Files\Apache NetBeans\jdk\bin\net.dll
0x00007ffc08130000 - 0x00007ffc0819a000 	C:\WINDOWS\system32\mswsock.dll
0x00007ffbcd1f0000 - 0x00007ffbcd206000 	C:\Program Files\Apache NetBeans\jdk\bin\nio.dll
0x00007ffbcd210000 - 0x00007ffbcd227000 	C:\Program Files\Apache NetBeans\jdk\bin\zip.dll

JVMTI agents: none

dbghelp: loaded successfully - version: 4.0.5 - missing functions: none
symbol engine: initialized successfully - sym options: 0x614 - pdb path: .;C:\Program Files\Apache NetBeans\jdk\bin;C:\WINDOWS\SYSTEM32;C:\Program Files\Avast Software\Avast;C:\WINDOWS\WinSxS\amd64_microsoft.windows.common-controls_6595b64144ccf1df_6.0.19041.6456_none_60b8a6cb71f64256;C:\Program Files\Apache NetBeans\jdk\bin\server

VM Arguments:
jvm_args: -XX:TieredStopAtLevel=1 
java_command: ht.uber.ouest.UberHaitiOuestApplication
java_class_path (initial): C:\Users\agent\Documents\NetBeansProjects\uberHaiti_Ouest\target\classes;C:\Users\agent\.m2\repository\ch\qos\logback\logback-classic\1.5.32\logback-classic-1.5.32.jar;C:\Users\agent\.m2\repository\ch\qos\logback\logback-core\1.5.32\logback-core-1.5.32.jar;C:\Users\agent\.m2\repository\org\apache\logging\log4j\log4j-to-slf4j\2.25.3\log4j-to-slf4j-2.25.3.jar;C:\Users\agent\.m2\repository\org\apache\logging\log4j\log4j-api\2.25.3\log4j-api-2.25.3.jar;C:\Users\agent\.m2\repository\org\slf4j\jul-to-slf4j\2.0.17\jul-to-slf4j-2.0.17.jar;C:\Users\agent\.m2\repository\org\springframework\boot\spring-boot-autoconfigure\4.0.5\spring-boot-autoconfigure-4.0.5.jar;C:\Users\agent\.m2\repository\jakarta\annotation\jakarta.annotation-api\3.0.0\jakarta.annotation-api-3.0.0.jar;C:\Users\agent\.m2\repository\org\yaml\snakeyaml\2.5\snakeyaml-2.5.jar;C:\Users\agent\.m2\repository\com\zaxxer\HikariCP\7.0.2\HikariCP-7.0.2.jar;C:\Users\agent\.m2\repository\org\springframework\boot\spring-boot-data-jpa\4.0.5\spring-boot-data-jpa-4.0.5.jar;C:\Users\agent\.m2\repository\org\springframework\boot\spring-boot-data-commons\4.0.5\spring-boot-data-commons-4.0.5.jar;C:\Users\agent\.m2\repository\org\springframework\boot\spring-boot-persistence\4.0.5\spring-boot-persistence-4.0.5.jar;C:\Users\agent\.m2\repository\org\springframework\data\spring-data-commons\4.0.4\spring-data-commons-4.0.4.jar;C:\Users\agent\.m2\repository\org\springframework\boot\spring-boot-hibernate\4.0.5\spring-boot-hibernate-4.0.5.jar;C:\Users\agent\.m2\repository\org\springframework\boot\spring-boot-jpa\4.0.5\spring-boot-jpa-4.0.5.jar;C:\Users\agent\.m2\repository\jakarta\persistence\jakarta.persistence-api\3.2.0\jakarta.persistence-api-3.2.0.jar;C:\Users\agent\.m2\repository\org\hibernate\orm\hibernate-core\7.2.7.Final\hibernate-core-7.2.7.Final.jar;C:\Users\agent\.m2\repository\jakarta\transaction\jakarta.transaction-api\2.0.1\jakarta.transaction-api-2.0.1.jar;C:\Users\agent\.m2\repository\org\hibernate\models\hibernate-models\1.0.1\hibernate-models-1.0.1.jar;C:\Users\agent\.m2\repository\org\glassfish\jaxb\jaxb-runtime\4.0.6\jaxb-runtime-4.0.6.jar;C:\Users\agent\.m2\repository\org\glassfish\jaxb\jaxb-core\4.0.6\jaxb-core-4.0.6.jar;C:\Users\agent\.m2\repository\org\eclipse\angus\angus-activation\2.0.3\angus-activation-2.0.3.jar;C:\Users\agent\.m2\repository\org\glassfish\jaxb\txw2\4.0.6\txw2-4.0.6.jar;C:\Users\agent\.m2\repository\com\sun\istack\istack-commons-runtime\4.1.2\istack-commons-runtime-4.1.2.jar;C:\Users\agent\.m2\repository\jakarta\inject\jakarta.inject-api\2.0.1\jakarta.inject-api-2.0.1.jar;C:\Users\agent\.m2\repository\org\springframework\spring-orm\7.0.6\spring-orm-7.0.6.jar;C:\Users\agent\.m2\repository\org\springframework\data\spring-data-jpa\4.0.4\spring-data-jpa-4.0.4.jar;C:\Users\agent\.m2\repository\org\springframework\spring-context\7.0.6\spring-context-7.0.6.jar;C:\Users\agent\.m2\repository\org\springframework\spring-tx\7.0.6\spring-tx-7.0.6.jar;C:\Users\agent\.m2\repository\org\antlr\antlr4-runtime\4.13.2\antlr4-runtime-4.13.2.jar;C:\Users\agent\.m2\repository\org\springframework\spring-aspects\7.0.6\spring-aspects-7.0.6.jar;C:\Users\agent\.m2\repository\org\aspectj\aspectjweaver\1.9.25.1\aspectjweaver-1.9.25.1.jar;C:\Users\agent\.m2\repository\org\springframework\boot\spring-boot-jdbc\4.0.5\spring-boot-jdbc-4.0.5.jar;C:\Users\agent\.m2\repository\org\springframework\boot\spring-boot\4.0.5\spring-boot-4.0.5.jar;C:\Users\agent\.m2\repository\org\springframework\boot\spring-boot-sql\4.0.5\spring-boot-sql-4.0.5.jar;C:\Users\agent\.m2\repository\org\springframework\boot\spring-boot-transaction\4.0.5\spring-boot-transaction-4.0.5.jar;C:\Users\agent\.m2\repository\org\springframework\spring-jdbc\7.0.6\spring-jdbc-7.0.6.jar;C:\Users\agent\.m2\repository\org\springframework\boot\spring-boot-security\4.0.5\spring-boot-security-4.0.5.jar;C:\Users\agent\.m2\repository\org\springframework\security\spring-security-config\7.0.4\spring-security-config-7.0.4.jar;C:\Users\agent\.m2\repository\org\springframework\security\spring-security-core\7.0.4\spring-security-core-7.0.4.jar;C:\Users\agent\.m2\repository\org\springframework\security\spring-security-crypto\7.0.4\spring-security-crypto-7.0.4.jar;C:\Users\agent\.m2\repository\org\springframework\security\spring-security-web\7.0.4\spring-security-web-7.0.4.jar;C:\Users\agent\.m2\repository\org\springframework\spring-expression\7.0.6\spring-expression-7.0.6.jar;C:\Users\agent\.m2\repository\org\springframework\spring-aop\7.0.6\spring-aop-7.0.6.jar;C:\Users\agent\.m2\repository\org\springframework\spring-beans\7.0.6\spring-beans-7.0.6.jar;C:\Users\agent\.m2\repository\org\springframework\spring-core\7.0.6\spring-core-7.0.6.jar;C:\Users\agent\.m2\repository\commons-logging\commons-logging\1.3.6\commons-logging-1.3.6.jar;C:\Users\agent\.m2\repository\org\jspecify\jspecify\1.0.0\jspecify-1.0.0.jar;C:\Users\agent\.m2\repository\org\springframework\boot\spring-boot-thymeleaf\4.0.5\spring-boot-thymeleaf-4.0.5.jar;C:\Users\agent\.m2\repository\org\springframework\spring-web\7.0.6\spring-web-7.0.6.jar;C:\Users\agent\.m2\repository\io\micrometer\micrometer-observation\1.16.4\micrometer-observation-1.16.4.jar;C:\Users\agent\.m2\repository\io\micrometer\micrometer-commons\1.16.4\micrometer-commons-1.16.4.jar;C:\Users\agent\.m2\repository\org\springframework\boot\spring-boot-validation\4.0.5\spring-boot-validation-4.0.5.jar;C:\Users\agent\.m2\repository\org\apache\tomcat\embed\tomcat-embed-el\11.0.20\tomcat-embed-el-11.0.20.jar;C:\Users\agent\.m2\repository\org\hibernate\validator\hibernate-validator\9.0.1.Final\hibernate-validator-9.0.1.Final.jar;C:\Users\agent\.m2\repository\jakarta\validation\jakarta.validation-api\3.1.1\jakarta.validation-api-3.1.1.jar;C:\Users\agent\.m2\repository\org\jboss\logging\jboss-logging\3.6.3.Final\jboss-logging-3.6.3.Final.jar;C:\Users\agent\.m2\repository\com\fasterxml\classmate\1.7.3\classmate-1.7.3.jar;C:\Users\agent\.m2\repository\org\springframework\boot\spring-boot-jackson\4.0.5\spring-boot-jackson-4.0.5.jar;C:\Users\agent\.m2\repository\tools\jackson\core\jackson-databind\3.1.0\jackson-databind-3.1.0.jar;C:\Users\agent\.m2\repository\tools\jackson\core\jackson-core\3.1.0\jackson-core-3.1.0.jar;C:\Users\agent\.m2\repository\org\apache\tomcat\embed\tomcat-embed-core\11.0.20\tomcat-embed-core-11.0.20.jar;C:\Users\agent\.m2\repository\org\apache\tomcat\embed\tomcat-embed-websocket\11.0.20\tomcat-embed-websocket-11.0.20.jar;C:\Users\agent\.m2\repository\org\springframework\boot\spring-boot-tomcat\4.0.5\spring-boot-tomcat-4.0.5.jar;C:\Users\agent\.m2\repository\org\springframework\boot\spring-boot-http-converter\4.0.5\spring-boot-http-converter-4.0.5.jar;C:\Users\agent\.m2\repository\org\springframework\boot\spring-boot-webmvc\4.0.5\spring-boot-webmvc-4.0.5.jar;C:\Users\agent\.m2\repository\org\springframework\boot\spring-boot-servlet\4.0.5\spring-boot-servlet-4.0.5.jar;C:\Users\agent\.m2\repository\org\springframework\spring-webmvc\7.0.6\spring-webmvc-7.0.6.jar;C:\Users\agent\.m2\repository\org\thymeleaf\extras\thymeleaf-extras-springsecurity6\3.1.3.RELEASE\thymeleaf-extras-springsecurity6-3.1.3.RELEASE.jar;C:\Users\agent\.m2\repository\org\thymeleaf\thymeleaf-spring6\3.1.3.RELEASE\thymeleaf-spring6-3.1.3.RELEASE.jar;C:\Users\agent\.m2\repository\org\thymeleaf\thymeleaf\3.1.3.RELEASE\thymeleaf-3.1.3.RELEASE.jar;C:\Users\agent\.m2\repository\org\attoparser\attoparser\2.0.7.RELEASE\attoparser-2.0.7.RELEASE.jar;C:\Users\agent\.m2\repository\org\unbescape\unbescape\1.1.6.RELEASE\unbescape-1.1.6.RELEASE.jar;C:\Users\agent\.m2\repository\org\slf4j\slf4j-api\2.0.17\slf4j-api-2.0.17.jar;C:\Users\agent\.m2\repository\com\mysql\mysql-connector-j\9.6.0\mysql-connector-j-9.6.0.jar;C:\Users\agent\.m2\repository\org\postgresql\postgresql\42.7.10\postgresql-42.7.10.jar;C:\Users\agent\.m2\repository\org\checkerframework\checker-qual\3.52.0\checker-qual-3.52.0.jar;C:\Users\agent\.m2\repository\jakarta\xml\bind\jakarta.xml.bind-api\4.0.4\jakarta.xml.bind-api-4.0.4.jar;C:\Users\agent\.m2\repository\jakarta\activation\jakarta.activation-api\2.1.4\jakarta.activation-api-2.1.4.jar;C:\Users\agent\.m2\repository\net\bytebuddy\byte-buddy\1.17.8\byte-buddy-1.17.8.jar;C:\Users\agent\.m2\repository\org\springframework\boot\spring-boot-web-server\4.0.5\spring-boot-web-server-4.0.5.jar;C:\Users\agent\.m2\repository\org\springframework\boot\spring-boot-websocket\4.0.5\spring-boot-websocket-4.0.5.jar;C:\Users\agent\.m2\repository\org\springframework\spring-messaging\7.0.6\spring-messaging-7.0.6.jar;C:\Users\agent\.m2\repository\org\springframework\spring-websocket\7.0.6\spring-websocket-7.0.6.jar;C:\Users\agent\.m2\repository\io\jsonwebtoken\jjwt-api\0.11.5\jjwt-api-0.11.5.jar;C:\Users\agent\.m2\repository\io\jsonwebtoken\jjwt-impl\0.11.5\jjwt-impl-0.11.5.jar;C:\Users\agent\.m2\repository\io\jsonwebtoken\jjwt-jackson\0.11.5\jjwt-jackson-0.11.5.jar;C:\Users\agent\.m2\repository\com\fasterxml\jackson\core\jackson-databind\2.21.2\jackson-databind-2.21.2.jar;C:\Users\agent\.m2\repository\com\fasterxml\jackson\core\jackson-annotations\2.21\jackson-annotations-2.21.jar;C:\Users\agent\.m2\repository\com\fasterxml\jackson\core\jackson-core\2.21.2\jackson-core-2.21.2.jar
Launcher Type: SUN_STANDARD

[Global flags]
     intx CICompilerCount                          = 3                                         {product} {ergonomic}
     uint ConcGCThreads                            = 1                                         {product} {ergonomic}
     uint G1ConcRefinementThreads                  = 4                                         {product} {ergonomic}
   size_t G1HeapRegionSize                         = 1048576                                   {product} {ergonomic}
   size_t InitialHeapSize                          = 67108864                                  {product} {ergonomic}
   size_t MarkStackSize                            = 4194304                                   {product} {ergonomic}
   size_t MarkStackSizeMax                         = 536870912                                 {product} {ergonomic}
   size_t MaxHeapSize                              = 1050673152                                {product} {ergonomic}
   size_t MaxNewSize                               = 630194176                                 {product} {ergonomic}
   size_t MinHeapDeltaBytes                        = 1048576                                   {product} {ergonomic}
   size_t MinHeapSize                              = 8388608                                   {product} {ergonomic}
    uintx NonNMethodCodeHeapSize                   = 4096                                   {pd product} {ergonomic}
    uintx NonProfiledCodeHeapSize                  = 0                                      {pd product} {ergonomic}
     bool ProfileInterpreter                       = false                                  {pd product} {command line}
    uintx ProfiledCodeHeapSize                     = 0                                      {pd product} {ergonomic}
   size_t SoftMaxHeapSize                          = 1050673152                             {manageable} {ergonomic}
     intx TieredStopAtLevel                        = 1                                         {product} {command line}
     bool UseCompressedOops                        = true                           {product lp64_product} {ergonomic}
     bool UseG1GC                                  = true                                      {product} {ergonomic}
     bool UseLargePagesIndividualAllocation        = false                                  {pd product} {ergonomic}

Logging:
Log output configuration:
 #0: stdout all=warning uptime,level,tags foldmultilines=false
 #1: stderr all=off uptime,level,tags foldmultilines=false

Environment Variables:
JAVA_HOME=C:\Program Files\Apache NetBeans\jdk
PATH=C:\oracle\product\10.2.0\db_1\bin;C:\Program Files\Common Files\Oracle\Java\javapath;C:\Program Files (x86)\Common Files\Oracle\Java\javapath;C:\WINDOWS\system32;C:\WINDOWS;C:\WINDOWS\System32\Wbem;C:\WINDOWS\System32\WindowsPowerShell\v1.0\;C:\WINDOWS\System32\OpenSSH\;C:\Program Files (x86)\Intel\Intel(R) Management Engine Components\DAL;C:\Program Files\Intel\Intel(R) Management Engine Components\DAL;C:\Program Files (x86)\Intel\Intel(R) Management Engine Components\IPT;C:\Program Files\Intel\Intel(R) Management Engine Components\IPT;C:\Users\agent\AppData\Local\Microsoft\WindowsApps;
USERNAME=agent
OS=Windows_NT
PROCESSOR_IDENTIFIER=Intel64 Family 6 Model 142 Stepping 10, GenuineIntel
TMP=C:\Users\agent\AppData\Local\Temp
TEMP=C:\Users\agent\AppData\Local\Temp




Periodic native trim disabled

---------------  S Y S T E M  ---------------

OS:
 Windows 10 , 64 bit Build 19041 (10.0.19041.5915)
OS uptime: 0 days 9:30 hours

CPU: total 4 (initial active 4) (2 cores per cpu, 2 threads per core) family 6 model 142 stepping 10 microcode 0xe0, cx8, cmov, fxsr, ht, mmx, 3dnowpref, sse, sse2, sse3, ssse3, sse4.1, sse4.2, popcnt, lzcnt, tsc, tscinvbit, avx, avx2, aes, erms, clmul, bmi1, bmi2, adx, fma, vzeroupper, clflush, clflushopt, rdtscp, f16c
Processor Information for the first 4 processors :
  Max Mhz: 2201, Current Mhz: 2201, Mhz Limit: 2201

Memory: 4k page, system-wide physical 4007M (350M free)
TotalPageFile size 16295M (AvailPageFile size 1M)
current process WorkingSet (physical memory assigned to process): 111M, peak: 111M
current process commit charge ("private bytes"): 170M, peak: 170M

vm_info: OpenJDK 64-Bit Server VM (24.0.1+9) for windows-amd64 JRE (24.0.1+9) (Zulu24.30+11-CA), built on 2025-03-21T13:52:34Z with MS VC++ 17.1 (VS2022)

END.
