#
# There is insufficient memory for the Java Runtime Environment to continue.
# Native memory allocation (malloc) failed to allocate 2490824 bytes. Error detail: Chunk::new
# Possible reasons:
#   The system is out of physical RAM or swap space
#   This process is running with CompressedOops enabled, and the Java Heap may be blocking the growth of the native heap
# Possible solutions:
#   Reduce memory load on the system
#   Increase physical memory or swap space
#   Check if swap backing store is full
#   Decrease Java heap size (-Xmx/-Xms)
#   Decrease number of Java threads
#   Decrease Java thread stack sizes (-Xss)
#   Set larger code cache with -XX:ReservedCodeCacheSize=
#   JVM is running with Unscaled Compressed Oops mode in which the Java heap is
#     placed in the first 4GB address space. The Java Heap base address is the
#     maximum limit for the native heap growth. Please use -XX:HeapBaseMinAddress
#     to set the Java Heap base and to place the Java Heap above 4GB virtual address.
# This output file may be truncated or incomplete.
#
#  Out of Memory Error (arena.cpp:162), pid=18320, tid=18116
#
# JRE version: OpenJDK Runtime Environment Zulu24.30+11-CA (24.0.1+9) (build 24.0.1+9)
# Java VM: OpenJDK 64-Bit Server VM Zulu24.30+11-CA (24.0.1+9, mixed mode, sharing, tiered, compressed oops, compressed class ptrs, g1 gc, windows-amd64)
# No core dump will be written. Minidumps are not enabled by default on client versions of Windows
#

---------------  S U M M A R Y ------------

Command Line: -Dclassworlds.conf=C:\Program Files\Apache NetBeans\java\maven\bin\m2.conf -Dmaven.home=C:\Program Files\Apache NetBeans\java\maven -Dlibrary.jansi.path=C:\Program Files\Apache NetBeans\java\maven\lib\jansi-native -Dmaven.multiModuleProjectDirectory=C:\Users\agent\Documents\NetBeansProjects\uberHaiti_Ouest org.codehaus.plexus.classworlds.launcher.Launcher -Dmaven.ext.class.path=C:\Program Files\Apache NetBeans\java\maven-nblib\netbeans-eventspy.jar --no-transfer-progress install

Host: Intel(R) Core(TM) i3-8130U CPU @ 2.20GHz, 4 cores, 3G,  Windows 10 , 64 bit Build 19041 (10.0.19041.5915)
Time: Fri Apr 24 00:41:51 2026 Eastern Daylight Time elapsed time: 10.413532 seconds (0d 0h 0m 10s)

---------------  T H R E A D  ---------------

Current thread (0x00000267411b41f0):  JavaThread "C2 CompilerThread0" daemon [_thread_in_native, id=18116, stack(0x000000db6cc00000,0x000000db6cd00000) (1024K)]


Current CompileTask:
C2:10413 7939   !   4       java.lang.ClassLoader::loadClass (121 bytes)

Stack: [0x000000db6cc00000,0x000000db6cd00000]
Native frames: (J=compiled Java code, j=interpreted, Vv=VM code, C=native code)
V  [jvm.dll+0x7410c9]  (no source info available)
V  [jvm.dll+0x97def3]  (no source info available)
V  [jvm.dll+0x98021d]  (no source info available)
V  [jvm.dll+0x980893]  (no source info available)
V  [jvm.dll+0x2b5b16]  (no source info available)
V  [jvm.dll+0xd019f]  (no source info available)
V  [jvm.dll+0xd03ff]  (no source info available)
V  [jvm.dll+0x40121c]  (no source info available)
V  [jvm.dll+0x3ccf50]  (no source info available)
V  [jvm.dll+0x3cc3da]  (no source info available)
V  [jvm.dll+0x27a39f]  (no source info available)
V  [jvm.dll+0x279641]  (no source info available)
V  [jvm.dll+0x1f313a]  (no source info available)
V  [jvm.dll+0x288e35]  (no source info available)
V  [jvm.dll+0x2870ca]  (no source info available)
V  [jvm.dll+0x43df56]  (no source info available)
V  [jvm.dll+0x920928]  (no source info available)
V  [jvm.dll+0x73f855]  (no source info available)
C  [ucrtbase.dll+0x21bb2]  (no source info available)
C  [KERNEL32.DLL+0x17374]  (no source info available)
C  [ntdll.dll+0x4cc91]  (no source info available)

Lock stack of current Java thread (top to bottom):


---------------  P R O C E S S  ---------------

Threads class SMR info:
_java_thread_list=0x00000267417a7bd0, length=17, elements={
0x00000267502457b0, 0x000002674117d960, 0x000002674117e970, 0x0000026741183210,
0x0000026741185ce0, 0x0000026741186bc0, 0x0000026741192fd0, 0x00000267411b41f0,
0x00000267411909f0, 0x000002674122fae0, 0x0000026741251070, 0x0000026741843320,
0x0000026747e1afe0, 0x0000026746267ff0, 0x0000026746c9dd70, 0x0000026746c9c780,
0x0000026746c9b190
}

Java Threads: ( => current thread )
  0x00000267502457b0 JavaThread "main"                              [_thread_in_native, id=13676, stack(0x000000db6be00000,0x000000db6bf00000) (1024K)]
  0x000002674117d960 JavaThread "Reference Handler"          daemon [_thread_blocked, id=11008, stack(0x000000db6c600000,0x000000db6c700000) (1024K)]
  0x000002674117e970 JavaThread "Finalizer"                  daemon [_thread_blocked, id=18336, stack(0x000000db6c700000,0x000000db6c800000) (1024K)]
  0x0000026741183210 JavaThread "Signal Dispatcher"          daemon [_thread_blocked, id=17220, stack(0x000000db6c800000,0x000000db6c900000) (1024K)]
  0x0000026741185ce0 JavaThread "Attach Listener"            daemon [_thread_blocked, id=2976, stack(0x000000db6c900000,0x000000db6ca00000) (1024K)]
  0x0000026741186bc0 JavaThread "Service Thread"             daemon [_thread_blocked, id=16432, stack(0x000000db6ca00000,0x000000db6cb00000) (1024K)]
  0x0000026741192fd0 JavaThread "Monitor Deflation Thread"   daemon [_thread_blocked, id=17672, stack(0x000000db6cb00000,0x000000db6cc00000) (1024K)]
=>0x00000267411b41f0 JavaThread "C2 CompilerThread0"         daemon [_thread_in_native, id=18116, stack(0x000000db6cc00000,0x000000db6cd00000) (1024K)]
  0x00000267411909f0 JavaThread "C1 CompilerThread0"         daemon [_thread_blocked, id=17268, stack(0x000000db6cd00000,0x000000db6ce00000) (1024K)]
  0x000002674122fae0 JavaThread "Notification Thread"        daemon [_thread_blocked, id=5112, stack(0x000000db6ce00000,0x000000db6cf00000) (1024K)]
  0x0000026741251070 JavaThread "Common-Cleaner"             daemon [_thread_blocked, id=13768, stack(0x000000db6cf00000,0x000000db6d000000) (1024K)]
  0x0000026741843320 JavaThread "timeout-check-timer"        daemon [_thread_blocked, id=18208, stack(0x000000db6d300000,0x000000db6d400000) (1024K)]
  0x0000026747e1afe0 JavaThread "ping-timer-10s"             daemon [_thread_blocked, id=18000, stack(0x000000db6d400000,0x000000db6d500000) (1024K)]
  0x0000026746267ff0 JavaThread "ThreadedStreamConsumer"     daemon [_thread_blocked, id=16680, stack(0x000000db6d500000,0x000000db6d600000) (1024K)]
  0x0000026746c9dd70 JavaThread "fork-1-err-thread"          daemon [_thread_in_native, id=18256, stack(0x000000db6d600000,0x000000db6d700000) (1024K)]
  0x0000026746c9c780 JavaThread "commands-fork-1"            daemon [_thread_blocked, id=8288, stack(0x000000db6d700000,0x000000db6d800000) (1024K)]
  0x0000026746c9b190 JavaThread "fork-1-event-thread"        daemon [_thread_in_native, id=9044, stack(0x000000db6d800000,0x000000db6d900000) (1024K)]
Total: 17

Other Threads:
  0x000002674116ea30 VMThread "VM Thread"                           [id=14908, stack(0x000000db6c500000,0x000000db6c600000) (1024K)]
  0x000002674115d280 WatcherThread "VM Periodic Task Thread"        [id=3364, stack(0x000000db6c400000,0x000000db6c500000) (1024K)]
  0x000002675027fd60 WorkerThread "GC Thread#0"                     [id=17936, stack(0x000000db6bf00000,0x000000db6c000000) (1024K)]
  0x0000026741f5e1b0 WorkerThread "GC Thread#1"                     [id=16888, stack(0x000000db6d000000,0x000000db6d100000) (1024K)]
  0x0000026746105b30 WorkerThread "GC Thread#2"                     [id=17844, stack(0x000000db6d100000,0x000000db6d200000) (1024K)]
  0x0000026741f39560 WorkerThread "GC Thread#3"                     [id=17076, stack(0x000000db6d200000,0x000000db6d300000) (1024K)]
  0x000002675028bbd0 ConcurrentGCThread "G1 Main Marker"            [id=17516, stack(0x000000db6c000000,0x000000db6c100000) (1024K)]
  0x000002675028ce80 WorkerThread "G1 Conc#0"                       [id=17196, stack(0x000000db6c100000,0x000000db6c200000) (1024K)]
  0x00000267502e6640 ConcurrentGCThread "G1 Refine#0"               [id=15892, stack(0x000000db6c200000,0x000000db6c300000) (1024K)]
  0x00000267502e8de0 ConcurrentGCThread "G1 Service"                [id=9704, stack(0x000000db6c300000,0x000000db6c400000) (1024K)]
Total: 10

Threads with active compile tasks:
C2 CompilerThread0  10728 7939   !   4       java.lang.ClassLoader::loadClass (121 bytes)
Total: 1

VM state: not at safepoint (normal execution)

VM Mutex/Monitor currently owned by a thread: None

Heap address: 0x00000000c1600000, size: 1002 MB, Compressed Oops mode: 32-bit

CDS archive(s) mapped at: [0x0000026700000000-0x0000026700d40000-0x0000026700d40000), size 13893632, SharedBaseAddress: 0x0000026700000000, ArchiveRelocationMode: 1.
Compressed class space mapped at: 0x0000026701000000-0x0000026741000000, reserved size: 1073741824
UseCompressedClassPointers 1, UseCompactObjectHeaders 0
Narrow klass pointer bits 32, Max shift 3
Narrow klass base: 0x0000026700000000, Narrow klass shift: 0
Encoding Range: [0x0000026700000000 - 0x0000026800000000), (4294967296 bytes)
Klass Range:    [0x0000026700000000 - 0x0000026741000000), (1090519040 bytes)
Klass ID Range:  [8 - 1090519033) (1090519025)

GC Precious Log:
 CardTable entry size: 512
 Card Set container configuration: InlinePtr #cards 5 size 8 Array Of Cards #cards 10 size 36 Howl #buckets 4 coarsen threshold 1843 Howl Bitmap #cards 512 size 80 coarsen threshold 460 Card regions per heap region 1 cards per card region 2048
 CPUs: 4 total, 4 available
 Memory: 4007M
 Large Page Support: Disabled
 NUMA Support: Disabled
 Compressed Oops: Enabled (32-bit)
 Heap Region Size: 1M
 Heap Min Capacity: 8M
 Heap Initial Capacity: 64M
 Heap Max Capacity: 1002M
 Pre-touch: Disabled
 Parallel Workers: 4
 Concurrent Workers: 1
 Concurrent Refinement Workers: 4
 Periodic GC: Disabled

Heap:
 garbage-first heap   total reserved 1026048K, committed 140288K, used 107008K [0x00000000c1600000, 0x0000000100000000)
  region size 1024K, 48 young (49152K), 3 survivors (3072K)
 Metaspace       used 32144K, committed 32576K, reserved 1114112K
  class space    used 3155K, committed 3328K, reserved 1048576K

Heap Regions: E=young(eden), S=young(survivor), O=old, HS=humongous(starts), HC=humongous(continues), CS=collection set, F=free, TAMS=top-at-mark-start, PB=parsable bottom
|   0|0x00000000c1600000, 0x00000000c1700000, 0x00000000c1700000|100%| O|  |TAMS 0x00000000c1600000| PB 0x00000000c1600000| Untracked |  0
|   1|0x00000000c1700000, 0x00000000c1800000, 0x00000000c1800000|100%| O|  |TAMS 0x00000000c1700000| PB 0x00000000c1700000| Untracked |  0
|   2|0x00000000c1800000, 0x00000000c1900000, 0x00000000c1900000|100%| O|  |TAMS 0x00000000c1800000| PB 0x00000000c1800000| Untracked |  0
|   3|0x00000000c1900000, 0x00000000c1a00000, 0x00000000c1a00000|100%| O|  |TAMS 0x00000000c1900000| PB 0x00000000c1900000| Untracked |  0
|   4|0x00000000c1a00000, 0x00000000c1b00000, 0x00000000c1b00000|100%| O|  |TAMS 0x00000000c1a00000| PB 0x00000000c1a00000| Untracked |  0
|   5|0x00000000c1b00000, 0x00000000c1c00000, 0x00000000c1c00000|100%| O|  |TAMS 0x00000000c1b00000| PB 0x00000000c1b00000| Untracked |  0
|   6|0x00000000c1c00000, 0x00000000c1d00000, 0x00000000c1d00000|100%| O|  |TAMS 0x00000000c1c00000| PB 0x00000000c1c00000| Untracked |  0
|   7|0x00000000c1d00000, 0x00000000c1e00000, 0x00000000c1e00000|100%| O|  |TAMS 0x00000000c1d00000| PB 0x00000000c1d00000| Untracked |  0
|   8|0x00000000c1e00000, 0x00000000c1e00000, 0x00000000c1f00000|  0%| F|  |TAMS 0x00000000c1e00000| PB 0x00000000c1e00000| Untracked |  0
|   9|0x00000000c1f00000, 0x00000000c2000000, 0x00000000c2000000|100%| O|  |TAMS 0x00000000c1f00000| PB 0x00000000c1f00000| Untracked |  0
|  10|0x00000000c2000000, 0x00000000c2100000, 0x00000000c2100000|100%| O|  |TAMS 0x00000000c2000000| PB 0x00000000c2000000| Untracked |  0
|  11|0x00000000c2100000, 0x00000000c2200000, 0x00000000c2200000|100%| O|  |TAMS 0x00000000c2100000| PB 0x00000000c2100000| Untracked |  0
|  12|0x00000000c2200000, 0x00000000c2300000, 0x00000000c2300000|100%| O|  |TAMS 0x00000000c2200000| PB 0x00000000c2200000| Untracked |  0
|  13|0x00000000c2300000, 0x00000000c2400000, 0x00000000c2400000|100%| O|  |TAMS 0x00000000c2300000| PB 0x00000000c2300000| Untracked |  0
|  14|0x00000000c2400000, 0x00000000c2500000, 0x00000000c2500000|100%| O|  |TAMS 0x00000000c2400000| PB 0x00000000c2400000| Untracked |  0
|  15|0x00000000c2500000, 0x00000000c2600000, 0x00000000c2600000|100%|HS|  |TAMS 0x00000000c2500000| PB 0x00000000c2500000| Complete |  0
|  16|0x00000000c2600000, 0x00000000c2700000, 0x00000000c2700000|100%|HS|  |TAMS 0x00000000c2600000| PB 0x00000000c2600000| Complete |  0
|  17|0x00000000c2700000, 0x00000000c2800000, 0x00000000c2800000|100%|HC|  |TAMS 0x00000000c2700000| PB 0x00000000c2700000| Complete |  0
|  18|0x00000000c2800000, 0x00000000c2900000, 0x00000000c2900000|100%| O|  |TAMS 0x00000000c2800000| PB 0x00000000c2800000| Untracked |  0
|  19|0x00000000c2900000, 0x00000000c2900000, 0x00000000c2a00000|  0%| F|  |TAMS 0x00000000c2900000| PB 0x00000000c2900000| Untracked |  0
|  20|0x00000000c2a00000, 0x00000000c2b00000, 0x00000000c2b00000|100%|HS|  |TAMS 0x00000000c2a00000| PB 0x00000000c2a00000| Complete |  0
|  21|0x00000000c2b00000, 0x00000000c2c00000, 0x00000000c2c00000|100%| O|  |TAMS 0x00000000c2b00000| PB 0x00000000c2b00000| Untracked |  0
|  22|0x00000000c2c00000, 0x00000000c2c00000, 0x00000000c2d00000|  0%| F|  |TAMS 0x00000000c2c00000| PB 0x00000000c2c00000| Untracked |  0
|  23|0x00000000c2d00000, 0x00000000c2e00000, 0x00000000c2e00000|100%| O|  |TAMS 0x00000000c2d00000| PB 0x00000000c2d00000| Untracked |  0
|  24|0x00000000c2e00000, 0x00000000c2f00000, 0x00000000c2f00000|100%| O|  |TAMS 0x00000000c2e00000| PB 0x00000000c2e00000| Untracked |  0
|  25|0x00000000c2f00000, 0x00000000c3000000, 0x00000000c3000000|100%| O|  |TAMS 0x00000000c2f00000| PB 0x00000000c2f00000| Untracked |  0
|  26|0x00000000c3000000, 0x00000000c3100000, 0x00000000c3100000|100%| O|  |TAMS 0x00000000c3000000| PB 0x00000000c3000000| Untracked |  0
|  27|0x00000000c3100000, 0x00000000c3200000, 0x00000000c3200000|100%| O|  |TAMS 0x00000000c3100000| PB 0x00000000c3100000| Untracked |  0
|  28|0x00000000c3200000, 0x00000000c3300000, 0x00000000c3300000|100%| O|  |TAMS 0x00000000c3200000| PB 0x00000000c3200000| Untracked |  0
|  29|0x00000000c3300000, 0x00000000c3300000, 0x00000000c3400000|  0%| F|  |TAMS 0x00000000c3300000| PB 0x00000000c3300000| Untracked |  0
|  30|0x00000000c3400000, 0x00000000c3500000, 0x00000000c3500000|100%| O|  |TAMS 0x00000000c3400000| PB 0x00000000c3400000| Untracked |  0
|  31|0x00000000c3500000, 0x00000000c3600000, 0x00000000c3600000|100%| O|  |TAMS 0x00000000c3500000| PB 0x00000000c3500000| Untracked |  0
|  32|0x00000000c3600000, 0x00000000c3700000, 0x00000000c3700000|100%| O|  |TAMS 0x00000000c3600000| PB 0x00000000c3600000| Untracked |  0
|  33|0x00000000c3700000, 0x00000000c3800000, 0x00000000c3800000|100%| O|  |TAMS 0x00000000c3700000| PB 0x00000000c3700000| Untracked |  0
|  34|0x00000000c3800000, 0x00000000c3900000, 0x00000000c3900000|100%| O|  |TAMS 0x00000000c3800000| PB 0x00000000c3800000| Untracked |  0
|  35|0x00000000c3900000, 0x00000000c3a00000, 0x00000000c3a00000|100%| O|  |TAMS 0x00000000c3900000| PB 0x00000000c3900000| Untracked |  0
|  36|0x00000000c3a00000, 0x00000000c3b00000, 0x00000000c3b00000|100%| O|  |TAMS 0x00000000c3a00000| PB 0x00000000c3a00000| Untracked |  0
|  37|0x00000000c3b00000, 0x00000000c3c00000, 0x00000000c3c00000|100%| O|  |TAMS 0x00000000c3b00000| PB 0x00000000c3b00000| Untracked |  0
|  38|0x00000000c3c00000, 0x00000000c3d00000, 0x00000000c3d00000|100%| O|  |TAMS 0x00000000c3c00000| PB 0x00000000c3c00000| Untracked |  0
|  39|0x00000000c3d00000, 0x00000000c3e00000, 0x00000000c3e00000|100%| O|  |TAMS 0x00000000c3d00000| PB 0x00000000c3d00000| Untracked |  0
|  40|0x00000000c3e00000, 0x00000000c3f00000, 0x00000000c3f00000|100%|HS|  |TAMS 0x00000000c3e00000| PB 0x00000000c3e00000| Complete |  0
|  41|0x00000000c3f00000, 0x00000000c4000000, 0x00000000c4000000|100%|HC|  |TAMS 0x00000000c3f00000| PB 0x00000000c3f00000| Complete |  0
|  42|0x00000000c4000000, 0x00000000c4100000, 0x00000000c4100000|100%|HS|  |TAMS 0x00000000c4000000| PB 0x00000000c4000000| Complete |  0
|  43|0x00000000c4100000, 0x00000000c4200000, 0x00000000c4200000|100%|HS|  |TAMS 0x00000000c4100000| PB 0x00000000c4100000| Complete |  0
|  44|0x00000000c4200000, 0x00000000c4300000, 0x00000000c4300000|100%|HS|  |TAMS 0x00000000c4200000| PB 0x00000000c4200000| Complete |  0
|  45|0x00000000c4300000, 0x00000000c4400000, 0x00000000c4400000|100%| O|  |TAMS 0x00000000c4300000| PB 0x00000000c4300000| Untracked |  0
|  46|0x00000000c4400000, 0x00000000c4500000, 0x00000000c4500000|100%| O|  |TAMS 0x00000000c4400000| PB 0x00000000c4400000| Untracked |  0
|  47|0x00000000c4500000, 0x00000000c4600000, 0x00000000c4600000|100%| O|  |TAMS 0x00000000c4500000| PB 0x00000000c4500000| Untracked |  0
|  48|0x00000000c4600000, 0x00000000c4680000, 0x00000000c4700000| 50%| O|  |TAMS 0x00000000c4600000| PB 0x00000000c4600000| Untracked |  0
|  49|0x00000000c4700000, 0x00000000c4700000, 0x00000000c4800000|  0%| F|  |TAMS 0x00000000c4700000| PB 0x00000000c4700000| Untracked |  0
|  50|0x00000000c4800000, 0x00000000c4800000, 0x00000000c4900000|  0%| F|  |TAMS 0x00000000c4800000| PB 0x00000000c4800000| Untracked |  0
|  51|0x00000000c4900000, 0x00000000c4a00000, 0x00000000c4a00000|100%| O|  |TAMS 0x00000000c4900000| PB 0x00000000c4900000| Untracked |  0
|  52|0x00000000c4a00000, 0x00000000c4b00000, 0x00000000c4b00000|100%| O|  |TAMS 0x00000000c4a00000| PB 0x00000000c4a00000| Untracked |  0
|  53|0x00000000c4b00000, 0x00000000c4c00000, 0x00000000c4c00000|100%| O|  |TAMS 0x00000000c4b00000| PB 0x00000000c4b00000| Untracked |  0
|  54|0x00000000c4c00000, 0x00000000c4d00000, 0x00000000c4d00000|100%| O|  |TAMS 0x00000000c4c00000| PB 0x00000000c4c00000| Untracked |  0
|  55|0x00000000c4d00000, 0x00000000c4d00000, 0x00000000c4e00000|  0%| F|  |TAMS 0x00000000c4d00000| PB 0x00000000c4d00000| Untracked |  0
|  56|0x00000000c4e00000, 0x00000000c4f00000, 0x00000000c4f00000|100%| S|CS|TAMS 0x00000000c4e00000| PB 0x00000000c4e00000| Complete |  0
|  57|0x00000000c4f00000, 0x00000000c5000000, 0x00000000c5000000|100%| S|CS|TAMS 0x00000000c4f00000| PB 0x00000000c4f00000| Complete |  0
|  58|0x00000000c5000000, 0x00000000c5100000, 0x00000000c5100000|100%| S|CS|TAMS 0x00000000c5000000| PB 0x00000000c5000000| Complete |  0
|  59|0x00000000c5100000, 0x00000000c5100000, 0x00000000c5200000|  0%| F|  |TAMS 0x00000000c5100000| PB 0x00000000c5100000| Untracked |  0
|  60|0x00000000c5200000, 0x00000000c5200000, 0x00000000c5300000|  0%| F|  |TAMS 0x00000000c5200000| PB 0x00000000c5200000| Untracked |  0
|  61|0x00000000c5300000, 0x00000000c5300000, 0x00000000c5400000|  0%| F|  |TAMS 0x00000000c5300000| PB 0x00000000c5300000| Untracked |  0
|  62|0x00000000c5400000, 0x00000000c5400000, 0x00000000c5500000|  0%| F|  |TAMS 0x00000000c5400000| PB 0x00000000c5400000| Untracked |  0
|  63|0x00000000c5500000, 0x00000000c5500000, 0x00000000c5600000|  0%| F|  |TAMS 0x00000000c5500000| PB 0x00000000c5500000| Untracked |  0
|  64|0x00000000c5600000, 0x00000000c5600000, 0x00000000c5700000|  0%| F|  |TAMS 0x00000000c5600000| PB 0x00000000c5600000| Untracked |  0
|  65|0x00000000c5700000, 0x00000000c5700000, 0x00000000c5800000|  0%| F|  |TAMS 0x00000000c5700000| PB 0x00000000c5700000| Untracked |  0
|  66|0x00000000c5800000, 0x00000000c5800000, 0x00000000c5900000|  0%| F|  |TAMS 0x00000000c5800000| PB 0x00000000c5800000| Untracked |  0
|  67|0x00000000c5900000, 0x00000000c5900000, 0x00000000c5a00000|  0%| F|  |TAMS 0x00000000c5900000| PB 0x00000000c5900000| Untracked |  0
|  68|0x00000000c5a00000, 0x00000000c5a00000, 0x00000000c5b00000|  0%| F|  |TAMS 0x00000000c5a00000| PB 0x00000000c5a00000| Untracked |  0
|  69|0x00000000c5b00000, 0x00000000c5b00000, 0x00000000c5c00000|  0%| F|  |TAMS 0x00000000c5b00000| PB 0x00000000c5b00000| Untracked |  0
|  70|0x00000000c5c00000, 0x00000000c5c00000, 0x00000000c5d00000|  0%| F|  |TAMS 0x00000000c5c00000| PB 0x00000000c5c00000| Untracked |  0
|  71|0x00000000c5d00000, 0x00000000c5d00000, 0x00000000c5e00000|  0%| F|  |TAMS 0x00000000c5d00000| PB 0x00000000c5d00000| Untracked |  0
|  72|0x00000000c5e00000, 0x00000000c5e00000, 0x00000000c5f00000|  0%| F|  |TAMS 0x00000000c5e00000| PB 0x00000000c5e00000| Untracked |  0
|  73|0x00000000c5f00000, 0x00000000c5f00000, 0x00000000c6000000|  0%| F|  |TAMS 0x00000000c5f00000| PB 0x00000000c5f00000| Untracked |  0
|  74|0x00000000c6000000, 0x00000000c6000000, 0x00000000c6100000|  0%| F|  |TAMS 0x00000000c6000000| PB 0x00000000c6000000| Untracked |  0
|  75|0x00000000c6100000, 0x00000000c6100000, 0x00000000c6200000|  0%| F|  |TAMS 0x00000000c6100000| PB 0x00000000c6100000| Untracked |  0
|  76|0x00000000c6200000, 0x00000000c6200000, 0x00000000c6300000|  0%| F|  |TAMS 0x00000000c6200000| PB 0x00000000c6200000| Untracked |  0
|  77|0x00000000c6300000, 0x00000000c6300000, 0x00000000c6400000|  0%| F|  |TAMS 0x00000000c6300000| PB 0x00000000c6300000| Untracked |  0
|  78|0x00000000c6400000, 0x00000000c6400000, 0x00000000c6500000|  0%| F|  |TAMS 0x00000000c6400000| PB 0x00000000c6400000| Untracked |  0
|  79|0x00000000c6500000, 0x00000000c6500000, 0x00000000c6600000|  0%| F|  |TAMS 0x00000000c6500000| PB 0x00000000c6500000| Untracked |  0
|  80|0x00000000c6600000, 0x00000000c6600000, 0x00000000c6700000|  0%| F|  |TAMS 0x00000000c6600000| PB 0x00000000c6600000| Untracked |  0
|  81|0x00000000c6700000, 0x00000000c6700000, 0x00000000c6800000|  0%| F|  |TAMS 0x00000000c6700000| PB 0x00000000c6700000| Untracked |  0
|  82|0x00000000c6800000, 0x00000000c6800000, 0x00000000c6900000|  0%| F|  |TAMS 0x00000000c6800000| PB 0x00000000c6800000| Untracked |  0
|  83|0x00000000c6900000, 0x00000000c69cece0, 0x00000000c6a00000| 80%| E|  |TAMS 0x00000000c6900000| PB 0x00000000c6900000| Complete |  0
|  84|0x00000000c6a00000, 0x00000000c6b00000, 0x00000000c6b00000|100%| E|CS|TAMS 0x00000000c6a00000| PB 0x00000000c6a00000| Complete |  0
|  85|0x00000000c6b00000, 0x00000000c6c00000, 0x00000000c6c00000|100%| E|CS|TAMS 0x00000000c6b00000| PB 0x00000000c6b00000| Complete |  0
|  86|0x00000000c6c00000, 0x00000000c6d00000, 0x00000000c6d00000|100%| E|CS|TAMS 0x00000000c6c00000| PB 0x00000000c6c00000| Complete |  0
|  87|0x00000000c6d00000, 0x00000000c6e00000, 0x00000000c6e00000|100%| E|CS|TAMS 0x00000000c6d00000| PB 0x00000000c6d00000| Complete |  0
|  88|0x00000000c6e00000, 0x00000000c6f00000, 0x00000000c6f00000|100%| E|CS|TAMS 0x00000000c6e00000| PB 0x00000000c6e00000| Complete |  0
|  89|0x00000000c6f00000, 0x00000000c7000000, 0x00000000c7000000|100%| E|CS|TAMS 0x00000000c6f00000| PB 0x00000000c6f00000| Complete |  0
|  90|0x00000000c7000000, 0x00000000c7100000, 0x00000000c7100000|100%| E|CS|TAMS 0x00000000c7000000| PB 0x00000000c7000000| Complete |  0
|  91|0x00000000c7100000, 0x00000000c7200000, 0x00000000c7200000|100%| E|CS|TAMS 0x00000000c7100000| PB 0x00000000c7100000| Complete |  0
|  92|0x00000000c7200000, 0x00000000c7300000, 0x00000000c7300000|100%| E|CS|TAMS 0x00000000c7200000| PB 0x00000000c7200000| Complete |  0
|  93|0x00000000c7300000, 0x00000000c7400000, 0x00000000c7400000|100%| E|CS|TAMS 0x00000000c7300000| PB 0x00000000c7300000| Complete |  0
|  94|0x00000000c7400000, 0x00000000c7500000, 0x00000000c7500000|100%| E|CS|TAMS 0x00000000c7400000| PB 0x00000000c7400000| Complete |  0
|  95|0x00000000c7500000, 0x00000000c7600000, 0x00000000c7600000|100%| E|CS|TAMS 0x00000000c7500000| PB 0x00000000c7500000| Complete |  0
|  96|0x00000000c7600000, 0x00000000c7700000, 0x00000000c7700000|100%| E|CS|TAMS 0x00000000c7600000| PB 0x00000000c7600000| Complete |  0
|  97|0x00000000c7700000, 0x00000000c7800000, 0x00000000c7800000|100%| E|CS|TAMS 0x00000000c7700000| PB 0x00000000c7700000| Complete |  0
|  98|0x00000000c7800000, 0x00000000c7900000, 0x00000000c7900000|100%| E|CS|TAMS 0x00000000c7800000| PB 0x00000000c7800000| Complete |  0
|  99|0x00000000c7900000, 0x00000000c7a00000, 0x00000000c7a00000|100%| E|CS|TAMS 0x00000000c7900000| PB 0x00000000c7900000| Complete |  0
| 100|0x00000000c7a00000, 0x00000000c7b00000, 0x00000000c7b00000|100%| E|CS|TAMS 0x00000000c7a00000| PB 0x00000000c7a00000| Complete |  0
| 101|0x00000000c7b00000, 0x00000000c7c00000, 0x00000000c7c00000|100%| E|CS|TAMS 0x00000000c7b00000| PB 0x00000000c7b00000| Complete |  0
| 102|0x00000000c7c00000, 0x00000000c7d00000, 0x00000000c7d00000|100%| E|CS|TAMS 0x00000000c7c00000| PB 0x00000000c7c00000| Complete |  0
| 103|0x00000000c7d00000, 0x00000000c7e00000, 0x00000000c7e00000|100%| E|CS|TAMS 0x00000000c7d00000| PB 0x00000000c7d00000| Complete |  0
| 104|0x00000000c7e00000, 0x00000000c7f00000, 0x00000000c7f00000|100%| E|CS|TAMS 0x00000000c7e00000| PB 0x00000000c7e00000| Complete |  0
| 105|0x00000000c7f00000, 0x00000000c8000000, 0x00000000c8000000|100%| E|CS|TAMS 0x00000000c7f00000| PB 0x00000000c7f00000| Complete |  0
| 106|0x00000000c8000000, 0x00000000c8100000, 0x00000000c8100000|100%| E|CS|TAMS 0x00000000c8000000| PB 0x00000000c8000000| Complete |  0
| 107|0x00000000c8100000, 0x00000000c8200000, 0x00000000c8200000|100%| E|CS|TAMS 0x00000000c8100000| PB 0x00000000c8100000| Complete |  0
| 108|0x00000000c8200000, 0x00000000c8300000, 0x00000000c8300000|100%| E|CS|TAMS 0x00000000c8200000| PB 0x00000000c8200000| Complete |  0
| 109|0x00000000c8300000, 0x00000000c8400000, 0x00000000c8400000|100%| E|CS|TAMS 0x00000000c8300000| PB 0x00000000c8300000| Complete |  0
| 110|0x00000000c8400000, 0x00000000c8500000, 0x00000000c8500000|100%| E|CS|TAMS 0x00000000c8400000| PB 0x00000000c8400000| Complete |  0
| 111|0x00000000c8500000, 0x00000000c8600000, 0x00000000c8600000|100%| E|CS|TAMS 0x00000000c8500000| PB 0x00000000c8500000| Complete |  0
| 112|0x00000000c8600000, 0x00000000c8700000, 0x00000000c8700000|100%| E|CS|TAMS 0x00000000c8600000| PB 0x00000000c8600000| Complete |  0
| 113|0x00000000c8700000, 0x00000000c8800000, 0x00000000c8800000|100%| E|CS|TAMS 0x00000000c8700000| PB 0x00000000c8700000| Complete |  0
| 114|0x00000000c8800000, 0x00000000c8900000, 0x00000000c8900000|100%| E|CS|TAMS 0x00000000c8800000| PB 0x00000000c8800000| Complete |  0
| 115|0x00000000c8900000, 0x00000000c8a00000, 0x00000000c8a00000|100%| E|CS|TAMS 0x00000000c8900000| PB 0x00000000c8900000| Complete |  0
| 116|0x00000000c8a00000, 0x00000000c8b00000, 0x00000000c8b00000|100%| E|CS|TAMS 0x00000000c8a00000| PB 0x00000000c8a00000| Complete |  0
| 117|0x00000000c8b00000, 0x00000000c8c00000, 0x00000000c8c00000|100%| E|CS|TAMS 0x00000000c8b00000| PB 0x00000000c8b00000| Complete |  0
| 118|0x00000000c8c00000, 0x00000000c8d00000, 0x00000000c8d00000|100%| E|CS|TAMS 0x00000000c8c00000| PB 0x00000000c8c00000| Complete |  0
| 119|0x00000000c8d00000, 0x00000000c8e00000, 0x00000000c8e00000|100%| E|CS|TAMS 0x00000000c8d00000| PB 0x00000000c8d00000| Complete |  0
| 120|0x00000000c8e00000, 0x00000000c8f00000, 0x00000000c8f00000|100%| E|CS|TAMS 0x00000000c8e00000| PB 0x00000000c8e00000| Complete |  0
| 121|0x00000000c8f00000, 0x00000000c9000000, 0x00000000c9000000|100%| E|CS|TAMS 0x00000000c8f00000| PB 0x00000000c8f00000| Complete |  0
| 122|0x00000000c9000000, 0x00000000c9100000, 0x00000000c9100000|100%| E|CS|TAMS 0x00000000c9000000| PB 0x00000000c9000000| Complete |  0
| 123|0x00000000c9100000, 0x00000000c9200000, 0x00000000c9200000|100%| E|CS|TAMS 0x00000000c9100000| PB 0x00000000c9100000| Complete |  0
| 124|0x00000000c9200000, 0x00000000c9300000, 0x00000000c9300000|100%| E|CS|TAMS 0x00000000c9200000| PB 0x00000000c9200000| Complete |  0
| 990|0x00000000ff400000, 0x00000000ff500000, 0x00000000ff500000|100%| O|  |TAMS 0x00000000ff400000| PB 0x00000000ff400000| Untracked |  0
| 991|0x00000000ff500000, 0x00000000ff600000, 0x00000000ff600000|100%| O|  |TAMS 0x00000000ff500000| PB 0x00000000ff500000| Untracked |  0
| 992|0x00000000ff600000, 0x00000000ff700000, 0x00000000ff700000|100%| O|  |TAMS 0x00000000ff600000| PB 0x00000000ff600000| Untracked |  0
| 993|0x00000000ff700000, 0x00000000ff800000, 0x00000000ff800000|100%| O|  |TAMS 0x00000000ff700000| PB 0x00000000ff700000| Untracked |  0
| 994|0x00000000ff800000, 0x00000000ff900000, 0x00000000ff900000|100%| O|  |TAMS 0x00000000ff800000| PB 0x00000000ff800000| Untracked |  0
| 995|0x00000000ff900000, 0x00000000ffa00000, 0x00000000ffa00000|100%| O|  |TAMS 0x00000000ff900000| PB 0x00000000ff900000| Untracked |  0
| 996|0x00000000ffa00000, 0x00000000ffb00000, 0x00000000ffb00000|100%| O|  |TAMS 0x00000000ffa00000| PB 0x00000000ffa00000| Untracked |  0
| 997|0x00000000ffb00000, 0x00000000ffc00000, 0x00000000ffc00000|100%| E|CS|TAMS 0x00000000ffb00000| PB 0x00000000ffb00000| Complete |  0
| 998|0x00000000ffc00000, 0x00000000ffd00000, 0x00000000ffd00000|100%| E|CS|TAMS 0x00000000ffc00000| PB 0x00000000ffc00000| Complete |  0
| 999|0x00000000ffd00000, 0x00000000ffe00000, 0x00000000ffe00000|100%| O|  |TAMS 0x00000000ffd00000| PB 0x00000000ffd00000| Untracked |  0
|1000|0x00000000ffe00000, 0x00000000fff00000, 0x00000000fff00000|100%| O|  |TAMS 0x00000000ffe00000| PB 0x00000000ffe00000| Untracked |  0
|1001|0x00000000fff00000, 0x0000000100000000, 0x0000000100000000|100%| E|CS|TAMS 0x00000000fff00000| PB 0x00000000fff00000| Complete |  0

Card table byte_map: [0x0000026767f40000,0x0000026768140000] _byte_map_base: 0x0000026767935000

Marking Bits: (CMBitMap*) 0x0000026750281480
 Bits: [0x0000026768140000, 0x00000267690e8000)

Polling page: 0x000002674dff0000

Metaspace:

Usage:
  Non-class:     28.31 MB used.
      Class:      3.08 MB used.
       Both:     31.39 MB used.

Virtual space:
  Non-class space:       64.00 MB reserved,      28.56 MB ( 45%) committed,  1 nodes.
      Class space:        1.00 GB reserved,       3.25 MB ( <1%) committed,  1 nodes.
             Both:        1.06 GB reserved,      31.81 MB (  3%) committed. 

Chunk freelists:
   Non-Class:  2.55 MB
       Class:  12.57 MB
        Both:  15.11 MB

MaxMetaspaceSize: unlimited
CompressedClassSpaceSize: 1.00 GB
Initial GC threshold: 21.00 MB
Current GC threshold: 47.75 MB
CDS: on
 - commit_granule_bytes: 65536.
 - commit_granule_words: 8192.
 - virtual_space_node_default_size: 8388608.
 - enlarge_chunks_in_place: 1.
UseCompressedClassPointers 1, UseCompactObjectHeaders 0
Narrow klass pointer bits 32, Max shift 3
Narrow klass base: 0x0000026700000000, Narrow klass shift: 0
Encoding Range: [0x0000026700000000 - 0x0000026800000000), (4294967296 bytes)
Klass Range:    [0x0000026700000000 - 0x0000026741000000), (1090519040 bytes)
Klass ID Range:  [8 - 1090519033) (1090519025)


Internal statistics:

num_allocs_failed_limit: 9.
num_arena_births: 374.
num_arena_deaths: 0.
num_vsnodes_births: 2.
num_vsnodes_deaths: 0.
num_space_committed: 509.
num_space_uncommitted: 0.
num_chunks_returned_to_freelist: 9.
num_chunks_taken_from_freelist: 1538.
num_chunk_merges: 9.
num_chunk_splits: 1052.
num_chunks_enlarged: 812.
num_inconsistent_stats: 0.

CodeHeap 'non-profiled nmethods': size=120064Kb used=2470Kb max_used=2470Kb free=117593Kb
 bounds [0x0000026760800000, 0x0000026760a70000, 0x0000026767d40000]
CodeHeap 'profiled nmethods': size=120000Kb used=12081Kb max_used=12627Kb free=107918Kb
 bounds [0x0000026758d40000, 0x00000267599a0000, 0x0000026760270000]
CodeHeap 'non-nmethods': size=5696Kb used=1425Kb max_used=1460Kb free=4270Kb
 bounds [0x0000026760270000, 0x00000267604e0000, 0x0000026760800000]
CodeCache: size=245760Kb, used=15976Kb, max_used=16557Kb, free=229781Kb
 total_blobs=7882, nmethods=7286, adapters=501, full_count=0
Compilation: enabled, stopped_count=0, restarted_count=0

Compilation events (20 events):
Event: 10.170 Thread 0x00000267411909f0 8029       2       java.util.Arrays::binarySearch (9 bytes)
Event: 10.170 Thread 0x00000267411909f0 nmethod 8029 0x000002675915f208 code [0x000002675915f320, 0x000002675915f430]
Event: 10.173 Thread 0x00000267411909f0 8031       2       java.util.Collections$UnmodifiableMap$UnmodifiableEntrySet$UnmodifiableEntry::<init> (16 bytes)
Event: 10.174 Thread 0x00000267411909f0 nmethod 8031 0x000002675915ee08 code [0x000002675915ef40, 0x000002675915f1b0]
Event: 10.174 Thread 0x00000267411909f0 8032       2       java.util.Collections$UnmodifiableMap$UnmodifiableEntrySet$1::next (5 bytes)
Event: 10.174 Thread 0x00000267411909f0 nmethod 8032 0x000002675915e908 code [0x000002675915ea40, 0x000002675915eda0]
Event: 10.174 Thread 0x00000267411909f0 8033       2       java.util.Collections$UnmodifiableMap$UnmodifiableEntrySet$1::next (20 bytes)
Event: 10.174 Thread 0x00000267411909f0 nmethod 8033 0x000002675915e408 code [0x000002675915e540, 0x000002675915e8a0]
Event: 10.176 Thread 0x00000267411909f0 8034       2       java.lang.ProcessEnvironment$NameComparator::compare (90 bytes)
Event: 10.177 Thread 0x00000267411909f0 nmethod 8034 0x000002675926bb08 code [0x000002675926bc80, 0x000002675926c1b8]
Event: 10.177 Thread 0x00000267411909f0 8035       2       java.lang.ProcessEnvironment$CheckedEntry::getKey (5 bytes)
Event: 10.177 Thread 0x00000267411909f0 nmethod 8035 0x000002675926b808 code [0x000002675926b920, 0x000002675926ba88]
Event: 10.177 Thread 0x00000267411909f0 8037       2       java.lang.ProcessEnvironment$CheckedEntry::getKey (13 bytes)
Event: 10.177 Thread 0x00000267411909f0 nmethod 8037 0x000002675926b508 code [0x000002675926b620, 0x000002675926b788]
Event: 10.190 Thread 0x00000267411909f0 8039       2       java.lang.invoke.LambdaForm::returnType (26 bytes)
Event: 10.191 Thread 0x00000267411909f0 nmethod 8039 0x000002675926b208 code [0x000002675926b320, 0x000002675926b488]
Event: 10.227 Thread 0x00000267411909f0 8040       2       java.net.URLClassLoader::definePackage (274 bytes)
Event: 10.230 Thread 0x00000267411909f0 nmethod 8040 0x0000026758d59488 code [0x0000026758d597e0, 0x0000026758d5a8f0]
Event: 10.232 Thread 0x00000267411909f0 8041       3       java.lang.AbstractStringBuilder::append (45 bytes)
Event: 10.232 Thread 0x00000267411909f0 nmethod 8041 0x0000026758d58908 code [0x0000026758d58aa0, 0x0000026758d591c0]

GC Heap History (20 events):
Event: 3.474 GC heap before
{Heap before GC invocations=3 (full 0):
 garbage-first heap   total reserved 1026048K, committed 67584K, used 42758K [0x00000000c1600000, 0x0000000100000000)
  region size 1024K, 37 young (37888K), 5 survivors (5120K)
 Metaspace       used 15919K, committed 16192K, reserved 1114112K
  class space    used 1554K, committed 1664K, reserved 1048576K
}
Event: 3.495 GC heap after
{Heap after GC invocations=4 (full 0):
 garbage-first heap   total reserved 1026048K, committed 67584K, used 14491K [0x00000000c1600000, 0x0000000100000000)
  region size 1024K, 5 young (5120K), 5 survivors (5120K)
 Metaspace       used 15919K, committed 16192K, reserved 1114112K
  class space    used 1554K, committed 1664K, reserved 1048576K
}
Event: 3.994 GC heap before
{Heap before GC invocations=4 (full 0):
 garbage-first heap   total reserved 1026048K, committed 67584K, used 46235K [0x00000000c1600000, 0x0000000100000000)
  region size 1024K, 36 young (36864K), 5 survivors (5120K)
 Metaspace       used 16227K, committed 16512K, reserved 1114112K
  class space    used 1556K, committed 1664K, reserved 1048576K
}
Event: 4.006 GC heap after
{Heap after GC invocations=5 (full 0):
 garbage-first heap   total reserved 1026048K, committed 67584K, used 16031K [0x00000000c1600000, 0x0000000100000000)
  region size 1024K, 2 young (2048K), 2 survivors (2048K)
 Metaspace       used 16227K, committed 16512K, reserved 1114112K
  class space    used 1556K, committed 1664K, reserved 1048576K
}
Event: 4.808 GC heap before
{Heap before GC invocations=5 (full 0):
 garbage-first heap   total reserved 1026048K, committed 67584K, used 49823K [0x00000000c1600000, 0x0000000100000000)
  region size 1024K, 35 young (35840K), 2 survivors (2048K)
 Metaspace       used 17706K, committed 17984K, reserved 1114112K
  class space    used 1696K, committed 1792K, reserved 1048576K
}
Event: 4.816 GC heap after
{Heap after GC invocations=6 (full 0):
 garbage-first heap   total reserved 1026048K, committed 81920K, used 17678K [0x00000000c1600000, 0x0000000100000000)
  region size 1024K, 4 young (4096K), 4 survivors (4096K)
 Metaspace       used 17706K, committed 17984K, reserved 1114112K
  class space    used 1696K, committed 1792K, reserved 1048576K
}
Event: 5.478 GC heap before
{Heap before GC invocations=6 (full 0):
 garbage-first heap   total reserved 1026048K, committed 81920K, used 47374K [0x00000000c1600000, 0x0000000100000000)
  region size 1024K, 29 young (29696K), 4 survivors (4096K)
 Metaspace       used 21199K, committed 21504K, reserved 1114112K
  class space    used 2045K, committed 2176K, reserved 1048576K
}
Event: 5.493 GC heap after
{Heap after GC invocations=7 (full 0):
 garbage-first heap   total reserved 1026048K, committed 81920K, used 26288K [0x00000000c1600000, 0x0000000100000000)
  region size 1024K, 6 young (6144K), 6 survivors (6144K)
 Metaspace       used 21199K, committed 21504K, reserved 1114112K
  class space    used 2045K, committed 2176K, reserved 1048576K
}
Event: 6.237 GC heap before
{Heap before GC invocations=8 (full 0):
 garbage-first heap   total reserved 1026048K, committed 81920K, used 64176K [0x00000000c1600000, 0x0000000100000000)
  region size 1024K, 42 young (43008K), 6 survivors (6144K)
 Metaspace       used 26037K, committed 26432K, reserved 1114112K
  class space    used 2524K, committed 2688K, reserved 1048576K
}
Event: 6.262 GC heap after
{Heap after GC invocations=9 (full 0):
 garbage-first heap   total reserved 1026048K, committed 84992K, used 38512K [0x00000000c1600000, 0x0000000100000000)
  region size 1024K, 6 young (6144K), 6 survivors (6144K)
 Metaspace       used 26037K, committed 26432K, reserved 1114112K
  class space    used 2524K, committed 2688K, reserved 1048576K
}
Event: 7.258 GC heap before
{Heap before GC invocations=9 (full 0):
 garbage-first heap   total reserved 1026048K, committed 84992K, used 67184K [0x00000000c1600000, 0x0000000100000000)
  region size 1024K, 34 young (34816K), 6 survivors (6144K)
 Metaspace       used 27999K, committed 28352K, reserved 1114112K
  class space    used 2790K, committed 2944K, reserved 1048576K
}
Event: 7.279 GC heap after
{Heap after GC invocations=10 (full 0):
 garbage-first heap   total reserved 1026048K, committed 84992K, used 44032K [0x00000000c1600000, 0x0000000100000000)
  region size 1024K, 5 young (5120K), 5 survivors (5120K)
 Metaspace       used 27999K, committed 28352K, reserved 1114112K
  class space    used 2790K, committed 2944K, reserved 1048576K
}
Event: 7.933 GC heap before
{Heap before GC invocations=10 (full 0):
 garbage-first heap   total reserved 1026048K, committed 84992K, used 63488K [0x00000000c1600000, 0x0000000100000000)
  region size 1024K, 25 young (25600K), 5 survivors (5120K)
 Metaspace       used 28941K, committed 29312K, reserved 1114112K
  class space    used 2878K, committed 3072K, reserved 1048576K
}
Event: 7.946 GC heap after
{Heap after GC invocations=11 (full 0):
 garbage-first heap   total reserved 1026048K, committed 84992K, used 44454K [0x00000000c1600000, 0x0000000100000000)
  region size 1024K, 2 young (2048K), 2 survivors (2048K)
 Metaspace       used 28941K, committed 29312K, reserved 1114112K
  class space    used 2878K, committed 3072K, reserved 1048576K
}
Event: 8.367 GC heap before
{Heap before GC invocations=12 (full 0):
 garbage-first heap   total reserved 1026048K, committed 84992K, used 78246K [0x00000000c1600000, 0x0000000100000000)
  region size 1024K, 28 young (28672K), 2 survivors (2048K)
 Metaspace       used 28978K, committed 29440K, reserved 1114112K
  class space    used 2878K, committed 3072K, reserved 1048576K
}
Event: 8.384 GC heap after
{Heap after GC invocations=13 (full 0):
 garbage-first heap   total reserved 1026048K, committed 92160K, used 60928K [0x00000000c1600000, 0x0000000100000000)
  region size 1024K, 4 young (4096K), 4 survivors (4096K)
 Metaspace       used 28978K, committed 29440K, reserved 1114112K
  class space    used 2878K, committed 3072K, reserved 1048576K
}
Event: 8.517 GC heap before
{Heap before GC invocations=13 (full 0):
 garbage-first heap   total reserved 1026048K, committed 92160K, used 75264K [0x00000000c1600000, 0x0000000100000000)
  region size 1024K, 19 young (19456K), 4 survivors (4096K)
 Metaspace       used 28984K, committed 29440K, reserved 1114112K
  class space    used 2878K, committed 3072K, reserved 1048576K
}
Event: 8.533 GC heap after
{Heap after GC invocations=14 (full 0):
 garbage-first heap   total reserved 1026048K, committed 92160K, used 57344K [0x00000000c1600000, 0x0000000100000000)
  region size 1024K, 3 young (3072K), 3 survivors (3072K)
 Metaspace       used 28984K, committed 29440K, reserved 1114112K
  class space    used 2878K, committed 3072K, reserved 1048576K
}
Event: 8.876 GC heap before
{Heap before GC invocations=14 (full 0):
 garbage-first heap   total reserved 1026048K, committed 92160K, used 75776K [0x00000000c1600000, 0x0000000100000000)
  region size 1024K, 21 young (21504K), 3 survivors (3072K)
 Metaspace       used 29002K, committed 29440K, reserved 1114112K
  class space    used 2878K, committed 3072K, reserved 1048576K
}
Event: 8.895 GC heap after
{Heap after GC invocations=15 (full 0):
 garbage-first heap   total reserved 1026048K, committed 140288K, used 61952K [0x00000000c1600000, 0x0000000100000000)
  region size 1024K, 3 young (3072K), 3 survivors (3072K)
 Metaspace       used 29002K, committed 29440K, reserved 1114112K
  class space    used 2878K, committed 3072K, reserved 1048576K
}

Dll operation events (8 events):
Event: 0.013 Loaded shared library C:\Program Files\Apache NetBeans\jdk\bin\java.dll
Event: 0.045 Loaded shared library C:\Program Files\Apache NetBeans\jdk\bin\jsvml.dll
Event: 0.053 Loaded shared library C:\Program Files\Apache NetBeans\jdk\bin\net.dll
Event: 0.056 Loaded shared library C:\Program Files\Apache NetBeans\jdk\bin\nio.dll
Event: 0.061 Loaded shared library C:\Program Files\Apache NetBeans\jdk\bin\zip.dll
Event: 0.223 Loaded shared library C:\Program Files\Apache NetBeans\jdk\bin\jimage.dll
Event: 0.225 Loaded shared library C:\Program Files\Apache NetBeans\java\maven\lib\jansi-native\Windows\x86_64\jansi.dll
Event: 0.241 Loaded shared library C:\Program Files\Apache NetBeans\jdk\bin\verify.dll

Deoptimization events (20 events):
Event: 10.173 Thread 0x00000267502457b0 DEOPT PACKING pc=0x000002676098ee64 sp=0x000000db6befdac0
Event: 10.173 Thread 0x00000267502457b0 DEOPT UNPACKING pc=0x0000026760386482 sp=0x000000db6befda50 mode 2
Event: 10.173 Thread 0x00000267502457b0 Uncommon trap: trap_request=0xffffffde fr.pc=0x000002676098f164 relative=0x0000000000000064
Event: 10.173 Thread 0x00000267502457b0 Uncommon trap: reason=class_check action=maybe_recompile pc=0x000002676098f164 method=java.util.Collections$UnmodifiableMap$UnmodifiableEntrySet$UnmodifiableEntry.getValue()Ljava/lang/Object; @ 4 c2
Event: 10.173 Thread 0x00000267502457b0 DEOPT PACKING pc=0x000002676098f164 sp=0x000000db6befdac0
Event: 10.173 Thread 0x00000267502457b0 DEOPT UNPACKING pc=0x0000026760386482 sp=0x000000db6befda50 mode 2
Event: 10.230 Thread 0x0000026746c9dd70 Uncommon trap: trap_request=0xffffff4d fr.pc=0x00000267608e67b0 relative=0x00000000000004d0
Event: 10.230 Thread 0x0000026746c9dd70 Uncommon trap: reason=unstable_if action=reinterpret pc=0x00000267608e67b0 method=java.lang.AbstractStringBuilder.inflateIfNeededFor(Ljava/lang/String;)V @ 14 c2
Event: 10.230 Thread 0x0000026746c9dd70 DEOPT PACKING pc=0x00000267608e67b0 sp=0x000000db6d6ff280
Event: 10.230 Thread 0x0000026746c9dd70 DEOPT UNPACKING pc=0x0000026760386482 sp=0x000000db6d6ff130 mode 2
Event: 10.230 Thread 0x0000026746c9dd70 Uncommon trap: trap_request=0xffffff4d fr.pc=0x000002676095dc48 relative=0x00000000000004e8
Event: 10.230 Thread 0x0000026746c9dd70 Uncommon trap: reason=unstable_if action=reinterpret pc=0x000002676095dc48 method=java.lang.String.getBytes([BIB)V @ 5 c2
Event: 10.230 Thread 0x0000026746c9dd70 DEOPT PACKING pc=0x000002676095dc48 sp=0x000000db6d6ff230
Event: 10.230 Thread 0x0000026746c9dd70 DEOPT UNPACKING pc=0x0000026760386482 sp=0x000000db6d6ff128 mode 2
Event: 10.230 Thread 0x0000026746c9dd70 Uncommon trap: trap_request=0xffffff4d fr.pc=0x00000267609619d8 relative=0x00000000000000b8
Event: 10.230 Thread 0x0000026746c9dd70 Uncommon trap: reason=unstable_if action=reinterpret pc=0x00000267609619d8 method=java.lang.String.codePointAt(I)I @ 4 c2
Event: 10.230 Thread 0x0000026746c9dd70 DEOPT PACKING pc=0x00000267609619d8 sp=0x000000db6d6ff220
Event: 10.230 Thread 0x0000026746c9dd70 DEOPT UNPACKING pc=0x0000026760386482 sp=0x000000db6d6ff1a8 mode 2
Event: 10.233 Thread 0x00000267502457b0 DEOPT PACKING pc=0x00000267595558e0 sp=0x000000db6bef9700
Event: 10.233 Thread 0x00000267502457b0 DEOPT UNPACKING pc=0x00000267602c5722 sp=0x000000db6bef8c08 mode 0

Classes loaded (20 events):
Event: 10.195 Loading class jdk/internal/logger/LoggerFinderLoader
Event: 10.195 Loading class jdk/internal/logger/LoggerFinderLoader done
Event: 10.195 Loading class jdk/internal/logger/LoggerFinderLoader$TemporaryLoggerFinder
Event: 10.195 Loading class jdk/internal/logger/LoggerFinderLoader$TemporaryLoggerFinder done
Event: 10.196 Loading class sun/util/logging/internal/LoggingProviderImpl$JULWrapper
Event: 10.196 Loading class sun/util/logging/PlatformLogger$ConfigurableBridge$LoggerConfiguration
Event: 10.196 Loading class sun/util/logging/PlatformLogger$ConfigurableBridge$LoggerConfiguration done
Event: 10.196 Loading class sun/util/logging/internal/LoggingProviderImpl$JULWrapper done
Event: 10.196 Loading class java/lang/System$Logger$Level
Event: 10.197 Loading class java/lang/System$Logger$Level done
Event: 10.198 Loading class java/nio/channels/ClosedChannelException
Event: 10.198 Loading class java/nio/channels/ClosedChannelException done
Event: 10.200 Loading class java/nio/channels/NonReadableChannelException
Event: 10.201 Loading class java/nio/channels/NonReadableChannelException done
Event: 10.201 Loading class java/nio/channels/NonWritableChannelException
Event: 10.201 Loading class java/nio/channels/NonWritableChannelException done
Event: 10.226 Loading class java/util/Scanner
Event: 10.227 Loading class java/util/Scanner done
Event: 10.229 Loading class java/util/Scanner$PatternLRUCache
Event: 10.230 Loading class java/util/Scanner$PatternLRUCache done

Classes unloaded (0 events):
No events

Classes redefined (0 events):
No events

Internal exceptions (20 events):
Event: 9.034 Thread 0x00000267502457b0 Exception <a 'sun/nio/fs/WindowsException'{0x00000000c905f278}> (0x00000000c905f278) 
thrown [s\src\hotspot\share\prims\jni.cpp, line 518]
Event: 9.035 Thread 0x00000267502457b0 Exception <a 'sun/nio/fs/WindowsException'{0x00000000c90831f8}> (0x00000000c90831f8) 
thrown [s\src\hotspot\share\prims\jni.cpp, line 518]
Event: 9.035 Thread 0x00000267502457b0 Exception <a 'sun/nio/fs/WindowsException'{0x00000000c9083c90}> (0x00000000c9083c90) 
thrown [s\src\hotspot\share\prims\jni.cpp, line 518]
Event: 9.036 Thread 0x00000267502457b0 Exception <a 'sun/nio/fs/WindowsException'{0x00000000c9088970}> (0x00000000c9088970) 
thrown [s\src\hotspot\share\prims\jni.cpp, line 518]
Event: 9.036 Thread 0x00000267502457b0 Exception <a 'sun/nio/fs/WindowsException'{0x00000000c9089370}> (0x00000000c9089370) 
thrown [s\src\hotspot\share\prims\jni.cpp, line 518]
Event: 9.036 Thread 0x00000267502457b0 Exception <a 'sun/nio/fs/WindowsException'{0x00000000c9098e58}> (0x00000000c9098e58) 
thrown [s\src\hotspot\share\prims\jni.cpp, line 518]
Event: 9.037 Thread 0x00000267502457b0 Exception <a 'sun/nio/fs/WindowsException'{0x00000000c90c57b8}> (0x00000000c90c57b8) 
thrown [s\src\hotspot\share\prims\jni.cpp, line 518]
Event: 9.037 Thread 0x00000267502457b0 Exception <a 'sun/nio/fs/WindowsException'{0x00000000c90c6278}> (0x00000000c90c6278) 
thrown [s\src\hotspot\share\prims\jni.cpp, line 518]
Event: 9.052 Thread 0x00000267502457b0 Exception <a 'sun/nio/fs/WindowsException'{0x00000000c8fc1960}> (0x00000000c8fc1960) 
thrown [s\src\hotspot\share\prims\jni.cpp, line 518]
Event: 9.052 Thread 0x00000267502457b0 Exception <a 'sun/nio/fs/WindowsException'{0x00000000c8fc20c0}> (0x00000000c8fc20c0) 
thrown [s\src\hotspot\share\prims\jni.cpp, line 518]
Event: 9.052 Thread 0x00000267502457b0 Exception <a 'sun/nio/fs/WindowsException'{0x00000000c8fc2690}> (0x00000000c8fc2690) 
thrown [s\src\hotspot\share\prims\jni.cpp, line 518]
Event: 9.053 Thread 0x00000267502457b0 Exception <a 'sun/nio/fs/WindowsException'{0x00000000c8fc2dc8}> (0x00000000c8fc2dc8) 
thrown [s\src\hotspot\share\prims\jni.cpp, line 518]
Event: 9.053 Thread 0x00000267502457b0 Exception <a 'sun/nio/fs/WindowsException'{0x00000000c8fc34e8}> (0x00000000c8fc34e8) 
thrown [s\src\hotspot\share\prims\jni.cpp, line 518]
Event: 9.750 Thread 0x00000267461d27d0 Exception <a 'java/lang/NoSuchMethodError'{0x00000000c7ab0008}: 'java.lang.Object java.lang.invoke.DirectMethodHandle$Holder.invokeStatic(java.lang.Object, long, java.lang.Object)'> (0x00000000c7ab0008) 
thrown [s\src\hotspot\share\interpreter\linkResolver.cpp, line 805]
Event: 9.750 Thread 0x00000267461d27d0 Exception <a 'java/lang/NoSuchMethodError'{0x00000000c7ab7e50}: 'java.lang.Object java.lang.invoke.DirectMethodHandle$Holder.invokeStaticInit(java.lang.Object, long, java.lang.Object)'> (0x00000000c7ab7e50) 
thrown [s\src\hotspot\share\interpreter\linkResolver.cpp, line 805]
Event: 9.751 Thread 0x00000267461d27d0 Exception <a 'java/lang/NoSuchMethodError'{0x00000000c7ac7020}: 'java.lang.Object java.lang.invoke.DirectMethodHandle$Holder.newInvokeSpecial(java.lang.Object, long)'> (0x00000000c7ac7020) 
thrown [s\src\hotspot\share\interpreter\linkResolver.cpp, line 805]
Event: 9.754 Thread 0x00000267461d27d0 Exception <a 'java/lang/NoSuchMethodError'{0x00000000c7ad0348}: 'long java.lang.invoke.DirectMethodHandle$Holder.invokeInterface(java.lang.Object, java.lang.Object)'> (0x00000000c7ad0348) 
thrown [s\src\hotspot\share\interpreter\linkResolver.cpp, line 805]
Event: 9.755 Thread 0x00000267461d27d0 Exception <a 'java/lang/NoSuchMethodError'{0x00000000c7ad8300}: 'long java.lang.invoke.DelegatingMethodHandle$Holder.reinvoke_L(java.lang.Object, java.lang.Object)'> (0x00000000c7ad8300) 
thrown [s\src\hotspot\share\interpreter\linkResolver.cpp, line 805]
Event: 9.859 Thread 0x00000267502457b0 Exception <a 'java/lang/NoSuchMethodError'{0x00000000c7795fe0}: 'java.lang.Object java.lang.invoke.DirectMethodHandle$Holder.invokeStaticInit(java.lang.Object, java.lang.Object, int, int, int, int)'> (0x00000000c7795fe0) 
thrown [s\src\hotspot\share\interpreter\linkResolver.cpp, line 805]
Event: 10.190 Thread 0x00000267502457b0 Exception <a 'java/lang/NoSuchMethodError'{0x00000000c6cede80}: 'void java.lang.invoke.DirectMethodHandle$Holder.invokeStatic(java.lang.Object, long)'> (0x00000000c6cede80) 
thrown [s\src\hotspot\share\interpreter\linkResolver.cpp, line 805]

VM Operations (20 events):
Event: 8.367 Executing VM operation: G1CollectForAllocation (G1 Evacuation Pause)
Event: 8.384 Executing VM operation: G1CollectForAllocation (G1 Evacuation Pause) done
Event: 8.517 Executing VM operation: G1CollectForAllocation (G1 Evacuation Pause)
Event: 8.533 Executing VM operation: G1CollectForAllocation (G1 Evacuation Pause) done
Event: 8.876 Executing VM operation: G1CollectForAllocation (G1 Evacuation Pause)
Event: 8.895 Executing VM operation: G1CollectForAllocation (G1 Evacuation Pause) done
Event: 9.567 Executing VM operation: HandshakeAllThreads (Deoptimize)
Event: 9.567 Executing VM operation: HandshakeAllThreads (Deoptimize) done
Event: 9.577 Executing VM operation: HandshakeAllThreads (Deoptimize)
Event: 9.577 Executing VM operation: HandshakeAllThreads (Deoptimize) done
Event: 9.831 Executing VM operation: HandshakeAllThreads (Deoptimize)
Event: 9.831 Executing VM operation: HandshakeAllThreads (Deoptimize) done
Event: 10.077 Executing VM operation: HandshakeAllThreads (Deoptimize)
Event: 10.077 Executing VM operation: HandshakeAllThreads (Deoptimize) done
Event: 10.087 Executing VM operation: HandshakeAllThreads (Deoptimize)
Event: 10.087 Executing VM operation: HandshakeAllThreads (Deoptimize) done
Event: 10.111 Executing VM operation: HandshakeAllThreads (Deoptimize)
Event: 10.111 Executing VM operation: HandshakeAllThreads (Deoptimize) done
Event: 10.112 Executing VM operation: HandshakeAllThreads (Deoptimize)
Event: 10.112 Executing VM operation: HandshakeAllThreads (Deoptimize) done

Memory protections (0 events):
No events

Nmethod flushes (20 events):
Event: 8.016 Thread 0x000002674116ea30 flushing  nmethod 0x000002675962dd08
Event: 8.016 Thread 0x000002674116ea30 flushing  nmethod 0x000002675962e008
Event: 8.016 Thread 0x000002674116ea30 flushing  nmethod 0x000002675962e308
Event: 8.016 Thread 0x000002674116ea30 flushing  nmethod 0x000002675962e608
Event: 8.016 Thread 0x000002674116ea30 flushing  nmethod 0x000002675962ea08
Event: 8.016 Thread 0x000002674116ea30 flushing  nmethod 0x000002675962ed88
Event: 8.016 Thread 0x000002674116ea30 flushing  nmethod 0x000002675962f188
Event: 8.016 Thread 0x000002674116ea30 flushing  nmethod 0x000002675962f588
Event: 8.016 Thread 0x000002674116ea30 flushing  nmethod 0x000002675962f988
Event: 8.016 Thread 0x000002674116ea30 flushing  nmethod 0x000002675962ff88
Event: 8.016 Thread 0x000002674116ea30 flushing  nmethod 0x0000026759630588
Event: 8.016 Thread 0x000002674116ea30 flushing  nmethod 0x0000026759630b88
Event: 8.016 Thread 0x000002674116ea30 flushing  nmethod 0x0000026759630f88
Event: 8.016 Thread 0x000002674116ea30 flushing  nmethod 0x0000026759631f08
Event: 8.016 Thread 0x000002674116ea30 flushing  nmethod 0x0000026759632408
Event: 8.016 Thread 0x000002674116ea30 flushing  nmethod 0x0000026759632788
Event: 8.016 Thread 0x000002674116ea30 flushing  nmethod 0x0000026759632d88
Event: 8.016 Thread 0x000002674116ea30 flushing  nmethod 0x0000026759634088
Event: 8.016 Thread 0x000002674116ea30 flushing  nmethod 0x0000026759634408
Event: 8.016 Thread 0x000002674116ea30 flushing  nmethod 0x0000026759634788

Events (20 events):
Event: 0.042 Thread 0x00000267502457b0 Thread added: 0x000002674117d960
Event: 0.042 Thread 0x00000267502457b0 Thread added: 0x000002674117e970
Event: 0.042 Thread 0x00000267502457b0 Thread added: 0x0000026741183210
Event: 0.042 Thread 0x00000267502457b0 Thread added: 0x0000026741185ce0
Event: 0.042 Thread 0x00000267502457b0 Thread added: 0x0000026741186bc0
Event: 0.042 Thread 0x00000267502457b0 Thread added: 0x0000026741192fd0
Event: 0.043 Thread 0x00000267502457b0 Thread added: 0x00000267411b41f0
Event: 0.043 Thread 0x00000267502457b0 Thread added: 0x00000267411909f0
Event: 0.047 Thread 0x00000267502457b0 Thread added: 0x000002674122fae0
Event: 0.050 Thread 0x00000267502457b0 Thread added: 0x0000026741251070
Event: 0.220 Thread 0x00000267502457b0 Thread added: 0x0000026741a42270
Event: 0.242 Thread 0x0000026741a42270 Thread exited: 0x0000026741a42270
Event: 9.593 Thread 0x00000267502457b0 Thread added: 0x00000267461d27d0
Event: 9.757 Thread 0x00000267461d27d0 Thread exited: 0x00000267461d27d0
Event: 10.003 Thread 0x00000267502457b0 Thread added: 0x0000026741843320
Event: 10.010 Thread 0x00000267502457b0 Thread added: 0x0000026747e1afe0
Event: 10.169 Thread 0x00000267502457b0 Thread added: 0x0000026746267ff0
Event: 10.226 Thread 0x00000267502457b0 Thread added: 0x0000026746c9dd70
Event: 10.226 Thread 0x00000267502457b0 Thread added: 0x0000026746c9c780
Event: 10.237 Thread 0x00000267502457b0 Thread added: 0x0000026746c9b190


Dynamic libraries:
0x00007ff77fcf0000 - 0x00007ff77fcfe000 	C:\Program Files\Apache NetBeans\jdk\bin\java.exe
0x00007ffc0b730000 - 0x00007ffc0b928000 	C:\WINDOWS\SYSTEM32\ntdll.dll
0x00007ffc03900000 - 0x00007ffc03920000 	C:\Program Files\Avast Software\Avast\aswhook.dll
0x00007ffc0ade0000 - 0x00007ffc0aea2000 	C:\WINDOWS\System32\KERNEL32.DLL
0x00007ffc093d0000 - 0x00007ffc096c6000 	C:\WINDOWS\System32\KERNELBASE.dll
0x00007ffc09110000 - 0x00007ffc09210000 	C:\WINDOWS\System32\ucrtbase.dll
0x00007ffbcd3c0000 - 0x00007ffbcd3de000 	C:\Program Files\Apache NetBeans\jdk\bin\VCRUNTIME140.dll
0x00007ffbcd3f0000 - 0x00007ffbcd406000 	C:\Program Files\Apache NetBeans\jdk\bin\jli.dll
0x00007ffc09b50000 - 0x00007ffc09cf1000 	C:\WINDOWS\System32\USER32.dll
0x00007ffc09210000 - 0x00007ffc09232000 	C:\WINDOWS\System32\win32u.dll
0x00007ffc073e0000 - 0x00007ffc0767b000 	C:\WINDOWS\WinSxS\amd64_microsoft.windows.common-controls_6595b64144ccf1df_6.0.19041.6456_none_60b8a6cb71f64256\COMCTL32.dll
0x00007ffc0ad40000 - 0x00007ffc0adde000 	C:\WINDOWS\System32\msvcrt.dll
0x00007ffc0ad10000 - 0x00007ffc0ad3b000 	C:\WINDOWS\System32\GDI32.dll
0x00007ffc08dc0000 - 0x00007ffc08ed9000 	C:\WINDOWS\System32\gdi32full.dll
0x00007ffc08fc0000 - 0x00007ffc0905d000 	C:\WINDOWS\System32\msvcp_win.dll
0x00007ffc0a8e0000 - 0x00007ffc0a90f000 	C:\WINDOWS\System32\IMM32.DLL
0x00007ffbf69c0000 - 0x00007ffbf69cc000 	C:\Program Files\Apache NetBeans\jdk\bin\vcruntime140_1.dll
0x00007ffb96e70000 - 0x00007ffb96efd000 	C:\Program Files\Apache NetBeans\jdk\bin\msvcp140.dll
0x00007ffb9e940000 - 0x00007ffb9f7bc000 	C:\Program Files\Apache NetBeans\jdk\bin\server\jvm.dll
0x00007ffc0b010000 - 0x00007ffc0b0c1000 	C:\WINDOWS\System32\ADVAPI32.dll
0x00007ffc09ab0000 - 0x00007ffc09b4f000 	C:\WINDOWS\System32\sechost.dll
0x00007ffc0ab10000 - 0x00007ffc0ac30000 	C:\WINDOWS\System32\RPCRT4.dll
0x00007ffc093a0000 - 0x00007ffc093c7000 	C:\WINDOWS\System32\bcrypt.dll
0x00007ffc0a910000 - 0x00007ffc0a97b000 	C:\WINDOWS\System32\WS2_32.dll
0x00007ffc08c20000 - 0x00007ffc08c6b000 	C:\WINDOWS\SYSTEM32\POWRPROF.dll
0x00007ffc026c0000 - 0x00007ffc026ca000 	C:\WINDOWS\SYSTEM32\VERSION.dll
0x00007ffbeda10000 - 0x00007ffbeda37000 	C:\WINDOWS\SYSTEM32\WINMM.dll
0x00007ffc08c00000 - 0x00007ffc08c12000 	C:\WINDOWS\SYSTEM32\UMPDC.dll
0x00007ffc06620000 - 0x00007ffc06632000 	C:\WINDOWS\SYSTEM32\kernel.appcore.dll
0x00007ffbd9b90000 - 0x00007ffbd9b9a000 	C:\Program Files\Apache NetBeans\jdk\bin\jimage.dll
0x00007ffc08710000 - 0x00007ffc08911000 	C:\WINDOWS\SYSTEM32\DBGHELP.DLL
0x00007ffc078e0000 - 0x00007ffc07914000 	C:\WINDOWS\SYSTEM32\dbgcore.DLL
0x00007ffc08f30000 - 0x00007ffc08fb2000 	C:\WINDOWS\System32\bcryptPrimitives.dll
0x00007ffba96f0000 - 0x00007ffba970e000 	C:\Program Files\Apache NetBeans\jdk\bin\java.dll
0x00007ffc09fc0000 - 0x00007ffc0a0eb000 	C:\WINDOWS\System32\ole32.dll
0x00007ffc09750000 - 0x00007ffc09aa4000 	C:\WINDOWS\System32\combase.dll
0x00007ffc0a0f0000 - 0x00007ffc0a860000 	C:\WINDOWS\System32\SHELL32.dll
0x00007ffc06790000 - 0x00007ffc06f35000 	C:\WINDOWS\SYSTEM32\windows.storage.dll
0x00007ffc083b0000 - 0x00007ffc083db000 	C:\WINDOWS\SYSTEM32\Wldp.dll
0x00007ffc0ac40000 - 0x00007ffc0ad0d000 	C:\WINDOWS\System32\OLEAUT32.dll
0x00007ffc0af60000 - 0x00007ffc0b00d000 	C:\WINDOWS\System32\SHCORE.dll
0x00007ffc0aab0000 - 0x00007ffc0ab0b000 	C:\WINDOWS\System32\shlwapi.dll
0x00007ffc08cf0000 - 0x00007ffc08d14000 	C:\WINDOWS\SYSTEM32\profapi.dll
0x00007ffba9460000 - 0x00007ffba9537000 	C:\Program Files\Apache NetBeans\jdk\bin\jsvml.dll
0x00007ffbd8820000 - 0x00007ffbd8830000 	C:\Program Files\Apache NetBeans\jdk\bin\net.dll
0x00007ffc08130000 - 0x00007ffc0819a000 	C:\WINDOWS\system32\mswsock.dll
0x00007ffbcd1f0000 - 0x00007ffbcd206000 	C:\Program Files\Apache NetBeans\jdk\bin\nio.dll
0x00007ffbcd210000 - 0x00007ffbcd227000 	C:\Program Files\Apache NetBeans\jdk\bin\zip.dll
0x00007ffbe0ab0000 - 0x00007ffbe0ad4000 	C:\Program Files\Apache NetBeans\java\maven\lib\jansi-native\Windows\x86_64\jansi.dll
0x00007ffbd7d30000 - 0x00007ffbd7d40000 	C:\Program Files\Apache NetBeans\jdk\bin\verify.dll
0x00007ffc08a10000 - 0x00007ffc08a43000 	C:\WINDOWS\SYSTEM32\ntmarta.dll
0x00007ffc08a50000 - 0x00007ffc08a68000 	C:\WINDOWS\SYSTEM32\CRYPTSP.dll
0x00007ffc07a10000 - 0x00007ffc07a48000 	C:\WINDOWS\system32\rsaenh.dll
0x00007ffc08cb0000 - 0x00007ffc08cde000 	C:\WINDOWS\SYSTEM32\USERENV.dll
0x00007ffc08320000 - 0x00007ffc0832c000 	C:\WINDOWS\SYSTEM32\CRYPTBASE.dll
0x00007ffc07e10000 - 0x00007ffc07e4b000 	C:\WINDOWS\SYSTEM32\IPHLPAPI.DLL
0x00007ffc0aaa0000 - 0x00007ffc0aaa8000 	C:\WINDOWS\System32\NSI.dll

JVMTI agents: none

dbghelp: loaded successfully - version: 4.0.5 - missing functions: none
symbol engine: initialized successfully - sym options: 0x614 - pdb path: .;C:\Program Files\Apache NetBeans\jdk\bin;C:\WINDOWS\SYSTEM32;C:\Program Files\Avast Software\Avast;C:\WINDOWS\WinSxS\amd64_microsoft.windows.common-controls_6595b64144ccf1df_6.0.19041.6456_none_60b8a6cb71f64256;C:\Program Files\Apache NetBeans\jdk\bin\server;C:\Program Files\Apache NetBeans\java\maven\lib\jansi-native\Windows\x86_64

VM Arguments:
jvm_args: -Dclassworlds.conf=C:\Program Files\Apache NetBeans\java\maven\bin\m2.conf -Dmaven.home=C:\Program Files\Apache NetBeans\java\maven -Dlibrary.jansi.path=C:\Program Files\Apache NetBeans\java\maven\lib\jansi-native -Dmaven.multiModuleProjectDirectory=C:\Users\agent\Documents\NetBeansProjects\uberHaiti_Ouest 
java_command: org.codehaus.plexus.classworlds.launcher.Launcher -Dmaven.ext.class.path=C:\Program Files\Apache NetBeans\java\maven-nblib\netbeans-eventspy.jar --no-transfer-progress install
java_class_path (initial): C:\Program Files\Apache NetBeans\java\maven\boot\plexus-classworlds-2.8.0.jar
Launcher Type: SUN_STANDARD

[Global flags]
     intx CICompilerCount                          = 3                                         {product} {ergonomic}
     uint ConcGCThreads                            = 1                                         {product} {ergonomic}
     uint G1ConcRefinementThreads                  = 4                                         {product} {ergonomic}
   size_t G1HeapRegionSize                         = 1048576                                   {product} {ergonomic}
   size_t InitialHeapSize                          = 67108864                                  {product} {ergonomic}
   size_t MarkStackSize                            = 4194304                                   {product} {ergonomic}
   size_t MarkStackSizeMax                         = 536870912                                 {product} {ergonomic}
   size_t MaxHeapSize                              = 1050673152                                {product} {ergonomic}
   size_t MaxNewSize                               = 630194176                                 {product} {ergonomic}
   size_t MinHeapDeltaBytes                        = 1048576                                   {product} {ergonomic}
   size_t MinHeapSize                              = 8388608                                   {product} {ergonomic}
    uintx NonNMethodCodeHeapSize                   = 5832704                                {pd product} {ergonomic}
    uintx NonProfiledCodeHeapSize                  = 122945536                              {pd product} {ergonomic}
    uintx ProfiledCodeHeapSize                     = 122880000                              {pd product} {ergonomic}
    uintx ReservedCodeCacheSize                    = 251658240                              {pd product} {ergonomic}
     bool SegmentedCodeCache                       = true                                      {product} {ergonomic}
   size_t SoftMaxHeapSize                          = 1050673152                             {manageable} {ergonomic}
     bool UseCompressedOops                        = true                           {product lp64_product} {ergonomic}
     bool UseG1GC                                  = true                                      {product} {ergonomic}
     bool UseLargePagesIndividualAllocation        = false                                  {pd product} {ergonomic}

Logging:
Log output configuration:
 #0: stdout all=warning uptime,level,tags foldmultilines=false
 #1: stderr all=off uptime,level,tags foldmultilines=false

Environment Variables:
JAVA_HOME=C:\Program Files\Apache NetBeans\jdk
PATH=C:\oracle\product\10.2.0\db_1\bin;C:\Program Files\Common Files\Oracle\Java\javapath;C:\Program Files (x86)\Common Files\Oracle\Java\javapath;C:\WINDOWS\system32;C:\WINDOWS;C:\WINDOWS\System32\Wbem;C:\WINDOWS\System32\WindowsPowerShell\v1.0\;C:\WINDOWS\System32\OpenSSH\;C:\Program Files (x86)\Intel\Intel(R) Management Engine Components\DAL;C:\Program Files\Intel\Intel(R) Management Engine Components\DAL;C:\Program Files (x86)\Intel\Intel(R) Management Engine Components\IPT;C:\Program Files\Intel\Intel(R) Management Engine Components\IPT;C:\Users\agent\AppData\Local\Microsoft\WindowsApps;
USERNAME=agent
OS=Windows_NT
PROCESSOR_IDENTIFIER=Intel64 Family 6 Model 142 Stepping 10, GenuineIntel
TMP=C:\Users\agent\AppData\Local\Temp
TEMP=C:\Users\agent\AppData\Local\Temp




Periodic native trim disabled

---------------  S Y S T E M  ---------------

OS:
 Windows 10 , 64 bit Build 19041 (10.0.19041.5915)
OS uptime: 0 days 9:10 hours

CPU: total 4 (initial active 4) (2 cores per cpu, 2 threads per core) family 6 model 142 stepping 10 microcode 0xe0, cx8, cmov, fxsr, ht, mmx, 3dnowpref, sse, sse2, sse3, ssse3, sse4.1, sse4.2, popcnt, lzcnt, tsc, tscinvbit, avx, avx2, aes, erms, clmul, bmi1, bmi2, adx, fma, vzeroupper, clflush, clflushopt, rdtscp, f16c
Processor Information for the first 4 processors :
  Max Mhz: 2201, Current Mhz: 2201, Mhz Limit: 2201

Memory: 4k page, system-wide physical 4007M (335M free)
TotalPageFile size 16295M (AvailPageFile size 3M)
current process WorkingSet (physical memory assigned to process): 261M, peak: 268M
current process commit charge ("private bytes"): 302M, peak: 318M

vm_info: OpenJDK 64-Bit Server VM (24.0.1+9) for windows-amd64 JRE (24.0.1+9) (Zulu24.30+11-CA), built on 2025-03-21T13:52:34Z with MS VC++ 17.1 (VS2022)

END.
