#
# There is insufficient memory for the Java Runtime Environment to continue.
# Native memory allocation (mmap) failed to map 67108864 bytes. Error detail: G1 virtual space
# Possible reasons:
#   The system is out of physical RAM or swap space
#   This process is running with CompressedOops enabled, and the Java Heap may be blocking the growth of the native heap
# Possible solutions:
#   Reduce memory load on the system
#   Increase physical memory or swap space
#   Check if swap backing store is full
#   Decrease Java heap size (-Xmx/-Xms)
#   Decrease number of Java threads
#   Decrease Java thread stack sizes (-Xss)
#   Set larger code cache with -XX:ReservedCodeCacheSize=
#   JVM is running with Unscaled Compressed Oops mode in which the Java heap is
#     placed in the first 4GB address space. The Java Heap base address is the
#     maximum limit for the native heap growth. Please use -XX:HeapBaseMinAddress
#     to set the Java Heap base and to place the Java Heap above 4GB virtual address.
# This output file may be truncated or incomplete.
#
#  Out of Memory Error (os_windows.cpp:3564), pid=17600, tid=1280
#
# JRE version:  (24.0.1+9) (build )
# Java VM: OpenJDK 64-Bit Server VM (24.0.1+9, mixed mode, sharing, tiered, compressed oops, compressed class ptrs, g1 gc, windows-amd64)
# No core dump will be written. Minidumps are not enabled by default on client versions of Windows
#

---------------  S U M M A R Y ------------

Command Line: C:\Users\agent\AppData\Local\Temp\surefire9699666724637442959\surefirebooter-20260424010214444_3.jar C:\Users\agent\AppData\Local\Temp\surefire9699666724637442959 2026-04-24T01-02-14_049-jvmRun1 surefire-20260424010214444_1tmp surefire_0-20260424010214444_2tmp

Host: Intel(R) Core(TM) i3-8130U CPU @ 2.20GHz, 4 cores, 3G,  Windows 10 , 64 bit Build 19041 (10.0.19041.5915)
Time: Fri Apr 24 01:02:15 2026 Eastern Daylight Time elapsed time: 0.122365 seconds (0d 0h 0m 0s)

---------------  T H R E A D  ---------------

Current thread (0x0000020b43cba100):  JavaThread "Unknown thread" [_thread_in_vm, id=1280, stack(0x0000001b2ba00000,0x0000001b2bb00000) (1024K)]

Stack: [0x0000001b2ba00000,0x0000001b2bb00000]
Native frames: (J=compiled Java code, j=interpreted, Vv=VM code, C=native code)
V  [jvm.dll+0x7410c9]  (no source info available)
V  [jvm.dll+0x97def3]  (no source info available)
V  [jvm.dll+0x98021d]  (no source info available)
V  [jvm.dll+0x980893]  (no source info available)
V  [jvm.dll+0x2b5b16]  (no source info available)
V  [jvm.dll+0x73d535]  (no source info available)
V  [jvm.dll+0x730d0a]  (no source info available)
V  [jvm.dll+0x39ea4a]  (no source info available)
V  [jvm.dll+0x3a6746]  (no source info available)
V  [jvm.dll+0x392fce]  (no source info available)
V  [jvm.dll+0x393288]  (no source info available)
V  [jvm.dll+0x369fcc]  (no source info available)
V  [jvm.dll+0x36ac8d]  (no source info available)
V  [jvm.dll+0x94069f]  (no source info available)
V  [jvm.dll+0x4077ad]  (no source info available)
V  [jvm.dll+0x928b1e]  (no source info available)
V  [jvm.dll+0x4a2c4e]  (no source info available)
V  [jvm.dll+0x4a4b81]  (no source info available)
C  [jli.dll+0x52a1]  (no source info available)
C  [ucrtbase.dll+0x21bb2]  (no source info available)
C  [KERNEL32.DLL+0x17374]  (no source info available)
C  [ntdll.dll+0x4cc91]  (no source info available)

Lock stack of current Java thread (top to bottom):


---------------  P R O C E S S  ---------------

Threads class SMR info:
_java_thread_list=0x00007ffb9f64bf58, length=0, elements={
}

Java Threads: ( => current thread )
Total: 0

Other Threads:
  0x0000020b45f12f50 WorkerThread "GC Thread#0"                     [id=6668, stack(0x0000001b2bb00000,0x0000001b2bc00000) (1024K)]
  0x0000020b45f1db30 ConcurrentGCThread "G1 Main Marker"            [id=15188, stack(0x0000001b2bc00000,0x0000001b2bd00000) (1024K)]
  0x0000020b45f1f550 WorkerThread "G1 Conc#0"                       [id=4616, stack(0x0000001b2bd00000,0x0000001b2be00000) (1024K)]

[error occurred during error reporting (printing all threads), id 0xc0000005, EXCEPTION_ACCESS_VIOLATION (0xc0000005) at pc=0x00007ffb9ecbefaa]
VM state: not at safepoint (not fully initialized)

VM Mutex/Monitor currently owned by a thread:  ([mutex/lock_event])
[0x00007ffb9f6d50c8] Heap_lock - owner thread: 0x0000020b43cba100

Heap address: 0x00000000c1600000, size: 1002 MB, Compressed Oops mode: 32-bit

CDS archive(s) mapped at: [0x0000000000000000-0x0000000000000000-0x0000000000000000), size 0, SharedBaseAddress: 0x0000000800000000, ArchiveRelocationMode: 1.
UseCompressedClassPointers 1, UseCompactObjectHeaders 0
Narrow klass pointer bits 32, Max shift 3
Narrow klass base: 0xffffffffffffffff, Narrow klass shift: -1
Encoding Range: [0xffffffffffffffff - 0x000000007fffffff), (2147483648 bytes)
Klass Range:    [0x0000000000000000 - 0x0000000000000000), (0 bytes)
Klass ID Range:  [4294967295 - 0) (1)

GC Precious Log:
 CardTable entry size: 512
 Card Set container configuration: InlinePtr #cards 5 size 8 Array Of Cards #cards 10 size 36 Howl #buckets 4 coarsen threshold 1843 Howl Bitmap #cards 512 size 80 coarsen threshold 460 Card regions per heap region 1 cards per card region 2048

Heap:
 garbage-first heap   total reserved 1026048K, committed 0K, used 0K [0x00000000c1600000, 0x0000000100000000)
  region size 1024K, 0 young (0K), 0 survivors (0K)

[error occurred during error reporting (printing heap information), id 0xc0000005, EXCEPTION_ACCESS_VIOLATION (0xc0000005) at pc=0x00007ffb9f0df8e9]
GC Heap History (0 events):
No events

Dll operation events (1 events):
Event: 0.086 Loaded shared library C:\Program Files\Apache NetBeans\jdk\bin\java.dll

Deoptimization events (0 events):
No events

Classes loaded (0 events):
No events

Classes unloaded (0 events):
No events

Classes redefined (0 events):
No events

Internal exceptions (0 events):
No events

VM Operations (0 events):
No events

Memory protections (0 events):
No events

Nmethod flushes (0 events):
No events

Events (0 events):
No events


Dynamic libraries:
0x00007ff77fcf0000 - 0x00007ff77fcfe000 	C:\Program Files\Apache NetBeans\jdk\bin\java.exe
0x00007ffc0b730000 - 0x00007ffc0b928000 	C:\WINDOWS\SYSTEM32\ntdll.dll
0x00007ffc03900000 - 0x00007ffc03920000 	C:\Program Files\Avast Software\Avast\aswhook.dll
0x00007ffc0ade0000 - 0x00007ffc0aea2000 	C:\WINDOWS\System32\KERNEL32.DLL
0x00007ffc093d0000 - 0x00007ffc096c6000 	C:\WINDOWS\System32\KERNELBASE.dll
0x00007ffc09110000 - 0x00007ffc09210000 	C:\WINDOWS\System32\ucrtbase.dll
0x00007ffbcd3f0000 - 0x00007ffbcd406000 	C:\Program Files\Apache NetBeans\jdk\bin\jli.dll
0x00007ffbcd3c0000 - 0x00007ffbcd3de000 	C:\Program Files\Apache NetBeans\jdk\bin\VCRUNTIME140.dll
0x00007ffc09b50000 - 0x00007ffc09cf1000 	C:\WINDOWS\System32\USER32.dll
0x00007ffc09210000 - 0x00007ffc09232000 	C:\WINDOWS\System32\win32u.dll
0x00007ffc0ad10000 - 0x00007ffc0ad3b000 	C:\WINDOWS\System32\GDI32.dll
0x00007ffc08dc0000 - 0x00007ffc08ed9000 	C:\WINDOWS\System32\gdi32full.dll
0x00007ffc08fc0000 - 0x00007ffc0905d000 	C:\WINDOWS\System32\msvcp_win.dll
0x00007ffc073e0000 - 0x00007ffc0767b000 	C:\WINDOWS\WinSxS\amd64_microsoft.windows.common-controls_6595b64144ccf1df_6.0.19041.6456_none_60b8a6cb71f64256\COMCTL32.dll
0x00007ffc0ad40000 - 0x00007ffc0adde000 	C:\WINDOWS\System32\msvcrt.dll
0x00007ffc0a8e0000 - 0x00007ffc0a90f000 	C:\WINDOWS\System32\IMM32.DLL
0x00007ffbf69c0000 - 0x00007ffbf69cc000 	C:\Program Files\Apache NetBeans\jdk\bin\vcruntime140_1.dll
0x00007ffb96e70000 - 0x00007ffb96efd000 	C:\Program Files\Apache NetBeans\jdk\bin\msvcp140.dll
0x00007ffb9e940000 - 0x00007ffb9f7bc000 	C:\Program Files\Apache NetBeans\jdk\bin\server\jvm.dll
0x00007ffc0b010000 - 0x00007ffc0b0c1000 	C:\WINDOWS\System32\ADVAPI32.dll
0x00007ffc09ab0000 - 0x00007ffc09b4f000 	C:\WINDOWS\System32\sechost.dll
0x00007ffc0ab10000 - 0x00007ffc0ac30000 	C:\WINDOWS\System32\RPCRT4.dll
0x00007ffc093a0000 - 0x00007ffc093c7000 	C:\WINDOWS\System32\bcrypt.dll
0x00007ffc0a910000 - 0x00007ffc0a97b000 	C:\WINDOWS\System32\WS2_32.dll
0x00007ffbeda10000 - 0x00007ffbeda37000 	C:\WINDOWS\SYSTEM32\WINMM.dll
0x00007ffc08c20000 - 0x00007ffc08c6b000 	C:\WINDOWS\SYSTEM32\POWRPROF.dll
0x00007ffc026c0000 - 0x00007ffc026ca000 	C:\WINDOWS\SYSTEM32\VERSION.dll
0x00007ffc08c00000 - 0x00007ffc08c12000 	C:\WINDOWS\SYSTEM32\UMPDC.dll
0x00007ffc06620000 - 0x00007ffc06632000 	C:\WINDOWS\SYSTEM32\kernel.appcore.dll
0x00007ffbd9b90000 - 0x00007ffbd9b9a000 	C:\Program Files\Apache NetBeans\jdk\bin\jimage.dll
0x00007ffc08710000 - 0x00007ffc08911000 	C:\WINDOWS\SYSTEM32\DBGHELP.DLL
0x00007ffc078e0000 - 0x00007ffc07914000 	C:\WINDOWS\SYSTEM32\dbgcore.DLL
0x00007ffc08f30000 - 0x00007ffc08fb2000 	C:\WINDOWS\System32\bcryptPrimitives.dll
0x00007ffba96f0000 - 0x00007ffba970e000 	C:\Program Files\Apache NetBeans\jdk\bin\java.dll
0x00007ffc09fc0000 - 0x00007ffc0a0eb000 	C:\WINDOWS\System32\ole32.dll
0x00007ffc09750000 - 0x00007ffc09aa4000 	C:\WINDOWS\System32\combase.dll
0x00007ffc0a0f0000 - 0x00007ffc0a860000 	C:\WINDOWS\System32\SHELL32.dll

JVMTI agents: none

dbghelp: loaded successfully - version: 4.0.5 - missing functions: none
symbol engine: initialized successfully - sym options: 0x614 - pdb path: .;C:\Program Files\Apache NetBeans\jdk\bin;C:\WINDOWS\SYSTEM32;C:\Program Files\Avast Software\Avast;C:\WINDOWS\WinSxS\amd64_microsoft.windows.common-controls_6595b64144ccf1df_6.0.19041.6456_none_60b8a6cb71f64256;C:\Program Files\Apache NetBeans\jdk\bin\server

VM Arguments:
java_command: C:\Users\agent\AppData\Local\Temp\surefire9699666724637442959\surefirebooter-20260424010214444_3.jar C:\Users\agent\AppData\Local\Temp\surefire9699666724637442959 2026-04-24T01-02-14_049-jvmRun1 surefire-20260424010214444_1tmp surefire_0-20260424010214444_2tmp
java_class_path (initial): C:\Users\agent\AppData\Local\Temp\surefire9699666724637442959\surefirebooter-20260424010214444_3.jar
Launcher Type: SUN_STANDARD

[Global flags]
     intx CICompilerCount                          = 3                                         {product} {ergonomic}
     uint ConcGCThreads                            = 1                                         {product} {ergonomic}
     uint G1ConcRefinementThreads                  = 4                                         {product} {ergonomic}
   size_t G1HeapRegionSize                         = 1048576                                   {product} {ergonomic}
   size_t InitialHeapSize                          = 67108864                                  {product} {ergonomic}
   size_t MarkStackSize                            = 4194304                                   {product} {ergonomic}
   size_t MarkStackSizeMax                         = 536870912                                 {product} {ergonomic}
   size_t MaxHeapSize                              = 1050673152                                {product} {ergonomic}
   size_t MinHeapDeltaBytes                        = 1048576                                   {product} {ergonomic}
   size_t MinHeapSize                              = 8388608                                   {product} {ergonomic}
    uintx NonNMethodCodeHeapSize                   = 5832704                                {pd product} {ergonomic}
    uintx NonProfiledCodeHeapSize                  = 122945536                              {pd product} {ergonomic}
    uintx ProfiledCodeHeapSize                     = 122880000                              {pd product} {ergonomic}
    uintx ReservedCodeCacheSize                    = 251658240                              {pd product} {ergonomic}
     bool SegmentedCodeCache                       = true                                      {product} {ergonomic}
   size_t SoftMaxHeapSize                          = 1050673152                             {manageable} {ergonomic}
     bool UseCompressedOops                        = true                           {product lp64_product} {ergonomic}
     bool UseG1GC                                  = true                                      {product} {ergonomic}
     bool UseLargePagesIndividualAllocation        = false                                  {pd product} {ergonomic}

Logging:
Log output configuration:
 #0: stdout all=warning uptime,level,tags foldmultilines=false
 #1: stderr all=off uptime,level,tags foldmultilines=false

Environment Variables:
JAVA_HOME=C:\Program Files\Apache NetBeans\jdk
PATH=C:\oracle\product\10.2.0\db_1\bin;C:\Program Files\Common Files\Oracle\Java\javapath;C:\Program Files (x86)\Common Files\Oracle\Java\javapath;C:\WINDOWS\system32;C:\WINDOWS;C:\WINDOWS\System32\Wbem;C:\WINDOWS\System32\WindowsPowerShell\v1.0\;C:\WINDOWS\System32\OpenSSH\;C:\Program Files (x86)\Intel\Intel(R) Management Engine Components\DAL;C:\Program Files\Intel\Intel(R) Management Engine Components\DAL;C:\Program Files (x86)\Intel\Intel(R) Management Engine Components\IPT;C:\Program Files\Intel\Intel(R) Management Engine Components\IPT;C:\Users\agent\AppData\Local\Microsoft\WindowsApps;
USERNAME=agent
OS=Windows_NT
PROCESSOR_IDENTIFIER=Intel64 Family 6 Model 142 Stepping 10, GenuineIntel
TMP=C:\Users\agent\AppData\Local\Temp
TEMP=C:\Users\agent\AppData\Local\Temp




Periodic native trim disabled

---------------  S Y S T E M  ---------------

OS:
 Windows 10 , 64 bit Build 19041 (10.0.19041.5915)
OS uptime: 0 days 9:30 hours

CPU: total 4 (initial active 4) (2 cores per cpu, 2 threads per core) family 6 model 142 stepping 10 microcode 0xe0, cx8, cmov, fxsr, ht, mmx, 3dnowpref, sse, sse2, sse3, ssse3, sse4.1, sse4.2, popcnt, lzcnt, tsc, tscinvbit, avx, avx2, aes, erms, clmul, bmi1, bmi2, adx, fma, vzeroupper, clflush, clflushopt, rdtscp, f16c
Processor Information for the first 4 processors :
  Max Mhz: 2201, Current Mhz: 2201, Mhz Limit: 2201

Memory: 4k page, system-wide physical 4007M (286M free)
TotalPageFile size 16295M (AvailPageFile size 6M)
current process WorkingSet (physical memory assigned to process): 11M, peak: 11M
current process commit charge ("private bytes"): 52M, peak: 116M

vm_info: OpenJDK 64-Bit Server VM (24.0.1+9) for windows-amd64 JRE (24.0.1+9) (Zulu24.30+11-CA), built on 2025-03-21T13:52:34Z with MS VC++ 17.1 (VS2022)

END.
